#
# There is insufficient memory for the Java Runtime Environment to continue.
# Native memory allocation (malloc) failed to allocate 32784 bytes for Chunk::new
# Possible reasons:
#   The system is out of physical RAM or swap space
#   In 32 bit mode, the process size limit was hit
# Possible solutions:
#   Reduce memory load on the system
#   Increase physical memory or swap space
#   Check if swap backing store is full
#   Use 64 bit Java on a 64 bit OS
#   Decrease Java heap size (-Xmx/-Xms)
#   Decrease number of Java threads
#   Decrease Java thread stack sizes (-Xss)
#   Set larger code cache with -XX:ReservedCodeCacheSize=
# This output file may be truncated or incomplete.
#
#  Out of Memory Error (allocation.cpp:390), pid=8352, tid=0x00000000000032e4
#
# JRE version: Java(TM) SE Runtime Environment (8.0_112-b15) (build 1.8.0_112-b15)
# Java VM: Java HotSpot(TM) 64-Bit Server VM (25.112-b15 mixed mode windows-amd64 compressed oops)
# Failed to write core dump. Minidumps are not enabled by default on client versions of Windows
#

---------------  T H R E A D  ---------------

Current thread (0x0000000014d5b000):  JavaThread "C2 CompilerThread1" daemon [_thread_in_native, id=13028, stack(0x0000000016850000,0x0000000016950000)]

Stack: [0x0000000016850000,0x0000000016950000]
[error occurred during error reporting (printing stack bounds), id 0xc0000005]

Native frames: (J=compiled Java code, j=interpreted, Vv=VM code, C=native code)


Current CompileTask:
C2:1141399 13771       4       com.google.common.collect.AbstractMapBasedMultimap::put (92 bytes)


---------------  P R O C E S S  ---------------

Java Threads: ( => current thread )
  0x000000001ba92000 JavaThread "stdout" daemon [_thread_in_native, id=12716, stack(0x00000000251d0000,0x00000000252d0000)]
  0x000000001ba91800 JavaThread "stderr" daemon [_thread_in_native, id=4276, stack(0x00000000250d0000,0x00000000251d0000)]
  0x000000001a247000 JavaThread "stdout" daemon [_thread_in_native, id=7548, stack(0x0000000024fd0000,0x00000000250d0000)]
  0x000000001a245800 JavaThread "stderr" daemon [_thread_in_native, id=5916, stack(0x0000000024ed0000,0x0000000024fd0000)]
  0x000000001a246800 JavaThread "stdout" daemon [_thread_in_native, id=10972, stack(0x0000000024dd0000,0x0000000024ed0000)]
  0x000000001a248000 JavaThread "stderr" daemon [_thread_in_native, id=3928, stack(0x0000000024cd0000,0x0000000024dd0000)]
  0x000000001a245000 JavaThread "stdout" daemon [_thread_in_native, id=11044, stack(0x0000000024bd0000,0x0000000024cd0000)]
  0x000000001a244000 JavaThread "stderr" daemon [_thread_in_native, id=5472, stack(0x0000000024ad0000,0x0000000024bd0000)]
  0x000000001a243800 JavaThread "stdout" daemon [_thread_in_native, id=3336, stack(0x00000000249d0000,0x0000000024ad0000)]
  0x000000001a248800 JavaThread "stderr" daemon [_thread_in_native, id=10468, stack(0x00000000248d0000,0x00000000249d0000)]
  0x000000001a249800 JavaThread "stdout" daemon [_thread_in_native, id=5220, stack(0x00000000247d0000,0x00000000248d0000)]
  0x000000001a23c000 JavaThread "stderr" daemon [_thread_in_native, id=6048, stack(0x00000000246d0000,0x00000000247d0000)]
  0x000000001a242800 JavaThread "stdout" daemon [_thread_in_native, id=12932, stack(0x00000000245d0000,0x00000000246d0000)]
  0x000000001a242000 JavaThread "stderr" daemon [_thread_in_native, id=10404, stack(0x00000000244d0000,0x00000000245d0000)]
  0x000000001a23b000 JavaThread "stdout" daemon [_thread_in_native, id=13876, stack(0x00000000243d0000,0x00000000244d0000)]
  0x000000001a23c800 JavaThread "stderr" daemon [_thread_in_native, id=11640, stack(0x00000000242d0000,0x00000000243d0000)]
  0x000000001a23a800 JavaThread "stdout" daemon [_thread_in_native, id=9280, stack(0x00000000241d0000,0x00000000242d0000)]
  0x000000001a241000 JavaThread "stderr" daemon [_thread_in_native, id=14084, stack(0x00000000240d0000,0x00000000241d0000)]
  0x000000001a23f800 JavaThread "stdout" daemon [_thread_in_native, id=16568, stack(0x0000000023fd0000,0x00000000240d0000)]
  0x000000001a23f000 JavaThread "stderr" daemon [_thread_in_native, id=6776, stack(0x0000000023ed0000,0x0000000023fd0000)]
  0x000000001a23d800 JavaThread "stdout" daemon [_thread_in_native, id=8848, stack(0x0000000023dd0000,0x0000000023ed0000)]
  0x000000001a23e000 JavaThread "stderr" daemon [_thread_in_native, id=16828, stack(0x0000000023cd0000,0x0000000023dd0000)]
  0x000000001a240800 JavaThread "stdout" daemon [_thread_in_native, id=4912, stack(0x0000000023bd0000,0x0000000023cd0000)]
  0x000000001d4a2000 JavaThread "stderr" daemon [_thread_in_native, id=12640, stack(0x0000000023ad0000,0x0000000023bd0000)]
  0x000000001d4a7000 JavaThread "stdout" daemon [_thread_in_native, id=12812, stack(0x00000000239d0000,0x0000000023ad0000)]
  0x000000001d4a5000 JavaThread "stderr" daemon [_thread_in_native, id=4288, stack(0x00000000238d0000,0x00000000239d0000)]
  0x000000001d4a4000 JavaThread "stdout" daemon [_thread_in_native, id=15704, stack(0x00000000237d0000,0x00000000238d0000)]
  0x000000001d4a6800 JavaThread "stderr" daemon [_thread_in_native, id=6024, stack(0x00000000236d0000,0x00000000237d0000)]
  0x000000001d4a2800 JavaThread "stdout" daemon [_thread_in_native, id=2512, stack(0x00000000235d0000,0x00000000236d0000)]
  0x000000001d4a5800 JavaThread "stderr" daemon [_thread_in_native, id=8208, stack(0x00000000234d0000,0x00000000235d0000)]
  0x000000001d4a3800 JavaThread "stdout" daemon [_thread_in_native, id=11300, stack(0x00000000233d0000,0x00000000234d0000)]
  0x000000001d49a800 JavaThread "stderr" daemon [_thread_in_native, id=13628, stack(0x00000000232d0000,0x00000000233d0000)]
  0x000000001d4a1000 JavaThread "stdout" daemon [_thread_in_native, id=5488, stack(0x00000000231d0000,0x00000000232d0000)]
  0x000000001d4a0800 JavaThread "stderr" daemon [_thread_in_native, id=8008, stack(0x00000000230d0000,0x00000000231d0000)]
  0x000000001d49f800 JavaThread "stdout" daemon [_thread_in_native, id=11128, stack(0x0000000022fd0000,0x00000000230d0000)]
  0x000000001d49c800 JavaThread "stderr" daemon [_thread_in_native, id=3260, stack(0x0000000022ed0000,0x0000000022fd0000)]
  0x000000001d49c000 JavaThread "stdout" daemon [_thread_in_native, id=13116, stack(0x0000000022dd0000,0x0000000022ed0000)]
  0x000000001d498000 JavaThread "stdout" daemon [_thread_in_native, id=2924, stack(0x0000000022cd0000,0x0000000022dd0000)]
  0x000000001d499800 JavaThread "stderr" daemon [_thread_in_native, id=9604, stack(0x0000000022bd0000,0x0000000022cd0000)]
  0x000000001d49f000 JavaThread "stderr" daemon [_thread_in_native, id=12592, stack(0x0000000022ad0000,0x0000000022bd0000)]
  0x000000001d49d800 JavaThread "png-cruncher_20" daemon [_thread_blocked, id=8344, stack(0x00000000229d0000,0x0000000022ad0000)]
  0x000000001d499000 JavaThread "png-cruncher_19" daemon [_thread_blocked, id=16148, stack(0x00000000228d0000,0x00000000229d0000)]
  0x000000001d49e000 JavaThread "png-cruncher_18" daemon [_thread_blocked, id=17116, stack(0x00000000227d0000,0x00000000228d0000)]
  0x000000001d49b000 JavaThread "png-cruncher_17" daemon [_thread_blocked, id=8788, stack(0x00000000226d0000,0x00000000227d0000)]
  0x000000001c17d800 JavaThread "png-cruncher_16" daemon [_thread_blocked, id=9468, stack(0x00000000225d0000,0x00000000226d0000)]
  0x000000001c17c800 JavaThread "png-cruncher_15" daemon [_thread_blocked, id=7736, stack(0x00000000224d0000,0x00000000225d0000)]
  0x000000001c17b000 JavaThread "png-cruncher_14" daemon [_thread_blocked, id=9676, stack(0x00000000223d0000,0x00000000224d0000)]
  0x000000001c17f800 JavaThread "png-cruncher_13" daemon [_thread_blocked, id=14456, stack(0x00000000222d0000,0x00000000223d0000)]
  0x000000001c17c000 JavaThread "png-cruncher_12" daemon [_thread_blocked, id=7864, stack(0x00000000221d0000,0x00000000222d0000)]
  0x000000001c17a800 JavaThread "png-cruncher_11" daemon [_thread_blocked, id=16576, stack(0x00000000220d0000,0x00000000221d0000)]
  0x000000001c180800 JavaThread "png-cruncher_10" daemon [_thread_blocked, id=2856, stack(0x0000000021fd0000,0x00000000220d0000)]
  0x000000001c17f000 JavaThread "png-cruncher_9" daemon [_thread_blocked, id=6404, stack(0x0000000021ed0000,0x0000000021fd0000)]
  0x000000001c17e000 JavaThread "png-cruncher_8" daemon [_thread_blocked, id=8704, stack(0x0000000021dd0000,0x0000000021ed0000)]
  0x000000001c176000 JavaThread "png-cruncher_7" daemon [_thread_blocked, id=16664, stack(0x0000000021cd0000,0x0000000021dd0000)]
  0x000000001c173000 JavaThread "png-cruncher_6" daemon [_thread_blocked, id=5828, stack(0x0000000021bd0000,0x0000000021cd0000)]
  0x000000001c174800 JavaThread "png-cruncher_5" daemon [_thread_blocked, id=5652, stack(0x0000000021ad0000,0x0000000021bd0000)]
  0x000000001c179800 JavaThread "png-cruncher_4" daemon [_thread_blocked, id=7940, stack(0x00000000219d0000,0x0000000021ad0000)]
  0x000000001c179000 JavaThread "png-cruncher_3" daemon [_thread_blocked, id=8756, stack(0x00000000218d0000,0x00000000219d0000)]
  0x000000001c176800 JavaThread "png-cruncher_2" daemon [_thread_blocked, id=13696, stack(0x00000000217d0000,0x00000000218d0000)]
  0x000000001c173800 JavaThread "png-cruncher_1" daemon [_thread_blocked, id=15692, stack(0x00000000216d0000,0x00000000217d0000)]
  0x000000001c171800 JavaThread "pool-5-thread-4" [_thread_blocked, id=12796, stack(0x00000000215d0000,0x00000000216d0000)]
  0x000000001c178000 JavaThread "pool-5-thread-3" [_thread_blocked, id=8804, stack(0x00000000214d0000,0x00000000215d0000)]
  0x000000001c177800 JavaThread "pool-5-thread-2" [_thread_blocked, id=7572, stack(0x00000000213d0000,0x00000000214d0000)]
  0x000000001c175000 JavaThread "pool-5-thread-1" [_thread_blocked, id=12016, stack(0x00000000212d0000,0x00000000213d0000)]
  0x0000000017bfc000 JavaThread "Asynchronous log dispatcher for org.gradle.launcher.daemon.server.DefaultDaemonConnection@2a873d57" [_thread_blocked, id=4528, stack(0x00000000210d0000,0x00000000211d0000)]
  0x0000000017bff000 JavaThread "Daemon worker Thread 2" [_thread_in_vm, id=14552, stack(0x0000000020fd0000,0x00000000210d0000)]
  0x0000000017bfe800 JavaThread "Cancel handler" [_thread_blocked, id=1044, stack(0x0000000020ed0000,0x0000000020fd0000)]
  0x0000000017bfa800 JavaThread "Handler for socket connection from /127.0.0.1:58028 to /127.0.0.1:58860" [_thread_in_native, id=11528, stack(0x0000000020dd0000,0x0000000020ed0000)]
  0x0000000017bf8800 JavaThread "Daemon Thread 2" [_thread_blocked, id=8212, stack(0x0000000020cd0000,0x0000000020dd0000)]
  0x0000000017bfb800 JavaThread "File lock request listener" [_thread_in_native, id=1760, stack(0x000000001aca0000,0x000000001ada0000)]
  0x0000000016f8b800 JavaThread "Incoming local TCP Connector on port 58028" [_thread_in_native, id=2448, stack(0x0000000018900000,0x0000000018a00000)]
  0x000000001739e800 JavaThread "pool-1-thread-1" [_thread_blocked, id=10576, stack(0x0000000017470000,0x0000000017570000)]
  0x0000000016456800 JavaThread "Service Thread" daemon [_thread_blocked, id=7900, stack(0x0000000016a50000,0x0000000016b50000)]
  0x0000000014d5d800 JavaThread "C1 CompilerThread2" daemon [_thread_in_vm, id=11800, stack(0x0000000016950000,0x0000000016a50000)]
=>0x0000000014d5b000 JavaThread "C2 CompilerThread1" daemon [_thread_in_native, id=13028, stack(0x0000000016850000,0x0000000016950000)]
  0x0000000014cff000 JavaThread "C2 CompilerThread0" daemon [_thread_in_native, id=12736, stack(0x0000000016350000,0x0000000016450000)]
  0x0000000014cfd800 JavaThread "Attach Listener" daemon [_thread_blocked, id=428, stack(0x0000000016250000,0x0000000016350000)]
  0x0000000014cfc000 JavaThread "Signal Dispatcher" daemon [_thread_blocked, id=13848, stack(0x0000000016150000,0x0000000016250000)]
  0x0000000014cea800 JavaThread "Finalizer" daemon [_thread_blocked, id=14420, stack(0x0000000015f60000,0x0000000016060000)]
  0x0000000014cc9000 JavaThread "Reference Handler" daemon [_thread_blocked, id=12068, stack(0x0000000015e60000,0x0000000015f60000)]
  0x0000000002512800 JavaThread "main" [_thread_blocked, id=5604, stack(0x00000000023f0000,0x00000000024f0000)]

Other Threads:
  0x0000000014cc7800 VMThread [stack: 0x0000000015d60000,0x0000000015e60000] [id=16888]
  0x000000001645c800 WatcherThread [stack: 0x0000000016b50000,0x0000000016c50000] [id=14244]

VM state:not at safepoint (normal execution)

VM Mutex/Monitor currently owned by a thread: None

Heap:
 PSYoungGen      total 137216K, used 58025K [0x00000000eab00000, 0x00000000f4580000, 0x0000000100000000)
  eden space 118272K, 43% used [0x00000000eab00000,0x00000000edd494f8,0x00000000f1e80000)
  from space 18944K, 34% used [0x00000000f3300000,0x00000000f3960f90,0x00000000f4580000)
  to   space 19968K, 0% used [0x00000000f1e80000,0x00000000f1e80000,0x00000000f3200000)
 ParOldGen       total 105984K, used 49814K [0x00000000c0000000, 0x00000000c6780000, 0x00000000eab00000)
  object space 105984K, 47% used [0x00000000c0000000,0x00000000c30a58b8,0x00000000c6780000)
 Metaspace       used 65150K, capacity 67018K, committed 68608K, reserved 1107968K
  class space    used 8494K, capacity 8841K, committed 9216K, reserved 1048576K

Card table byte_map: [0x00000000119d0000,0x0000000011be0000] byte_map_base: 0x00000000113d0000

Marking Bits: (ParMarkBitMap*) 0x000000007610a6d0
 Begin Bits: [0x0000000012140000, 0x0000000013140000)
 End Bits:   [0x0000000013140000, 0x0000000014140000)

Polling page: 0x00000000023b0000

CodeCache: size=245760Kb used=41301Kb max_used=43150Kb free=204458Kb
 bounds [0x0000000002610000, 0x0000000005060000, 0x0000000011610000]
 total_blobs=12193 nmethods=11445 adapters=657
 compilation: enabled

Compilation events (10 events):
Event: 1141.054 Thread 0x0000000014d5d800 nmethod 13786 0x0000000005055410 code [0x00000000050557a0, 0x0000000005057c78]
Event: 1141.054 Thread 0x0000000014d5d800 13781       3       com.android.build.gradle.internal.incremental.ByteCodeUtils::unbox (66 bytes)
Event: 1141.056 Thread 0x0000000014d5d800 nmethod 13781 0x0000000005059210 code [0x0000000005059480, 0x000000000505a1a8]
Event: 1141.056 Thread 0x0000000014d5d800 13783       3       org.objectweb.asm.commons.GeneratorAdapter::box (105 bytes)
Event: 1141.059 Thread 0x0000000014d5d800 nmethod 13783 0x000000000505a7d0 code [0x000000000505aa80, 0x000000000505c0a8]
Event: 1141.062 Thread 0x0000000014cff000 nmethod 13779 0x000000000504f650 code [0x000000000504f7e0, 0x000000000504fbe8]
Event: 1141.063 Thread 0x0000000014cff000 13784       4       com.android.build.gradle.internal.LoggerWrapper::verbose (59 bytes)
Event: 1141.067 Thread 0x0000000014cff000 nmethod 13784 0x0000000005046490 code [0x00000000050465e0, 0x0000000005046718]
Event: 1141.085 Thread 0x0000000014d5d800 13787       3       org.objectweb.asm.ClassReader::readUTF8 (60 bytes)
Event: 1141.085 Thread 0x0000000014d5d800 nmethod 13787 0x000000000505ee50 code [0x000000000505f000, 0x000000000505f5a8]

GC Heap History (10 events):
Event: 1134.606 GC heap before
{Heap before GC invocations=38 (full 4):
 PSYoungGen      total 98816K, used 97769K [0x00000000eab00000, 0x00000000f3000000, 0x0000000100000000)
  eden space 76800K, 100% used [0x00000000eab00000,0x00000000ef600000,0x00000000ef600000)
  from space 22016K, 95% used [0x00000000ef600000,0x00000000f0a7a7c8,0x00000000f0b80000)
  to   space 25600K, 0% used [0x00000000f1700000,0x00000000f1700000,0x00000000f3000000)
 ParOldGen       total 105984K, used 47640K [0x00000000c0000000, 0x00000000c6780000, 0x00000000eab00000)
  object space 105984K, 44% used [0x00000000c0000000,0x00000000c2e86038,0x00000000c6780000)
 Metaspace       used 63612K, capacity 65258K, committed 66944K, reserved 1107968K
  class space    used 8321K, capacity 8635K, committed 9088K, reserved 1048576K
Event: 1134.629 GC heap after
Heap after GC invocations=38 (full 4):
 PSYoungGen      total 104448K, used 9361K [0x00000000eab00000, 0x00000000f2b80000, 0x0000000100000000)
  eden space 83456K, 0% used [0x00000000eab00000,0x00000000eab00000,0x00000000efc80000)
  from space 20992K, 44% used [0x00000000f1700000,0x00000000f20244f0,0x00000000f2b80000)
  to   space 24064K, 0% used [0x00000000efc80000,0x00000000efc80000,0x00000000f1400000)
 ParOldGen       total 105984K, used 47648K [0x00000000c0000000, 0x00000000c6780000, 0x00000000eab00000)
  object space 105984K, 44% used [0x00000000c0000000,0x00000000c2e88038,0x00000000c6780000)
 Metaspace       used 63612K, capacity 65258K, committed 66944K, reserved 1107968K
  class space    used 8321K, capacity 8635K, committed 9088K, reserved 1048576K
}
Event: 1135.021 GC heap before
{Heap before GC invocations=39 (full 4):
 PSYoungGen      total 104448K, used 92191K [0x00000000eab00000, 0x00000000f2b80000, 0x0000000100000000)
  eden space 83456K, 99% used [0x00000000eab00000,0x00000000efbe3998,0x00000000efc80000)
  from space 20992K, 44% used [0x00000000f1700000,0x00000000f20244f0,0x00000000f2b80000)
  to   space 24064K, 0% used [0x00000000efc80000,0x00000000efc80000,0x00000000f1400000)
 ParOldGen       total 105984K, used 47648K [0x00000000c0000000, 0x00000000c6780000, 0x00000000eab00000)
  object space 105984K, 44% used [0x00000000c0000000,0x00000000c2e88038,0x00000000c6780000)
 Metaspace       used 63889K, capacity 65628K, committed 67200K, reserved 1107968K
  class space    used 8367K, capacity 8686K, committed 9088K, reserved 1048576K
Event: 1135.035 GC heap after
Heap after GC invocations=39 (full 4):
 PSYoungGen      total 107520K, used 10084K [0x00000000eab00000, 0x00000000f3380000, 0x0000000100000000)
  eden space 83456K, 0% used [0x00000000eab00000,0x00000000eab00000,0x00000000efc80000)
  from space 24064K, 41% used [0x00000000efc80000,0x00000000f0659300,0x00000000f1400000)
  to   space 22528K, 0% used [0x00000000f1d80000,0x00000000f1d80000,0x00000000f3380000)
 ParOldGen       total 105984K, used 47656K [0x00000000c0000000, 0x00000000c6780000, 0x00000000eab00000)
  object space 105984K, 44% used [0x00000000c0000000,0x00000000c2e8a038,0x00000000c6780000)
 Metaspace       used 63889K, capacity 65628K, committed 67200K, reserved 1107968K
  class space    used 8367K, capacity 8686K, committed 9088K, reserved 1048576K
}
Event: 1135.052 GC heap before
{Heap before GC invocations=40 (full 4):
 PSYoungGen      total 107520K, used 92563K [0x00000000eab00000, 0x00000000f3380000, 0x0000000100000000)
  eden space 83456K, 98% used [0x00000000eab00000,0x00000000efb8bce8,0x00000000efc80000)
  from space 24064K, 41% used [0x00000000efc80000,0x00000000f0659300,0x00000000f1400000)
  to   space 22528K, 0% used [0x00000000f1d80000,0x00000000f1d80000,0x00000000f3380000)
 ParOldGen       total 105984K, used 47656K [0x00000000c0000000, 0x00000000c6780000, 0x00000000eab00000)
  object space 105984K, 44% used [0x00000000c0000000,0x00000000c2e8a038,0x00000000c6780000)
 Metaspace       used 63891K, capacity 65628K, committed 67200K, reserved 1107968K
  class space    used 8367K, capacity 8686K, committed 9088K, reserved 1048576K
Event: 1135.066 GC heap after
Heap after GC invocations=40 (full 4):
 PSYoungGen      total 118272K, used 9397K [0x00000000eab00000, 0x00000000f3980000, 0x0000000100000000)
  eden space 95744K, 0% used [0x00000000eab00000,0x00000000eab00000,0x00000000f0880000)
  from space 22528K, 41% used [0x00000000f1d80000,0x00000000f26ad4d8,0x00000000f3380000)
  to   space 21504K, 0% used [0x00000000f0880000,0x00000000f0880000,0x00000000f1d80000)
 ParOldGen       total 105984K, used 47664K [0x00000000c0000000, 0x00000000c6780000, 0x00000000eab00000)
  object space 105984K, 44% used [0x00000000c0000000,0x00000000c2e8c038,0x00000000c6780000)
 Metaspace       used 63891K, capacity 65628K, committed 67200K, reserved 1107968K
  class space    used 8367K, capacity 8686K, committed 9088K, reserved 1048576K
}
Event: 1135.086 GC heap before
{Heap before GC invocations=41 (full 4):
 PSYoungGen      total 118272K, used 104434K [0x00000000eab00000, 0x00000000f3980000, 0x0000000100000000)
  eden space 95744K, 99% used [0x00000000eab00000,0x00000000f07cf598,0x00000000f0880000)
  from space 22528K, 41% used [0x00000000f1d80000,0x00000000f26ad4d8,0x00000000f3380000)
  to   space 21504K, 0% used [0x00000000f0880000,0x00000000f0880000,0x00000000f1d80000)
 ParOldGen       total 105984K, used 47664K [0x00000000c0000000, 0x00000000c6780000, 0x00000000eab00000)
  object space 105984K, 44% used [0x00000000c0000000,0x00000000c2e8c038,0x00000000c6780000)
 Metaspace       used 63893K, capacity 65628K, committed 67200K, reserved 1107968K
  class space    used 8367K, capacity 8686K, committed 9088K, reserved 1048576K
Event: 1135.105 GC heap after
Heap after GC invocations=41 (full 4):
 PSYoungGen      total 117248K, used 8842K [0x00000000eab00000, 0x00000000f4700000, 0x0000000100000000)
  eden space 95744K, 0% used [0x00000000eab00000,0x00000000eab00000,0x00000000f0880000)
  from space 21504K, 41% used [0x00000000f0880000,0x00000000f1122b18,0x00000000f1d80000)
  to   space 20480K, 0% used [0x00000000f3300000,0x00000000f3300000,0x00000000f4700000)
 ParOldGen       total 105984K, used 47672K [0x00000000c0000000, 0x00000000c6780000, 0x00000000eab00000)
  object space 105984K, 44% used [0x00000000c0000000,0x00000000c2e8e038,0x00000000c6780000)
 Metaspace       used 63893K, capacity 65628K, committed 67200K, reserved 1107968K
  class space    used 8367K, capacity 8686K, committed 9088K, reserved 1048576K
}
Event: 1135.412 GC heap before
{Heap before GC invocations=42 (full 4):
 PSYoungGen      total 117248K, used 104586K [0x00000000eab00000, 0x00000000f4700000, 0x0000000100000000)
  eden space 95744K, 100% used [0x00000000eab00000,0x00000000f0880000,0x00000000f0880000)
  from space 21504K, 41% used [0x00000000f0880000,0x00000000f1122b18,0x00000000f1d80000)
  to   space 20480K, 0% used [0x00000000f3300000,0x00000000f3300000,0x00000000f4700000)
 ParOldGen       total 105984K, used 47672K [0x00000000c0000000, 0x00000000c6780000, 0x00000000eab00000)
  object space 105984K, 44% used [0x00000000c0000000,0x00000000c2e8e038,0x00000000c6780000)
 Metaspace       used 64001K, capacity 65756K, committed 67200K, reserved 1107968K
  class space    used 8386K, capacity 8724K, committed 9088K, reserved 1048576K
Event: 1135.427 GC heap after
Heap after GC invocations=42 (full 4):
 PSYoungGen      total 137216K, used 6531K [0x00000000eab00000, 0x00000000f4580000, 0x0000000100000000)
  eden space 118272K, 0% used [0x00000000eab00000,0x00000000eab00000,0x00000000f1e80000)
  from space 18944K, 34% used [0x00000000f3300000,0x00000000f3960f90,0x00000000f4580000)
  to   space 19968K, 0% used [0x00000000f1e80000,0x00000000f1e80000,0x00000000f3200000)
 ParOldGen       total 105984K, used 49814K [0x00000000c0000000, 0x00000000c6780000, 0x00000000eab00000)
  object space 105984K, 47% used [0x00000000c0000000,0x00000000c30a58b8,0x00000000c6780000)
 Metaspace       used 64001K, capacity 65756K, committed 67200K, reserved 1107968K
  class space    used 8386K, capacity 8724K, committed 9088K, reserved 1048576K
}

Deoptimization events (10 events):
Event: 1135.698 Thread 0x0000000017bff000 Uncommon trap: reason=class_check action=maybe_recompile pc=0x00000000043d8c94 method=com.sun.org.apache.xerces.internal.dom.ElementImpl.getNodeName()Ljava/lang/String; @ 8
Event: 1135.698 Thread 0x0000000017bff000 Uncommon trap: reason=class_check action=maybe_recompile pc=0x00000000043d8c94 method=com.sun.org.apache.xerces.internal.dom.ElementImpl.getNodeName()Ljava/lang/String; @ 8
Event: 1135.699 Thread 0x0000000017bff000 Uncommon trap: reason=class_check action=maybe_recompile pc=0x00000000043d8c94 method=com.sun.org.apache.xerces.internal.dom.ElementImpl.getNodeName()Ljava/lang/String; @ 8
Event: 1136.264 Thread 0x0000000017bff000 Uncommon trap: reason=unstable_if action=reinterpret pc=0x0000000004eaab0c method=java.net.URI.needsNormalization(Ljava/lang/String;)I @ 149
Event: 1138.577 Thread 0x0000000017bff000 Uncommon trap: reason=unstable_if action=reinterpret pc=0x0000000003459f0c method=java.lang.ref.SoftReference.get()Ljava/lang/Object; @ 6
Event: 1139.564 Thread 0x0000000017bff000 Uncommon trap: reason=unstable_if action=reinterpret pc=0x0000000004fb0be8 method=org.objectweb.asm.Item.a(Lorg/objectweb/asm/Item;)Z @ 331
Event: 1139.586 Thread 0x0000000017bff000 Uncommon trap: reason=unstable_if action=reinterpret pc=0x0000000004fbce08 method=org.objectweb.asm.ByteVector.putShort(I)Lorg/objectweb/asm/ByteVector; @ 13
Event: 1141.037 Thread 0x0000000017bff000 Uncommon trap: reason=unstable_if action=reinterpret pc=0x000000000502a41c method=org.objectweb.asm.Type.a([CI)Lorg/objectweb/asm/Type; @ 181
Event: 1141.039 Thread 0x0000000017bff000 Uncommon trap: reason=unstable_if action=reinterpret pc=0x0000000005005a3c method=org.objectweb.asm.Type.a([CI)Lorg/objectweb/asm/Type; @ 181
Event: 1141.084 Thread 0x0000000017bff000 Uncommon trap: reason=unstable_if action=reinterpret pc=0x0000000004fcf8bc method=org.objectweb.asm.ClassReader.readUTF8(I[C)Ljava/lang/String; @ 11

Internal exceptions (10 events):
Event: 1106.443 Thread 0x0000000017bff000 Implicit null exception at 0x0000000002af463a to 0x0000000002af534d
Event: 1106.907 Thread 0x0000000017bff000 Implicit null exception at 0x00000000042dc599 to 0x00000000042dd3ef
Event: 1107.161 Thread 0x000000001ba8d000 Implicit null exception at 0x0000000003e08e1c to 0x0000000003e093b5
Event: 1114.675 Thread 0x0000000017bff000 Implicit null exception at 0x00000000032ef5fb to 0x00000000032f6375
Event: 1126.464 Thread 0x0000000017bff000 Implicit null exception at 0x000000000470d258 to 0x000000000470d28e
Event: 1131.137 Thread 0x0000000017bff000 Implicit null exception at 0x00000000046a9423 to 0x00000000046a9af1
Event: 1133.853 Thread 0x0000000017bff000 Implicit null exception at 0x00000000033953bc to 0x000000000339595d
Event: 1133.853 Thread 0x0000000017bff000 Exception <a 'java/lang/NoSuchMethodError': <clinit>> (0x00000000ee11e5a8) thrown at [C:\re\workspace\8-2-build-windows-amd64-cygwin\jdk8u112\7884\hotspot\src\share\vm\prims\jni.cpp, line 1613]
Event: 1135.409 Thread 0x0000000017bff000 Exception <a 'java/io/FileNotFoundException'> (0x00000000f080cda8) thrown at [C:\re\workspace\8-2-build-windows-amd64-cygwin\jdk8u112\7884\hotspot\src\share\vm\prims\jni.cpp, line 709]
Event: 1138.577 Thread 0x0000000017bff000 Implicit null exception at 0x0000000003459983 to 0x0000000003459eed

Events (10 events):
Event: 1141.039 Thread 0x0000000017bff000 DEOPT UNPACKING pc=0x000000000265582a sp=0x00000000210cbc98 mode 2
Event: 1141.084 Thread 0x0000000017bff000 Uncommon trap: trap_request=0xffffff65 fr.pc=0x0000000004fcf8bc
Event: 1141.084 Thread 0x0000000017bff000 DEOPT PACKING pc=0x0000000004fcf8bc sp=0x00000000210cbfc0
Event: 1141.084 Thread 0x0000000017bff000 DEOPT UNPACKING pc=0x000000000265582a sp=0x00000000210cbfa8 mode 2
Event: 1141.084 loading class org/objectweb/asm/tree/TryCatchBlockNode
Event: 1141.084 loading class org/objectweb/asm/tree/TryCatchBlockNode done
Event: 1141.087 loading class com/codeandcoder/finalguide/activity/DrivingDetailsActivity$1$1
Event: 1141.087 loading class com/codeandcoder/finalguide/activity/DrivingDetailsActivity$1$1 done
Event: 1141.088 loading class org/objectweb/asm/Handler
Event: 1141.088 loading class org/objectweb/asm/Handler done


Dynamic libraries:
0x00007ff65e480000 - 0x00007ff65e4b7000 	C:\Program Files\Java\jdk1.8.0_112\bin\java.exe
0x00007ff9e3150000 - 0x00007ff9e3321000 	C:\WINDOWS\SYSTEM32\ntdll.dll
0x00007ff9e30a0000 - 0x00007ff9e314b000 	C:\WINDOWS\System32\KERNEL32.DLL
0x00007ff9df640000 - 0x00007ff9df85d000 	C:\WINDOWS\System32\KERNELBASE.dll
0x00007ff9e2aa0000 - 0x00007ff9e2b42000 	C:\WINDOWS\System32\ADVAPI32.dll
0x00007ff9e0bf0000 - 0x00007ff9e0c8e000 	C:\WINDOWS\System32\msvcrt.dll
0x00007ff9e2b50000 - 0x00007ff9e2ba9000 	C:\WINDOWS\System32\sechost.dll
0x00007ff9e25a0000 - 0x00007ff9e26c1000 	C:\WINDOWS\System32\RPCRT4.dll
0x00007ff9e0750000 - 0x00007ff9e08b5000 	C:\WINDOWS\System32\USER32.dll
0x00007ff9e0670000 - 0x00007ff9e068e000 	C:\WINDOWS\System32\win32u.dll
0x00007ff9e2820000 - 0x00007ff9e2854000 	C:\WINDOWS\System32\GDI32.dll
0x00007ff9e04e0000 - 0x00007ff9e0662000 	C:\WINDOWS\System32\gdi32full.dll
0x00007ff9d96a0000 - 0x00007ff9d9919000 	C:\WINDOWS\WinSxS\amd64_microsoft.windows.common-controls_6595b64144ccf1df_6.0.14393.447_none_42191651c6827bb3\COMCTL32.dll
0x00007ff9e08c0000 - 0x00007ff9e0b88000 	C:\WINDOWS\System32\combase.dll
0x00007ff9df860000 - 0x00007ff9df955000 	C:\WINDOWS\System32\ucrtbase.dll
0x00007ff9e0470000 - 0x00007ff9e04da000 	C:\WINDOWS\System32\bcryptPrimitives.dll
0x00007ff9e26e0000 - 0x00007ff9e270e000 	C:\WINDOWS\System32\IMM32.DLL
0x0000000050880000 - 0x0000000050952000 	C:\Program Files\Java\jdk1.8.0_112\jre\bin\msvcr100.dll
0x00000000758f0000 - 0x000000007618a000 	C:\Program Files\Java\jdk1.8.0_112\jre\bin\server\jvm.dll
0x00007ff9e2880000 - 0x00007ff9e2888000 	C:\WINDOWS\System32\PSAPI.DLL
0x00007ff9cfd20000 - 0x00007ff9cfd29000 	C:\WINDOWS\SYSTEM32\WSOCK32.dll
0x00007ff9e2710000 - 0x00007ff9e277a000 	C:\WINDOWS\System32\WS2_32.dll
0x00007ff9dd8a0000 - 0x00007ff9dd8c3000 	C:\WINDOWS\SYSTEM32\WINMM.dll
0x00007ff9d7390000 - 0x00007ff9d739a000 	C:\WINDOWS\SYSTEM32\VERSION.dll
0x00007ff9dd870000 - 0x00007ff9dd89b000 	C:\WINDOWS\SYSTEM32\WINMMBASE.dll
0x00007ff9e0690000 - 0x00007ff9e06d2000 	C:\WINDOWS\System32\cfgmgr32.dll
0x0000000050870000 - 0x000000005087f000 	C:\Program Files\Java\jdk1.8.0_112\jre\bin\verify.dll
0x0000000050840000 - 0x0000000050869000 	C:\Program Files\Java\jdk1.8.0_112\jre\bin\java.dll
0x0000000077a10000 - 0x0000000077a26000 	C:\Program Files\Java\jdk1.8.0_112\jre\bin\zip.dll
0x00007ff9e1090000 - 0x00007ff9e2599000 	C:\WINDOWS\System32\SHELL32.dll
0x00007ff9dfd90000 - 0x00007ff9e046a000 	C:\WINDOWS\System32\windows.storage.dll
0x00007ff9df5d0000 - 0x00007ff9df61c000 	C:\WINDOWS\System32\powrprof.dll
0x00007ff9e06f0000 - 0x00007ff9e0742000 	C:\WINDOWS\System32\shlwapi.dll
0x00007ff9df630000 - 0x00007ff9df63f000 	C:\WINDOWS\System32\kernel.appcore.dll
0x00007ff9df960000 - 0x00007ff9dfa09000 	C:\WINDOWS\System32\shcore.dll
0x00007ff9df5b0000 - 0x00007ff9df5c4000 	C:\WINDOWS\System32\profapi.dll
0x00000000779f0000 - 0x0000000077a0a000 	C:\Program Files\Java\jdk1.8.0_112\jre\bin\net.dll
0x00007ff9dee80000 - 0x00007ff9deedc000 	C:\WINDOWS\system32\mswsock.dll
0x00000000779d0000 - 0x00000000779e1000 	C:\Program Files\Java\jdk1.8.0_112\jre\bin\nio.dll
0x00007ff9d3320000 - 0x00007ff9d3332000 	C:\Users\Pooja\.gradle\native\19\windows-amd64\native-platform.dll
0x00007ff9df020000 - 0x00007ff9df037000 	C:\WINDOWS\SYSTEM32\CRYPTSP.dll
0x00007ff9dea90000 - 0x00007ff9deac3000 	C:\WINDOWS\system32\rsaenh.dll
0x00007ff9df500000 - 0x00007ff9df52b000 	C:\WINDOWS\SYSTEM32\bcrypt.dll
0x00007ff9ded10000 - 0x00007ff9ded2f000 	C:\WINDOWS\SYSTEM32\USERENV.dll
0x00007ff9df040000 - 0x00007ff9df04b000 	C:\WINDOWS\SYSTEM32\CRYPTBASE.dll
0x00007ff9dec10000 - 0x00007ff9dec48000 	C:\WINDOWS\SYSTEM32\IPHLPAPI.DLL
0x00007ff9e06e0000 - 0x00007ff9e06e8000 	C:\WINDOWS\System32\NSI.dll
0x00007ff9db300000 - 0x00007ff9db316000 	C:\WINDOWS\SYSTEM32\dhcpcsvc6.DLL
0x00007ff9db130000 - 0x00007ff9db14a000 	C:\WINDOWS\SYSTEM32\dhcpcsvc.DLL
0x0000000050000000 - 0x000000005000d000 	C:\Program Files\Java\jdk1.8.0_112\jre\bin\management.dll

VM Arguments:
jvm_args: -XX:MaxPermSize=256m -XX:+HeapDumpOnOutOfMemoryError -Xmx1024m -Dfile.encoding=windows-1252 -Duser.country=IN -Duser.language=en -Duser.variant 
java_command: org.gradle.launcher.daemon.bootstrap.GradleDaemon 2.14.1
java_class_path (initial): C:\Program Files\Android\Android Studio\gradle\gradle-2.14.1\lib\gradle-launcher-2.14.1.jar
Launcher Type: SUN_STANDARD

Environment Variables:
JAVA_HOME=C:\Program Files\Java\jdk1.8.0_112
PATH=C:\ProgramData\Oracle\Java\javapath;G:\app\pooja22\product\12.1.0\dbhome_1\bin;C:\Program Files (x86)\NVIDIA Corporation\PhysX\Common;C:\Program Files (x86)\Intel\iCLS Client\;C:\Program Files\Intel\iCLS Client\;C:\WINDOWS\system32;C:\WINDOWS;C:\WINDOWS\System32\Wbem;C:\WINDOWS\System32\WindowsPowerShell\v1.0\;C:\Program Files\Hewlett-Packard\SimplePass\;C:\Program Files\Intel\Intel(R) Management Engine Components\DAL;C:\Program Files (x86)\Intel\Intel(R) Management Engine Components\DAL;C:\Program Files\Intel\Intel(R) Management Engine Components\IPT;C:\Program Files (x86)\Intel\Intel(R) Management Engine Components\IPT;C:\Program Files (x86)\MySQL\MySQL Server 5.0\bin;C:\Program Files (x86)\Microsoft SQL Server\110\Tools\Binn\ManagementStudio\;C:\Program Files (x86)\Microsoft SQL Server\110\Tools\Binn\;C:\Program Files\Microsoft SQL Server\110\Tools\Binn\;C:\Program Files (x86)\Microsoft SQL Server\110\DTS\Binn\;C:\Program Files (x86)\Common Files\lenovo\easyplussdk\bin;C:\Program Files (x86)\Microsoft SDKs\TypeScript\1.0\;C:\Program Files\Microsoft SQL Server\120\Tools\Binn\;C:\Users\Pooja\AppData\Local\Android\sdk\platform-tools;C:\Users\Pooja\AppData\Local\Android\sdk\tools;C:\Users\Pooja\AppData\Local\Android\sdk\build-tools\23.0.1;C:\Users\Pooja\AppData\Local\Android\sdk\build-tools\22.0.1;C:\Users\Pooja\AppData\Local\Android\sdk\build-tools\23.0.3;;C:\Program Files (x86)\Microsoft VS Code\bin;C:\Users\Pooja\AppData\Local\Microsoft\WindowsApps
USERNAME=Pooja
OS=Windows_NT
PROCESSOR_IDENTIFIER=Intel64 Family 6 Model 61 Stepping 4, GenuineIntel



---------------  S Y S T E M  ---------------

OS: Windows 10.0 , 64 bit Build 14393 (10.0.14393.0)

CPU:total 4 (2 cores per cpu, 2 threads per core) family 6 model 61 stepping 4, cmov, cx8, fxsr, mmx, sse, sse2, sse3, ssse3, sse4.1, sse4.2, popcnt, avx, avx2, aes, clmul, erms, 3dnowpref, lzcnt, ht, tsc, tscinvbit, bmi1, bmi2, adx

Memory: 4k page, physical 4107664k(174728k free), swap 9350544k(0k free)

vm_info: Java HotSpot(TM) 64-Bit Server VM (25.112-b15) for windows-amd64 JRE (1.8.0_112-b15), built on Sep 22 2016 21:31:56 by "java_re" with MS VC++ 10.0 (VS2010)

time: Wed Feb 22 19:34:07 2017
elapsed time: 1141 seconds (0d 0h 19m 1s)

