#
# There is insufficient memory for the Java Runtime Environment to continue.
# Native memory allocation (malloc) failed to allocate 216736 bytes for Chunk::new
# Possible reasons:
#   The system is out of physical RAM or swap space
#   In 32 bit mode, the process size limit was hit
# Possible solutions:
#   Reduce memory load on the system
#   Increase physical memory or swap space
#   Check if swap backing store is full
#   Use 64 bit Java on a 64 bit OS
#   Decrease Java heap size (-Xmx/-Xms)
#   Decrease number of Java threads
#   Decrease Java thread stack sizes (-Xss)
#   Set larger code cache with -XX:ReservedCodeCacheSize=
# This output file may be truncated or incomplete.
#
#  Out of Memory Error (allocation.cpp:390), pid=14116, tid=0x0000000000001958
#
# JRE version: Java(TM) SE Runtime Environment (8.0_112-b15) (build 1.8.0_112-b15)
# Java VM: Java HotSpot(TM) 64-Bit Server VM (25.112-b15 mixed mode windows-amd64 compressed oops)
# Failed to write core dump. Minidumps are not enabled by default on client versions of Windows
#

---------------  T H R E A D  ---------------

Current thread (0x000000001be7d800):  JavaThread "C2 CompilerThread0" daemon [_thread_in_native, id=6488, stack(0x000000001d4c0000,0x000000001d5c0000)]

Stack: [0x000000001d4c0000,0x000000001d5c0000]
[error occurred during error reporting (printing stack bounds), id 0xc0000005]

Native frames: (J=compiled Java code, j=interpreted, Vv=VM code, C=native code)


Current CompileTask:
C2:  14155 2558       4       java.util.ArrayList::sort (48 bytes)


---------------  P R O C E S S  ---------------

Java Threads: ( => current thread )
  0x000000001d934800 JavaThread "pool-1-thread-1" [_thread_in_Java, id=20068, stack(0x0000000020a60000,0x0000000020b60000)]
  0x000000001d6c6000 JavaThread "Service Thread" daemon [_thread_blocked, id=17596, stack(0x000000001dbc0000,0x000000001dcc0000)]
  0x000000001d6c0800 JavaThread "C1 CompilerThread2" daemon [_thread_blocked, id=14356, stack(0x000000001dac0000,0x000000001dbc0000)]
  0x000000001be80800 JavaThread "C2 CompilerThread1" daemon [_thread_in_native, id=22884, stack(0x000000001d5c0000,0x000000001d6c0000)]
=>0x000000001be7d800 JavaThread "C2 CompilerThread0" daemon [_thread_in_native, id=6488, stack(0x000000001d4c0000,0x000000001d5c0000)]
  0x000000001be7c000 JavaThread "Attach Listener" daemon [_thread_blocked, id=15728, stack(0x000000001d3c0000,0x000000001d4c0000)]
  0x000000000275e800 JavaThread "Signal Dispatcher" daemon [_thread_blocked, id=5432, stack(0x000000001d2c0000,0x000000001d3c0000)]
  0x000000001be6a000 JavaThread "Finalizer" daemon [_thread_blocked, id=9084, stack(0x000000001d0d0000,0x000000001d1d0000)]
  0x0000000002750000 JavaThread "Reference Handler" daemon [_thread_blocked, id=17888, stack(0x000000001cfd0000,0x000000001d0d0000)]
  0x0000000000aad800 JavaThread "main" [_thread_blocked, id=11304, stack(0x0000000002500000,0x0000000002600000)]

Other Threads:
  0x000000001be47800 VMThread [stack: 0x000000001ced0000,0x000000001cfd0000] [id=19176]
  0x000000001d6db800 WatcherThread [stack: 0x000000001dcc0000,0x000000001ddc0000] [id=17316]

VM state:not at safepoint (normal execution)

VM Mutex/Monitor currently owned by a thread: None

Heap:
 PSYoungGen      total 142848K, used 70394K [0x000000076ab00000, 0x0000000775500000, 0x00000007c0000000)
  eden space 125440K, 56% used [0x000000076ab00000,0x000000076efbe8a0,0x0000000772580000)
  from space 17408K, 0% used [0x0000000773b00000,0x0000000773b00000,0x0000000774c00000)
  to   space 22016K, 0% used [0x0000000772580000,0x0000000772580000,0x0000000773b00000)
 ParOldGen       total 72192K, used 37634K [0x00000006c0000000, 0x00000006c4680000, 0x000000076ab00000)
  object space 72192K, 52% used [0x00000006c0000000,0x00000006c24c0b38,0x00000006c4680000)
 Metaspace       used 6910K, capacity 7544K, committed 7680K, reserved 1056768K
  class space    used 643K, capacity 688K, committed 768K, reserved 1048576K

Card table byte_map: [0x0000000011b20000,0x0000000012330000] byte_map_base: 0x000000000e520000

Marking Bits: (ParMarkBitMap*) 0x000000007610a6d0
 Begin Bits: [0x0000000012c90000, 0x0000000016c90000)
 End Bits:   [0x0000000016c90000, 0x000000001ac90000)

Polling page: 0x0000000000a90000

CodeCache: size=245760Kb used=10592Kb max_used=10592Kb free=235167Kb
 bounds [0x0000000002760000, 0x00000000031c0000, 0x0000000011760000]
 total_blobs=2731 nmethods=2460 adapters=183
 compilation: enabled

Compilation events (10 events):
Event: 14.138 Thread 0x000000001d6c0800 2556       3       java.util.ArrayList::<init> (61 bytes)
Event: 14.139 Thread 0x000000001be7d800 2558       4       java.util.ArrayList::sort (48 bytes)
Event: 14.139 Thread 0x000000001d6c0800 nmethod 2556 0x00000000031be590 code [0x00000000031be7a0, 0x00000000031bf238]
Event: 14.139 Thread 0x000000001d6c0800 2554       3       com.android.dx.dex.code.DalvInsn::getNextAddress (10 bytes)
Event: 14.139 Thread 0x000000001d6c0800 nmethod 2554 0x00000000031bbfd0 code [0x00000000031bc160, 0x00000000031bc558]
Event: 14.139 Thread 0x000000001d6c0800 2557       3       com.android.dx.dex.code.LocalList$Entry::getSignature (11 bytes)
Event: 14.140 Thread 0x000000001d6c0800 nmethod 2557 0x00000000031bf690 code [0x00000000031bf800, 0x00000000031bfa30]
Event: 14.140 Thread 0x000000001d6c0800 2555       1       com.android.dx.dex.code.LocalList$Entry::getAddress (5 bytes)
Event: 14.140 Thread 0x000000001d6c0800 nmethod 2555 0x00000000031bfb10 code [0x00000000031bfc60, 0x00000000031bfd70]
Event: 14.140 Thread 0x000000001be80800 2559       4       java.util.Arrays::sort (47 bytes)

GC Heap History (10 events):
Event: 7.368 GC heap before
{Heap before GC invocations=5 (full 0):
 PSYoungGen      total 35328K, used 35326K [0x000000076ab00000, 0x000000076d000000, 0x00000007c0000000)
  eden space 32768K, 100% used [0x000000076ab00000,0x000000076cb00000,0x000000076cb00000)
  from space 2560K, 99% used [0x000000076cd80000,0x000000076cfff878,0x000000076d000000)
  to   space 2560K, 0% used [0x000000076cb00000,0x000000076cb00000,0x000000076cd80000)
 ParOldGen       total 44032K, used 9743K [0x00000006c0000000, 0x00000006c2b00000, 0x000000076ab00000)
  object space 44032K, 22% used [0x00000006c0000000,0x00000006c0983df8,0x00000006c2b00000)
 Metaspace       used 6414K, capacity 7128K, committed 7424K, reserved 1056768K
  class space    used 621K, capacity 656K, committed 768K, reserved 1048576K
Event: 7.394 GC heap after
Heap after GC invocations=5 (full 0):
 PSYoungGen      total 35328K, used 2531K [0x000000076ab00000, 0x000000076fb00000, 0x00000007c0000000)
  eden space 32768K, 0% used [0x000000076ab00000,0x000000076ab00000,0x000000076cb00000)
  from space 2560K, 98% used [0x000000076cb00000,0x000000076cd78f40,0x000000076cd80000)
  to   space 8192K, 0% used [0x000000076f300000,0x000000076f300000,0x000000076fb00000)
 ParOldGen       total 44032K, used 15862K [0x00000006c0000000, 0x00000006c2b00000, 0x000000076ab00000)
  object space 44032K, 36% used [0x00000006c0000000,0x00000006c0f7d948,0x00000006c2b00000)
 Metaspace       used 6414K, capacity 7128K, committed 7424K, reserved 1056768K
  class space    used 621K, capacity 656K, committed 768K, reserved 1048576K
}
Event: 7.625 GC heap before
{Heap before GC invocations=6 (full 0):
 PSYoungGen      total 35328K, used 35299K [0x000000076ab00000, 0x000000076fb00000, 0x00000007c0000000)
  eden space 32768K, 100% used [0x000000076ab00000,0x000000076cb00000,0x000000076cb00000)
  from space 2560K, 98% used [0x000000076cb00000,0x000000076cd78f40,0x000000076cd80000)
  to   space 8192K, 0% used [0x000000076f300000,0x000000076f300000,0x000000076fb00000)
 ParOldGen       total 44032K, used 15862K [0x00000006c0000000, 0x00000006c2b00000, 0x000000076ab00000)
  object space 44032K, 36% used [0x00000006c0000000,0x00000006c0f7d948,0x00000006c2b00000)
 Metaspace       used 6422K, capacity 7192K, committed 7424K, reserved 1056768K
  class space    used 621K, capacity 656K, committed 768K, reserved 1048576K
Event: 7.638 GC heap after
Heap after GC invocations=6 (full 0):
 PSYoungGen      total 73216K, used 7370K [0x000000076ab00000, 0x000000076fc00000, 0x00000007c0000000)
  eden space 65024K, 0% used [0x000000076ab00000,0x000000076ab00000,0x000000076ea80000)
  from space 8192K, 89% used [0x000000076f300000,0x000000076fa32b80,0x000000076fb00000)
  to   space 8704K, 0% used [0x000000076ea80000,0x000000076ea80000,0x000000076f300000)
 ParOldGen       total 44032K, used 15862K [0x00000006c0000000, 0x00000006c2b00000, 0x000000076ab00000)
  object space 44032K, 36% used [0x00000006c0000000,0x00000006c0f7d948,0x00000006c2b00000)
 Metaspace       used 6422K, capacity 7192K, committed 7424K, reserved 1056768K
  class space    used 621K, capacity 656K, committed 768K, reserved 1048576K
}
Event: 8.570 GC heap before
{Heap before GC invocations=7 (full 0):
 PSYoungGen      total 73216K, used 72394K [0x000000076ab00000, 0x000000076fc00000, 0x00000007c0000000)
  eden space 65024K, 100% used [0x000000076ab00000,0x000000076ea80000,0x000000076ea80000)
  from space 8192K, 89% used [0x000000076f300000,0x000000076fa32b80,0x000000076fb00000)
  to   space 8704K, 0% used [0x000000076ea80000,0x000000076ea80000,0x000000076f300000)
 ParOldGen       total 44032K, used 15862K [0x00000006c0000000, 0x00000006c2b00000, 0x000000076ab00000)
  object space 44032K, 36% used [0x00000006c0000000,0x00000006c0f7d948,0x00000006c2b00000)
 Metaspace       used 6526K, capacity 7192K, committed 7424K, reserved 1056768K
  class space    used 622K, capacity 656K, committed 768K, reserved 1048576K
Event: 8.619 GC heap after
Heap after GC invocations=7 (full 0):
 PSYoungGen      total 73728K, used 8692K [0x000000076ab00000, 0x0000000774c00000, 0x00000007c0000000)
  eden space 65024K, 0% used [0x000000076ab00000,0x000000076ab00000,0x000000076ea80000)
  from space 8704K, 99% used [0x000000076ea80000,0x000000076f2fd220,0x000000076f300000)
  to   space 17408K, 0% used [0x0000000773b00000,0x0000000773b00000,0x0000000774c00000)
 ParOldGen       total 44032K, used 31154K [0x00000006c0000000, 0x00000006c2b00000, 0x000000076ab00000)
  object space 44032K, 70% used [0x00000006c0000000,0x00000006c1e6c9e8,0x00000006c2b00000)
 Metaspace       used 6526K, capacity 7192K, committed 7424K, reserved 1056768K
  class space    used 622K, capacity 656K, committed 768K, reserved 1048576K
}
Event: 9.195 GC heap before
{Heap before GC invocations=8 (full 0):
 PSYoungGen      total 73728K, used 73716K [0x000000076ab00000, 0x0000000774c00000, 0x00000007c0000000)
  eden space 65024K, 100% used [0x000000076ab00000,0x000000076ea80000,0x000000076ea80000)
  from space 8704K, 99% used [0x000000076ea80000,0x000000076f2fd220,0x000000076f300000)
  to   space 17408K, 0% used [0x0000000773b00000,0x0000000773b00000,0x0000000774c00000)
 ParOldGen       total 44032K, used 31154K [0x00000006c0000000, 0x00000006c2b00000, 0x000000076ab00000)
  object space 44032K, 70% used [0x00000006c0000000,0x00000006c1e6c9e8,0x00000006c2b00000)
 Metaspace       used 6544K, capacity 7256K, committed 7424K, reserved 1056768K
  class space    used 622K, capacity 656K, committed 768K, reserved 1048576K
Event: 9.250 GC heap after
Heap after GC invocations=8 (full 0):
 PSYoungGen      total 142848K, used 17407K [0x000000076ab00000, 0x0000000775500000, 0x00000007c0000000)
  eden space 125440K, 0% used [0x000000076ab00000,0x000000076ab00000,0x0000000772580000)
  from space 17408K, 99% used [0x0000000773b00000,0x0000000774bfffa0,0x0000000774c00000)
  to   space 22016K, 0% used [0x0000000772580000,0x0000000772580000,0x0000000773b00000)
 ParOldGen       total 44032K, used 34488K [0x00000006c0000000, 0x00000006c2b00000, 0x000000076ab00000)
  object space 44032K, 78% used [0x00000006c0000000,0x00000006c21ae130,0x00000006c2b00000)
 Metaspace       used 6544K, capacity 7256K, committed 7424K, reserved 1056768K
  class space    used 622K, capacity 656K, committed 768K, reserved 1048576K
}
Event: 9.250 GC heap before
{Heap before GC invocations=9 (full 1):
 PSYoungGen      total 142848K, used 17407K [0x000000076ab00000, 0x0000000775500000, 0x00000007c0000000)
  eden space 125440K, 0% used [0x000000076ab00000,0x000000076ab00000,0x0000000772580000)
  from space 17408K, 99% used [0x0000000773b00000,0x0000000774bfffa0,0x0000000774c00000)
  to   space 22016K, 0% used [0x0000000772580000,0x0000000772580000,0x0000000773b00000)
 ParOldGen       total 44032K, used 34488K [0x00000006c0000000, 0x00000006c2b00000, 0x000000076ab00000)
  object space 44032K, 78% used [0x00000006c0000000,0x00000006c21ae130,0x00000006c2b00000)
 Metaspace       used 6544K, capacity 7256K, committed 7424K, reserved 1056768K
  class space    used 622K, capacity 656K, committed 768K, reserved 1048576K
Event: 9.768 GC heap after
Heap after GC invocations=9 (full 1):
 PSYoungGen      total 142848K, used 0K [0x000000076ab00000, 0x0000000775500000, 0x00000007c0000000)
  eden space 125440K, 0% used [0x000000076ab00000,0x000000076ab00000,0x0000000772580000)
  from space 17408K, 0% used [0x0000000773b00000,0x0000000773b00000,0x0000000774c00000)
  to   space 22016K, 0% used [0x0000000772580000,0x0000000772580000,0x0000000773b00000)
 ParOldGen       total 72192K, used 37634K [0x00000006c0000000, 0x00000006c4680000, 0x000000076ab00000)
  object space 72192K, 52% used [0x00000006c0000000,0x00000006c24c0b38,0x00000006c4680000)
 Metaspace       used 6544K, capacity 7256K, committed 7424K, reserved 1056768K
  class space    used 622K, capacity 656K, committed 768K, reserved 1048576K
}

Deoptimization events (10 events):
Event: 13.291 Thread 0x000000001d934800 Uncommon trap: reason=speculate_class_check action=maybe_recompile pc=0x0000000002b648c8 method=com.android.dx.util.FixedSizeList.equals(Ljava/lang/Object;)Z @ 25
Event: 13.291 Thread 0x000000001d934800 Uncommon trap: reason=class_check action=maybe_recompile pc=0x0000000002b2573c method=java.util.Arrays.equals([Ljava/lang/Object;[Ljava/lang/Object;)Z @ 62
Event: 13.291 Thread 0x000000001d934800 Uncommon trap: reason=speculate_class_check action=maybe_recompile pc=0x0000000002b648c8 method=com.android.dx.util.FixedSizeList.equals(Ljava/lang/Object;)Z @ 25
Event: 13.291 Thread 0x000000001d934800 Uncommon trap: reason=class_check action=maybe_recompile pc=0x0000000002b2573c method=java.util.Arrays.equals([Ljava/lang/Object;[Ljava/lang/Object;)Z @ 62
Event: 13.291 Thread 0x000000001d934800 Uncommon trap: reason=speculate_class_check action=maybe_recompile pc=0x0000000002b648c8 method=com.android.dx.util.FixedSizeList.equals(Ljava/lang/Object;)Z @ 25
Event: 13.291 Thread 0x000000001d934800 Uncommon trap: reason=class_check action=maybe_recompile pc=0x0000000002b2573c method=java.util.Arrays.equals([Ljava/lang/Object;[Ljava/lang/Object;)Z @ 62
Event: 13.291 Thread 0x000000001d934800 Uncommon trap: reason=unstable_if action=reinterpret pc=0x0000000002fa9780 method=java.util.TreeMap.put(Ljava/lang/Object;Ljava/lang/Object;)Ljava/lang/Object; @ 163
Event: 14.064 Thread 0x000000001d934800 Uncommon trap: reason=unstable_if action=reinterpret pc=0x0000000003190798 method=com.android.dx.dex.code.StdCatchBuilder.handlersFor(Lcom/android/dx/rop/code/BasicBlock;Lcom/android/dx/dex/code/BlockAddresses;)Lcom/android/dx/dex/code/CatchHandlerList; @
Event: 14.108 Thread 0x000000001d934800 Uncommon trap: reason=class_check action=maybe_recompile pc=0x000000000316c6d4 method=com.android.dx.dex.code.OutputFinisher.massageInstructions([Lcom/android/dx/dex/code/Dop;)V @ 63
Event: 14.134 Thread 0x000000001d934800 Uncommon trap: reason=unstable_if action=reinterpret pc=0x000000000310a67c method=java.util.ArrayList.<init>(I)V @ 5

Internal exceptions (5 events):
Event: 1.711 Thread 0x0000000000aad800 Exception <a 'java/lang/NoSuchMethodError': Method sun.misc.Unsafe.defineClass(Ljava/lang/String;[BII)Ljava/lang/Class; name or signature does not match> (0x000000076ab07c78) thrown at [C:\re\workspace\8-2-build-windows-amd64-cygwin\jdk8u112\7884\hotspot\
Event: 1.711 Thread 0x0000000000aad800 Exception <a 'java/lang/NoSuchMethodError': Method sun.misc.Unsafe.prefetchRead(Ljava/lang/Object;J)V name or signature does not match> (0x000000076ab07f60) thrown at [C:\re\workspace\8-2-build-windows-amd64-cygwin\jdk8u112\7884\hotspot\src\share\vm\prims
Event: 5.604 Thread 0x000000001d934800 Implicit null exception at 0x0000000002a8cfe2 to 0x0000000002a8d0e2
Event: 7.914 Thread 0x000000001d939800 Implicit null exception at 0x0000000002b1c623 to 0x0000000002b1d455
Event: 12.839 Thread 0x000000001d934800 Implicit null exception at 0x00000000031373cf to 0x0000000003137ea9

Events (10 events):
Event: 14.108 Thread 0x000000001d934800 DEOPT UNPACKING pc=0x00000000027a582a sp=0x0000000020b5e8d8 mode 2
Event: 14.132 loading class com/android/dx/dex/file/DebugInfoEncoder
Event: 14.132 loading class com/android/dx/dex/file/DebugInfoEncoder done
Event: 14.134 Thread 0x000000001d934800 Uncommon trap: trap_request=0xffffff65 fr.pc=0x000000000310a67c
Event: 14.134 Thread 0x000000001d934800 DEOPT PACKING pc=0x000000000310a67c sp=0x0000000020b5e800
Event: 14.134 Thread 0x000000001d934800 DEOPT UNPACKING pc=0x00000000027a582a sp=0x0000000020b5e7a8 mode 2
Event: 14.134 loading class com/android/dx/dex/file/DebugInfoEncoder$1
Event: 14.134 loading class com/android/dx/dex/file/DebugInfoEncoder$1 done
Event: 14.135 loading class com/android/dx/dex/file/DebugInfoEncoder$2
Event: 14.135 loading class com/android/dx/dex/file/DebugInfoEncoder$2 done


Dynamic libraries:
0x00007ff7a48a0000 - 0x00007ff7a48d7000 	C:\Program Files\Java\jdk1.8.0_112\bin\java.exe
0x00007ff9e3150000 - 0x00007ff9e3321000 	C:\WINDOWS\SYSTEM32\ntdll.dll
0x00007ff9e30a0000 - 0x00007ff9e314b000 	C:\WINDOWS\System32\KERNEL32.DLL
0x00007ff9df640000 - 0x00007ff9df85d000 	C:\WINDOWS\System32\KERNELBASE.dll
0x00007ff9e2aa0000 - 0x00007ff9e2b42000 	C:\WINDOWS\System32\ADVAPI32.dll
0x00007ff9e0bf0000 - 0x00007ff9e0c8e000 	C:\WINDOWS\System32\msvcrt.dll
0x00007ff9e2b50000 - 0x00007ff9e2ba9000 	C:\WINDOWS\System32\sechost.dll
0x00007ff9e25a0000 - 0x00007ff9e26c1000 	C:\WINDOWS\System32\RPCRT4.dll
0x00007ff9e0750000 - 0x00007ff9e08b5000 	C:\WINDOWS\System32\USER32.dll
0x00007ff9e0670000 - 0x00007ff9e068e000 	C:\WINDOWS\System32\win32u.dll
0x00007ff9e2820000 - 0x00007ff9e2854000 	C:\WINDOWS\System32\GDI32.dll
0x00007ff9e04e0000 - 0x00007ff9e0662000 	C:\WINDOWS\System32\gdi32full.dll
0x00007ff9d96a0000 - 0x00007ff9d9919000 	C:\WINDOWS\WinSxS\amd64_microsoft.windows.common-controls_6595b64144ccf1df_6.0.14393.447_none_42191651c6827bb3\COMCTL32.dll
0x00007ff9e08c0000 - 0x00007ff9e0b88000 	C:\WINDOWS\System32\combase.dll
0x00007ff9df860000 - 0x00007ff9df955000 	C:\WINDOWS\System32\ucrtbase.dll
0x00007ff9e0470000 - 0x00007ff9e04da000 	C:\WINDOWS\System32\bcryptPrimitives.dll
0x00007ff9e26e0000 - 0x00007ff9e270e000 	C:\WINDOWS\System32\IMM32.DLL
0x00000000508b0000 - 0x0000000050982000 	C:\Program Files\Java\jdk1.8.0_112\jre\bin\msvcr100.dll
0x00000000758f0000 - 0x000000007618a000 	C:\Program Files\Java\jdk1.8.0_112\jre\bin\server\jvm.dll
0x00007ff9e2880000 - 0x00007ff9e2888000 	C:\WINDOWS\System32\PSAPI.DLL
0x00007ff9cfd20000 - 0x00007ff9cfd29000 	C:\WINDOWS\SYSTEM32\WSOCK32.dll
0x00007ff9e2710000 - 0x00007ff9e277a000 	C:\WINDOWS\System32\WS2_32.dll
0x00007ff9dd8a0000 - 0x00007ff9dd8c3000 	C:\WINDOWS\SYSTEM32\WINMM.dll
0x00007ff9d7390000 - 0x00007ff9d739a000 	C:\WINDOWS\SYSTEM32\VERSION.dll
0x00007ff9dd870000 - 0x00007ff9dd89b000 	C:\WINDOWS\SYSTEM32\WINMMBASE.dll
0x00007ff9e0690000 - 0x00007ff9e06d2000 	C:\WINDOWS\System32\cfgmgr32.dll
0x00000000508a0000 - 0x00000000508af000 	C:\Program Files\Java\jdk1.8.0_112\jre\bin\verify.dll
0x0000000050870000 - 0x0000000050899000 	C:\Program Files\Java\jdk1.8.0_112\jre\bin\java.dll
0x0000000050850000 - 0x0000000050866000 	C:\Program Files\Java\jdk1.8.0_112\jre\bin\zip.dll
0x00007ff9e1090000 - 0x00007ff9e2599000 	C:\WINDOWS\System32\SHELL32.dll
0x00007ff9dfd90000 - 0x00007ff9e046a000 	C:\WINDOWS\System32\windows.storage.dll
0x00007ff9df5d0000 - 0x00007ff9df61c000 	C:\WINDOWS\System32\powrprof.dll
0x00007ff9e06f0000 - 0x00007ff9e0742000 	C:\WINDOWS\System32\shlwapi.dll
0x00007ff9df630000 - 0x00007ff9df63f000 	C:\WINDOWS\System32\kernel.appcore.dll
0x00007ff9df960000 - 0x00007ff9dfa09000 	C:\WINDOWS\System32\shcore.dll
0x00007ff9df5b0000 - 0x00007ff9df5c4000 	C:\WINDOWS\System32\profapi.dll

VM Arguments:
jvm_args: -Djava.awt.headless=true -Xmx4g -Dfile.encoding=windows-1252 -Duser.country=IN -Duser.language=en -Duser.variant 
java_command: com.android.dx.command.Main --dex --verbose --force-jumbo --num-threads=4 --multi-dex --output C:\Users\Pooja\Dropbox\MobiPlace\app\build\intermediates\transforms\dex\debug\folders\1000\10\com.google.android.gms-play-services-games-8.4.0_155ae3deb0c9ef1abb52e721ab78e81381957a01 C:\Users\Pooja\Dropbox\MobiPlace\app\build\intermediates\exploded-aar\com.google.android.gms\play-services-games\8.4.0\jars\classes.jar
java_class_path (initial): C:\Users\Pooja\AppData\Local\Android\sdk\build-tools\23.0.1\lib\dx.jar
Launcher Type: SUN_STANDARD

Environment Variables:
JAVA_HOME=C:\Program Files\Java\jdk1.8.0_112
PATH=C:\ProgramData\Oracle\Java\javapath;G:\app\pooja22\product\12.1.0\dbhome_1\bin;C:\Program Files (x86)\NVIDIA Corporation\PhysX\Common;C:\Program Files (x86)\Intel\iCLS Client\;C:\Program Files\Intel\iCLS Client\;C:\WINDOWS\system32;C:\WINDOWS;C:\WINDOWS\System32\Wbem;C:\WINDOWS\System32\WindowsPowerShell\v1.0\;C:\Program Files\Hewlett-Packard\SimplePass\;C:\Program Files\Intel\Intel(R) Management Engine Components\DAL;C:\Program Files (x86)\Intel\Intel(R) Management Engine Components\DAL;C:\Program Files\Intel\Intel(R) Management Engine Components\IPT;C:\Program Files (x86)\Intel\Intel(R) Management Engine Components\IPT;C:\Program Files (x86)\MySQL\MySQL Server 5.0\bin;C:\Program Files (x86)\Microsoft SQL Server\110\Tools\Binn\ManagementStudio\;C:\Program Files (x86)\Microsoft SQL Server\110\Tools\Binn\;C:\Program Files\Microsoft SQL Server\110\Tools\Binn\;C:\Program Files (x86)\Microsoft SQL Server\110\DTS\Binn\;C:\Program Files (x86)\Common Files\lenovo\easyplussdk\bin;C:\Program Files (x86)\Microsoft SDKs\TypeScript\1.0\;C:\Program Files\Microsoft SQL Server\120\Tools\Binn\;C:\Users\Pooja\AppData\Local\Android\sdk\platform-tools;C:\Users\Pooja\AppData\Local\Android\sdk\tools;C:\Users\Pooja\AppData\Local\Android\sdk\build-tools\23.0.1;C:\Users\Pooja\AppData\Local\Android\sdk\build-tools\22.0.1;C:\Users\Pooja\AppData\Local\Android\sdk\build-tools\23.0.3;;C:\Program Files (x86)\Microsoft VS Code\bin;C:\Users\Pooja\AppData\Local\Microsoft\WindowsApps
USERNAME=Pooja
OS=Windows_NT
PROCESSOR_IDENTIFIER=Intel64 Family 6 Model 61 Stepping 4, GenuineIntel



---------------  S Y S T E M  ---------------

OS: Windows 10.0 , 64 bit Build 14393 (10.0.14393.0)

CPU:total 4 (2 cores per cpu, 2 threads per core) family 6 model 61 stepping 4, cmov, cx8, fxsr, mmx, sse, sse2, sse3, ssse3, sse4.1, sse4.2, popcnt, avx, avx2, aes, clmul, erms, 3dnowpref, lzcnt, ht, tsc, tscinvbit, bmi1, bmi2, adx

Memory: 4k page, physical 4107664k(530184k free), swap 9350544k(3764k free)

vm_info: Java HotSpot(TM) 64-Bit Server VM (25.112-b15) for windows-amd64 JRE (1.8.0_112-b15), built on Sep 22 2016 21:31:56 by "java_re" with MS VC++ 10.0 (VS2010)

time: Sun Mar 05 22:48:40 2017
elapsed time: 14 seconds (0d 0h 0m 14s)

