#
# There is insufficient memory for the Java Runtime Environment to continue.
# Native memory allocation (malloc) failed to allocate 32744 bytes for ChunkPool::allocate
# Possible reasons:
#   The system is out of physical RAM or swap space
#   In 32 bit mode, the process size limit was hit
# Possible solutions:
#   Reduce memory load on the system
#   Increase physical memory or swap space
#   Check if swap backing store is full
#   Use 64 bit Java on a 64 bit OS
#   Decrease Java heap size (-Xmx/-Xms)
#   Decrease number of Java threads
#   Decrease Java thread stack sizes (-Xss)
#   Set larger code cache with -XX:ReservedCodeCacheSize=
# This output file may be truncated or incomplete.
#
#  Out of Memory Error (allocation.cpp:273), pid=12796, tid=0x0000000000004aac
#
# JRE version: Java(TM) SE Runtime Environment (8.0_112-b15) (build 1.8.0_112-b15)
# Java VM: Java HotSpot(TM) 64-Bit Server VM (25.112-b15 mixed mode windows-amd64 compressed oops)
# Failed to write core dump. Minidumps are not enabled by default on client versions of Windows
#

---------------  T H R E A D  ---------------

Current thread (0x000000001be10800):  JavaThread "C2 CompilerThread1" daemon [_thread_in_native, id=19116, stack(0x000000001d550000,0x000000001d650000)]

Stack: [0x000000001d550000,0x000000001d650000]
[error occurred during error reporting (printing stack bounds), id 0xc0000005]

Native frames: (J=compiled Java code, j=interpreted, Vv=VM code, C=native code)


Current CompileTask:
C2:   6930 1181 %     4       com.android.dx.ssa.SsaMethod::deleteInsns @ 42 (239 bytes)


---------------  P R O C E S S  ---------------

Java Threads: ( => current thread )
  0x000000001d9d8800 JavaThread "pool-2-thread-4" [_thread_blocked, id=9060, stack(0x000000001e150000,0x000000001e250000)]
  0x000000001d9d4800 JavaThread "pool-2-thread-3" [_thread_blocked, id=1852, stack(0x000000001e050000,0x000000001e150000)]
  0x000000001d9ba000 JavaThread "pool-2-thread-2" [_thread_blocked, id=23024, stack(0x000000001df50000,0x000000001e050000)]
  0x000000001d9b2800 JavaThread "pool-3-thread-1" [_thread_blocked, id=16928, stack(0x000000001de50000,0x000000001df50000)]
  0x000000001d9b2000 JavaThread "pool-2-thread-1" [_thread_in_vm_trans, id=22312, stack(0x000000001dd50000,0x000000001de50000)]
  0x000000001be6d000 JavaThread "Service Thread" daemon [_thread_blocked, id=10032, stack(0x000000001db50000,0x000000001dc50000)]
  0x000000001be63800 JavaThread "C1 CompilerThread2" daemon [_thread_in_native, id=1068, stack(0x000000001d650000,0x000000001d750000)]
=>0x000000001be10800 JavaThread "C2 CompilerThread1" daemon [_thread_in_native, id=19116, stack(0x000000001d550000,0x000000001d650000)]
  0x000000001be0d800 JavaThread "C2 CompilerThread0" daemon [_thread_in_native, id=22820, stack(0x000000001d450000,0x000000001d550000)]
  0x000000001be0c000 JavaThread "Attach Listener" daemon [_thread_blocked, id=10596, stack(0x000000001d350000,0x000000001d450000)]
  0x000000001be0a800 JavaThread "Signal Dispatcher" daemon [_thread_blocked, id=18176, stack(0x000000001d250000,0x000000001d350000)]
  0x000000001bdfa800 JavaThread "Finalizer" daemon [_thread_blocked, id=5808, stack(0x000000001d060000,0x000000001d160000)]
  0x0000000002640000 JavaThread "Reference Handler" daemon [_thread_blocked, id=10384, stack(0x000000001cf60000,0x000000001d060000)]
  0x000000000273d800 JavaThread "main" [_thread_blocked, id=8724, stack(0x00000000023e0000,0x00000000024e0000)]

Other Threads:
  0x000000001bdd7800 VMThread [stack: 0x000000001ce60000,0x000000001cf60000] [id=22516]
  0x000000001d76b000 WatcherThread [stack: 0x000000001dc50000,0x000000001dd50000] [id=11044]

VM state:not at safepoint (normal execution)

VM Mutex/Monitor currently owned by a thread:  ([mutex/lock_event])
[0x000000000273c850] Heap_lock - owner thread: 0x000000001d9d8800

Heap:
 PSYoungGen      total 35328K, used 2535K [0x000000076ab00000, 0x000000076d000000, 0x00000007c0000000)
  eden space 32768K, 0% used [0x000000076ab00000,0x000000076ab00078,0x000000076cb00000)
  from space 2560K, 99% used [0x000000076cd80000,0x000000076cff9c78,0x000000076d000000)
  to   space 2560K, 0% used [0x000000076cb00000,0x000000076cb00000,0x000000076cd80000)
 ParOldGen       total 44032K, used 4041K [0x00000006c0000000, 0x00000006c2b00000, 0x000000076ab00000)
  object space 44032K, 9% used [0x00000006c0000000,0x00000006c03f2770,0x00000006c2b00000)
 Metaspace       used 6172K, capacity 7000K, committed 7168K, reserved 1056768K
  class space    used 621K, capacity 656K, committed 768K, reserved 1048576K

Card table byte_map: [0x0000000011b00000,0x0000000012310000] byte_map_base: 0x000000000e500000

Marking Bits: (ParMarkBitMap*) 0x000000007610a6d0
 Begin Bits: [0x0000000012c70000, 0x0000000016c70000)
 End Bits:   [0x0000000016c70000, 0x000000001ac70000)

Polling page: 0x0000000000ba0000

CodeCache: size=245760Kb used=5417Kb max_used=5417Kb free=240342Kb
 bounds [0x0000000002740000, 0x0000000002c90000, 0x0000000011740000]
 total_blobs=1612 nmethods=1343 adapters=182
 compilation: enabled

Compilation events (10 events):
Event: 6.673 Thread 0x000000001be63800 1207       3       com.android.dx.ssa.SCCP::<init> (142 bytes)
Event: 6.674 Thread 0x000000001be63800 nmethod 1207 0x0000000002bf6110 code [0x0000000002bf6380, 0x0000000002bf74e8]
Event: 6.674 Thread 0x000000001be63800 1209       3       com.android.dx.cf.attrib.AttLineNumberTable::byteLength (13 bytes)
Event: 6.674 Thread 0x000000001be63800 nmethod 1209 0x0000000002bf7dd0 code [0x0000000002bf7f40, 0x0000000002bf8190]
Event: 6.674 Thread 0x000000001be63800 1210       3       com.android.dx.cf.attrib.BaseLocalVariables::byteLength (14 bytes)
Event: 6.675 Thread 0x000000001be63800 nmethod 1210 0x0000000002bf8290 code [0x0000000002bf8400, 0x0000000002bf8650]
Event: 6.675 Thread 0x000000001be63800 1204       3       com.android.dx.ssa.SsaConverter::convertToSsaMethod (41 bytes)
Event: 6.676 Thread 0x000000001be63800 nmethod 1204 0x0000000002bf8750 code [0x0000000002bf89a0, 0x0000000002bf9548]
Event: 6.676 Thread 0x000000001be63800 1206       3       com.android.dx.ssa.SsaMethod::setNewRegCount (18 bytes)
Event: 6.676 Thread 0x000000001be63800 nmethod 1206 0x0000000002bf9b50 code [0x0000000002bf9ca0, 0x0000000002bf9f10]

GC Heap History (2 events):
Event: 5.957 GC heap before
{Heap before GC invocations=1 (full 0):
 PSYoungGen      total 18944K, used 16384K [0x000000076ab00000, 0x000000076c000000, 0x00000007c0000000)
  eden space 16384K, 100% used [0x000000076ab00000,0x000000076bb00000,0x000000076bb00000)
  from space 2560K, 0% used [0x000000076bd80000,0x000000076bd80000,0x000000076c000000)
  to   space 2560K, 0% used [0x000000076bb00000,0x000000076bb00000,0x000000076bd80000)
 ParOldGen       total 44032K, used 0K [0x00000006c0000000, 0x00000006c2b00000, 0x000000076ab00000)
  object space 44032K, 0% used [0x00000006c0000000,0x00000006c0000000,0x00000006c2b00000)
 Metaspace       used 5929K, capacity 6808K, committed 7168K, reserved 1056768K
  class space    used 617K, capacity 656K, committed 768K, reserved 1048576K
Event: 6.278 GC heap after
Heap after GC invocations=1 (full 0):
 PSYoungGen      total 18944K, used 2554K [0x000000076ab00000, 0x000000076d000000, 0x00000007c0000000)
  eden space 16384K, 0% used [0x000000076ab00000,0x000000076ab00000,0x000000076bb00000)
  from space 2560K, 99% used [0x000000076bb00000,0x000000076bd7eab8,0x000000076bd80000)
  to   space 2560K, 0% used [0x000000076cd80000,0x000000076cd80000,0x000000076d000000)
 ParOldGen       total 44032K, used 1741K [0x00000006c0000000, 0x00000006c2b00000, 0x000000076ab00000)
  object space 44032K, 3% used [0x00000006c0000000,0x00000006c01b35d0,0x00000006c2b00000)
 Metaspace       used 5929K, capacity 6808K, committed 7168K, reserved 1056768K
  class space    used 617K, capacity 656K, committed 768K, reserved 1048576K
}

Deoptimization events (10 events):
Event: 5.855 Thread 0x000000001d9ba000 Uncommon trap: reason=unstable_if action=reinterpret pc=0x00000000029d079c method=com.android.dx.rop.code.RegisterSpec.equals(ILcom/android/dx/rop/type/TypeBearer;Lcom/android/dx/rop/code/LocalItem;)Z @ 16
Event: 6.299 Thread 0x000000001d9d4800 Uncommon trap: reason=class_check action=maybe_recompile pc=0x0000000002a3f228 method=com.android.dx.ssa.NormalSsaInsn.accept(Lcom/android/dx/ssa/SsaInsn$Visitor;)V @ 9
Event: 6.299 Thread 0x000000001d9d4800 Uncommon trap: reason=class_check action=maybe_recompile pc=0x0000000002a3f228 method=com.android.dx.ssa.NormalSsaInsn.accept(Lcom/android/dx/ssa/SsaInsn$Visitor;)V @ 9
Event: 6.299 Thread 0x000000001d9d4800 Uncommon trap: reason=class_check action=maybe_recompile pc=0x0000000002a3f228 method=com.android.dx.ssa.NormalSsaInsn.accept(Lcom/android/dx/ssa/SsaInsn$Visitor;)V @ 9
Event: 6.299 Thread 0x000000001d9d4800 Uncommon trap: reason=class_check action=maybe_recompile pc=0x0000000002a3f228 method=com.android.dx.ssa.NormalSsaInsn.accept(Lcom/android/dx/ssa/SsaInsn$Visitor;)V @ 9
Event: 6.299 Thread 0x000000001d9d4800 Uncommon trap: reason=class_check action=maybe_recompile pc=0x00000000029ba4b0 method=com.android.dx.ssa.NormalSsaInsn.accept(Lcom/android/dx/ssa/SsaInsn$Visitor;)V @ 9
Event: 6.476 Thread 0x000000001d9ba000 Uncommon trap: reason=unstable_if action=reinterpret pc=0x00000000029e6ab8 method=java.util.BitSet.ensureCapacity(I)V @ 6
Event: 6.476 Thread 0x000000001d9ba000 Uncommon trap: reason=unstable_if action=reinterpret pc=0x00000000029e82f0 method=java.util.BitSet.ensureCapacity(I)V @ 6
Event: 6.639 Thread 0x000000001d9d4800 Uncommon trap: reason=unstable_if action=reinterpret pc=0x0000000002ada7e0 method=com.android.dx.rop.code.LocalItem.hashCode()I @ 25
Event: 6.639 Thread 0x000000001d9d4800 Uncommon trap: reason=unstable_if action=reinterpret pc=0x0000000002a75320 method=com.android.dx.rop.code.LocalItem.hashCode()I @ 25

Internal exceptions (2 events):
Event: 0.143 Thread 0x000000000273d800 Exception <a 'java/lang/NoSuchMethodError': Method sun.misc.Unsafe.defineClass(Ljava/lang/String;[BII)Ljava/lang/Class; name or signature does not match> (0x000000076ab07c78) thrown at [C:\re\workspace\8-2-build-windows-amd64-cygwin\jdk8u112\7884\hotspot\
Event: 0.143 Thread 0x000000000273d800 Exception <a 'java/lang/NoSuchMethodError': Method sun.misc.Unsafe.prefetchRead(Ljava/lang/Object;J)V name or signature does not match> (0x000000076ab07f60) thrown at [C:\re\workspace\8-2-build-windows-amd64-cygwin\jdk8u112\7884\hotspot\src\share\vm\prims

Events (10 events):
Event: 6.476 Thread 0x000000001d9ba000 DEOPT PACKING pc=0x00000000029e82f0 sp=0x000000001e04e8d0
Event: 6.476 Thread 0x000000001d9ba000 DEOPT UNPACKING pc=0x000000000278582a sp=0x000000001e04e810 mode 2
Event: 6.627 loading class com/android/dx/cf/attrib/AttLocalVariableTypeTable
Event: 6.627 loading class com/android/dx/cf/attrib/AttLocalVariableTypeTable done
Event: 6.639 Thread 0x000000001d9d4800 Uncommon trap: trap_request=0xffffff65 fr.pc=0x0000000002ada7e0
Event: 6.639 Thread 0x000000001d9d4800 DEOPT PACKING pc=0x0000000002ada7e0 sp=0x000000001e14ebb0
Event: 6.639 Thread 0x000000001d9d4800 DEOPT UNPACKING pc=0x000000000278582a sp=0x000000001e14ea18 mode 2
Event: 6.639 Thread 0x000000001d9d4800 Uncommon trap: trap_request=0xffffff65 fr.pc=0x0000000002a75320
Event: 6.639 Thread 0x000000001d9d4800 DEOPT PACKING pc=0x0000000002a75320 sp=0x000000001e14ec00
Event: 6.639 Thread 0x000000001d9d4800 DEOPT UNPACKING pc=0x000000000278582a sp=0x000000001e14eb38 mode 2


Dynamic libraries:
0x00007ff7a48a0000 - 0x00007ff7a48d7000 	C:\Program Files\Java\jdk1.8.0_112\bin\java.exe
0x00007ff9e3150000 - 0x00007ff9e3321000 	C:\WINDOWS\SYSTEM32\ntdll.dll
0x00007ff9e30a0000 - 0x00007ff9e314b000 	C:\WINDOWS\System32\KERNEL32.DLL
0x00007ff9df640000 - 0x00007ff9df85d000 	C:\WINDOWS\System32\KERNELBASE.dll
0x00007ff9e2aa0000 - 0x00007ff9e2b42000 	C:\WINDOWS\System32\ADVAPI32.dll
0x00007ff9e0bf0000 - 0x00007ff9e0c8e000 	C:\WINDOWS\System32\msvcrt.dll
0x00007ff9e2b50000 - 0x00007ff9e2ba9000 	C:\WINDOWS\System32\sechost.dll
0x00007ff9e25a0000 - 0x00007ff9e26c1000 	C:\WINDOWS\System32\RPCRT4.dll
0x00007ff9e0750000 - 0x00007ff9e08b5000 	C:\WINDOWS\System32\USER32.dll
0x00007ff9e0670000 - 0x00007ff9e068e000 	C:\WINDOWS\System32\win32u.dll
0x00007ff9e2820000 - 0x00007ff9e2854000 	C:\WINDOWS\System32\GDI32.dll
0x00007ff9e04e0000 - 0x00007ff9e0662000 	C:\WINDOWS\System32\gdi32full.dll
0x00007ff9d96a0000 - 0x00007ff9d9919000 	C:\WINDOWS\WinSxS\amd64_microsoft.windows.common-controls_6595b64144ccf1df_6.0.14393.447_none_42191651c6827bb3\COMCTL32.dll
0x00007ff9e08c0000 - 0x00007ff9e0b88000 	C:\WINDOWS\System32\combase.dll
0x00007ff9df860000 - 0x00007ff9df955000 	C:\WINDOWS\System32\ucrtbase.dll
0x00007ff9e0470000 - 0x00007ff9e04da000 	C:\WINDOWS\System32\bcryptPrimitives.dll
0x00007ff9e26e0000 - 0x00007ff9e270e000 	C:\WINDOWS\System32\IMM32.DLL
0x00000000508b0000 - 0x0000000050982000 	C:\Program Files\Java\jdk1.8.0_112\jre\bin\msvcr100.dll
0x00000000758f0000 - 0x000000007618a000 	C:\Program Files\Java\jdk1.8.0_112\jre\bin\server\jvm.dll
0x00007ff9e2880000 - 0x00007ff9e2888000 	C:\WINDOWS\System32\PSAPI.DLL
0x00007ff9cfd20000 - 0x00007ff9cfd29000 	C:\WINDOWS\SYSTEM32\WSOCK32.dll
0x00007ff9e2710000 - 0x00007ff9e277a000 	C:\WINDOWS\System32\WS2_32.dll
0x00007ff9dd8a0000 - 0x00007ff9dd8c3000 	C:\WINDOWS\SYSTEM32\WINMM.dll
0x00007ff9d7390000 - 0x00007ff9d739a000 	C:\WINDOWS\SYSTEM32\VERSION.dll
0x00007ff9dd870000 - 0x00007ff9dd89b000 	C:\WINDOWS\SYSTEM32\WINMMBASE.dll
0x00007ff9e0690000 - 0x00007ff9e06d2000 	C:\WINDOWS\System32\cfgmgr32.dll
0x00000000508a0000 - 0x00000000508af000 	C:\Program Files\Java\jdk1.8.0_112\jre\bin\verify.dll
0x0000000050870000 - 0x0000000050899000 	C:\Program Files\Java\jdk1.8.0_112\jre\bin\java.dll
0x0000000050850000 - 0x0000000050866000 	C:\Program Files\Java\jdk1.8.0_112\jre\bin\zip.dll
0x00007ff9e1090000 - 0x00007ff9e2599000 	C:\WINDOWS\System32\SHELL32.dll
0x00007ff9dfd90000 - 0x00007ff9e046a000 	C:\WINDOWS\System32\windows.storage.dll
0x00007ff9df5d0000 - 0x00007ff9df61c000 	C:\WINDOWS\System32\powrprof.dll
0x00007ff9e06f0000 - 0x00007ff9e0742000 	C:\WINDOWS\System32\shlwapi.dll
0x00007ff9df630000 - 0x00007ff9df63f000 	C:\WINDOWS\System32\kernel.appcore.dll
0x00007ff9df960000 - 0x00007ff9dfa09000 	C:\WINDOWS\System32\shcore.dll
0x00007ff9df5b0000 - 0x00007ff9df5c4000 	C:\WINDOWS\System32\profapi.dll

VM Arguments:
jvm_args: -Djava.awt.headless=true -Xmx4g -Dfile.encoding=windows-1252 -Duser.country=IN -Duser.language=en -Duser.variant 
java_command: com.android.dx.command.Main --dex --verbose --force-jumbo --num-threads=4 --multi-dex --output C:\Users\Pooja\Dropbox\MobiPlace\app\build\intermediates\transforms\dex\debug\folders\1000\10\internal_impl-23.0.0_207ea4417ca58fab87e0643534472be3b90cf447 C:\Users\Pooja\Dropbox\MobiPlace\app\build\intermediates\exploded-aar\com.android.support\support-v4\23.0.0\jars\libs\internal_impl-23.0.0.jar
java_class_path (initial): C:\Users\Pooja\AppData\Local\Android\sdk\build-tools\23.0.1\lib\dx.jar
Launcher Type: SUN_STANDARD

Environment Variables:
JAVA_HOME=C:\Program Files\Java\jdk1.8.0_112
PATH=C:\ProgramData\Oracle\Java\javapath;G:\app\pooja22\product\12.1.0\dbhome_1\bin;C:\Program Files (x86)\NVIDIA Corporation\PhysX\Common;C:\Program Files (x86)\Intel\iCLS Client\;C:\Program Files\Intel\iCLS Client\;C:\WINDOWS\system32;C:\WINDOWS;C:\WINDOWS\System32\Wbem;C:\WINDOWS\System32\WindowsPowerShell\v1.0\;C:\Program Files\Hewlett-Packard\SimplePass\;C:\Program Files\Intel\Intel(R) Management Engine Components\DAL;C:\Program Files (x86)\Intel\Intel(R) Management Engine Components\DAL;C:\Program Files\Intel\Intel(R) Management Engine Components\IPT;C:\Program Files (x86)\Intel\Intel(R) Management Engine Components\IPT;C:\Program Files (x86)\MySQL\MySQL Server 5.0\bin;C:\Program Files (x86)\Microsoft SQL Server\110\Tools\Binn\ManagementStudio\;C:\Program Files (x86)\Microsoft SQL Server\110\Tools\Binn\;C:\Program Files\Microsoft SQL Server\110\Tools\Binn\;C:\Program Files (x86)\Microsoft SQL Server\110\DTS\Binn\;C:\Program Files (x86)\Common Files\lenovo\easyplussdk\bin;C:\Program Files (x86)\Microsoft SDKs\TypeScript\1.0\;C:\Program Files\Microsoft SQL Server\120\Tools\Binn\;C:\Users\Pooja\AppData\Local\Android\sdk\platform-tools;C:\Users\Pooja\AppData\Local\Android\sdk\tools;C:\Users\Pooja\AppData\Local\Android\sdk\build-tools\23.0.1;C:\Users\Pooja\AppData\Local\Android\sdk\build-tools\22.0.1;C:\Users\Pooja\AppData\Local\Android\sdk\build-tools\23.0.3;;C:\Program Files (x86)\Microsoft VS Code\bin;C:\Users\Pooja\AppData\Local\Microsoft\WindowsApps
USERNAME=Pooja
OS=Windows_NT
PROCESSOR_IDENTIFIER=Intel64 Family 6 Model 61 Stepping 4, GenuineIntel



---------------  S Y S T E M  ---------------

OS: Windows 10.0 , 64 bit Build 14393 (10.0.14393.0)

CPU:total 4 (2 cores per cpu, 2 threads per core) family 6 model 61 stepping 4, cmov, cx8, fxsr, mmx, sse, sse2, sse3, ssse3, sse4.1, sse4.2, popcnt, avx, avx2, aes, clmul, erms, 3dnowpref, lzcnt, ht, tsc, tscinvbit, bmi1, bmi2, adx

Memory: 4k page, physical 4107664k(89344k free), swap 9350544k(4356k free)

vm_info: Java HotSpot(TM) 64-Bit Server VM (25.112-b15) for windows-amd64 JRE (1.8.0_112-b15), built on Sep 22 2016 21:31:56 by "java_re" with MS VC++ 10.0 (VS2010)

time: Mon Mar 06 00:02:08 2017
elapsed time: 7 seconds (0d 0h 0m 7s)

