#
# There is insufficient memory for the Java Runtime Environment to continue.
# Native memory allocation (malloc) failed to allocate 136976 bytes for Chunk::new
# Possible reasons:
#   The system is out of physical RAM or swap space
#   In 32 bit mode, the process size limit was hit
# Possible solutions:
#   Reduce memory load on the system
#   Increase physical memory or swap space
#   Check if swap backing store is full
#   Use 64 bit Java on a 64 bit OS
#   Decrease Java heap size (-Xmx/-Xms)
#   Decrease number of Java threads
#   Decrease Java thread stack sizes (-Xss)
#   Set larger code cache with -XX:ReservedCodeCacheSize=
# This output file may be truncated or incomplete.
#
#  Out of Memory Error (allocation.cpp:390), pid=17872, tid=0x0000000000002b90
#
# JRE version: Java(TM) SE Runtime Environment (8.0_112-b15) (build 1.8.0_112-b15)
# Java VM: Java HotSpot(TM) 64-Bit Server VM (25.112-b15 mixed mode windows-amd64 compressed oops)
# Failed to write core dump. Minidumps are not enabled by default on client versions of Windows
#

---------------  T H R E A D  ---------------

Current thread (0x000000001c60f800):  JavaThread "C2 CompilerThread0" daemon [_thread_in_native, id=11152, stack(0x000000001dc50000,0x000000001dd50000)]

Stack: [0x000000001dc50000,0x000000001dd50000]
[error occurred during error reporting (printing stack bounds), id 0xc0000005]

Native frames: (J=compiled Java code, j=interpreted, Vv=VM code, C=native code)


Current CompileTask:
C2:   6723 1579       4       com.android.dx.dex.code.LocalList$MakeState::snapshot (110 bytes)


---------------  P R O C E S S  ---------------

Java Threads: ( => current thread )
  0x000000001dfb5000 JavaThread "pool-1-thread-1" [_thread_blocked, id=18176, stack(0x0000000020220000,0x0000000020320000)]
  0x000000001c66e000 JavaThread "Service Thread" daemon [_thread_blocked, id=10444, stack(0x000000001e350000,0x000000001e450000)]
  0x000000001de60800 JavaThread "C1 CompilerThread2" daemon [_thread_blocked, id=7800, stack(0x000000001e250000,0x000000001e350000)]
  0x000000001c64e000 JavaThread "C2 CompilerThread1" daemon [_thread_blocked, id=3088, stack(0x000000001dd50000,0x000000001de50000)]
=>0x000000001c60f800 JavaThread "C2 CompilerThread0" daemon [_thread_in_native, id=11152, stack(0x000000001dc50000,0x000000001dd50000)]
  0x000000001c60e000 JavaThread "Attach Listener" daemon [_thread_blocked, id=20440, stack(0x000000001db50000,0x000000001dc50000)]
  0x000000001c60c000 JavaThread "Signal Dispatcher" daemon [_thread_blocked, id=20560, stack(0x000000001da50000,0x000000001db50000)]
  0x000000001c5fa800 JavaThread "Finalizer" daemon [_thread_blocked, id=12904, stack(0x000000001d860000,0x000000001d960000)]
  0x0000000002ee0000 JavaThread "Reference Handler" daemon [_thread_blocked, id=8156, stack(0x000000001d760000,0x000000001d860000)]
  0x0000000002cdd800 JavaThread "main" [_thread_blocked, id=8532, stack(0x0000000002cf0000,0x0000000002df0000)]

Other Threads:
  0x000000001c5d7800 VMThread [stack: 0x000000001d660000,0x000000001d760000] [id=7224]
  0x000000001de6c800 WatcherThread [stack: 0x000000001e450000,0x000000001e550000] [id=13740]

VM state:not at safepoint (normal execution)

VM Mutex/Monitor currently owned by a thread: None

Heap:
 PSYoungGen      total 35328K, used 16518K [0x000000076ab00000, 0x000000076d000000, 0x00000007c0000000)
  eden space 32768K, 42% used [0x000000076ab00000,0x000000076b8a7ce0,0x000000076cb00000)
  from space 2560K, 99% used [0x000000076cd80000,0x000000076cff9c80,0x000000076d000000)
  to   space 2560K, 0% used [0x000000076cb00000,0x000000076cb00000,0x000000076cd80000)
 ParOldGen       total 44032K, used 3908K [0x00000006c0000000, 0x00000006c2b00000, 0x000000076ab00000)
  object space 44032K, 8% used [0x00000006c0000000,0x00000006c03d1180,0x00000006c2b00000)
 Metaspace       used 6510K, capacity 7320K, committed 7680K, reserved 1058816K
  class space    used 637K, capacity 656K, committed 768K, reserved 1048576K

Card table byte_map: [0x00000000122b0000,0x0000000012ac0000] byte_map_base: 0x000000000ecb0000

Marking Bits: (ParMarkBitMap*) 0x000000007610a6d0
 Begin Bits: [0x0000000013420000, 0x0000000017420000)
 End Bits:   [0x0000000017420000, 0x000000001b420000)

Polling page: 0x0000000001050000

CodeCache: size=245760Kb used=6364Kb max_used=6364Kb free=239395Kb
 bounds [0x0000000002ef0000, 0x0000000003530000, 0x0000000011ef0000]
 total_blobs=1913 nmethods=1643 adapters=183
 compilation: enabled

Compilation events (10 events):
Event: 6.512 Thread 0x000000001de60800 1592       3       com.android.dx.dex.file.CodeItem$1::<init> (15 bytes)
Event: 6.512 Thread 0x000000001de60800 nmethod 1592 0x0000000003502e90 code [0x0000000003502fe0, 0x00000000035031d0]
Event: 6.512 Thread 0x000000001de60800 1593       3       com.android.dx.dex.code.DalvCode::getInsns (9 bytes)
Event: 6.512 Thread 0x000000001de60800 nmethod 1593 0x0000000003502ad0 code [0x0000000003502c40, 0x0000000003502de8]
Event: 6.512 Thread 0x000000001de60800 1594       1       com.android.dx.dex.code.Dop::getNextOpcode (5 bytes)
Event: 6.512 Thread 0x000000001de60800 nmethod 1594 0x000000000350aed0 code [0x000000000350b020, 0x000000000350b130]
Event: 6.513 Thread 0x000000001de60800 1597       3       com.android.dx.dex.file.OffsettedItem::writeSize (22 bytes)
Event: 6.513 Thread 0x000000001de60800 nmethod 1597 0x000000000350b190 code [0x000000000350b300, 0x000000000350b568]
Event: 6.513 Thread 0x000000001de60800 1598       3       com.android.dx.dex.code.InsnFormat::signedFitsInShort (12 bytes)
Event: 6.514 Thread 0x000000001de60800 nmethod 1598 0x000000000350b650 code [0x000000000350b7a0, 0x000000000350b930]

GC Heap History (4 events):
Event: 1.931 GC heap before
{Heap before GC invocations=1 (full 0):
 PSYoungGen      total 18944K, used 16384K [0x000000076ab00000, 0x000000076c000000, 0x00000007c0000000)
  eden space 16384K, 100% used [0x000000076ab00000,0x000000076bb00000,0x000000076bb00000)
  from space 2560K, 0% used [0x000000076bd80000,0x000000076bd80000,0x000000076c000000)
  to   space 2560K, 0% used [0x000000076bb00000,0x000000076bb00000,0x000000076bd80000)
 ParOldGen       total 44032K, used 0K [0x00000006c0000000, 0x00000006c2b00000, 0x000000076ab00000)
  object space 44032K, 0% used [0x00000006c0000000,0x00000006c0000000,0x00000006c2b00000)
 Metaspace       used 5879K, capacity 6808K, committed 7168K, reserved 1056768K
  class space    used 613K, capacity 656K, committed 768K, reserved 1048576K
Event: 1.991 GC heap after
Heap after GC invocations=1 (full 0):
 PSYoungGen      total 18944K, used 2554K [0x000000076ab00000, 0x000000076d000000, 0x00000007c0000000)
  eden space 16384K, 0% used [0x000000076ab00000,0x000000076ab00000,0x000000076bb00000)
  from space 2560K, 99% used [0x000000076bb00000,0x000000076bd7eaa0,0x000000076bd80000)
  to   space 2560K, 0% used [0x000000076cd80000,0x000000076cd80000,0x000000076d000000)
 ParOldGen       total 44032K, used 1759K [0x00000006c0000000, 0x00000006c2b00000, 0x000000076ab00000)
  object space 44032K, 3% used [0x00000006c0000000,0x00000006c01b7d70,0x00000006c2b00000)
 Metaspace       used 5879K, capacity 6808K, committed 7168K, reserved 1056768K
  class space    used 613K, capacity 656K, committed 768K, reserved 1048576K
}
Event: 3.060 GC heap before
{Heap before GC invocations=2 (full 0):
 PSYoungGen      total 18944K, used 18938K [0x000000076ab00000, 0x000000076d000000, 0x00000007c0000000)
  eden space 16384K, 100% used [0x000000076ab00000,0x000000076bb00000,0x000000076bb00000)
  from space 2560K, 99% used [0x000000076bb00000,0x000000076bd7eaa0,0x000000076bd80000)
  to   space 2560K, 0% used [0x000000076cd80000,0x000000076cd80000,0x000000076d000000)
 ParOldGen       total 44032K, used 1759K [0x00000006c0000000, 0x00000006c2b00000, 0x000000076ab00000)
  object space 44032K, 3% used [0x00000006c0000000,0x00000006c01b7d70,0x00000006c2b00000)
 Metaspace       used 6093K, capacity 6936K, committed 7168K, reserved 1056768K
  class space    used 616K, capacity 656K, committed 768K, reserved 1048576K
Event: 3.072 GC heap after
Heap after GC invocations=2 (full 0):
 PSYoungGen      total 35328K, used 2535K [0x000000076ab00000, 0x000000076d000000, 0x00000007c0000000)
  eden space 32768K, 0% used [0x000000076ab00000,0x000000076ab00000,0x000000076cb00000)
  from space 2560K, 99% used [0x000000076cd80000,0x000000076cff9c80,0x000000076d000000)
  to   space 2560K, 0% used [0x000000076cb00000,0x000000076cb00000,0x000000076cd80000)
 ParOldGen       total 44032K, used 3908K [0x00000006c0000000, 0x00000006c2b00000, 0x000000076ab00000)
  object space 44032K, 8% used [0x00000006c0000000,0x00000006c03d1180,0x00000006c2b00000)
 Metaspace       used 6093K, capacity 6936K, committed 7168K, reserved 1056768K
  class space    used 616K, capacity 656K, committed 768K, reserved 1048576K
}

Deoptimization events (10 events):
Event: 5.344 Thread 0x000000001dfb5000 Uncommon trap: reason=bimorphic action=maybe_recompile pc=0x0000000003149eac method=java.util.HashMap.getNode(ILjava/lang/Object;)Ljava/util/HashMap$Node; @ 126
Event: 5.347 Thread 0x000000001dfb5000 Uncommon trap: reason=unstable_if action=reinterpret pc=0x00000000033b4a4c method=java.util.HashMap.putVal(ILjava/lang/Object;Ljava/lang/Object;ZZ)Ljava/lang/Object; @ 94
Event: 6.297 Thread 0x000000001dfb5000 Uncommon trap: reason=speculate_class_check action=maybe_recompile pc=0x00000000032fcdc4 method=com.android.dx.util.FixedSizeList.equals(Ljava/lang/Object;)Z @ 25
Event: 6.297 Thread 0x000000001dfb5000 Uncommon trap: reason=class_check action=maybe_recompile pc=0x00000000032ca1f8 method=java.util.Arrays.equals([Ljava/lang/Object;[Ljava/lang/Object;)Z @ 62
Event: 6.297 Thread 0x000000001dfb5000 Uncommon trap: reason=speculate_class_check action=maybe_recompile pc=0x00000000032fcdc4 method=com.android.dx.util.FixedSizeList.equals(Ljava/lang/Object;)Z @ 25
Event: 6.297 Thread 0x000000001dfb5000 Uncommon trap: reason=class_check action=maybe_recompile pc=0x00000000032ca1f8 method=java.util.Arrays.equals([Ljava/lang/Object;[Ljava/lang/Object;)Z @ 62
Event: 6.297 Thread 0x000000001dfb5000 Uncommon trap: reason=speculate_class_check action=maybe_recompile pc=0x00000000032fcdc4 method=com.android.dx.util.FixedSizeList.equals(Ljava/lang/Object;)Z @ 25
Event: 6.298 Thread 0x000000001dfb5000 Uncommon trap: reason=unstable_if action=reinterpret pc=0x00000000032ca22c method=java.util.Arrays.equals([Ljava/lang/Object;[Ljava/lang/Object;)Z @ 23
Event: 6.448 Thread 0x000000001dfb5000 Uncommon trap: reason=speculate_class_check action=maybe_recompile pc=0x00000000032fcdc4 method=com.android.dx.util.FixedSizeList.equals(Ljava/lang/Object;)Z @ 25
Event: 6.448 Thread 0x000000001dfb5000 Uncommon trap: reason=unstable_if action=reinterpret pc=0x00000000034b6110 method=java.util.TreeMap.put(Ljava/lang/Object;Ljava/lang/Object;)Ljava/lang/Object; @ 163

Internal exceptions (2 events):
Event: 0.059 Thread 0x0000000002cdd800 Exception <a 'java/lang/NoSuchMethodError': Method sun.misc.Unsafe.defineClass(Ljava/lang/String;[BII)Ljava/lang/Class; name or signature does not match> (0x000000076ab07c78) thrown at [C:\re\workspace\8-2-build-windows-amd64-cygwin\jdk8u112\7884\hotspot\
Event: 0.059 Thread 0x0000000002cdd800 Exception <a 'java/lang/NoSuchMethodError': Method sun.misc.Unsafe.prefetchRead(Ljava/lang/Object;J)V name or signature does not match> (0x000000076ab07f60) thrown at [C:\re\workspace\8-2-build-windows-amd64-cygwin\jdk8u112\7884\hotspot\src\share\vm\prims

Events (10 events):
Event: 6.298 loading class com/android/dx/dex/code/CatchTable$Entry
Event: 6.298 loading class com/android/dx/dex/code/CatchTable$Entry done
Event: 6.298 loading class com/android/dx/util/ByteArrayAnnotatedOutput
Event: 6.298 loading class com/android/dx/util/ByteArrayAnnotatedOutput done
Event: 6.448 Thread 0x000000001dfb5000 Uncommon trap: trap_request=0xffffff76 fr.pc=0x00000000032fcdc4
Event: 6.448 Thread 0x000000001dfb5000 DEOPT PACKING pc=0x00000000032fcdc4 sp=0x000000002031eea0
Event: 6.448 Thread 0x000000001dfb5000 DEOPT UNPACKING pc=0x0000000002f3582a sp=0x000000002031ee60 mode 2
Event: 6.448 Thread 0x000000001dfb5000 Uncommon trap: trap_request=0xffffff65 fr.pc=0x00000000034b6110
Event: 6.449 Thread 0x000000001dfb5000 DEOPT PACKING pc=0x00000000034b6110 sp=0x000000002031f0c0
Event: 6.449 Thread 0x000000001dfb5000 DEOPT UNPACKING pc=0x0000000002f3582a sp=0x000000002031f060 mode 2


Dynamic libraries:
0x00007ff7a48a0000 - 0x00007ff7a48d7000 	C:\Program Files\Java\jdk1.8.0_112\bin\java.exe
0x00007ff9e3150000 - 0x00007ff9e3321000 	C:\WINDOWS\SYSTEM32\ntdll.dll
0x00007ff9e30a0000 - 0x00007ff9e314b000 	C:\WINDOWS\System32\KERNEL32.DLL
0x00007ff9df640000 - 0x00007ff9df85d000 	C:\WINDOWS\System32\KERNELBASE.dll
0x00007ff9e2aa0000 - 0x00007ff9e2b42000 	C:\WINDOWS\System32\ADVAPI32.dll
0x00007ff9e0bf0000 - 0x00007ff9e0c8e000 	C:\WINDOWS\System32\msvcrt.dll
0x00007ff9e2b50000 - 0x00007ff9e2ba9000 	C:\WINDOWS\System32\sechost.dll
0x00007ff9e25a0000 - 0x00007ff9e26c1000 	C:\WINDOWS\System32\RPCRT4.dll
0x00007ff9e0750000 - 0x00007ff9e08b5000 	C:\WINDOWS\System32\USER32.dll
0x00007ff9e0670000 - 0x00007ff9e068e000 	C:\WINDOWS\System32\win32u.dll
0x00007ff9e2820000 - 0x00007ff9e2854000 	C:\WINDOWS\System32\GDI32.dll
0x00007ff9e04e0000 - 0x00007ff9e0662000 	C:\WINDOWS\System32\gdi32full.dll
0x00007ff9d96a0000 - 0x00007ff9d9919000 	C:\WINDOWS\WinSxS\amd64_microsoft.windows.common-controls_6595b64144ccf1df_6.0.14393.447_none_42191651c6827bb3\COMCTL32.dll
0x00007ff9e08c0000 - 0x00007ff9e0b88000 	C:\WINDOWS\System32\combase.dll
0x00007ff9df860000 - 0x00007ff9df955000 	C:\WINDOWS\System32\ucrtbase.dll
0x00007ff9e0470000 - 0x00007ff9e04da000 	C:\WINDOWS\System32\bcryptPrimitives.dll
0x00007ff9e26e0000 - 0x00007ff9e270e000 	C:\WINDOWS\System32\IMM32.DLL
0x00000000508b0000 - 0x0000000050982000 	C:\Program Files\Java\jdk1.8.0_112\jre\bin\msvcr100.dll
0x00000000758f0000 - 0x000000007618a000 	C:\Program Files\Java\jdk1.8.0_112\jre\bin\server\jvm.dll
0x00007ff9e2880000 - 0x00007ff9e2888000 	C:\WINDOWS\System32\PSAPI.DLL
0x00007ff9cfd20000 - 0x00007ff9cfd29000 	C:\WINDOWS\SYSTEM32\WSOCK32.dll
0x00007ff9e2710000 - 0x00007ff9e277a000 	C:\WINDOWS\System32\WS2_32.dll
0x00007ff9dd8a0000 - 0x00007ff9dd8c3000 	C:\WINDOWS\SYSTEM32\WINMM.dll
0x00007ff9d7390000 - 0x00007ff9d739a000 	C:\WINDOWS\SYSTEM32\VERSION.dll
0x00007ff9dd870000 - 0x00007ff9dd89b000 	C:\WINDOWS\SYSTEM32\WINMMBASE.dll
0x00007ff9e0690000 - 0x00007ff9e06d2000 	C:\WINDOWS\System32\cfgmgr32.dll
0x00000000508a0000 - 0x00000000508af000 	C:\Program Files\Java\jdk1.8.0_112\jre\bin\verify.dll
0x0000000050870000 - 0x0000000050899000 	C:\Program Files\Java\jdk1.8.0_112\jre\bin\java.dll
0x0000000050850000 - 0x0000000050866000 	C:\Program Files\Java\jdk1.8.0_112\jre\bin\zip.dll
0x00007ff9e1090000 - 0x00007ff9e2599000 	C:\WINDOWS\System32\SHELL32.dll
0x00007ff9dfd90000 - 0x00007ff9e046a000 	C:\WINDOWS\System32\windows.storage.dll
0x00007ff9df5d0000 - 0x00007ff9df61c000 	C:\WINDOWS\System32\powrprof.dll
0x00007ff9e06f0000 - 0x00007ff9e0742000 	C:\WINDOWS\System32\shlwapi.dll
0x00007ff9df630000 - 0x00007ff9df63f000 	C:\WINDOWS\System32\kernel.appcore.dll
0x00007ff9df960000 - 0x00007ff9dfa09000 	C:\WINDOWS\System32\shcore.dll
0x00007ff9df5b0000 - 0x00007ff9df5c4000 	C:\WINDOWS\System32\profapi.dll

VM Arguments:
jvm_args: -Djava.awt.headless=true -Xmx4g -Dfile.encoding=windows-1252 -Duser.country=IN -Duser.language=en -Duser.variant 
java_command: com.android.dx.command.Main --dex --verbose --force-jumbo --num-threads=4 --multi-dex --output C:\Users\Pooja\Dropbox\MobiPlace\app\build\intermediates\transforms\dex\debug\folders\1000\10\com.google.android.gms-play-services-appindexing-8.4.0_6953becf4f872b541ea95540bcc3e4a980a7dce9 C:\Users\Pooja\Dropbox\MobiPlace\app\build\intermediates\exploded-aar\com.google.android.gms\play-services-appindexing\8.4.0\jars\classes.jar
java_class_path (initial): C:\Users\Pooja\AppData\Local\Android\sdk\build-tools\23.0.1\lib\dx.jar
Launcher Type: SUN_STANDARD

Environment Variables:
JAVA_HOME=C:\Program Files\Java\jdk1.8.0_112
PATH=C:\ProgramData\Oracle\Java\javapath;G:\app\pooja22\product\12.1.0\dbhome_1\bin;C:\Program Files (x86)\NVIDIA Corporation\PhysX\Common;C:\Program Files (x86)\Intel\iCLS Client\;C:\Program Files\Intel\iCLS Client\;C:\WINDOWS\system32;C:\WINDOWS;C:\WINDOWS\System32\Wbem;C:\WINDOWS\System32\WindowsPowerShell\v1.0\;C:\Program Files\Hewlett-Packard\SimplePass\;C:\Program Files\Intel\Intel(R) Management Engine Components\DAL;C:\Program Files (x86)\Intel\Intel(R) Management Engine Components\DAL;C:\Program Files\Intel\Intel(R) Management Engine Components\IPT;C:\Program Files (x86)\Intel\Intel(R) Management Engine Components\IPT;C:\Program Files (x86)\MySQL\MySQL Server 5.0\bin;C:\Program Files (x86)\Microsoft SQL Server\110\Tools\Binn\ManagementStudio\;C:\Program Files (x86)\Microsoft SQL Server\110\Tools\Binn\;C:\Program Files\Microsoft SQL Server\110\Tools\Binn\;C:\Program Files (x86)\Microsoft SQL Server\110\DTS\Binn\;C:\Program Files (x86)\Common Files\lenovo\easyplussdk\bin;C:\Program Files (x86)\Microsoft SDKs\TypeScript\1.0\;C:\Program Files\Microsoft SQL Server\120\Tools\Binn\;C:\Users\Pooja\AppData\Local\Android\sdk\platform-tools;C:\Users\Pooja\AppData\Local\Android\sdk\tools;C:\Users\Pooja\AppData\Local\Android\sdk\build-tools\23.0.1;C:\Users\Pooja\AppData\Local\Android\sdk\build-tools\22.0.1;C:\Users\Pooja\AppData\Local\Android\sdk\build-tools\23.0.3;;C:\Program Files (x86)\Microsoft VS Code\bin;C:\Users\Pooja\AppData\Local\Microsoft\WindowsApps
USERNAME=Pooja
OS=Windows_NT
PROCESSOR_IDENTIFIER=Intel64 Family 6 Model 61 Stepping 4, GenuineIntel



---------------  S Y S T E M  ---------------

OS: Windows 10.0 , 64 bit Build 14393 (10.0.14393.0)

CPU:total 4 (2 cores per cpu, 2 threads per core) family 6 model 61 stepping 4, cmov, cx8, fxsr, mmx, sse, sse2, sse3, ssse3, sse4.1, sse4.2, popcnt, avx, avx2, aes, clmul, erms, 3dnowpref, lzcnt, ht, tsc, tscinvbit, bmi1, bmi2, adx

Memory: 4k page, physical 4107664k(313128k free), swap 9350544k(3900k free)

vm_info: Java HotSpot(TM) 64-Bit Server VM (25.112-b15) for windows-amd64 JRE (1.8.0_112-b15), built on Sep 22 2016 21:31:56 by "java_re" with MS VC++ 10.0 (VS2010)

time: Sun Mar 05 21:59:00 2017
elapsed time: 6 seconds (0d 0h 0m 6s)

