#
# There is insufficient memory for the Java Runtime Environment to continue.
# Native memory allocation (malloc) failed to allocate 548976 bytes for Chunk::new
# Possible reasons:
#   The system is out of physical RAM or swap space
#   In 32 bit mode, the process size limit was hit
# Possible solutions:
#   Reduce memory load on the system
#   Increase physical memory or swap space
#   Check if swap backing store is full
#   Use 64 bit Java on a 64 bit OS
#   Decrease Java heap size (-Xmx/-Xms)
#   Decrease number of Java threads
#   Decrease Java thread stack sizes (-Xss)
#   Set larger code cache with -XX:ReservedCodeCacheSize=
# This output file may be truncated or incomplete.
#
#  Out of Memory Error (allocation.cpp:390), pid=9328, tid=0x00000000000048a8
#
# JRE version: Java(TM) SE Runtime Environment (8.0_112-b15) (build 1.8.0_112-b15)
# Java VM: Java HotSpot(TM) 64-Bit Server VM (25.112-b15 mixed mode windows-amd64 compressed oops)
# Failed to write core dump. Minidumps are not enabled by default on client versions of Windows
#

---------------  T H R E A D  ---------------

Current thread (0x000000001c06d800):  JavaThread "C2 CompilerThread0" daemon [_thread_in_native, id=18600, stack(0x000000001d6c0000,0x000000001d7c0000)]

Stack: [0x000000001d6c0000,0x000000001d7c0000]
[error occurred during error reporting (printing stack bounds), id 0xc0000005]

Native frames: (J=compiled Java code, j=interpreted, Vv=VM code, C=native code)


Current CompileTask:
C2:  11151 1648       4       com.android.dx.rop.code.LocalVariableExtractor::processBlock (327 bytes)


---------------  P R O C E S S  ---------------

Java Threads: ( => current thread )
  0x000000001db45000 JavaThread "pool-2-thread-4" [_thread_blocked, id=4424, stack(0x000000001e3c0000,0x000000001e4c0000)]
  0x000000001db46800 JavaThread "pool-2-thread-3" [_thread_blocked, id=7520, stack(0x000000001e2c0000,0x000000001e3c0000)]
  0x000000001db49000 JavaThread "pool-2-thread-2" [_thread_blocked, id=5548, stack(0x000000001e1c0000,0x000000001e2c0000)]
  0x000000001db48000 JavaThread "pool-3-thread-1" [_thread_blocked, id=8568, stack(0x000000001e0c0000,0x000000001e1c0000)]
  0x000000001db47800 JavaThread "pool-2-thread-1" [_thread_in_Java, id=8060, stack(0x000000001dfc0000,0x000000001e0c0000)]
  0x000000001c0cc000 JavaThread "Service Thread" daemon [_thread_blocked, id=9488, stack(0x000000001ddc0000,0x000000001dec0000)]
  0x000000001d8c8800 JavaThread "C1 CompilerThread2" daemon [_thread_blocked, id=2988, stack(0x000000001dcc0000,0x000000001ddc0000)]
  0x000000001c0c2000 JavaThread "C2 CompilerThread1" daemon [_thread_in_native, id=15880, stack(0x000000001d7c0000,0x000000001d8c0000)]
=>0x000000001c06d800 JavaThread "C2 CompilerThread0" daemon [_thread_in_native, id=18600, stack(0x000000001d6c0000,0x000000001d7c0000)]
  0x000000001c06c000 JavaThread "Attach Listener" daemon [_thread_blocked, id=2164, stack(0x000000001d5c0000,0x000000001d6c0000)]
  0x000000001c06a800 JavaThread "Signal Dispatcher" daemon [_thread_blocked, id=3724, stack(0x000000001d4c0000,0x000000001d5c0000)]
  0x000000001c05a800 JavaThread "Finalizer" daemon [_thread_blocked, id=7732, stack(0x000000001d2d0000,0x000000001d3d0000)]
  0x0000000002990000 JavaThread "Reference Handler" daemon [_thread_blocked, id=13100, stack(0x000000001d1d0000,0x000000001d2d0000)]
  0x00000000026ad800 JavaThread "main" [_thread_in_vm, id=2228, stack(0x00000000027a0000,0x00000000028a0000)]

Other Threads:
  0x000000001c037800 VMThread [stack: 0x000000001d0d0000,0x000000001d1d0000] [id=8636]
  0x000000001d8db000 WatcherThread [stack: 0x000000001dec0000,0x000000001dfc0000] [id=15876]

VM state:not at safepoint (normal execution)

VM Mutex/Monitor currently owned by a thread: None

Heap:
 PSYoungGen      total 68096K, used 32320K [0x000000076ab00000, 0x0000000775b00000, 0x00000007c0000000)
  eden space 65536K, 49% used [0x000000076ab00000,0x000000076ca90208,0x000000076eb00000)
  from space 2560K, 0% used [0x000000076eb00000,0x000000076eb00000,0x000000076ed80000)
  to   space 32768K, 0% used [0x0000000773b00000,0x0000000773b00000,0x0000000775b00000)
 ParOldGen       total 116736K, used 51440K [0x00000006c0000000, 0x00000006c7200000, 0x000000076ab00000)
  object space 116736K, 44% used [0x00000006c0000000,0x00000006c323c058,0x00000006c7200000)
 Metaspace       used 6311K, capacity 7128K, committed 7424K, reserved 1056768K
  class space    used 621K, capacity 656K, committed 768K, reserved 1048576K

Card table byte_map: [0x0000000011d60000,0x0000000012570000] byte_map_base: 0x000000000e760000

Marking Bits: (ParMarkBitMap*) 0x000000007610a6d0
 Begin Bits: [0x0000000012ed0000, 0x0000000016ed0000)
 End Bits:   [0x0000000016ed0000, 0x000000001aed0000)

Polling page: 0x0000000000ad0000

CodeCache: size=245760Kb used=7280Kb max_used=7280Kb free=238479Kb
 bounds [0x00000000029a0000, 0x00000000030d0000, 0x00000000119a0000]
 total_blobs=1913 nmethods=1641 adapters=185
 compilation: enabled

Compilation events (10 events):
Event: 11.097 Thread 0x000000001d8c8800 nmethod 1674 0x00000000030a2290 code [0x00000000030a23e0, 0x00000000030a2530]
Event: 11.097 Thread 0x000000001d8c8800 1672       2       com.android.dx.ssa.SCCP::replaceBranches (142 bytes)
Event: 11.098 Thread 0x000000001d8c8800 nmethod 1672 0x00000000030ac190 code [0x00000000030ac380, 0x00000000030ac9c8]
Event: 11.098 Thread 0x000000001d8c8800 1673       1       java.util.HashMap$Node::getKey (5 bytes)
Event: 11.098 Thread 0x000000001d8c8800 nmethod 1673 0x00000000030abed0 code [0x00000000030ac020, 0x00000000030ac130]
Event: 11.145 Thread 0x000000001d8c8800 1676       2       com.android.dx.rop.annotation.Annotations::add (75 bytes)
Event: 11.146 Thread 0x000000001d8c8800 nmethod 1676 0x00000000030b4190 code [0x00000000030b4380, 0x00000000030b49e8]
Event: 11.147 Thread 0x000000001d8c8800 1678       2       com.android.dx.cf.code.ConcreteMethod::makeSourcePosistion (21 bytes)
Event: 11.147 Thread 0x000000001d8c8800 nmethod 1678 0x00000000030b3d10 code [0x00000000030b3e80, 0x00000000030b4098]
Event: 11.147 Thread 0x000000001d8c8800 1679       2       com.android.dx.rop.cst.CstString::<init> (42 bytes)

GC Heap History (10 events):
Event: 5.626 GC heap before
{Heap before GC invocations=3 (full 0):
 PSYoungGen      total 35328K, used 35322K [0x000000076ab00000, 0x000000076d000000, 0x00000007c0000000)
  eden space 32768K, 100% used [0x000000076ab00000,0x000000076cb00000,0x000000076cb00000)
  from space 2560K, 99% used [0x000000076cd80000,0x000000076cffeaa8,0x000000076d000000)
  to   space 2560K, 0% used [0x000000076cb00000,0x000000076cb00000,0x000000076cd80000)
 ParOldGen       total 44032K, used 4067K [0x00000006c0000000, 0x00000006c2b00000, 0x000000076ab00000)
  object space 44032K, 9% used [0x00000006c0000000,0x00000006c03f8df8,0x00000006c2b00000)
 Metaspace       used 6293K, capacity 7128K, committed 7424K, reserved 1056768K
  class space    used 620K, capacity 656K, committed 768K, reserved 1048576K
Event: 6.130 GC heap after
Heap after GC invocations=3 (full 0):
 PSYoungGen      total 35328K, used 2528K [0x000000076ab00000, 0x000000076f000000, 0x00000007c0000000)
  eden space 32768K, 0% used [0x000000076ab00000,0x000000076ab00000,0x000000076cb00000)
  from space 2560K, 98% used [0x000000076cb00000,0x000000076cd78010,0x000000076cd80000)
  to   space 2560K, 0% used [0x000000076ed80000,0x000000076ed80000,0x000000076f000000)
 ParOldGen       total 44032K, used 13471K [0x00000006c0000000, 0x00000006c2b00000, 0x000000076ab00000)
  object space 44032K, 30% used [0x00000006c0000000,0x00000006c0d27e00,0x00000006c2b00000)
 Metaspace       used 6293K, capacity 7128K, committed 7424K, reserved 1056768K
  class space    used 620K, capacity 656K, committed 768K, reserved 1048576K
}
Event: 9.918 GC heap before
{Heap before GC invocations=4 (full 0):
 PSYoungGen      total 35328K, used 35296K [0x000000076ab00000, 0x000000076f000000, 0x00000007c0000000)
  eden space 32768K, 100% used [0x000000076ab00000,0x000000076cb00000,0x000000076cb00000)
  from space 2560K, 98% used [0x000000076cb00000,0x000000076cd78010,0x000000076cd80000)
  to   space 2560K, 0% used [0x000000076ed80000,0x000000076ed80000,0x000000076f000000)
 ParOldGen       total 44032K, used 13471K [0x00000006c0000000, 0x00000006c2b00000, 0x000000076ab00000)
  object space 44032K, 30% used [0x00000006c0000000,0x00000006c0d27e00,0x00000006c2b00000)
 Metaspace       used 6297K, capacity 7128K, committed 7424K, reserved 1056768K
  class space    used 620K, capacity 656K, committed 768K, reserved 1048576K
Event: 10.032 GC heap after
Heap after GC invocations=4 (full 0):
 PSYoungGen      total 68096K, used 2528K [0x000000076ab00000, 0x000000076f000000, 0x00000007c0000000)
  eden space 65536K, 0% used [0x000000076ab00000,0x000000076ab00000,0x000000076eb00000)
  from space 2560K, 98% used [0x000000076ed80000,0x000000076eff8010,0x000000076f000000)
  to   space 2560K, 0% used [0x000000076eb00000,0x000000076eb00000,0x000000076ed80000)
 ParOldGen       total 44032K, used 35209K [0x00000006c0000000, 0x00000006c2b00000, 0x000000076ab00000)
  object space 44032K, 79% used [0x00000006c0000000,0x00000006c22625e0,0x00000006c2b00000)
 Metaspace       used 6297K, capacity 7128K, committed 7424K, reserved 1056768K
  class space    used 620K, capacity 656K, committed 768K, reserved 1048576K
}
Event: 10.032 GC heap before
{Heap before GC invocations=5 (full 1):
 PSYoungGen      total 68096K, used 2528K [0x000000076ab00000, 0x000000076f000000, 0x00000007c0000000)
  eden space 65536K, 0% used [0x000000076ab00000,0x000000076ab00000,0x000000076eb00000)
  from space 2560K, 98% used [0x000000076ed80000,0x000000076eff8010,0x000000076f000000)
  to   space 2560K, 0% used [0x000000076eb00000,0x000000076eb00000,0x000000076ed80000)
 ParOldGen       total 44032K, used 35209K [0x00000006c0000000, 0x00000006c2b00000, 0x000000076ab00000)
  object space 44032K, 79% used [0x00000006c0000000,0x00000006c22625e0,0x00000006c2b00000)
 Metaspace       used 6297K, capacity 7128K, committed 7424K, reserved 1056768K
  class space    used 620K, capacity 656K, committed 768K, reserved 1048576K
Event: 10.353 GC heap after
Heap after GC invocations=5 (full 1):
 PSYoungGen      total 68096K, used 0K [0x000000076ab00000, 0x000000076f000000, 0x00000007c0000000)
  eden space 65536K, 0% used [0x000000076ab00000,0x000000076ab00000,0x000000076eb00000)
  from space 2560K, 0% used [0x000000076ed80000,0x000000076ed80000,0x000000076f000000)
  to   space 2560K, 0% used [0x000000076eb00000,0x000000076eb00000,0x000000076ed80000)
 ParOldGen       total 69632K, used 26553K [0x00000006c0000000, 0x00000006c4400000, 0x000000076ab00000)
  object space 69632K, 38% used [0x00000006c0000000,0x00000006c19ee670,0x00000006c4400000)
 Metaspace       used 6297K, capacity 7128K, committed 7424K, reserved 1056768K
  class space    used 620K, capacity 656K, committed 768K, reserved 1048576K
}
Event: 10.659 GC heap before
{Heap before GC invocations=6 (full 1):
 PSYoungGen      total 68096K, used 65536K [0x000000076ab00000, 0x000000076f000000, 0x00000007c0000000)
  eden space 65536K, 100% used [0x000000076ab00000,0x000000076eb00000,0x000000076eb00000)
  from space 2560K, 0% used [0x000000076ed80000,0x000000076ed80000,0x000000076f000000)
  to   space 2560K, 0% used [0x000000076eb00000,0x000000076eb00000,0x000000076ed80000)
 ParOldGen       total 69632K, used 26553K [0x00000006c0000000, 0x00000006c4400000, 0x000000076ab00000)
  object space 69632K, 38% used [0x00000006c0000000,0x00000006c19ee670,0x00000006c4400000)
 Metaspace       used 6306K, capacity 7128K, committed 7424K, reserved 1056768K
  class space    used 621K, capacity 656K, committed 768K, reserved 1048576K
Event: 10.691 GC heap after
Heap after GC invocations=6 (full 1):
 PSYoungGen      total 68096K, used 2560K [0x000000076ab00000, 0x0000000775b00000, 0x00000007c0000000)
  eden space 65536K, 0% used [0x000000076ab00000,0x000000076ab00000,0x000000076eb00000)
  from space 2560K, 100% used [0x000000076eb00000,0x000000076ed80000,0x000000076ed80000)
  to   space 32768K, 0% used [0x0000000773b00000,0x0000000773b00000,0x0000000775b00000)
 ParOldGen       total 69632K, used 50313K [0x00000006c0000000, 0x00000006c4400000, 0x000000076ab00000)
  object space 69632K, 72% used [0x00000006c0000000,0x00000006c31225b8,0x00000006c4400000)
 Metaspace       used 6306K, capacity 7128K, committed 7424K, reserved 1056768K
  class space    used 621K, capacity 656K, committed 768K, reserved 1048576K
}
Event: 10.692 GC heap before
{Heap before GC invocations=7 (full 2):
 PSYoungGen      total 68096K, used 2560K [0x000000076ab00000, 0x0000000775b00000, 0x00000007c0000000)
  eden space 65536K, 0% used [0x000000076ab00000,0x000000076ab00000,0x000000076eb00000)
  from space 2560K, 100% used [0x000000076eb00000,0x000000076ed80000,0x000000076ed80000)
  to   space 32768K, 0% used [0x0000000773b00000,0x0000000773b00000,0x0000000775b00000)
 ParOldGen       total 69632K, used 50313K [0x00000006c0000000, 0x00000006c4400000, 0x000000076ab00000)
  object space 69632K, 72% used [0x00000006c0000000,0x00000006c31225b8,0x00000006c4400000)
 Metaspace       used 6306K, capacity 7128K, committed 7424K, reserved 1056768K
  class space    used 621K, capacity 656K, committed 768K, reserved 1048576K
Event: 10.918 GC heap after
Heap after GC invocations=7 (full 2):
 PSYoungGen      total 68096K, used 0K [0x000000076ab00000, 0x0000000775b00000, 0x00000007c0000000)
  eden space 65536K, 0% used [0x000000076ab00000,0x000000076ab00000,0x000000076eb00000)
  from space 2560K, 0% used [0x000000076eb00000,0x000000076eb00000,0x000000076ed80000)
  to   space 32768K, 0% used [0x0000000773b00000,0x0000000773b00000,0x0000000775b00000)
 ParOldGen       total 116736K, used 51440K [0x00000006c0000000, 0x00000006c7200000, 0x000000076ab00000)
  object space 116736K, 44% used [0x00000006c0000000,0x00000006c323c058,0x00000006c7200000)
 Metaspace       used 6306K, capacity 7128K, committed 7424K, reserved 1056768K
  class space    used 621K, capacity 656K, committed 768K, reserved 1048576K
}

Deoptimization events (10 events):
Event: 4.278 Thread 0x000000001db49000 Uncommon trap: reason=unstable_if action=reinterpret pc=0x0000000002dbb50c method=java.util.HashMap.putVal(ILjava/lang/Object;Ljava/lang/Object;ZZ)Ljava/lang/Object; @ 94
Event: 4.470 Thread 0x000000001db49000 Uncommon trap: reason=unstable_if action=reinterpret pc=0x0000000002d84b5c method=com.android.dx.ssa.SsaMethod.updateOneDefinition(Lcom/android/dx/ssa/SsaInsn;Lcom/android/dx/rop/code/RegisterSpec;)V @ 4
Event: 4.503 Thread 0x000000001db47800 Uncommon trap: reason=unstable_if action=reinterpret pc=0x0000000002dfa760 method=com.android.dx.ssa.SCCP.simulateStmt(Lcom/android/dx/ssa/SsaInsn;)V @ 418
Event: 4.543 Thread 0x000000001db47800 Uncommon trap: reason=unstable_if action=reinterpret pc=0x0000000002e860fc method=com.android.dx.cf.code.BytecodeArray.parseInstruction(ILcom/android/dx/cf/code/BytecodeArray$Visitor;)I @ 1198
Event: 4.566 Thread 0x000000001db47800 Uncommon trap: reason=bimorphic action=maybe_recompile pc=0x0000000002d920f8 method=com.android.dx.ssa.SCCP.simulatePhi(Lcom/android/dx/ssa/PhiInsn;)V @ 124
Event: 4.566 Thread 0x000000001db47800 Uncommon trap: reason=bimorphic action=maybe_recompile pc=0x0000000002d920f8 method=com.android.dx.ssa.SCCP.simulatePhi(Lcom/android/dx/ssa/PhiInsn;)V @ 124
Event: 4.573 Thread 0x000000001db47800 Uncommon trap: reason=bimorphic action=maybe_recompile pc=0x0000000002d920f8 method=com.android.dx.ssa.SCCP.simulatePhi(Lcom/android/dx/ssa/PhiInsn;)V @ 124
Event: 5.432 Thread 0x000000001db46800 Uncommon trap: reason=unstable_if action=reinterpret pc=0x0000000002f69dd0 method=com.android.dx.util.BitIntSet.has(I)Z @ 8
Event: 5.432 Thread 0x000000001db46800 Uncommon trap: reason=unstable_if action=reinterpret pc=0x0000000002dc2d60 method=com.android.dx.util.BitIntSet.has(I)Z @ 8
Event: 10.614 Thread 0x00000000026ad800 Uncommon trap: reason=unstable_if action=reinterpret pc=0x0000000002d89174 method=com.android.dx.ssa.SetFactory.makeLivenessSet(I)Lcom/android/dx/util/IntSet; @ 4

Internal exceptions (3 events):
Event: 0.052 Thread 0x00000000026ad800 Exception <a 'java/lang/NoSuchMethodError': Method sun.misc.Unsafe.defineClass(Ljava/lang/String;[BII)Ljava/lang/Class; name or signature does not match> (0x000000076ab07c78) thrown at [C:\re\workspace\8-2-build-windows-amd64-cygwin\jdk8u112\7884\hotspot\
Event: 0.052 Thread 0x00000000026ad800 Exception <a 'java/lang/NoSuchMethodError': Method sun.misc.Unsafe.prefetchRead(Ljava/lang/Object;J)V name or signature does not match> (0x000000076ab07f60) thrown at [C:\re\workspace\8-2-build-windows-amd64-cygwin\jdk8u112\7884\hotspot\src\share\vm\prims
Event: 2.824 Thread 0x00000000026ad800 Implicit null exception at 0x0000000002cb0d62 to 0x0000000002cb0e62

Events (10 events):
Event: 10.459 loading class com/android/dx/rop/code/RegisterSpec$1 done
Event: 10.614 Thread 0x00000000026ad800 Uncommon trap: trap_request=0xffffff65 fr.pc=0x0000000002d89174
Event: 10.614 Thread 0x00000000026ad800 DEOPT PACKING pc=0x0000000002d89174 sp=0x000000000289e1e0
Event: 10.614 Thread 0x00000000026ad800 DEOPT UNPACKING pc=0x00000000029e582a sp=0x000000000289e0e8 mode 2
Event: 10.658 Executing VM operation: ParallelGCFailedAllocation
Event: 10.918 Executing VM operation: ParallelGCFailedAllocation done
Event: 11.071 Thread 0x00000000026ad800 DEOPT PACKING pc=0x0000000002c5dbed sp=0x000000000289e2f0
Event: 11.071 Thread 0x00000000026ad800 DEOPT UNPACKING pc=0x00000000029e787f sp=0x000000000289e090 mode 0
Event: 11.079 Thread 0x00000000026ad800 DEOPT PACKING pc=0x0000000002ba5681 sp=0x000000000289e2b0
Event: 11.079 Thread 0x00000000026ad800 DEOPT UNPACKING pc=0x00000000029e787f sp=0x000000000289dfe0 mode 0


Dynamic libraries:
0x00007ff7a48a0000 - 0x00007ff7a48d7000 	C:\Program Files\Java\jdk1.8.0_112\bin\java.exe
0x00007ff9e3150000 - 0x00007ff9e3321000 	C:\WINDOWS\SYSTEM32\ntdll.dll
0x00007ff9e30a0000 - 0x00007ff9e314b000 	C:\WINDOWS\System32\KERNEL32.DLL
0x00007ff9df640000 - 0x00007ff9df85d000 	C:\WINDOWS\System32\KERNELBASE.dll
0x00007ff9e2aa0000 - 0x00007ff9e2b42000 	C:\WINDOWS\System32\ADVAPI32.dll
0x00007ff9e0bf0000 - 0x00007ff9e0c8e000 	C:\WINDOWS\System32\msvcrt.dll
0x00007ff9e2b50000 - 0x00007ff9e2ba9000 	C:\WINDOWS\System32\sechost.dll
0x00007ff9e25a0000 - 0x00007ff9e26c1000 	C:\WINDOWS\System32\RPCRT4.dll
0x00007ff9e0750000 - 0x00007ff9e08b5000 	C:\WINDOWS\System32\USER32.dll
0x00007ff9e0670000 - 0x00007ff9e068e000 	C:\WINDOWS\System32\win32u.dll
0x00007ff9e2820000 - 0x00007ff9e2854000 	C:\WINDOWS\System32\GDI32.dll
0x00007ff9e04e0000 - 0x00007ff9e0662000 	C:\WINDOWS\System32\gdi32full.dll
0x00007ff9d96a0000 - 0x00007ff9d9919000 	C:\WINDOWS\WinSxS\amd64_microsoft.windows.common-controls_6595b64144ccf1df_6.0.14393.447_none_42191651c6827bb3\COMCTL32.dll
0x00007ff9e08c0000 - 0x00007ff9e0b88000 	C:\WINDOWS\System32\combase.dll
0x00007ff9df860000 - 0x00007ff9df955000 	C:\WINDOWS\System32\ucrtbase.dll
0x00007ff9e0470000 - 0x00007ff9e04da000 	C:\WINDOWS\System32\bcryptPrimitives.dll
0x00007ff9e26e0000 - 0x00007ff9e270e000 	C:\WINDOWS\System32\IMM32.DLL
0x00000000508b0000 - 0x0000000050982000 	C:\Program Files\Java\jdk1.8.0_112\jre\bin\msvcr100.dll
0x00000000758f0000 - 0x000000007618a000 	C:\Program Files\Java\jdk1.8.0_112\jre\bin\server\jvm.dll
0x00007ff9e2880000 - 0x00007ff9e2888000 	C:\WINDOWS\System32\PSAPI.DLL
0x00007ff9dd8a0000 - 0x00007ff9dd8c3000 	C:\WINDOWS\SYSTEM32\WINMM.dll
0x00007ff9d7390000 - 0x00007ff9d739a000 	C:\WINDOWS\SYSTEM32\VERSION.dll
0x00007ff9cfd20000 - 0x00007ff9cfd29000 	C:\WINDOWS\SYSTEM32\WSOCK32.dll
0x00007ff9e2710000 - 0x00007ff9e277a000 	C:\WINDOWS\System32\WS2_32.dll
0x0000000000aa0000 - 0x0000000000acb000 	C:\WINDOWS\SYSTEM32\WINMMBASE.dll
0x00007ff9e0690000 - 0x00007ff9e06d2000 	C:\WINDOWS\System32\cfgmgr32.dll
0x00000000508a0000 - 0x00000000508af000 	C:\Program Files\Java\jdk1.8.0_112\jre\bin\verify.dll
0x0000000050870000 - 0x0000000050899000 	C:\Program Files\Java\jdk1.8.0_112\jre\bin\java.dll
0x0000000050850000 - 0x0000000050866000 	C:\Program Files\Java\jdk1.8.0_112\jre\bin\zip.dll
0x00007ff9e1090000 - 0x00007ff9e2599000 	C:\WINDOWS\System32\SHELL32.dll
0x00007ff9dfd90000 - 0x00007ff9e046a000 	C:\WINDOWS\System32\windows.storage.dll
0x00007ff9df5d0000 - 0x00007ff9df61c000 	C:\WINDOWS\System32\powrprof.dll
0x00007ff9e06f0000 - 0x00007ff9e0742000 	C:\WINDOWS\System32\shlwapi.dll
0x00007ff9df630000 - 0x00007ff9df63f000 	C:\WINDOWS\System32\kernel.appcore.dll
0x00007ff9df960000 - 0x00007ff9dfa09000 	C:\WINDOWS\System32\shcore.dll
0x00007ff9df5b0000 - 0x00007ff9df5c4000 	C:\WINDOWS\System32\profapi.dll

VM Arguments:
jvm_args: -Djava.awt.headless=true -Xmx4g -Dfile.encoding=windows-1252 -Duser.country=IN -Duser.language=en -Duser.variant 
java_command: com.android.dx.command.Main --dex --verbose --force-jumbo --num-threads=4 --multi-dex --output C:\Users\Pooja\Dropbox\MobiPlace\app\build\intermediates\transforms\dex\debug\folders\1000\10\com.google.android.gms-play-services-ads-8.4.0_bcd9bfa358bbe9cc2870ae48facc93119ea491bf C:\Users\Pooja\Dropbox\MobiPlace\app\build\intermediates\exploded-aar\com.google.android.gms\play-services-ads\8.4.0\jars\classes.jar
java_class_path (initial): C:\Users\Pooja\AppData\Local\Android\sdk\build-tools\23.0.1\lib\dx.jar
Launcher Type: SUN_STANDARD

Environment Variables:
JAVA_HOME=C:\Program Files\Java\jdk1.8.0_112
PATH=C:\ProgramData\Oracle\Java\javapath;G:\app\pooja22\product\12.1.0\dbhome_1\bin;C:\Program Files (x86)\NVIDIA Corporation\PhysX\Common;C:\Program Files (x86)\Intel\iCLS Client\;C:\Program Files\Intel\iCLS Client\;C:\WINDOWS\system32;C:\WINDOWS;C:\WINDOWS\System32\Wbem;C:\WINDOWS\System32\WindowsPowerShell\v1.0\;C:\Program Files\Hewlett-Packard\SimplePass\;C:\Program Files\Intel\Intel(R) Management Engine Components\DAL;C:\Program Files (x86)\Intel\Intel(R) Management Engine Components\DAL;C:\Program Files\Intel\Intel(R) Management Engine Components\IPT;C:\Program Files (x86)\Intel\Intel(R) Management Engine Components\IPT;C:\Program Files (x86)\MySQL\MySQL Server 5.0\bin;C:\Program Files (x86)\Microsoft SQL Server\110\Tools\Binn\ManagementStudio\;C:\Program Files (x86)\Microsoft SQL Server\110\Tools\Binn\;C:\Program Files\Microsoft SQL Server\110\Tools\Binn\;C:\Program Files (x86)\Microsoft SQL Server\110\DTS\Binn\;C:\Program Files (x86)\Common Files\lenovo\easyplussdk\bin;C:\Program Files (x86)\Microsoft SDKs\TypeScript\1.0\;C:\Program Files\Microsoft SQL Server\120\Tools\Binn\;C:\Users\Pooja\AppData\Local\Android\sdk\platform-tools;C:\Users\Pooja\AppData\Local\Android\sdk\tools;C:\Users\Pooja\AppData\Local\Android\sdk\build-tools\23.0.1;C:\Users\Pooja\AppData\Local\Android\sdk\build-tools\22.0.1;C:\Users\Pooja\AppData\Local\Android\sdk\build-tools\23.0.3;;C:\Program Files (x86)\Microsoft VS Code\bin;C:\Users\Pooja\AppData\Local\Microsoft\WindowsApps
USERNAME=Pooja
OS=Windows_NT
PROCESSOR_IDENTIFIER=Intel64 Family 6 Model 61 Stepping 4, GenuineIntel



---------------  S Y S T E M  ---------------

OS: Windows 10.0 , 64 bit Build 14393 (10.0.14393.0)

CPU:total 4 (2 cores per cpu, 2 threads per core) family 6 model 61 stepping 4, cmov, cx8, fxsr, mmx, sse, sse2, sse3, ssse3, sse4.1, sse4.2, popcnt, avx, avx2, aes, clmul, erms, 3dnowpref, lzcnt, ht, tsc, tscinvbit, bmi1, bmi2, adx

Memory: 4k page, physical 4107664k(520632k free), swap 9350544k(4332k free)

vm_info: Java HotSpot(TM) 64-Bit Server VM (25.112-b15) for windows-amd64 JRE (1.8.0_112-b15), built on Sep 22 2016 21:31:56 by "java_re" with MS VC++ 10.0 (VS2010)

time: Sun Mar 05 22:48:54 2017
elapsed time: 11 seconds (0d 0h 0m 11s)

