#
# There is insufficient memory for the Java Runtime Environment to continue.
# Native memory allocation (malloc) failed to allocate 227536 bytes for Chunk::new
# Possible reasons:
#   The system is out of physical RAM or swap space
#   In 32 bit mode, the process size limit was hit
# Possible solutions:
#   Reduce memory load on the system
#   Increase physical memory or swap space
#   Check if swap backing store is full
#   Use 64 bit Java on a 64 bit OS
#   Decrease Java heap size (-Xmx/-Xms)
#   Decrease number of Java threads
#   Decrease Java thread stack sizes (-Xss)
#   Set larger code cache with -XX:ReservedCodeCacheSize=
# This output file may be truncated or incomplete.
#
#  Out of Memory Error (allocation.cpp:390), pid=3892, tid=0x0000000000004ce0
#
# JRE version: Java(TM) SE Runtime Environment (8.0_112-b15) (build 1.8.0_112-b15)
# Java VM: Java HotSpot(TM) 64-Bit Server VM (25.112-b15 mixed mode windows-amd64 compressed oops)
# Failed to write core dump. Minidumps are not enabled by default on client versions of Windows
#

---------------  T H R E A D  ---------------

Current thread (0x000000001bcdd800):  JavaThread "C2 CompilerThread0" daemon [_thread_in_native, id=19680, stack(0x000000001d320000,0x000000001d420000)]

Stack: [0x000000001d320000,0x000000001d420000]
[error occurred during error reporting (printing stack bounds), id 0xc0000005]

Native frames: (J=compiled Java code, j=interpreted, Vv=VM code, C=native code)


Current CompileTask:
C2:   6086 1205 %     4       com.android.dx.ssa.SsaMethod::computeReachability @ 8 (131 bytes)


---------------  P R O C E S S  ---------------

Java Threads: ( => current thread )
  0x000000001d78e000 JavaThread "pool-2-thread-4" [_thread_blocked, id=2284, stack(0x000000001e020000,0x000000001e120000)]
  0x000000001d78d800 JavaThread "pool-2-thread-3" [_thread_blocked, id=18436, stack(0x000000001df20000,0x000000001e020000)]
  0x000000001d788800 JavaThread "pool-2-thread-2" [_thread_blocked, id=15660, stack(0x000000001de20000,0x000000001df20000)]
  0x000000001d786000 JavaThread "pool-3-thread-1" [_thread_blocked, id=7340, stack(0x000000001dd20000,0x000000001de20000)]
  0x000000001d77d000 JavaThread "pool-2-thread-1" [_thread_blocked, id=11096, stack(0x000000001dc20000,0x000000001dd20000)]
  0x000000001d526000 JavaThread "Service Thread" daemon [_thread_blocked, id=2836, stack(0x000000001da20000,0x000000001db20000)]
  0x000000001d520800 JavaThread "C1 CompilerThread2" daemon [_thread_blocked, id=15740, stack(0x000000001d920000,0x000000001da20000)]
  0x000000001bce0800 JavaThread "C2 CompilerThread1" daemon [_thread_blocked, id=17964, stack(0x000000001d420000,0x000000001d520000)]
=>0x000000001bcdd800 JavaThread "C2 CompilerThread0" daemon [_thread_in_native, id=19680, stack(0x000000001d320000,0x000000001d420000)]
  0x000000001bcdc000 JavaThread "Attach Listener" daemon [_thread_blocked, id=13488, stack(0x000000001d220000,0x000000001d320000)]
  0x000000001bcda800 JavaThread "Signal Dispatcher" daemon [_thread_blocked, id=14784, stack(0x000000001d120000,0x000000001d220000)]
  0x000000001bcca800 JavaThread "Finalizer" daemon [_thread_blocked, id=17844, stack(0x000000001cf30000,0x000000001d030000)]
  0x0000000002600000 JavaThread "Reference Handler" daemon [_thread_blocked, id=17740, stack(0x000000001ce30000,0x000000001cf30000)]
  0x000000000250d800 JavaThread "main" [_thread_blocked, id=13872, stack(0x0000000002380000,0x0000000002480000)]

Other Threads:
  0x000000001bca7800 VMThread [stack: 0x000000001cd30000,0x000000001ce30000] [id=16908]
  0x000000001d53a800 WatcherThread [stack: 0x000000001db20000,0x000000001dc20000] [id=22208]

VM state:at safepoint (normal execution)

VM Mutex/Monitor currently owned by a thread:  ([mutex/lock_event])
[0x000000000250cfe0] Threads_lock - owner thread: 0x000000001bca7800
[0x000000000250c660] Heap_lock - owner thread: 0x000000001d77d000

Heap:
 PSYoungGen      total 18944K, used 18928K [0x000000076ab00000, 0x000000076d000000, 0x00000007c0000000)
  eden space 16384K, 100% used [0x000000076ab00000,0x000000076bb00000,0x000000076bb00000)
  from space 2560K, 99% used [0x000000076bb00000,0x000000076bd7c020,0x000000076bd80000)
  to   space 2560K, 98% used [0x000000076cd80000,0x000000076cff8010,0x000000076d000000)
 ParOldGen       total 44032K, used 8570K [0x00000006c0000000, 0x00000006c2b00000, 0x000000076ab00000)
  object space 44032K, 19% used [0x00000006c0000000,0x00000006c0860800,0x00000006c2b00000)
 Metaspace       used 6141K, capacity 7000K, committed 7168K, reserved 1056768K
  class space    used 617K, capacity 656K, committed 768K, reserved 1048576K

Card table byte_map: [0x00000000119d0000,0x00000000121e0000] byte_map_base: 0x000000000e3d0000

Marking Bits: (ParMarkBitMap*) 0x000000007610a6d0
 Begin Bits: [0x0000000012b40000, 0x0000000016b40000)
 End Bits:   [0x0000000016b40000, 0x000000001ab40000)

Polling page: 0x0000000000b90000

CodeCache: size=245760Kb used=5080Kb max_used=5092Kb free=240679Kb
 bounds [0x0000000002610000, 0x0000000002b10000, 0x0000000011610000]
 total_blobs=1468 nmethods=1198 adapters=182
 compilation: disabled (not enough contiguous free space left)

Compilation events (10 events):
Event: 5.894 Thread 0x000000001bcdd800 1205 %     4       com.android.dx.ssa.SsaMethod::computeReachability @ 8 (131 bytes)
Event: 5.894 Thread 0x000000001d520800 nmethod 1204 0x0000000002b07590 code [0x0000000002b07700, 0x0000000002b07b28]
Event: 5.895 Thread 0x000000001bce0800 1206       4       com.android.dx.ssa.SetFactory::makeInterferenceSet (26 bytes)
Event: 5.897 Thread 0x000000001bce0800 nmethod 1206 0x0000000002b09050 code [0x0000000002b091a0, 0x0000000002b09338]
Event: 5.897 Thread 0x000000001bce0800 1207       4       com.android.dx.ssa.back.LivenessAnalyzer::<init> (55 bytes)
Event: 5.898 Thread 0x000000001d520800 1210       3       com.android.dx.ssa.back.SsaToRop::removePhiFunctions (83 bytes)
Event: 5.899 Thread 0x000000001d520800 nmethod 1210 0x0000000002b0ad10 code [0x0000000002b0afe0, 0x0000000002b0c328]
Event: 5.899 Thread 0x000000001d520800 1211       3       com.android.dx.ssa.SsaBasicBlock::addMoveToEnd (172 bytes)
Event: 5.901 Thread 0x000000001d520800 

Event: 5.902 Thread 0x000000001bce0800 


GC Heap History (4 events):
Event: 5.226 GC heap before
{Heap before GC invocations=1 (full 0):
 PSYoungGen      total 18944K, used 16384K [0x000000076ab00000, 0x000000076c000000, 0x00000007c0000000)
  eden space 16384K, 100% used [0x000000076ab00000,0x000000076bb00000,0x000000076bb00000)
  from space 2560K, 0% used [0x000000076bd80000,0x000000076bd80000,0x000000076c000000)
  to   space 2560K, 0% used [0x000000076bb00000,0x000000076bb00000,0x000000076bd80000)
 ParOldGen       total 44032K, used 0K [0x00000006c0000000, 0x00000006c2b00000, 0x000000076ab00000)
  object space 44032K, 0% used [0x00000006c0000000,0x00000006c0000000,0x00000006c2b00000)
 Metaspace       used 5876K, capacity 6744K, committed 6912K, reserved 1056768K
  class space    used 616K, capacity 656K, committed 768K, reserved 1048576K
Event: 5.259 GC heap after
Heap after GC invocations=1 (full 0):
 PSYoungGen      total 18944K, used 2551K [0x000000076ab00000, 0x000000076c000000, 0x00000007c0000000)
  eden space 16384K, 0% used [0x000000076ab00000,0x000000076ab00000,0x000000076bb00000)
  from space 2560K, 99% used [0x000000076bb00000,0x000000076bd7dc60,0x000000076bd80000)
  to   space 2560K, 0% used [0x000000076bd80000,0x000000076bd80000,0x000000076c000000)
 ParOldGen       total 44032K, used 1953K [0x00000006c0000000, 0x00000006c2b00000, 0x000000076ab00000)
  object space 44032K, 4% used [0x00000006c0000000,0x00000006c01e85f0,0x00000006c2b00000)
 Metaspace       used 5876K, capacity 6744K, committed 6912K, reserved 1056768K
  class space    used 616K, capacity 656K, committed 768K, reserved 1048576K
}
Event: 5.649 GC heap before
{Heap before GC invocations=2 (full 0):
 PSYoungGen      total 18944K, used 18935K [0x000000076ab00000, 0x000000076c000000, 0x00000007c0000000)
  eden space 16384K, 100% used [0x000000076ab00000,0x000000076bb00000,0x000000076bb00000)
  from space 2560K, 99% used [0x000000076bb00000,0x000000076bd7dc60,0x000000076bd80000)
  to   space 2560K, 0% used [0x000000076bd80000,0x000000076bd80000,0x000000076c000000)
 ParOldGen       total 44032K, used 1953K [0x00000006c0000000, 0x00000006c2b00000, 0x000000076ab00000)
  object space 44032K, 4% used [0x00000006c0000000,0x00000006c01e85f0,0x00000006c2b00000)
 Metaspace       used 6089K, capacity 6936K, committed 7168K, reserved 1056768K
  class space    used 616K, capacity 656K, committed 768K, reserved 1048576K
Event: 5.697 GC heap after
Heap after GC invocations=2 (full 0):
 PSYoungGen      total 18944K, used 2528K [0x000000076ab00000, 0x000000076d000000, 0x00000007c0000000)
  eden space 16384K, 0% used [0x000000076ab00000,0x000000076ab00000,0x000000076bb00000)
  from space 2560K, 98% used [0x000000076bd80000,0x000000076bff8030,0x000000076c000000)
  to   space 2560K, 0% used [0x000000076bb00000,0x000000076bb00000,0x000000076bd80000)
 ParOldGen       total 44032K, used 4157K [0x00000006c0000000, 0x00000006c2b00000, 0x000000076ab00000)
  object space 44032K, 9% used [0x00000006c0000000,0x00000006c040f758,0x00000006c2b00000)
 Metaspace       used 6089K, capacity 6936K, committed 7168K, reserved 1056768K
  class space    used 616K, capacity 656K, committed 768K, reserved 1048576K
}

Deoptimization events (3 events):
Event: 5.013 Thread 0x000000001d78e000 Uncommon trap: reason=unstable_if action=reinterpret pc=0x0000000002801428 method=java.util.HashMap.getNode(ILjava/lang/Object;)Ljava/util/HashMap$Node; @ 62
Event: 5.211 Thread 0x000000000250d800 Uncommon trap: reason=null_check action=make_not_entrant pc=0x00000000028e2730 method=com.android.dx.rop.type.Type.equals(Ljava/lang/Object;)Z @ 8
Event: 5.743 Thread 0x000000001d788800 Uncommon trap: reason=unstable_if action=reinterpret pc=0x0000000002ab5bb8 method=com.android.dx.cf.code.BytecodeArray.parseInstruction(ILcom/android/dx/cf/code/BytecodeArray$Visitor;)I @ 1198

Internal exceptions (3 events):
Event: 0.105 Thread 0x000000000250d800 Exception <a 'java/lang/NoSuchMethodError': Method sun.misc.Unsafe.defineClass(Ljava/lang/String;[BII)Ljava/lang/Class; name or signature does not match> (0x000000076ab07c78) thrown at [C:\re\workspace\8-2-build-windows-amd64-cygwin\jdk8u112\7884\hotspot\
Event: 0.105 Thread 0x000000000250d800 Exception <a 'java/lang/NoSuchMethodError': Method sun.misc.Unsafe.prefetchRead(Ljava/lang/Object;J)V name or signature does not match> (0x000000076ab07f60) thrown at [C:\re\workspace\8-2-build-windows-amd64-cygwin\jdk8u112\7884\hotspot\src\share\vm\prims
Event: 5.211 Thread 0x000000000250d800 Implicit null exception at 0x00000000028e2622 to 0x00000000028e2722

Events (10 events):
Event: 5.259 Executing VM operation: ParallelGCFailedAllocation done
Event: 5.616 Executing VM operation: ForceSafepoint
Event: 5.648 Executing VM operation: ForceSafepoint done
Event: 5.648 Thread 0x000000001d520800 flushing nmethod 0x000000000271a310
Event: 5.648 Thread 0x000000001d520800 flushing nmethod 0x000000000271be50
Event: 5.648 Executing VM operation: ParallelGCFailedAllocation
Event: 5.697 Executing VM operation: ParallelGCFailedAllocation done
Event: 5.743 Thread 0x000000001d788800 Uncommon trap: trap_request=0xffffff65 fr.pc=0x0000000002ab5bb8
Event: 5.743 Thread 0x000000001d788800 DEOPT PACKING pc=0x0000000002ab5bb8 sp=0x000000001df1ec60
Event: 5.743 Thread 0x000000001d788800 DEOPT UNPACKING pc=0x000000000265582a sp=0x000000001df1ec10 mode 2


Dynamic libraries:
0x00007ff7a48a0000 - 0x00007ff7a48d7000 	C:\Program Files\Java\jdk1.8.0_112\bin\java.exe
0x00007ff9e3150000 - 0x00007ff9e3321000 	C:\WINDOWS\SYSTEM32\ntdll.dll
0x00007ff9e30a0000 - 0x00007ff9e314b000 	C:\WINDOWS\System32\KERNEL32.DLL
0x00007ff9df640000 - 0x00007ff9df85d000 	C:\WINDOWS\System32\KERNELBASE.dll
0x00007ff9e2aa0000 - 0x00007ff9e2b42000 	C:\WINDOWS\System32\ADVAPI32.dll
0x00007ff9e0bf0000 - 0x00007ff9e0c8e000 	C:\WINDOWS\System32\msvcrt.dll
0x00007ff9e2b50000 - 0x00007ff9e2ba9000 	C:\WINDOWS\System32\sechost.dll
0x00007ff9e25a0000 - 0x00007ff9e26c1000 	C:\WINDOWS\System32\RPCRT4.dll
0x00007ff9e0750000 - 0x00007ff9e08b5000 	C:\WINDOWS\System32\USER32.dll
0x00007ff9e0670000 - 0x00007ff9e068e000 	C:\WINDOWS\System32\win32u.dll
0x00007ff9e2820000 - 0x00007ff9e2854000 	C:\WINDOWS\System32\GDI32.dll
0x00007ff9e04e0000 - 0x00007ff9e0662000 	C:\WINDOWS\System32\gdi32full.dll
0x00007ff9d96a0000 - 0x00007ff9d9919000 	C:\WINDOWS\WinSxS\amd64_microsoft.windows.common-controls_6595b64144ccf1df_6.0.14393.447_none_42191651c6827bb3\COMCTL32.dll
0x00007ff9e08c0000 - 0x00007ff9e0b88000 	C:\WINDOWS\System32\combase.dll
0x00007ff9df860000 - 0x00007ff9df955000 	C:\WINDOWS\System32\ucrtbase.dll
0x00007ff9e0470000 - 0x00007ff9e04da000 	C:\WINDOWS\System32\bcryptPrimitives.dll
0x00007ff9e26e0000 - 0x00007ff9e270e000 	C:\WINDOWS\System32\IMM32.DLL
0x00000000508b0000 - 0x0000000050982000 	C:\Program Files\Java\jdk1.8.0_112\jre\bin\msvcr100.dll
0x00000000758f0000 - 0x000000007618a000 	C:\Program Files\Java\jdk1.8.0_112\jre\bin\server\jvm.dll
0x00007ff9e2880000 - 0x00007ff9e2888000 	C:\WINDOWS\System32\PSAPI.DLL
0x00007ff9cfd20000 - 0x00007ff9cfd29000 	C:\WINDOWS\SYSTEM32\WSOCK32.dll
0x00007ff9dd8a0000 - 0x00007ff9dd8c3000 	C:\WINDOWS\SYSTEM32\WINMM.dll
0x00007ff9e2710000 - 0x00007ff9e277a000 	C:\WINDOWS\System32\WS2_32.dll
0x00007ff9d7390000 - 0x00007ff9d739a000 	C:\WINDOWS\SYSTEM32\VERSION.dll
0x00007ff9dd870000 - 0x00007ff9dd89b000 	C:\WINDOWS\SYSTEM32\WINMMBASE.dll
0x00007ff9e0690000 - 0x00007ff9e06d2000 	C:\WINDOWS\System32\cfgmgr32.dll
0x00000000508a0000 - 0x00000000508af000 	C:\Program Files\Java\jdk1.8.0_112\jre\bin\verify.dll
0x0000000050870000 - 0x0000000050899000 	C:\Program Files\Java\jdk1.8.0_112\jre\bin\java.dll
0x0000000050850000 - 0x0000000050866000 	C:\Program Files\Java\jdk1.8.0_112\jre\bin\zip.dll
0x00007ff9e1090000 - 0x00007ff9e2599000 	C:\WINDOWS\System32\SHELL32.dll
0x00007ff9dfd90000 - 0x00007ff9e046a000 	C:\WINDOWS\System32\windows.storage.dll
0x00007ff9df5d0000 - 0x00007ff9df61c000 	C:\WINDOWS\System32\powrprof.dll
0x00007ff9e06f0000 - 0x00007ff9e0742000 	C:\WINDOWS\System32\shlwapi.dll
0x00007ff9df630000 - 0x00007ff9df63f000 	C:\WINDOWS\System32\kernel.appcore.dll
0x00007ff9df960000 - 0x00007ff9dfa09000 	C:\WINDOWS\System32\shcore.dll
0x00007ff9df5b0000 - 0x00007ff9df5c4000 	C:\WINDOWS\System32\profapi.dll

VM Arguments:
jvm_args: -Djava.awt.headless=true -Xmx4g -Dfile.encoding=windows-1252 -Duser.country=IN -Duser.language=en -Duser.variant 
java_command: com.android.dx.command.Main --dex --verbose --force-jumbo --num-threads=4 --multi-dex --output C:\Users\Pooja\Dropbox\MobiPlace\app\build\intermediates\transforms\dex\debug\folders\1000\10\com.google.android.gms-play-services-basement-8.4.0_ede0a9f98cfe05a69376b718fda730fa9164f765 C:\Users\Pooja\Dropbox\MobiPlace\app\build\intermediates\exploded-aar\com.google.android.gms\play-services-basement\8.4.0\jars\classes.jar
java_class_path (initial): C:\Users\Pooja\AppData\Local\Android\sdk\build-tools\23.0.1\lib\dx.jar
Launcher Type: SUN_STANDARD

Environment Variables:
JAVA_HOME=C:\Program Files\Java\jdk1.8.0_112
PATH=C:\ProgramData\Oracle\Java\javapath;G:\app\pooja22\product\12.1.0\dbhome_1\bin;C:\Program Files (x86)\NVIDIA Corporation\PhysX\Common;C:\Program Files (x86)\Intel\iCLS Client\;C:\Program Files\Intel\iCLS Client\;C:\WINDOWS\system32;C:\WINDOWS;C:\WINDOWS\System32\Wbem;C:\WINDOWS\System32\WindowsPowerShell\v1.0\;C:\Program Files\Hewlett-Packard\SimplePass\;C:\Program Files\Intel\Intel(R) Management Engine Components\DAL;C:\Program Files (x86)\Intel\Intel(R) Management Engine Components\DAL;C:\Program Files\Intel\Intel(R) Management Engine Components\IPT;C:\Program Files (x86)\Intel\Intel(R) Management Engine Components\IPT;C:\Program Files (x86)\MySQL\MySQL Server 5.0\bin;C:\Program Files (x86)\Microsoft SQL Server\110\Tools\Binn\ManagementStudio\;C:\Program Files (x86)\Microsoft SQL Server\110\Tools\Binn\;C:\Program Files\Microsoft SQL Server\110\Tools\Binn\;C:\Program Files (x86)\Microsoft SQL Server\110\DTS\Binn\;C:\Program Files (x86)\Common Files\lenovo\easyplussdk\bin;C:\Program Files (x86)\Microsoft SDKs\TypeScript\1.0\;C:\Program Files\Microsoft SQL Server\120\Tools\Binn\;C:\Users\Pooja\AppData\Local\Android\sdk\platform-tools;C:\Users\Pooja\AppData\Local\Android\sdk\tools;C:\Users\Pooja\AppData\Local\Android\sdk\build-tools\23.0.1;C:\Users\Pooja\AppData\Local\Android\sdk\build-tools\22.0.1;C:\Users\Pooja\AppData\Local\Android\sdk\build-tools\23.0.3;;C:\Program Files (x86)\Microsoft VS Code\bin;C:\Users\Pooja\AppData\Local\Microsoft\WindowsApps
USERNAME=Pooja
OS=Windows_NT
PROCESSOR_IDENTIFIER=Intel64 Family 6 Model 61 Stepping 4, GenuineIntel



---------------  S Y S T E M  ---------------

OS: Windows 10.0 , 64 bit Build 14393 (10.0.14393.0)

CPU:total 4 (2 cores per cpu, 2 threads per core) family 6 model 61 stepping 4, cmov, cx8, fxsr, mmx, sse, sse2, sse3, ssse3, sse4.1, sse4.2, popcnt, avx, avx2, aes, clmul, erms, 3dnowpref, lzcnt, ht, tsc, tscinvbit, bmi1, bmi2, adx

Memory: 4k page, physical 4107664k(364148k free), swap 9350544k(3392k free)

vm_info: Java HotSpot(TM) 64-Bit Server VM (25.112-b15) for windows-amd64 JRE (1.8.0_112-b15), built on Sep 22 2016 21:31:56 by "java_re" with MS VC++ 10.0 (VS2010)

time: Mon Mar 06 00:00:47 2017
elapsed time: 6 seconds (0d 0h 0m 6s)

