#
# There is insufficient memory for the Java Runtime Environment to continue.
# Native memory allocation (malloc) failed to allocate 389296 bytes for Chunk::new
# Possible reasons:
#   The system is out of physical RAM or swap space
#   In 32 bit mode, the process size limit was hit
# Possible solutions:
#   Reduce memory load on the system
#   Increase physical memory or swap space
#   Check if swap backing store is full
#   Use 64 bit Java on a 64 bit OS
#   Decrease Java heap size (-Xmx/-Xms)
#   Decrease number of Java threads
#   Decrease Java thread stack sizes (-Xss)
#   Set larger code cache with -XX:ReservedCodeCacheSize=
# This output file may be truncated or incomplete.
#
#  Out of Memory Error (allocation.cpp:390), pid=17876, tid=0x00000000000038ac
#
# JRE version: Java(TM) SE Runtime Environment (8.0_112-b15) (build 1.8.0_112-b15)
# Java VM: Java HotSpot(TM) 64-Bit Server VM (25.112-b15 mixed mode windows-amd64 compressed oops)
# Failed to write core dump. Minidumps are not enabled by default on client versions of Windows
#

---------------  T H R E A D  ---------------

Current thread (0x000000001bdd2800):  JavaThread "C2 CompilerThread1" daemon [_thread_in_native, id=14508, stack(0x000000001d530000,0x000000001d630000)]

Stack: [0x000000001d530000,0x000000001d630000]
[error occurred during error reporting (printing stack bounds), id 0xc0000005]

Native frames: (J=compiled Java code, j=interpreted, Vv=VM code, C=native code)


Current CompileTask:
C2:   7053 1058       4       com.android.dx.ssa.SCCP::simulatePhi (169 bytes)


---------------  P R O C E S S  ---------------

Java Threads: ( => current thread )
  0x000000001d88c000 JavaThread "pool-1-thread-1" [_thread_new, id=10948, stack(0x0000000000000000,0x0000000000000000)]
  0x000000001d736000 JavaThread "Service Thread" daemon [_thread_blocked, id=2804, stack(0x000000001db30000,0x000000001dc30000)]
  0x000000001be2b800 JavaThread "C1 CompilerThread2" daemon [_thread_blocked, id=18392, stack(0x000000001d630000,0x000000001d730000)]
=>0x000000001bdd2800 JavaThread "C2 CompilerThread1" daemon [_thread_in_native, id=14508, stack(0x000000001d530000,0x000000001d630000)]
  0x000000001bdcd800 JavaThread "C2 CompilerThread0" daemon [_thread_blocked, id=8120, stack(0x000000001d430000,0x000000001d530000)]
  0x000000001bdcc000 JavaThread "Attach Listener" daemon [_thread_blocked, id=9316, stack(0x000000001d330000,0x000000001d430000)]
  0x000000001bdca000 JavaThread "Signal Dispatcher" daemon [_thread_blocked, id=828, stack(0x000000001d230000,0x000000001d330000)]
  0x000000001bdba800 JavaThread "Finalizer" daemon [_thread_blocked, id=1880, stack(0x000000001d040000,0x000000001d140000)]
  0x000000001bd99000 JavaThread "Reference Handler" daemon [_thread_blocked, id=12156, stack(0x000000001cf40000,0x000000001d040000)]
  0x00000000024cd800 JavaThread "main" [_thread_blocked, id=23116, stack(0x0000000002500000,0x0000000002600000)]

Other Threads:
  0x000000001bd97800 VMThread [stack: 0x000000001ce40000,0x000000001cf40000] [id=15504]
  0x000000001d74a000 WatcherThread [stack: 0x000000001dc30000,0x000000001dd30000] [id=11388]

VM state:not at safepoint (normal execution)

VM Mutex/Monitor currently owned by a thread: None

Heap:
 PSYoungGen      total 18944K, used 6887K [0x000000076ab00000, 0x000000076c000000, 0x00000007c0000000)
  eden space 16384K, 26% used [0x000000076ab00000,0x000000076af41e60,0x000000076bb00000)
  from space 2560K, 98% used [0x000000076bb00000,0x000000076bd78038,0x000000076bd80000)
  to   space 2560K, 0% used [0x000000076bd80000,0x000000076bd80000,0x000000076c000000)
 ParOldGen       total 44032K, used 1846K [0x00000006c0000000, 0x00000006c2b00000, 0x000000076ab00000)
  object space 44032K, 4% used [0x00000006c0000000,0x00000006c01cdae8,0x00000006c2b00000)
 Metaspace       used 5947K, capacity 6872K, committed 7168K, reserved 1056768K
  class space    used 617K, capacity 656K, committed 768K, reserved 1048576K

Card table byte_map: [0x0000000011ac0000,0x00000000122d0000] byte_map_base: 0x000000000e4c0000

Marking Bits: (ParMarkBitMap*) 0x000000007610a6d0
 Begin Bits: [0x0000000012c30000, 0x0000000016c30000)
 End Bits:   [0x0000000016c30000, 0x000000001ac30000)

Polling page: 0x0000000000c90000

CodeCache: size=245760Kb used=4246Kb max_used=4258Kb free=241513Kb
 bounds [0x0000000002700000, 0x0000000002b30000, 0x0000000011700000]
 total_blobs=1333 nmethods=1063 adapters=182
 compilation: enabled

Compilation events (10 events):
Event: 7.013 Thread 0x000000001be2b800 nmethod 1063 0x0000000002b221d0 code [0x0000000002b22640, 0x0000000002b24dd8]
Event: 7.013 Thread 0x000000001be2b800 1062  s    3       com.android.dx.dex.file.MethodIdsSection::intern (55 bytes)
Event: 7.014 Thread 0x000000001be2b800 nmethod 1062 0x0000000002b25f90 code [0x0000000002b261c0, 0x0000000002b26f08]
Event: 7.014 Thread 0x000000001be2b800 1064       1       java.util.concurrent.atomic.AtomicInteger::get (5 bytes)
Event: 7.014 Thread 0x000000001be2b800 nmethod 1064 0x0000000002b17f10 code [0x0000000002b18060, 0x0000000002b18170]
Event: 7.014 Thread 0x000000001be2b800 1065       1       java.util.concurrent.locks.AbstractQueuedSynchronizer::getState (5 bytes)
Event: 7.014 Thread 0x000000001be2b800 nmethod 1065 0x0000000002b1e290 code [0x0000000002b1e3e0, 0x0000000002b1e4f0]
Event: 7.016 Thread 0x000000001bdcd800 nmethod 1052 0x0000000002b2a8d0 code [0x0000000002b2aa60, 0x0000000002b2b108]
Event: 7.016 Thread 0x000000001bdcd800 1059       4       com.android.dx.dex.code.CodeAddress::<init> (7 bytes)
Event: 7.017 Thread 0x000000001bdcd800 nmethod 1059 0x0000000002b27950 code [0x0000000002b27aa0, 0x0000000002b27b58]

GC Heap History (2 events):
Event: 6.282 GC heap before
{Heap before GC invocations=1 (full 0):
 PSYoungGen      total 18944K, used 16384K [0x000000076ab00000, 0x000000076c000000, 0x00000007c0000000)
  eden space 16384K, 100% used [0x000000076ab00000,0x000000076bb00000,0x000000076bb00000)
  from space 2560K, 0% used [0x000000076bd80000,0x000000076bd80000,0x000000076c000000)
  to   space 2560K, 0% used [0x000000076bb00000,0x000000076bb00000,0x000000076bd80000)
 ParOldGen       total 44032K, used 0K [0x00000006c0000000, 0x00000006c2b00000, 0x000000076ab00000)
  object space 44032K, 0% used [0x00000006c0000000,0x00000006c0000000,0x00000006c2b00000)
 Metaspace       used 5890K, capacity 6808K, committed 7168K, reserved 1056768K
  class space    used 617K, capacity 656K, committed 768K, reserved 1048576K
Event: 6.754 GC heap after
Heap after GC invocations=1 (full 0):
 PSYoungGen      total 18944K, used 2528K [0x000000076ab00000, 0x000000076c000000, 0x00000007c0000000)
  eden space 16384K, 0% used [0x000000076ab00000,0x000000076ab00000,0x000000076bb00000)
  from space 2560K, 98% used [0x000000076bb00000,0x000000076bd78038,0x000000076bd80000)
  to   space 2560K, 0% used [0x000000076bd80000,0x000000076bd80000,0x000000076c000000)
 ParOldGen       total 44032K, used 1846K [0x00000006c0000000, 0x00000006c2b00000, 0x000000076ab00000)
  object space 44032K, 4% used [0x00000006c0000000,0x00000006c01cdae8,0x00000006c2b00000)
 Metaspace       used 5890K, capacity 6808K, committed 7168K, reserved 1056768K
  class space    used 617K, capacity 656K, committed 768K, reserved 1048576K
}

Deoptimization events (4 events):
Event: 5.356 Thread 0x000000001d884800 Uncommon trap: reason=unstable_if action=reinterpret pc=0x000000000295f2f8 method=java.util.BitSet.ensureCapacity(I)V @ 6
Event: 6.086 Thread 0x000000001d974000 Uncommon trap: reason=bimorphic action=maybe_recompile pc=0x0000000002962db0 method=java.util.HashMap.getNode(ILjava/lang/Object;)Ljava/util/HashMap$Node; @ 126
Event: 6.086 Thread 0x000000001d974000 Uncommon trap: reason=bimorphic action=maybe_recompile pc=0x0000000002962db0 method=java.util.HashMap.getNode(ILjava/lang/Object;)Ljava/util/HashMap$Node; @ 126
Event: 7.000 Thread 0x000000001d93b000 Uncommon trap: reason=null_check action=make_not_entrant pc=0x0000000002ab9e70 method=com.android.dx.rop.type.Type.equals(Ljava/lang/Object;)Z @ 8

Internal exceptions (3 events):
Event: 0.131 Thread 0x00000000024cd800 Exception <a 'java/lang/NoSuchMethodError': Method sun.misc.Unsafe.defineClass(Ljava/lang/String;[BII)Ljava/lang/Class; name or signature does not match> (0x000000076ab07c78) thrown at [C:\re\workspace\8-2-build-windows-amd64-cygwin\jdk8u112\7884\hotspot\
Event: 0.131 Thread 0x00000000024cd800 Exception <a 'java/lang/NoSuchMethodError': Method sun.misc.Unsafe.prefetchRead(Ljava/lang/Object;J)V name or signature does not match> (0x000000076ab07f60) thrown at [C:\re\workspace\8-2-build-windows-amd64-cygwin\jdk8u112\7884\hotspot\src\share\vm\prims
Event: 7.000 Thread 0x000000001d93b000 Implicit null exception at 0x0000000002ab9d62 to 0x0000000002ab9e62

Events (10 events):
Event: 6.824 Thread 0x000000001d93b000 DEOPT PACKING pc=0x00000000029972d2 sp=0x000000001e12e7d0
Event: 6.824 Thread 0x000000001d93b000 DEOPT UNPACKING pc=0x000000000274787f sp=0x000000001e12e538 mode 0
Event: 7.000 Thread 0x000000001d93b000 Uncommon trap: trap_request=0xfffffff4 fr.pc=0x0000000002ab9e70
Event: 7.000 Thread 0x000000001d93b000 DEOPT PACKING pc=0x0000000002ab9e70 sp=0x000000001e12e600
Event: 7.000 Thread 0x000000001d93b000 DEOPT UNPACKING pc=0x000000000274582a sp=0x000000001e12e588 mode 2
Event: 7.010 Thread 0x000000001d93b000 Thread exited: 0x000000001d93b000
Event: 7.010 Thread 0x000000001d88c000 Thread exited: 0x000000001d88c000
Event: 7.010 loading class com/android/dx/command/dexer/Main$DexWriter
Event: 7.010 loading class com/android/dx/command/dexer/Main$DexWriter done
Event: 7.011 Thread 0x000000001d88c000 Thread added: 0x000000001d88c000


Dynamic libraries:
0x00007ff7a48a0000 - 0x00007ff7a48d7000 	C:\Program Files\Java\jdk1.8.0_112\bin\java.exe
0x00007ff9e3150000 - 0x00007ff9e3321000 	C:\WINDOWS\SYSTEM32\ntdll.dll
0x00007ff9e30a0000 - 0x00007ff9e314b000 	C:\WINDOWS\System32\KERNEL32.DLL
0x00007ff9df640000 - 0x00007ff9df85d000 	C:\WINDOWS\System32\KERNELBASE.dll
0x00007ff9e2aa0000 - 0x00007ff9e2b42000 	C:\WINDOWS\System32\ADVAPI32.dll
0x00007ff9e0bf0000 - 0x00007ff9e0c8e000 	C:\WINDOWS\System32\msvcrt.dll
0x00007ff9e2b50000 - 0x00007ff9e2ba9000 	C:\WINDOWS\System32\sechost.dll
0x00007ff9e25a0000 - 0x00007ff9e26c1000 	C:\WINDOWS\System32\RPCRT4.dll
0x00007ff9e0750000 - 0x00007ff9e08b5000 	C:\WINDOWS\System32\USER32.dll
0x00007ff9e0670000 - 0x00007ff9e068e000 	C:\WINDOWS\System32\win32u.dll
0x00007ff9e2820000 - 0x00007ff9e2854000 	C:\WINDOWS\System32\GDI32.dll
0x00007ff9e04e0000 - 0x00007ff9e0662000 	C:\WINDOWS\System32\gdi32full.dll
0x00007ff9d96a0000 - 0x00007ff9d9919000 	C:\WINDOWS\WinSxS\amd64_microsoft.windows.common-controls_6595b64144ccf1df_6.0.14393.447_none_42191651c6827bb3\COMCTL32.dll
0x00007ff9e08c0000 - 0x00007ff9e0b88000 	C:\WINDOWS\System32\combase.dll
0x00007ff9df860000 - 0x00007ff9df955000 	C:\WINDOWS\System32\ucrtbase.dll
0x00007ff9e0470000 - 0x00007ff9e04da000 	C:\WINDOWS\System32\bcryptPrimitives.dll
0x00007ff9e26e0000 - 0x00007ff9e270e000 	C:\WINDOWS\System32\IMM32.DLL
0x00000000508b0000 - 0x0000000050982000 	C:\Program Files\Java\jdk1.8.0_112\jre\bin\msvcr100.dll
0x00000000758f0000 - 0x000000007618a000 	C:\Program Files\Java\jdk1.8.0_112\jre\bin\server\jvm.dll
0x00007ff9e2880000 - 0x00007ff9e2888000 	C:\WINDOWS\System32\PSAPI.DLL
0x00007ff9cfd20000 - 0x00007ff9cfd29000 	C:\WINDOWS\SYSTEM32\WSOCK32.dll
0x00007ff9e2710000 - 0x00007ff9e277a000 	C:\WINDOWS\System32\WS2_32.dll
0x00007ff9dd8a0000 - 0x00007ff9dd8c3000 	C:\WINDOWS\SYSTEM32\WINMM.dll
0x00007ff9d7390000 - 0x00007ff9d739a000 	C:\WINDOWS\SYSTEM32\VERSION.dll
0x00007ff9dd870000 - 0x00007ff9dd89b000 	C:\WINDOWS\SYSTEM32\WINMMBASE.dll
0x00007ff9e0690000 - 0x00007ff9e06d2000 	C:\WINDOWS\System32\cfgmgr32.dll
0x00000000508a0000 - 0x00000000508af000 	C:\Program Files\Java\jdk1.8.0_112\jre\bin\verify.dll
0x0000000050870000 - 0x0000000050899000 	C:\Program Files\Java\jdk1.8.0_112\jre\bin\java.dll
0x0000000050850000 - 0x0000000050866000 	C:\Program Files\Java\jdk1.8.0_112\jre\bin\zip.dll
0x00007ff9e1090000 - 0x00007ff9e2599000 	C:\WINDOWS\System32\SHELL32.dll
0x00007ff9dfd90000 - 0x00007ff9e046a000 	C:\WINDOWS\System32\windows.storage.dll
0x00007ff9df5d0000 - 0x00007ff9df61c000 	C:\WINDOWS\System32\powrprof.dll
0x00007ff9e06f0000 - 0x00007ff9e0742000 	C:\WINDOWS\System32\shlwapi.dll
0x00007ff9df630000 - 0x00007ff9df63f000 	C:\WINDOWS\System32\kernel.appcore.dll
0x00007ff9df960000 - 0x00007ff9dfa09000 	C:\WINDOWS\System32\shcore.dll
0x00007ff9df5b0000 - 0x00007ff9df5c4000 	C:\WINDOWS\System32\profapi.dll

VM Arguments:
jvm_args: -Djava.awt.headless=true -Xmx4g -Dfile.encoding=windows-1252 -Duser.country=IN -Duser.language=en -Duser.variant 
java_command: com.android.dx.command.Main --dex --verbose --force-jumbo --num-threads=4 --multi-dex --output C:\Users\Pooja\Dropbox\MobiPlace\app\build\intermediates\transforms\dex\debug\folders\1000\10\com.android.support-multidex-1.0.1_9346d10e03dfcea3eb13f47f80d04cb5523c681d C:\Users\Pooja\Dropbox\MobiPlace\app\build\intermediates\exploded-aar\com.android.support\multidex\1.0.1\jars\classes.jar
java_class_path (initial): C:\Users\Pooja\AppData\Local\Android\sdk\build-tools\23.0.1\lib\dx.jar
Launcher Type: SUN_STANDARD

Environment Variables:
JAVA_HOME=C:\Program Files\Java\jdk1.8.0_112
PATH=C:\ProgramData\Oracle\Java\javapath;G:\app\pooja22\product\12.1.0\dbhome_1\bin;C:\Program Files (x86)\NVIDIA Corporation\PhysX\Common;C:\Program Files (x86)\Intel\iCLS Client\;C:\Program Files\Intel\iCLS Client\;C:\WINDOWS\system32;C:\WINDOWS;C:\WINDOWS\System32\Wbem;C:\WINDOWS\System32\WindowsPowerShell\v1.0\;C:\Program Files\Hewlett-Packard\SimplePass\;C:\Program Files\Intel\Intel(R) Management Engine Components\DAL;C:\Program Files (x86)\Intel\Intel(R) Management Engine Components\DAL;C:\Program Files\Intel\Intel(R) Management Engine Components\IPT;C:\Program Files (x86)\Intel\Intel(R) Management Engine Components\IPT;C:\Program Files (x86)\MySQL\MySQL Server 5.0\bin;C:\Program Files (x86)\Microsoft SQL Server\110\Tools\Binn\ManagementStudio\;C:\Program Files (x86)\Microsoft SQL Server\110\Tools\Binn\;C:\Program Files\Microsoft SQL Server\110\Tools\Binn\;C:\Program Files (x86)\Microsoft SQL Server\110\DTS\Binn\;C:\Program Files (x86)\Common Files\lenovo\easyplussdk\bin;C:\Program Files (x86)\Microsoft SDKs\TypeScript\1.0\;C:\Program Files\Microsoft SQL Server\120\Tools\Binn\;C:\Users\Pooja\AppData\Local\Android\sdk\platform-tools;C:\Users\Pooja\AppData\Local\Android\sdk\tools;C:\Users\Pooja\AppData\Local\Android\sdk\build-tools\23.0.1;C:\Users\Pooja\AppData\Local\Android\sdk\build-tools\22.0.1;C:\Users\Pooja\AppData\Local\Android\sdk\build-tools\23.0.3;;C:\Program Files (x86)\Microsoft VS Code\bin;C:\Users\Pooja\AppData\Local\Microsoft\WindowsApps
USERNAME=Pooja
OS=Windows_NT
PROCESSOR_IDENTIFIER=Intel64 Family 6 Model 61 Stepping 4, GenuineIntel



---------------  S Y S T E M  ---------------

OS: Windows 10.0 , 64 bit Build 14393 (10.0.14393.0)

CPU:total 4 (2 cores per cpu, 2 threads per core) family 6 model 61 stepping 4, cmov, cx8, fxsr, mmx, sse, sse2, sse3, ssse3, sse4.1, sse4.2, popcnt, avx, avx2, aes, clmul, erms, 3dnowpref, lzcnt, ht, tsc, tscinvbit, bmi1, bmi2, adx

Memory: 4k page, physical 4107664k(89568k free), swap 9350544k(4356k free)

vm_info: Java HotSpot(TM) 64-Bit Server VM (25.112-b15) for windows-amd64 JRE (1.8.0_112-b15), built on Sep 22 2016 21:31:56 by "java_re" with MS VC++ 10.0 (VS2010)

time: Mon Mar 06 00:02:08 2017
elapsed time: 7 seconds (0d 0h 0m 7s)

