#
# There is insufficient memory for the Java Runtime Environment to continue.
# Native memory allocation (malloc) failed to allocate 208416 bytes for Chunk::new
# Possible reasons:
#   The system is out of physical RAM or swap space
#   In 32 bit mode, the process size limit was hit
# Possible solutions:
#   Reduce memory load on the system
#   Increase physical memory or swap space
#   Check if swap backing store is full
#   Use 64 bit Java on a 64 bit OS
#   Decrease Java heap size (-Xmx/-Xms)
#   Decrease number of Java threads
#   Decrease Java thread stack sizes (-Xss)
#   Set larger code cache with -XX:ReservedCodeCacheSize=
# This output file may be truncated or incomplete.
#
#  Out of Memory Error (allocation.cpp:390), pid=17652, tid=0x00000000000054a0
#
# JRE version: Java(TM) SE Runtime Environment (8.0_112-b15) (build 1.8.0_112-b15)
# Java VM: Java HotSpot(TM) 64-Bit Server VM (25.112-b15 mixed mode windows-amd64 compressed oops)
# Failed to write core dump. Minidumps are not enabled by default on client versions of Windows
#

---------------  T H R E A D  ---------------

Current thread (0x000000001c68d800):  JavaThread "C2 CompilerThread0" daemon [_thread_in_native, id=21664, stack(0x000000001dce0000,0x000000001dde0000)]

Stack: [0x000000001dce0000,0x000000001dde0000]
[error occurred during error reporting (printing stack bounds), id 0xc0000005]

Native frames: (J=compiled Java code, j=interpreted, Vv=VM code, C=native code)


Current CompileTask:
C2:   7062  800   !   4       com.android.dx.rop.code.RegisterSpec::intern (70 bytes)


---------------  P R O C E S S  ---------------

Java Threads: ( => current thread )
  0x000000001e145000 JavaThread "pool-2-thread-4" [_thread_in_Java, id=8644, stack(0x000000001e9e0000,0x000000001eae0000)]
  0x000000001e144800 JavaThread "pool-2-thread-3" [_thread_in_Java, id=14160, stack(0x000000001e8e0000,0x000000001e9e0000)]
  0x000000001e139800 JavaThread "pool-2-thread-2" [_thread_in_Java, id=7576, stack(0x000000001e7e0000,0x000000001e8e0000)]
  0x000000001e139000 JavaThread "pool-3-thread-1" [_thread_blocked, id=18244, stack(0x000000001e6e0000,0x000000001e7e0000)]
  0x000000001e021800 JavaThread "pool-2-thread-1" [_thread_blocked, id=10156, stack(0x000000001e5e0000,0x000000001e6e0000)]
  0x000000001dee2000 JavaThread "Service Thread" daemon [_thread_blocked, id=22104, stack(0x000000001e3e0000,0x000000001e4e0000)]
  0x000000001dee0800 JavaThread "C1 CompilerThread2" daemon [_thread_in_native, id=8612, stack(0x000000001e2e0000,0x000000001e3e0000)]
  0x000000001c6ea000 JavaThread "C2 CompilerThread1" daemon [_thread_blocked, id=13412, stack(0x000000001dde0000,0x000000001dee0000)]
=>0x000000001c68d800 JavaThread "C2 CompilerThread0" daemon [_thread_in_native, id=21664, stack(0x000000001dce0000,0x000000001dde0000)]
  0x000000001c68c000 JavaThread "Attach Listener" daemon [_thread_blocked, id=16504, stack(0x000000001dbe0000,0x000000001dce0000)]
  0x0000000002fbe800 JavaThread "Signal Dispatcher" daemon [_thread_blocked, id=16296, stack(0x000000001dae0000,0x000000001dbe0000)]
  0x000000001c67a000 JavaThread "Finalizer" daemon [_thread_blocked, id=22544, stack(0x000000001d8f0000,0x000000001d9f0000)]
  0x0000000002fb0000 JavaThread "Reference Handler" daemon [_thread_blocked, id=18296, stack(0x000000001d7f0000,0x000000001d8f0000)]
  0x0000000002d0d800 JavaThread "main" [_thread_in_Java, id=11340, stack(0x0000000002dc0000,0x0000000002ec0000)]

Other Threads:
  0x000000001c657800 VMThread [stack: 0x000000001d6f0000,0x000000001d7f0000] [id=4612]
  0x000000001dee6800 WatcherThread [stack: 0x000000001e4e0000,0x000000001e5e0000] [id=9868]

VM state:not at safepoint (normal execution)

VM Mutex/Monitor currently owned by a thread: None

Heap:
 PSYoungGen      total 18944K, used 6725K [0x000000076ab00000, 0x000000076c000000, 0x00000007c0000000)
  eden space 16384K, 25% used [0x000000076ab00000,0x000000076af16b10,0x000000076bb00000)
  from space 2560K, 99% used [0x000000076bb00000,0x000000076bd7aa90,0x000000076bd80000)
  to   space 2560K, 0% used [0x000000076bd80000,0x000000076bd80000,0x000000076c000000)
 ParOldGen       total 44032K, used 1852K [0x00000006c0000000, 0x00000006c2b00000, 0x000000076ab00000)
  object space 44032K, 4% used [0x00000006c0000000,0x00000006c01cf1b8,0x00000006c2b00000)
 Metaspace       used 5894K, capacity 6808K, committed 7168K, reserved 1056768K
  class space    used 616K, capacity 656K, committed 768K, reserved 1048576K

Card table byte_map: [0x0000000012380000,0x0000000012b90000] byte_map_base: 0x000000000ed80000

Marking Bits: (ParMarkBitMap*) 0x000000007610a6d0
 Begin Bits: [0x00000000134f0000, 0x00000000174f0000)
 End Bits:   [0x00000000174f0000, 0x000000001b4f0000)

Polling page: 0x0000000002ce0000

CodeCache: size=245760Kb used=3093Kb max_used=3093Kb free=242666Kb
 bounds [0x0000000002fc0000, 0x00000000032d0000, 0x0000000011fc0000]
 total_blobs=1037 nmethods=768 adapters=182
 compilation: enabled

Compilation events (10 events):
Event: 7.044 Thread 0x000000001dee0800  770       3       com.android.dx.cf.code.ByteBlock::<init> (181 bytes)
Event: 7.045 Thread 0x000000001c6ea000 nmethod 793 0x000000000329d390 code [0x000000000329d4e0, 0x000000000329d5d8]
Event: 7.045 Thread 0x000000001c6ea000  771       4       java.lang.Integer::numberOfTrailingZeros (79 bytes)
Event: 7.045 Thread 0x000000001dee0800 nmethod 770 0x00000000032c4490 code [0x00000000032c4760, 0x00000000032c5a88]
Event: 7.045 Thread 0x000000001dee0800  783       3       com.android.dx.cf.code.RopperMachine::jopToRopOpcode (1103 bytes)
Event: 7.045 Thread 0x000000001c6ea000 nmethod 771 0x00000000032c2c90 code [0x00000000032c2dc0, 0x00000000032c2e78]
Event: 7.047 Thread 0x000000001dee0800 nmethod 783 0x00000000032c63d0 code [0x00000000032c66e0, 0x00000000032c8998]
Event: 7.047 Thread 0x000000001dee0800  769       3       com.android.dx.cf.code.ByteCatchList::listFor (120 bytes)
Event: 7.048 Thread 0x000000001dee0800 nmethod 769 0x00000000032c92d0 code [0x00000000032c9560, 0x00000000032caa88]
Event: 7.049 Thread 0x000000001dee0800  786   !   3       com.android.dx.cf.code.RopperMachine::run (1550 bytes)

GC Heap History (2 events):
Event: 6.820 GC heap before
{Heap before GC invocations=1 (full 0):
 PSYoungGen      total 18944K, used 16384K [0x000000076ab00000, 0x000000076c000000, 0x00000007c0000000)
  eden space 16384K, 100% used [0x000000076ab00000,0x000000076bb00000,0x000000076bb00000)
  from space 2560K, 0% used [0x000000076bd80000,0x000000076bd80000,0x000000076c000000)
  to   space 2560K, 0% used [0x000000076bb00000,0x000000076bb00000,0x000000076bd80000)
 ParOldGen       total 44032K, used 0K [0x00000006c0000000, 0x00000006c2b00000, 0x000000076ab00000)
  object space 44032K, 0% used [0x00000006c0000000,0x00000006c0000000,0x00000006c2b00000)
 Metaspace       used 5829K, capacity 6744K, committed 6912K, reserved 1056768K
  class space    used 616K, capacity 656K, committed 768K, reserved 1048576K
Event: 6.839 GC heap after
Heap after GC invocations=1 (full 0):
 PSYoungGen      total 18944K, used 2538K [0x000000076ab00000, 0x000000076c000000, 0x00000007c0000000)
  eden space 16384K, 0% used [0x000000076ab00000,0x000000076ab00000,0x000000076bb00000)
  from space 2560K, 99% used [0x000000076bb00000,0x000000076bd7aa90,0x000000076bd80000)
  to   space 2560K, 0% used [0x000000076bd80000,0x000000076bd80000,0x000000076c000000)
 ParOldGen       total 44032K, used 1852K [0x00000006c0000000, 0x00000006c2b00000, 0x000000076ab00000)
  object space 44032K, 4% used [0x00000006c0000000,0x00000006c01cf1b8,0x00000006c2b00000)
 Metaspace       used 5829K, capacity 6744K, committed 6912K, reserved 1056768K
  class space    used 616K, capacity 656K, committed 768K, reserved 1048576K
}

Deoptimization events (1 events):
Event: 6.354 Thread 0x000000001e021800 Uncommon trap: reason=unstable_if action=reinterpret pc=0x00000000031a2398 method=java.util.HashMap.getNode(ILjava/lang/Object;)Ljava/util/HashMap$Node; @ 129

Internal exceptions (2 events):
Event: 1.606 Thread 0x0000000002d0d800 Exception <a 'java/lang/NoSuchMethodError': Method sun.misc.Unsafe.defineClass(Ljava/lang/String;[BII)Ljava/lang/Class; name or signature does not match> (0x000000076ab07c78) thrown at [C:\re\workspace\8-2-build-windows-amd64-cygwin\jdk8u112\7884\hotspot\
Event: 1.606 Thread 0x0000000002d0d800 Exception <a 'java/lang/NoSuchMethodError': Method sun.misc.Unsafe.prefetchRead(Ljava/lang/Object;J)V name or signature does not match> (0x000000076ab07f60) thrown at [C:\re\workspace\8-2-build-windows-amd64-cygwin\jdk8u112\7884\hotspot\src\share\vm\prims

Events (10 events):
Event: 6.417 Executing VM operation: EnableBiasedLocking
Event: 6.561 Executing VM operation: EnableBiasedLocking done
Event: 6.586 loading class java/util/TreeMap$EntrySet
Event: 6.586 loading class java/util/TreeMap$EntrySet done
Event: 6.586 loading class java/util/TreeMap$EntryIterator
Event: 6.586 loading class java/util/TreeMap$EntryIterator done
Event: 6.621 loading class java/util/ArrayList$1
Event: 6.622 loading class java/util/ArrayList$1 done
Event: 6.636 Executing VM operation: ParallelGCFailedAllocation
Event: 6.839 Executing VM operation: ParallelGCFailedAllocation done


Dynamic libraries:
0x00007ff7a48a0000 - 0x00007ff7a48d7000 	C:\Program Files\Java\jdk1.8.0_112\bin\java.exe
0x00007ff9e3150000 - 0x00007ff9e3321000 	C:\WINDOWS\SYSTEM32\ntdll.dll
0x00007ff9e30a0000 - 0x00007ff9e314b000 	C:\WINDOWS\System32\KERNEL32.DLL
0x00007ff9df640000 - 0x00007ff9df85d000 	C:\WINDOWS\System32\KERNELBASE.dll
0x00007ff9e2aa0000 - 0x00007ff9e2b42000 	C:\WINDOWS\System32\ADVAPI32.dll
0x00007ff9e0bf0000 - 0x00007ff9e0c8e000 	C:\WINDOWS\System32\msvcrt.dll
0x00007ff9e2b50000 - 0x00007ff9e2ba9000 	C:\WINDOWS\System32\sechost.dll
0x00007ff9e25a0000 - 0x00007ff9e26c1000 	C:\WINDOWS\System32\RPCRT4.dll
0x00007ff9e0750000 - 0x00007ff9e08b5000 	C:\WINDOWS\System32\USER32.dll
0x00007ff9e0670000 - 0x00007ff9e068e000 	C:\WINDOWS\System32\win32u.dll
0x00007ff9e2820000 - 0x00007ff9e2854000 	C:\WINDOWS\System32\GDI32.dll
0x00007ff9e04e0000 - 0x00007ff9e0662000 	C:\WINDOWS\System32\gdi32full.dll
0x00007ff9d96a0000 - 0x00007ff9d9919000 	C:\WINDOWS\WinSxS\amd64_microsoft.windows.common-controls_6595b64144ccf1df_6.0.14393.447_none_42191651c6827bb3\COMCTL32.dll
0x00007ff9e08c0000 - 0x00007ff9e0b88000 	C:\WINDOWS\System32\combase.dll
0x00007ff9df860000 - 0x00007ff9df955000 	C:\WINDOWS\System32\ucrtbase.dll
0x00007ff9e0470000 - 0x00007ff9e04da000 	C:\WINDOWS\System32\bcryptPrimitives.dll
0x00007ff9e26e0000 - 0x00007ff9e270e000 	C:\WINDOWS\System32\IMM32.DLL
0x00000000508b0000 - 0x0000000050982000 	C:\Program Files\Java\jdk1.8.0_112\jre\bin\msvcr100.dll
0x00000000758f0000 - 0x000000007618a000 	C:\Program Files\Java\jdk1.8.0_112\jre\bin\server\jvm.dll
0x00007ff9e2880000 - 0x00007ff9e2888000 	C:\WINDOWS\System32\PSAPI.DLL
0x00007ff9cfd20000 - 0x00007ff9cfd29000 	C:\WINDOWS\SYSTEM32\WSOCK32.dll
0x00007ff9dd8a0000 - 0x00007ff9dd8c3000 	C:\WINDOWS\SYSTEM32\WINMM.dll
0x00007ff9e2710000 - 0x00007ff9e277a000 	C:\WINDOWS\System32\WS2_32.dll
0x00007ff9d7390000 - 0x00007ff9d739a000 	C:\WINDOWS\SYSTEM32\VERSION.dll
0x00007ff9dd870000 - 0x00007ff9dd89b000 	C:\WINDOWS\SYSTEM32\winmmbase.dll
0x00007ff9e0690000 - 0x00007ff9e06d2000 	C:\WINDOWS\System32\cfgmgr32.dll
0x00000000508a0000 - 0x00000000508af000 	C:\Program Files\Java\jdk1.8.0_112\jre\bin\verify.dll
0x0000000050870000 - 0x0000000050899000 	C:\Program Files\Java\jdk1.8.0_112\jre\bin\java.dll
0x0000000050850000 - 0x0000000050866000 	C:\Program Files\Java\jdk1.8.0_112\jre\bin\zip.dll
0x00007ff9e1090000 - 0x00007ff9e2599000 	C:\WINDOWS\System32\SHELL32.dll
0x00007ff9dfd90000 - 0x00007ff9e046a000 	C:\WINDOWS\System32\windows.storage.dll
0x00007ff9df5d0000 - 0x00007ff9df61c000 	C:\WINDOWS\System32\powrprof.dll
0x00007ff9e06f0000 - 0x00007ff9e0742000 	C:\WINDOWS\System32\shlwapi.dll
0x00007ff9df630000 - 0x00007ff9df63f000 	C:\WINDOWS\System32\kernel.appcore.dll
0x00007ff9df960000 - 0x00007ff9dfa09000 	C:\WINDOWS\System32\shcore.dll
0x00007ff9df5b0000 - 0x00007ff9df5c4000 	C:\WINDOWS\System32\profapi.dll

VM Arguments:
jvm_args: -Djava.awt.headless=true -Xmx4g -Dfile.encoding=windows-1252 -Duser.country=IN -Duser.language=en -Duser.variant 
java_command: com.android.dx.command.Main --dex --verbose --force-jumbo --num-threads=4 --multi-dex --output C:\Users\Pooja\Dropbox\MobiPlace\app\build\intermediates\transforms\dex\debug\folders\1000\10\com.google.android.gms-play-services-gcm-8.4.0_e7113c822b1754a47db49fcd158bd7debedc7d51 C:\Users\Pooja\Dropbox\MobiPlace\app\build\intermediates\exploded-aar\com.google.android.gms\play-services-gcm\8.4.0\jars\classes.jar
java_class_path (initial): C:\Users\Pooja\AppData\Local\Android\sdk\build-tools\23.0.1\lib\dx.jar
Launcher Type: SUN_STANDARD

Environment Variables:
JAVA_HOME=C:\Program Files\Java\jdk1.8.0_112
PATH=C:\ProgramData\Oracle\Java\javapath;G:\app\pooja22\product\12.1.0\dbhome_1\bin;C:\Program Files (x86)\NVIDIA Corporation\PhysX\Common;C:\Program Files (x86)\Intel\iCLS Client\;C:\Program Files\Intel\iCLS Client\;C:\WINDOWS\system32;C:\WINDOWS;C:\WINDOWS\System32\Wbem;C:\WINDOWS\System32\WindowsPowerShell\v1.0\;C:\Program Files\Hewlett-Packard\SimplePass\;C:\Program Files\Intel\Intel(R) Management Engine Components\DAL;C:\Program Files (x86)\Intel\Intel(R) Management Engine Components\DAL;C:\Program Files\Intel\Intel(R) Management Engine Components\IPT;C:\Program Files (x86)\Intel\Intel(R) Management Engine Components\IPT;C:\Program Files (x86)\MySQL\MySQL Server 5.0\bin;C:\Program Files (x86)\Microsoft SQL Server\110\Tools\Binn\ManagementStudio\;C:\Program Files (x86)\Microsoft SQL Server\110\Tools\Binn\;C:\Program Files\Microsoft SQL Server\110\Tools\Binn\;C:\Program Files (x86)\Microsoft SQL Server\110\DTS\Binn\;C:\Program Files (x86)\Common Files\lenovo\easyplussdk\bin;C:\Program Files (x86)\Microsoft SDKs\TypeScript\1.0\;C:\Program Files\Microsoft SQL Server\120\Tools\Binn\;C:\Users\Pooja\AppData\Local\Android\sdk\platform-tools;C:\Users\Pooja\AppData\Local\Android\sdk\tools;C:\Users\Pooja\AppData\Local\Android\sdk\build-tools\23.0.1;C:\Users\Pooja\AppData\Local\Android\sdk\build-tools\22.0.1;C:\Users\Pooja\AppData\Local\Android\sdk\build-tools\23.0.3;;C:\Program Files (x86)\Microsoft VS Code\bin;C:\Users\Pooja\AppData\Local\Microsoft\WindowsApps
USERNAME=Pooja
OS=Windows_NT
PROCESSOR_IDENTIFIER=Intel64 Family 6 Model 61 Stepping 4, GenuineIntel



---------------  S Y S T E M  ---------------

OS: Windows 10.0 , 64 bit Build 14393 (10.0.14393.0)

CPU:total 4 (2 cores per cpu, 2 threads per core) family 6 model 61 stepping 4, cmov, cx8, fxsr, mmx, sse, sse2, sse3, ssse3, sse4.1, sse4.2, popcnt, avx, avx2, aes, clmul, erms, 3dnowpref, lzcnt, ht, tsc, tscinvbit, bmi1, bmi2, adx

Memory: 4k page, physical 4107664k(270668k free), swap 9350544k(392k free)

vm_info: Java HotSpot(TM) 64-Bit Server VM (25.112-b15) for windows-amd64 JRE (1.8.0_112-b15), built on Sep 22 2016 21:31:56 by "java_re" with MS VC++ 10.0 (VS2010)

time: Sun Mar 05 23:04:42 2017
elapsed time: 7 seconds (0d 0h 0m 7s)

