#
# There is insufficient memory for the Java Runtime Environment to continue.
# Native memory allocation (malloc) failed to allocate 32784 bytes for Chunk::new
# Possible reasons:
#   The system is out of physical RAM or swap space
#   In 32 bit mode, the process size limit was hit
# Possible solutions:
#   Reduce memory load on the system
#   Increase physical memory or swap space
#   Check if swap backing store is full
#   Use 64 bit Java on a 64 bit OS
#   Decrease Java heap size (-Xmx/-Xms)
#   Decrease number of Java threads
#   Decrease Java thread stack sizes (-Xss)
#   Set larger code cache with -XX:ReservedCodeCacheSize=
# This output file may be truncated or incomplete.
#
#  Out of Memory Error (allocation.cpp:390), pid=18496, tid=0x0000000000002e34
#
# JRE version: Java(TM) SE Runtime Environment (8.0_112-b15) (build 1.8.0_112-b15)
# Java VM: Java HotSpot(TM) 64-Bit Server VM (25.112-b15 mixed mode windows-amd64 compressed oops)
# Failed to write core dump. Minidumps are not enabled by default on client versions of Windows
#

---------------  T H R E A D  ---------------

Current thread (0x000000001c9ed800):  JavaThread "C2 CompilerThread0" daemon [_thread_in_native, id=11828, stack(0x000000001e030000,0x000000001e130000)]

Stack: [0x000000001e030000,0x000000001e130000]
[error occurred during error reporting (printing stack bounds), id 0xc0000005]

Native frames: (J=compiled Java code, j=interpreted, Vv=VM code, C=native code)


Current CompileTask:
C2:   6692 1561       4       com.android.dx.ssa.SsaBasicBlock::newFromRop (183 bytes)


---------------  P R O C E S S  ---------------

Java Threads: ( => current thread )
  0x000000001e5b6800 JavaThread "pool-2-thread-4" [_thread_in_Java, id=6508, stack(0x000000001ed30000,0x000000001ee30000)]
  0x000000001e5b5000 JavaThread "pool-2-thread-3" [_thread_blocked, id=12488, stack(0x000000001ec30000,0x000000001ed30000)]
  0x000000001e590800 JavaThread "pool-2-thread-2" [_thread_blocked, id=14756, stack(0x000000001eb30000,0x000000001ec30000)]
  0x000000001e5a0000 JavaThread "pool-3-thread-1" [_thread_blocked, id=17932, stack(0x000000001ea30000,0x000000001eb30000)]
  0x000000001e59d800 JavaThread "pool-2-thread-1" [_thread_blocked, id=15840, stack(0x000000001e930000,0x000000001ea30000)]
  0x000000001e333000 JavaThread "Service Thread" daemon [_thread_blocked, id=20492, stack(0x000000001e730000,0x000000001e830000)]
  0x000000001ca4b800 JavaThread "C1 CompilerThread2" daemon [_thread_blocked, id=16116, stack(0x000000001e230000,0x000000001e330000)]
  0x000000001c9f0800 JavaThread "C2 CompilerThread1" daemon [_thread_in_native, id=8420, stack(0x000000001e130000,0x000000001e230000)]
=>0x000000001c9ed800 JavaThread "C2 CompilerThread0" daemon [_thread_in_native, id=11828, stack(0x000000001e030000,0x000000001e130000)]
  0x000000001c9ec000 JavaThread "Attach Listener" daemon [_thread_blocked, id=8556, stack(0x000000001df30000,0x000000001e030000)]
  0x000000001c9ea800 JavaThread "Signal Dispatcher" daemon [_thread_blocked, id=9492, stack(0x000000001de30000,0x000000001df30000)]
  0x000000001c9da800 JavaThread "Finalizer" daemon [_thread_blocked, id=14156, stack(0x000000001dc40000,0x000000001dd40000)]
  0x0000000003310000 JavaThread "Reference Handler" daemon [_thread_blocked, id=20060, stack(0x000000001db40000,0x000000001dc40000)]
  0x00000000018ed800 JavaThread "main" [_thread_in_vm, id=22208, stack(0x0000000003050000,0x0000000003150000)]

Other Threads:
  0x000000001c9b7800 VMThread [stack: 0x000000001da40000,0x000000001db40000] [id=18104]
  0x000000001e34a800 WatcherThread [stack: 0x000000001e830000,0x000000001e930000] [id=14344]

VM state:not at safepoint (normal execution)

VM Mutex/Monitor currently owned by a thread:  ([mutex/lock_event])
[0x00000000018ec9e0] JNIGlobalHandle_lock - owner thread: 0x00000000018ed800
[0x0000000003221650] MethodCompileQueue_lock - owner thread: 0x00000000018ed800

Heap:
 PSYoungGen      total 35328K, used 19528K [0x000000076ab00000, 0x000000076d000000, 0x00000007c0000000)
  eden space 32768K, 51% used [0x000000076ab00000,0x000000076bb93c20,0x000000076cb00000)
  from space 2560K, 99% used [0x000000076cb00000,0x000000076cd7e548,0x000000076cd80000)
  to   space 2560K, 0% used [0x000000076cd80000,0x000000076cd80000,0x000000076d000000)
 ParOldGen       total 44032K, used 9013K [0x00000006c0000000, 0x00000006c2b00000, 0x000000076ab00000)
  object space 44032K, 20% used [0x00000006c0000000,0x00000006c08cd410,0x00000006c2b00000)
 Metaspace       used 6277K, capacity 7128K, committed 7424K, reserved 1056768K
  class space    used 617K, capacity 656K, committed 768K, reserved 1048576K

Card table byte_map: [0x00000000126e0000,0x0000000012ef0000] byte_map_base: 0x000000000f0e0000

Marking Bits: (ParMarkBitMap*) 0x000000007610a6d0
 Begin Bits: [0x0000000013850000, 0x0000000017850000)
 End Bits:   [0x0000000017850000, 0x000000001b850000)

Polling page: 0x0000000001860000

CodeCache: size=245760Kb used=6444Kb max_used=6449Kb free=239315Kb
 bounds [0x0000000003320000, 0x0000000003980000, 0x0000000012320000]
 total_blobs=1813 nmethods=1544 adapters=182
 compilation: enabled

Compilation events (10 events):
Event: 6.490 Thread 0x000000001ca4b800 1571       1       com.android.dx.cf.code.ByteOps::opInfo (6 bytes)
Event: 6.491 Thread 0x000000001ca4b800 nmethod 1571 0x0000000003944c10 code [0x0000000003944d60, 0x0000000003944e70]
Event: 6.491 Thread 0x000000001ca4b800 1583       2       com.android.dx.ssa.back.FirstFitLocalCombiningAllocator::handleLocalAssociatedOther (151 bytes)
Event: 6.492 Thread 0x000000001ca4b800 nmethod 1583 0x000000000394e190 code [0x000000000394e3c0, 0x000000000394ea98]
Event: 6.492 Thread 0x000000001ca4b800 1578       2       com.android.dx.ssa.back.FirstFitLocalCombiningAllocator::allocateRegisters (37 bytes)
Event: 6.492 Thread 0x000000001ca4b800 nmethod 1578 0x0000000003942590 code [0x0000000003942740, 0x0000000003942a18]
Event: 6.492 Thread 0x000000001ca4b800 1584       2       com.android.dx.dex.cf.OptimizerOptions::shouldOptimize (38 bytes)
Event: 6.492 Thread 0x000000001ca4b800 nmethod 1584 0x0000000003943850 code [0x00000000039439c0, 0x0000000003943bd8]
Event: 6.492 Thread 0x000000001ca4b800 1567       3       com.android.dx.dex.code.RopTranslator$TranslationVisitor::visitThrowingInsn (118 bytes)
Event: 6.494 Thread 0x000000001ca4b800 nmethod 1567 0x000000000394b710 code [0x000000000394ba20, 0x000000000394d368]

GC Heap History (6 events):
Event: 1.947 GC heap before
{Heap before GC invocations=1 (full 0):
 PSYoungGen      total 18944K, used 16384K [0x000000076ab00000, 0x000000076c000000, 0x00000007c0000000)
  eden space 16384K, 100% used [0x000000076ab00000,0x000000076bb00000,0x000000076bb00000)
  from space 2560K, 0% used [0x000000076bd80000,0x000000076bd80000,0x000000076c000000)
  to   space 2560K, 0% used [0x000000076bb00000,0x000000076bb00000,0x000000076bd80000)
 ParOldGen       total 44032K, used 0K [0x00000006c0000000, 0x00000006c2b00000, 0x000000076ab00000)
  object space 44032K, 0% used [0x00000006c0000000,0x00000006c0000000,0x00000006c2b00000)
 Metaspace       used 5864K, capacity 6744K, committed 6912K, reserved 1056768K
  class space    used 614K, capacity 656K, committed 768K, reserved 1048576K
Event: 2.172 GC heap after
Heap after GC invocations=1 (full 0):
 PSYoungGen      total 18944K, used 2538K [0x000000076ab00000, 0x000000076d000000, 0x00000007c0000000)
  eden space 16384K, 0% used [0x000000076ab00000,0x000000076ab00000,0x000000076bb00000)
  from space 2560K, 99% used [0x000000076bb00000,0x000000076bd7aa90,0x000000076bd80000)
  to   space 2560K, 0% used [0x000000076cd80000,0x000000076cd80000,0x000000076d000000)
 ParOldGen       total 44032K, used 1847K [0x00000006c0000000, 0x00000006c2b00000, 0x000000076ab00000)
  object space 44032K, 4% used [0x00000006c0000000,0x00000006c01cdc98,0x00000006c2b00000)
 Metaspace       used 5864K, capacity 6744K, committed 6912K, reserved 1056768K
  class space    used 614K, capacity 656K, committed 768K, reserved 1048576K
}
Event: 3.126 GC heap before
{Heap before GC invocations=2 (full 0):
 PSYoungGen      total 18944K, used 18922K [0x000000076ab00000, 0x000000076d000000, 0x00000007c0000000)
  eden space 16384K, 100% used [0x000000076ab00000,0x000000076bb00000,0x000000076bb00000)
  from space 2560K, 99% used [0x000000076bb00000,0x000000076bd7aa90,0x000000076bd80000)
  to   space 2560K, 0% used [0x000000076cd80000,0x000000076cd80000,0x000000076d000000)
 ParOldGen       total 44032K, used 1847K [0x00000006c0000000, 0x00000006c2b00000, 0x000000076ab00000)
  object space 44032K, 4% used [0x00000006c0000000,0x00000006c01cdc98,0x00000006c2b00000)
 Metaspace       used 6099K, capacity 6936K, committed 7168K, reserved 1056768K
  class space    used 616K, capacity 656K, committed 768K, reserved 1048576K
Event: 3.441 GC heap after
Heap after GC invocations=2 (full 0):
 PSYoungGen      total 35328K, used 2528K [0x000000076ab00000, 0x000000076d000000, 0x00000007c0000000)
  eden space 32768K, 0% used [0x000000076ab00000,0x000000076ab00000,0x000000076cb00000)
  from space 2560K, 98% used [0x000000076cd80000,0x000000076cff8010,0x000000076d000000)
  to   space 2560K, 0% used [0x000000076cb00000,0x000000076cb00000,0x000000076cd80000)
 ParOldGen       total 44032K, used 4256K [0x00000006c0000000, 0x00000006c2b00000, 0x000000076ab00000)
  object space 44032K, 9% used [0x00000006c0000000,0x00000006c0428328,0x00000006c2b00000)
 Metaspace       used 6099K, capacity 6936K, committed 7168K, reserved 1056768K
  class space    used 616K, capacity 656K, committed 768K, reserved 1048576K
}
Event: 4.783 GC heap before
{Heap before GC invocations=3 (full 0):
 PSYoungGen      total 35328K, used 35296K [0x000000076ab00000, 0x000000076d000000, 0x00000007c0000000)
  eden space 32768K, 100% used [0x000000076ab00000,0x000000076cb00000,0x000000076cb00000)
  from space 2560K, 98% used [0x000000076cd80000,0x000000076cff8010,0x000000076d000000)
  to   space 2560K, 0% used [0x000000076cb00000,0x000000076cb00000,0x000000076cd80000)
 ParOldGen       total 44032K, used 4256K [0x00000006c0000000, 0x00000006c2b00000, 0x000000076ab00000)
  object space 44032K, 9% used [0x00000006c0000000,0x00000006c0428328,0x00000006c2b00000)
 Metaspace       used 6234K, capacity 7064K, committed 7424K, reserved 1056768K
  class space    used 617K, capacity 656K, committed 768K, reserved 1048576K
Event: 4.798 GC heap after
Heap after GC invocations=3 (full 0):
 PSYoungGen      total 35328K, used 2553K [0x000000076ab00000, 0x000000076d000000, 0x00000007c0000000)
  eden space 32768K, 0% used [0x000000076ab00000,0x000000076ab00000,0x000000076cb00000)
  from space 2560K, 99% used [0x000000076cb00000,0x000000076cd7e548,0x000000076cd80000)
  to   space 2560K, 0% used [0x000000076cd80000,0x000000076cd80000,0x000000076d000000)
 ParOldGen       total 44032K, used 9013K [0x00000006c0000000, 0x00000006c2b00000, 0x000000076ab00000)
  object space 44032K, 20% used [0x00000006c0000000,0x00000006c08cd410,0x00000006c2b00000)
 Metaspace       used 6234K, capacity 7064K, committed 7424K, reserved 1056768K
  class space    used 617K, capacity 656K, committed 768K, reserved 1048576K
}

Deoptimization events (10 events):
Event: 4.164 Thread 0x000000001e59d800 Uncommon trap: reason=bimorphic action=maybe_recompile pc=0x0000000003868948 method=com.android.dx.ssa.SCCP.simulatePhi(Lcom/android/dx/ssa/PhiInsn;)V @ 124
Event: 4.164 Thread 0x000000001e59d800 Uncommon trap: reason=bimorphic action=maybe_recompile pc=0x0000000003868948 method=com.android.dx.ssa.SCCP.simulatePhi(Lcom/android/dx/ssa/PhiInsn;)V @ 124
Event: 4.164 Thread 0x000000001e59d800 Uncommon trap: reason=bimorphic action=maybe_recompile pc=0x0000000003868b80 method=com.android.dx.ssa.SCCP.setLatticeValueTo(IILcom/android/dx/rop/cst/Constant;)Z @ 43
Event: 4.180 Thread 0x000000001e59d800 Uncommon trap: reason=bimorphic action=maybe_recompile pc=0x0000000003868948 method=com.android.dx.ssa.SCCP.simulatePhi(Lcom/android/dx/ssa/PhiInsn;)V @ 124
Event: 6.311 Thread 0x00000000018ed800 Uncommon trap: reason=bimorphic action=maybe_recompile pc=0x0000000003965868 method=com.android.dx.cf.code.BytecodeArray.parseInstruction(ILcom/android/dx/cf/code/BytecodeArray$Visitor;)I @ 923
Event: 6.312 Thread 0x00000000018ed800 Uncommon trap: reason=bimorphic action=maybe_recompile pc=0x00000000039657d8 method=com.android.dx.cf.code.BytecodeArray.parseInstruction(ILcom/android/dx/cf/code/BytecodeArray$Visitor;)I @ 907
Event: 6.312 Thread 0x00000000018ed800 Uncommon trap: reason=bimorphic action=maybe_recompile pc=0x00000000039650cc method=com.android.dx.cf.code.BytecodeArray.parseInstruction(ILcom/android/dx/cf/code/BytecodeArray$Visitor;)I @ 1597
Event: 6.312 Thread 0x00000000018ed800 Uncommon trap: reason=bimorphic action=maybe_recompile pc=0x0000000003965868 method=com.android.dx.cf.code.BytecodeArray.parseInstruction(ILcom/android/dx/cf/code/BytecodeArray$Visitor;)I @ 923
Event: 6.364 Thread 0x00000000018ed800 Uncommon trap: reason=bimorphic action=maybe_recompile pc=0x000000000358b1b0 method=java.util.HashMap.getNode(ILjava/lang/Object;)Ljava/util/HashMap$Node; @ 126
Event: 6.364 Thread 0x00000000018ed800 Uncommon trap: reason=bimorphic action=maybe_recompile pc=0x0000000003815568 method=java.util.HashMap.putVal(ILjava/lang/Object;Ljava/lang/Object;ZZ)Ljava/lang/Object; @ 203

Internal exceptions (3 events):
Event: 0.063 Thread 0x00000000018ed800 Exception <a 'java/lang/NoSuchMethodError': Method sun.misc.Unsafe.defineClass(Ljava/lang/String;[BII)Ljava/lang/Class; name or signature does not match> (0x000000076ab07c78) thrown at [C:\re\workspace\8-2-build-windows-amd64-cygwin\jdk8u112\7884\hotspot\
Event: 0.063 Thread 0x00000000018ed800 Exception <a 'java/lang/NoSuchMethodError': Method sun.misc.Unsafe.prefetchRead(Ljava/lang/Object;J)V name or signature does not match> (0x000000076ab07f60) thrown at [C:\re\workspace\8-2-build-windows-amd64-cygwin\jdk8u112\7884\hotspot\src\share\vm\prims
Event: 2.290 Thread 0x000000001e59d800 Implicit null exception at 0x00000000035fe7a2 to 0x00000000035fe8a2

Events (10 events):
Event: 6.312 Thread 0x00000000018ed800 DEOPT UNPACKING pc=0x000000000336582a sp=0x000000000314dfc0 mode 2
Event: 6.312 Thread 0x00000000018ed800 Uncommon trap: trap_request=0xffffffc6 fr.pc=0x0000000003965868
Event: 6.312 Thread 0x00000000018ed800 DEOPT PACKING pc=0x0000000003965868 sp=0x000000000314de70
Event: 6.312 Thread 0x00000000018ed800 DEOPT UNPACKING pc=0x000000000336582a sp=0x000000000314de28 mode 2
Event: 6.364 Thread 0x00000000018ed800 Uncommon trap: trap_request=0xffffffc6 fr.pc=0x000000000358b1b0
Event: 6.364 Thread 0x00000000018ed800 DEOPT PACKING pc=0x000000000358b1b0 sp=0x000000000314df60
Event: 6.364 Thread 0x00000000018ed800 DEOPT UNPACKING pc=0x000000000336582a sp=0x000000000314ded0 mode 2
Event: 6.364 Thread 0x00000000018ed800 Uncommon trap: trap_request=0xffffffc6 fr.pc=0x0000000003815568
Event: 6.364 Thread 0x00000000018ed800 DEOPT PACKING pc=0x0000000003815568 sp=0x000000000314df20
Event: 6.364 Thread 0x00000000018ed800 DEOPT UNPACKING pc=0x000000000336582a sp=0x000000000314dea8 mode 2


Dynamic libraries:
0x00007ff7a48a0000 - 0x00007ff7a48d7000 	C:\Program Files\Java\jdk1.8.0_112\bin\java.exe
0x00007ff9e3150000 - 0x00007ff9e3321000 	C:\WINDOWS\SYSTEM32\ntdll.dll
0x00007ff9e30a0000 - 0x00007ff9e314b000 	C:\WINDOWS\System32\KERNEL32.DLL
0x00007ff9df640000 - 0x00007ff9df85d000 	C:\WINDOWS\System32\KERNELBASE.dll
0x00007ff9e2aa0000 - 0x00007ff9e2b42000 	C:\WINDOWS\System32\ADVAPI32.dll
0x00007ff9e0bf0000 - 0x00007ff9e0c8e000 	C:\WINDOWS\System32\msvcrt.dll
0x00007ff9e2b50000 - 0x00007ff9e2ba9000 	C:\WINDOWS\System32\sechost.dll
0x00007ff9e25a0000 - 0x00007ff9e26c1000 	C:\WINDOWS\System32\RPCRT4.dll
0x00007ff9e0750000 - 0x00007ff9e08b5000 	C:\WINDOWS\System32\USER32.dll
0x00007ff9e0670000 - 0x00007ff9e068e000 	C:\WINDOWS\System32\win32u.dll
0x00007ff9e2820000 - 0x00007ff9e2854000 	C:\WINDOWS\System32\GDI32.dll
0x00007ff9e04e0000 - 0x00007ff9e0662000 	C:\WINDOWS\System32\gdi32full.dll
0x00007ff9d96a0000 - 0x00007ff9d9919000 	C:\WINDOWS\WinSxS\amd64_microsoft.windows.common-controls_6595b64144ccf1df_6.0.14393.447_none_42191651c6827bb3\COMCTL32.dll
0x00007ff9e08c0000 - 0x00007ff9e0b88000 	C:\WINDOWS\System32\combase.dll
0x00007ff9df860000 - 0x00007ff9df955000 	C:\WINDOWS\System32\ucrtbase.dll
0x00007ff9e0470000 - 0x00007ff9e04da000 	C:\WINDOWS\System32\bcryptPrimitives.dll
0x00007ff9e26e0000 - 0x00007ff9e270e000 	C:\WINDOWS\System32\IMM32.DLL
0x00000000508b0000 - 0x0000000050982000 	C:\Program Files\Java\jdk1.8.0_112\jre\bin\msvcr100.dll
0x00000000758f0000 - 0x000000007618a000 	C:\Program Files\Java\jdk1.8.0_112\jre\bin\server\jvm.dll
0x00007ff9e2880000 - 0x00007ff9e2888000 	C:\WINDOWS\System32\PSAPI.DLL
0x00007ff9cfd20000 - 0x00007ff9cfd29000 	C:\WINDOWS\SYSTEM32\WSOCK32.dll
0x00007ff9e2710000 - 0x00007ff9e277a000 	C:\WINDOWS\System32\WS2_32.dll
0x00007ff9d7390000 - 0x00007ff9d739a000 	C:\WINDOWS\SYSTEM32\VERSION.dll
0x00007ff9dd8a0000 - 0x00007ff9dd8c3000 	C:\WINDOWS\SYSTEM32\WINMM.dll
0x00007ff9dd870000 - 0x00007ff9dd89b000 	C:\WINDOWS\SYSTEM32\WINMMBASE.dll
0x00007ff9e0690000 - 0x00007ff9e06d2000 	C:\WINDOWS\System32\cfgmgr32.dll
0x00000000508a0000 - 0x00000000508af000 	C:\Program Files\Java\jdk1.8.0_112\jre\bin\verify.dll
0x0000000050870000 - 0x0000000050899000 	C:\Program Files\Java\jdk1.8.0_112\jre\bin\java.dll
0x0000000050850000 - 0x0000000050866000 	C:\Program Files\Java\jdk1.8.0_112\jre\bin\zip.dll
0x00007ff9e1090000 - 0x00007ff9e2599000 	C:\WINDOWS\System32\SHELL32.dll
0x00007ff9dfd90000 - 0x00007ff9e046a000 	C:\WINDOWS\System32\windows.storage.dll
0x00007ff9df5d0000 - 0x00007ff9df61c000 	C:\WINDOWS\System32\powrprof.dll
0x00007ff9e06f0000 - 0x00007ff9e0742000 	C:\WINDOWS\System32\shlwapi.dll
0x00007ff9df630000 - 0x00007ff9df63f000 	C:\WINDOWS\System32\kernel.appcore.dll
0x00007ff9df960000 - 0x00007ff9dfa09000 	C:\WINDOWS\System32\shcore.dll
0x00007ff9df5b0000 - 0x00007ff9df5c4000 	C:\WINDOWS\System32\profapi.dll

VM Arguments:
jvm_args: -Djava.awt.headless=true -Xmx4g -Dfile.encoding=windows-1252 -Duser.country=IN -Duser.language=en -Duser.variant 
java_command: com.android.dx.command.Main --dex --verbose --force-jumbo --num-threads=4 --multi-dex --output C:\Users\Pooja\Dropbox\MobiPlace\app\build\intermediates\transforms\dex\debug\folders\1000\10\com.google.android.gms-play-services-cast-8.4.0_289deac41e65e98bbaa1177a76f36469caf8b732 C:\Users\Pooja\Dropbox\MobiPlace\app\build\intermediates\exploded-aar\com.google.android.gms\play-services-cast\8.4.0\jars\classes.jar
java_class_path (initial): C:\Users\Pooja\AppData\Local\Android\sdk\build-tools\23.0.1\lib\dx.jar
Launcher Type: SUN_STANDARD

Environment Variables:
JAVA_HOME=C:\Program Files\Java\jdk1.8.0_112
PATH=C:\ProgramData\Oracle\Java\javapath;G:\app\pooja22\product\12.1.0\dbhome_1\bin;C:\Program Files (x86)\NVIDIA Corporation\PhysX\Common;C:\Program Files (x86)\Intel\iCLS Client\;C:\Program Files\Intel\iCLS Client\;C:\WINDOWS\system32;C:\WINDOWS;C:\WINDOWS\System32\Wbem;C:\WINDOWS\System32\WindowsPowerShell\v1.0\;C:\Program Files\Hewlett-Packard\SimplePass\;C:\Program Files\Intel\Intel(R) Management Engine Components\DAL;C:\Program Files (x86)\Intel\Intel(R) Management Engine Components\DAL;C:\Program Files\Intel\Intel(R) Management Engine Components\IPT;C:\Program Files (x86)\Intel\Intel(R) Management Engine Components\IPT;C:\Program Files (x86)\MySQL\MySQL Server 5.0\bin;C:\Program Files (x86)\Microsoft SQL Server\110\Tools\Binn\ManagementStudio\;C:\Program Files (x86)\Microsoft SQL Server\110\Tools\Binn\;C:\Program Files\Microsoft SQL Server\110\Tools\Binn\;C:\Program Files (x86)\Microsoft SQL Server\110\DTS\Binn\;C:\Program Files (x86)\Common Files\lenovo\easyplussdk\bin;C:\Program Files (x86)\Microsoft SDKs\TypeScript\1.0\;C:\Program Files\Microsoft SQL Server\120\Tools\Binn\;C:\Users\Pooja\AppData\Local\Android\sdk\platform-tools;C:\Users\Pooja\AppData\Local\Android\sdk\tools;C:\Users\Pooja\AppData\Local\Android\sdk\build-tools\23.0.1;C:\Users\Pooja\AppData\Local\Android\sdk\build-tools\22.0.1;C:\Users\Pooja\AppData\Local\Android\sdk\build-tools\23.0.3;;C:\Program Files (x86)\Microsoft VS Code\bin;C:\Users\Pooja\AppData\Local\Microsoft\WindowsApps
USERNAME=Pooja
OS=Windows_NT
PROCESSOR_IDENTIFIER=Intel64 Family 6 Model 61 Stepping 4, GenuineIntel



---------------  S Y S T E M  ---------------

OS: Windows 10.0 , 64 bit Build 14393 (10.0.14393.0)

CPU:total 4 (2 cores per cpu, 2 threads per core) family 6 model 61 stepping 4, cmov, cx8, fxsr, mmx, sse, sse2, sse3, ssse3, sse4.1, sse4.2, popcnt, avx, avx2, aes, clmul, erms, 3dnowpref, lzcnt, ht, tsc, tscinvbit, bmi1, bmi2, adx

Memory: 4k page, physical 4107664k(313128k free), swap 9350544k(3900k free)

vm_info: Java HotSpot(TM) 64-Bit Server VM (25.112-b15) for windows-amd64 JRE (1.8.0_112-b15), built on Sep 22 2016 21:31:56 by "java_re" with MS VC++ 10.0 (VS2010)

time: Sun Mar 05 21:59:00 2017
elapsed time: 6 seconds (0d 0h 0m 6s)

