#
# There is insufficient memory for the Java Runtime Environment to continue.
# Native memory allocation (malloc) failed to allocate 468816 bytes for Chunk::new
# Possible reasons:
#   The system is out of physical RAM or swap space
#   In 32 bit mode, the process size limit was hit
# Possible solutions:
#   Reduce memory load on the system
#   Increase physical memory or swap space
#   Check if swap backing store is full
#   Use 64 bit Java on a 64 bit OS
#   Decrease Java heap size (-Xmx/-Xms)
#   Decrease number of Java threads
#   Decrease Java thread stack sizes (-Xss)
#   Set larger code cache with -XX:ReservedCodeCacheSize=
# This output file may be truncated or incomplete.
#
#  Out of Memory Error (allocation.cpp:390), pid=11368, tid=0x0000000000005518
#
# JRE version: Java(TM) SE Runtime Environment (8.0_112-b15) (build 1.8.0_112-b15)
# Java VM: Java HotSpot(TM) 64-Bit Server VM (25.112-b15 mixed mode windows-amd64 compressed oops)
# Failed to write core dump. Minidumps are not enabled by default on client versions of Windows
#

---------------  T H R E A D  ---------------

Current thread (0x000000001c2e0800):  JavaThread "C2 CompilerThread1" daemon [_thread_in_native, id=21784, stack(0x000000001da20000,0x000000001db20000)]

Stack: [0x000000001da20000,0x000000001db20000]
[error occurred during error reporting (printing stack bounds), id 0xc0000005]

Native frames: (J=compiled Java code, j=interpreted, Vv=VM code, C=native code)


Current CompileTask:
C2:   6750 1572       4       com.android.dx.ssa.SCCP::addUsersToWorklist (103 bytes)


---------------  P R O C E S S  ---------------

Java Threads: ( => current thread )
  0x000000001deb9000 JavaThread "pool-2-thread-4" [_thread_in_Java, id=9436, stack(0x000000001e620000,0x000000001e720000)]
  0x000000001deb7000 JavaThread "pool-2-thread-3" [_thread_in_Java, id=11844, stack(0x000000001e520000,0x000000001e620000)]
  0x000000001deb1000 JavaThread "pool-2-thread-2" [_thread_in_Java, id=22308, stack(0x000000001e420000,0x000000001e520000)]
  0x000000001dd94800 JavaThread "pool-3-thread-1" [_thread_blocked, id=10584, stack(0x000000001e320000,0x000000001e420000)]
  0x000000001dd93800 JavaThread "pool-2-thread-1" [_thread_blocked, id=3636, stack(0x000000001e220000,0x000000001e320000)]
  0x000000001dc28000 JavaThread "Service Thread" daemon [_thread_blocked, id=8136, stack(0x000000001e020000,0x000000001e120000)]
  0x000000001c33b800 JavaThread "C1 CompilerThread2" daemon [_thread_blocked, id=11860, stack(0x000000001db20000,0x000000001dc20000)]
=>0x000000001c2e0800 JavaThread "C2 CompilerThread1" daemon [_thread_in_native, id=21784, stack(0x000000001da20000,0x000000001db20000)]
  0x000000001c2dd800 JavaThread "C2 CompilerThread0" daemon [_thread_in_native, id=7260, stack(0x000000001d920000,0x000000001da20000)]
  0x000000001c2dc000 JavaThread "Attach Listener" daemon [_thread_blocked, id=22360, stack(0x000000001d820000,0x000000001d920000)]
  0x000000001c2da000 JavaThread "Signal Dispatcher" daemon [_thread_blocked, id=22188, stack(0x000000001d720000,0x000000001d820000)]
  0x000000001c2ca800 JavaThread "Finalizer" daemon [_thread_blocked, id=16268, stack(0x000000001d530000,0x000000001d630000)]
  0x0000000002c00000 JavaThread "Reference Handler" daemon [_thread_blocked, id=7964, stack(0x000000001d430000,0x000000001d530000)]
  0x0000000002b0d800 JavaThread "main" [_thread_blocked, id=17616, stack(0x00000000029b0000,0x0000000002ab0000)]

Other Threads:
  0x000000001c2a7800 VMThread [stack: 0x000000001d330000,0x000000001d430000] [id=17128]
  0x000000001dc3d000 WatcherThread [stack: 0x000000001e120000,0x000000001e220000] [id=18900]

VM state:not at safepoint (normal execution)

VM Mutex/Monitor currently owned by a thread: None

Heap:
 PSYoungGen      total 68096K, used 28775K [0x000000076ab00000, 0x000000076f000000, 0x00000007c0000000)
  eden space 65536K, 43% used [0x000000076ab00000,0x000000076c719d68,0x000000076eb00000)
  from space 2560K, 0% used [0x000000076ed80000,0x000000076ed80000,0x000000076f000000)
  to   space 2560K, 0% used [0x000000076eb00000,0x000000076eb00000,0x000000076ed80000)
 ParOldGen       total 85504K, used 38938K [0x00000006c0000000, 0x00000006c5380000, 0x000000076ab00000)
  object space 85504K, 45% used [0x00000006c0000000,0x00000006c2606800,0x00000006c5380000)
 Metaspace       used 6073K, capacity 7092K, committed 7296K, reserved 1056768K
  class space    used 601K, capacity 620K, committed 640K, reserved 1048576K

Card table byte_map: [0x0000000011fd0000,0x00000000127e0000] byte_map_base: 0x000000000e9d0000

Marking Bits: (ParMarkBitMap*) 0x000000007610a6d0
 Begin Bits: [0x0000000013140000, 0x0000000017140000)
 End Bits:   [0x0000000017140000, 0x000000001b140000)

Polling page: 0x0000000000d80000

CodeCache: size=245760Kb used=7291Kb max_used=7291Kb free=238469Kb
 bounds [0x0000000002c10000, 0x0000000003340000, 0x0000000011c10000]
 total_blobs=1861 nmethods=1599 adapters=175
 compilation: enabled

Compilation events (10 events):
Event: 6.130 Thread 0x000000001c33b800 nmethod 1612 0x00000000032b9e10 code [0x00000000032ba4c0, 0x00000000032bd288]
Event: 6.130 Thread 0x000000001c33b800 1613       2       com.android.dx.cf.code.Frame::initializeWithParameters (49 bytes)
Event: 6.130 Thread 0x000000001c33b800 nmethod 1613 0x00000000032c3190 code [0x00000000032c3320, 0x00000000032c35c8]
Event: 6.130 Thread 0x000000001c33b800 1615       2       com.android.dx.ssa.back.SsaToRop::verifyValidExitPredecessor (53 bytes)
Event: 6.131 Thread 0x000000001c33b800 nmethod 1615 0x00000000032b94d0 code [0x00000000032b9680, 0x00000000032b9a18]
Event: 6.131 Thread 0x000000001c33b800 1614       2       com.android.dx.cf.code.Ropper::addReturnBlock (228 bytes)
Event: 6.133 Thread 0x000000001c33b800 nmethod 1614 0x00000000032e29d0 code [0x00000000032e2d40, 0x00000000032e3fe8]
Event: 6.197 Thread 0x000000001c33b800 1616       2       com.android.dx.ssa.back.SsaToRop$PhiVisitor::visitPhiInsn (67 bytes)
Event: 6.198 Thread 0x000000001c33b800 nmethod 1616 0x00000000032b8390 code [0x00000000032b8580, 0x00000000032b8b48]
Event: 6.200 Thread 0x000000001c33b800 1617       2       com.android.dx.cf.code.Ropper::addSynchExceptionHandlerBlock (206 bytes)

GC Heap History (10 events):
Event: 2.123 GC heap before
{Heap before GC invocations=2 (full 0):
 PSYoungGen      total 18944K, used 18912K [0x000000076ab00000, 0x000000076d000000, 0x00000007c0000000)
  eden space 16384K, 100% used [0x000000076ab00000,0x000000076bb00000,0x000000076bb00000)
  from space 2560K, 98% used [0x000000076bb00000,0x000000076bd78038,0x000000076bd80000)
  to   space 2560K, 0% used [0x000000076cd80000,0x000000076cd80000,0x000000076d000000)
 ParOldGen       total 44032K, used 1571K [0x00000006c0000000, 0x00000006c2b00000, 0x000000076ab00000)
  object space 44032K, 3% used [0x00000006c0000000,0x00000006c0188fa8,0x00000006c2b00000)
 Metaspace       used 5817K, capacity 6834K, committed 7040K, reserved 1056768K
  class space    used 593K, capacity 618K, committed 640K, reserved 1048576K
Event: 2.133 GC heap after
Heap after GC invocations=2 (full 0):
 PSYoungGen      total 35328K, used 2544K [0x000000076ab00000, 0x000000076d000000, 0x00000007c0000000)
  eden space 32768K, 0% used [0x000000076ab00000,0x000000076ab00000,0x000000076cb00000)
  from space 2560K, 99% used [0x000000076cd80000,0x000000076cffc028,0x000000076d000000)
  to   space 2560K, 0% used [0x000000076cb00000,0x000000076cb00000,0x000000076cd80000)
 ParOldGen       total 44032K, used 3939K [0x00000006c0000000, 0x00000006c2b00000, 0x000000076ab00000)
  object space 44032K, 8% used [0x00000006c0000000,0x00000006c03d8fa8,0x00000006c2b00000)
 Metaspace       used 5817K, capacity 6834K, committed 7040K, reserved 1056768K
  class space    used 593K, capacity 618K, committed 640K, reserved 1048576K
}
Event: 3.336 GC heap before
{Heap before GC invocations=3 (full 0):
 PSYoungGen      total 35328K, used 35312K [0x000000076ab00000, 0x000000076d000000, 0x00000007c0000000)
  eden space 32768K, 100% used [0x000000076ab00000,0x000000076cb00000,0x000000076cb00000)
  from space 2560K, 99% used [0x000000076cd80000,0x000000076cffc028,0x000000076d000000)
  to   space 2560K, 0% used [0x000000076cb00000,0x000000076cb00000,0x000000076cd80000)
 ParOldGen       total 44032K, used 3939K [0x00000006c0000000, 0x00000006c2b00000, 0x000000076ab00000)
  object space 44032K, 8% used [0x00000006c0000000,0x00000006c03d8fa8,0x00000006c2b00000)
 Metaspace       used 5943K, capacity 6962K, committed 7040K, reserved 1056768K
  class space    used 596K, capacity 618K, committed 640K, reserved 1048576K
Event: 3.523 GC heap after
Heap after GC invocations=3 (full 0):
 PSYoungGen      total 35328K, used 2528K [0x000000076ab00000, 0x000000076f000000, 0x00000007c0000000)
  eden space 32768K, 0% used [0x000000076ab00000,0x000000076ab00000,0x000000076cb00000)
  from space 2560K, 98% used [0x000000076cb00000,0x000000076cd78128,0x000000076cd80000)
  to   space 2560K, 0% used [0x000000076ed80000,0x000000076ed80000,0x000000076f000000)
 ParOldGen       total 44032K, used 11702K [0x00000006c0000000, 0x00000006c2b00000, 0x000000076ab00000)
  object space 44032K, 26% used [0x00000006c0000000,0x00000006c0b6db28,0x00000006c2b00000)
 Metaspace       used 5943K, capacity 6962K, committed 7040K, reserved 1056768K
  class space    used 596K, capacity 618K, committed 640K, reserved 1048576K
}
Event: 4.978 GC heap before
{Heap before GC invocations=4 (full 0):
 PSYoungGen      total 35328K, used 35296K [0x000000076ab00000, 0x000000076f000000, 0x00000007c0000000)
  eden space 32768K, 100% used [0x000000076ab00000,0x000000076cb00000,0x000000076cb00000)
  from space 2560K, 98% used [0x000000076cb00000,0x000000076cd78128,0x000000076cd80000)
  to   space 2560K, 0% used [0x000000076ed80000,0x000000076ed80000,0x000000076f000000)
 ParOldGen       total 44032K, used 11702K [0x00000006c0000000, 0x00000006c2b00000, 0x000000076ab00000)
  object space 44032K, 26% used [0x00000006c0000000,0x00000006c0b6db28,0x00000006c2b00000)
 Metaspace       used 6009K, capacity 7026K, committed 7296K, reserved 1056768K
  class space    used 599K, capacity 618K, committed 640K, reserved 1048576K
Event: 5.021 GC heap after
Heap after GC invocations=4 (full 0):
 PSYoungGen      total 68096K, used 2530K [0x000000076ab00000, 0x000000076f000000, 0x00000007c0000000)
  eden space 65536K, 0% used [0x000000076ab00000,0x000000076ab00000,0x000000076eb00000)
  from space 2560K, 98% used [0x000000076ed80000,0x000000076eff8b58,0x000000076f000000)
  to   space 2560K, 0% used [0x000000076eb00000,0x000000076eb00000,0x000000076ed80000)
 ParOldGen       total 44032K, used 23570K [0x00000006c0000000, 0x00000006c2b00000, 0x000000076ab00000)
  object space 44032K, 53% used [0x00000006c0000000,0x00000006c1704af8,0x00000006c2b00000)
 Metaspace       used 6009K, capacity 7026K, committed 7296K, reserved 1056768K
  class space    used 599K, capacity 618K, committed 640K, reserved 1048576K
}
Event: 5.585 GC heap before
{Heap before GC invocations=5 (full 0):
 PSYoungGen      total 68096K, used 68066K [0x000000076ab00000, 0x000000076f000000, 0x00000007c0000000)
  eden space 65536K, 100% used [0x000000076ab00000,0x000000076eb00000,0x000000076eb00000)
  from space 2560K, 98% used [0x000000076ed80000,0x000000076eff8b58,0x000000076f000000)
  to   space 2560K, 0% used [0x000000076eb00000,0x000000076eb00000,0x000000076ed80000)
 ParOldGen       total 44032K, used 23570K [0x00000006c0000000, 0x00000006c2b00000, 0x000000076ab00000)
  object space 44032K, 53% used [0x00000006c0000000,0x00000006c1704af8,0x00000006c2b00000)
 Metaspace       used 6026K, capacity 7028K, committed 7296K, reserved 1056768K
  class space    used 601K, capacity 620K, committed 640K, reserved 1048576K
Event: 5.641 GC heap after
Heap after GC invocations=5 (full 0):
 PSYoungGen      total 68096K, used 2558K [0x000000076ab00000, 0x000000076f000000, 0x00000007c0000000)
  eden space 65536K, 0% used [0x000000076ab00000,0x000000076ab00000,0x000000076eb00000)
  from space 2560K, 99% used [0x000000076eb00000,0x000000076ed7f8e0,0x000000076ed80000)
  to   space 2560K, 0% used [0x000000076ed80000,0x000000076ed80000,0x000000076f000000)
 ParOldGen       total 46080K, used 45805K [0x00000006c0000000, 0x00000006c2d00000, 0x000000076ab00000)
  object space 46080K, 99% used [0x00000006c0000000,0x00000006c2cbb550,0x00000006c2d00000)
 Metaspace       used 6026K, capacity 7028K, committed 7296K, reserved 1056768K
  class space    used 601K, capacity 620K, committed 640K, reserved 1048576K
}
Event: 5.641 GC heap before
{Heap before GC invocations=6 (full 1):
 PSYoungGen      total 68096K, used 2558K [0x000000076ab00000, 0x000000076f000000, 0x00000007c0000000)
  eden space 65536K, 0% used [0x000000076ab00000,0x000000076ab00000,0x000000076eb00000)
  from space 2560K, 99% used [0x000000076eb00000,0x000000076ed7f8e0,0x000000076ed80000)
  to   space 2560K, 0% used [0x000000076ed80000,0x000000076ed80000,0x000000076f000000)
 ParOldGen       total 46080K, used 45805K [0x00000006c0000000, 0x00000006c2d00000, 0x000000076ab00000)
  object space 46080K, 99% used [0x00000006c0000000,0x00000006c2cbb550,0x00000006c2d00000)
 Metaspace       used 6026K, capacity 7028K, committed 7296K, reserved 1056768K
  class space    used 601K, capacity 620K, committed 640K, reserved 1048576K
Event: 6.009 GC heap after
Heap after GC invocations=6 (full 1):
 PSYoungGen      total 68096K, used 0K [0x000000076ab00000, 0x000000076f000000, 0x00000007c0000000)
  eden space 65536K, 0% used [0x000000076ab00000,0x000000076ab00000,0x000000076eb00000)
  from space 2560K, 0% used [0x000000076eb00000,0x000000076eb00000,0x000000076ed80000)
  to   space 2560K, 0% used [0x000000076ed80000,0x000000076ed80000,0x000000076f000000)
 ParOldGen       total 85504K, used 38378K [0x00000006c0000000, 0x00000006c5380000, 0x000000076ab00000)
  object space 85504K, 44% used [0x00000006c0000000,0x00000006c257a920,0x00000006c5380000)
 Metaspace       used 6026K, capacity 7028K, committed 7296K, reserved 1056768K
  class space    used 601K, capacity 620K, committed 640K, reserved 1048576K
}

Deoptimization events (10 events):
Event: 3.571 Thread 0x000000001dd93800 Uncommon trap: reason=unstable_if action=reinterpret pc=0x0000000003112728 method=com.android.dx.ssa.SCCP.simulateStmt(Lcom/android/dx/ssa/SsaInsn;)V @ 469
Event: 3.576 Thread 0x000000001dd93800 Uncommon trap: reason=class_check action=maybe_recompile pc=0x00000000031ea18c method=com.android.dx.ssa.NormalSsaInsn.accept(Lcom/android/dx/ssa/SsaInsn$Visitor;)V @ 9
Event: 3.576 Thread 0x000000001dd93800 Uncommon trap: reason=class_check action=maybe_recompile pc=0x00000000031ea18c method=com.android.dx.ssa.NormalSsaInsn.accept(Lcom/android/dx/ssa/SsaInsn$Visitor;)V @ 9
Event: 3.576 Thread 0x000000001dd93800 Uncommon trap: reason=class_check action=maybe_recompile pc=0x00000000031ea18c method=com.android.dx.ssa.NormalSsaInsn.accept(Lcom/android/dx/ssa/SsaInsn$Visitor;)V @ 9
Event: 3.577 Thread 0x000000001dd93800 Uncommon trap: reason=class_check action=maybe_recompile pc=0x0000000003171778 method=com.android.dx.ssa.SCCP.setLatticeValueTo(IILcom/android/dx/rop/cst/Constant;)Z @ 43
Event: 3.577 Thread 0x000000001dd93800 Uncommon trap: reason=class_check action=maybe_recompile pc=0x00000000031ea18c method=com.android.dx.ssa.NormalSsaInsn.accept(Lcom/android/dx/ssa/SsaInsn$Visitor;)V @ 9
Event: 3.580 Thread 0x000000001dd93800 Uncommon trap: reason=class_check action=maybe_recompile pc=0x0000000003171778 method=com.android.dx.ssa.SCCP.setLatticeValueTo(IILcom/android/dx/rop/cst/Constant;)Z @ 43
Event: 3.606 Thread 0x000000001dd93800 Uncommon trap: reason=unstable_if action=reinterpret pc=0x000000000317157c method=com.android.dx.ssa.SCCP.simulatePhi(Lcom/android/dx/ssa/PhiInsn;)V @ 97
Event: 4.411 Thread 0x000000001dd93800 Uncommon trap: reason=unstable_if action=reinterpret pc=0x000000000322fb34 method=com.android.dx.rop.code.RegisterSpec.equals(ILcom/android/dx/rop/type/TypeBearer;Lcom/android/dx/rop/code/LocalItem;)Z @ 16
Event: 5.071 Thread 0x000000001deb9000 Uncommon trap: reason=unstable_if action=reinterpret pc=0x00000000030d409c method=java.util.BitSet.nextSetBit(I)I @ 87

Internal exceptions (2 events):
Event: 0.192 Thread 0x0000000002b0d800 Exception <a 'java/lang/NoSuchMethodError': Method sun.misc.Unsafe.defineClass(Ljava/lang/String;[BII)Ljava/lang/Class; name or signature does not match> (0x000000076ab07c78) thrown at [C:\re\workspace\8-2-build-windows-amd64-cygwin\jdk8u112\7884\hotspot\
Event: 0.192 Thread 0x0000000002b0d800 Exception <a 'java/lang/NoSuchMethodError': Method sun.misc.Unsafe.prefetchRead(Ljava/lang/Object;J)V name or signature does not match> (0x000000076ab07f60) thrown at [C:\re\workspace\8-2-build-windows-amd64-cygwin\jdk8u112\7884\hotspot\src\share\vm\prims

Events (10 events):
Event: 5.094 Executing VM operation: Deoptimize
Event: 5.102 Executing VM operation: Deoptimize done
Event: 5.109 Thread 0x000000001deb7000 DEOPT PACKING pc=0x00000000032665e8 sp=0x000000001e61e7b0
Event: 5.109 Thread 0x000000001deb7000 DEOPT UNPACKING pc=0x0000000002c5787f sp=0x000000001e61e3f8 mode 0
Event: 5.111 Thread 0x000000001deb7000 DEOPT PACKING pc=0x0000000003272ac4 sp=0x000000001e61e940
Event: 5.111 Thread 0x000000001deb7000 DEOPT UNPACKING pc=0x0000000002c5787f sp=0x000000001e61e700 mode 0
Event: 5.137 Thread 0x000000001deb7000 DEOPT PACKING pc=0x00000000030d00e2 sp=0x000000001e61e8e0
Event: 5.137 Thread 0x000000001deb7000 DEOPT UNPACKING pc=0x0000000002c5787f sp=0x000000001e61e630 mode 0
Event: 5.531 Executing VM operation: ParallelGCFailedAllocation
Event: 6.009 Executing VM operation: ParallelGCFailedAllocation done


Dynamic libraries:
0x00007ff7a48a0000 - 0x00007ff7a48d7000 	C:\Program Files\Java\jdk1.8.0_112\bin\java.exe
0x00007ff9e3150000 - 0x00007ff9e3321000 	C:\WINDOWS\SYSTEM32\ntdll.dll
0x00007ff9e30a0000 - 0x00007ff9e314b000 	C:\WINDOWS\System32\KERNEL32.DLL
0x00007ff9df640000 - 0x00007ff9df85d000 	C:\WINDOWS\System32\KERNELBASE.dll
0x00007ff9e2aa0000 - 0x00007ff9e2b42000 	C:\WINDOWS\System32\ADVAPI32.dll
0x00007ff9e0bf0000 - 0x00007ff9e0c8e000 	C:\WINDOWS\System32\msvcrt.dll
0x00007ff9e2b50000 - 0x00007ff9e2ba9000 	C:\WINDOWS\System32\sechost.dll
0x00007ff9e25a0000 - 0x00007ff9e26c1000 	C:\WINDOWS\System32\RPCRT4.dll
0x00007ff9e0750000 - 0x00007ff9e08b5000 	C:\WINDOWS\System32\USER32.dll
0x00007ff9e0670000 - 0x00007ff9e068e000 	C:\WINDOWS\System32\win32u.dll
0x00007ff9e2820000 - 0x00007ff9e2854000 	C:\WINDOWS\System32\GDI32.dll
0x00007ff9e04e0000 - 0x00007ff9e0662000 	C:\WINDOWS\System32\gdi32full.dll
0x00007ff9d96a0000 - 0x00007ff9d9919000 	C:\WINDOWS\WinSxS\amd64_microsoft.windows.common-controls_6595b64144ccf1df_6.0.14393.447_none_42191651c6827bb3\COMCTL32.dll
0x00007ff9e08c0000 - 0x00007ff9e0b88000 	C:\WINDOWS\System32\combase.dll
0x00007ff9df860000 - 0x00007ff9df955000 	C:\WINDOWS\System32\ucrtbase.dll
0x00007ff9e0470000 - 0x00007ff9e04da000 	C:\WINDOWS\System32\bcryptPrimitives.dll
0x00007ff9e26e0000 - 0x00007ff9e270e000 	C:\WINDOWS\System32\IMM32.DLL
0x00000000508b0000 - 0x0000000050982000 	C:\Program Files\Java\jdk1.8.0_112\jre\bin\msvcr100.dll
0x00000000758f0000 - 0x000000007618a000 	C:\Program Files\Java\jdk1.8.0_112\jre\bin\server\jvm.dll
0x00007ff9e2880000 - 0x00007ff9e2888000 	C:\WINDOWS\System32\PSAPI.DLL
0x00007ff9dd8a0000 - 0x00007ff9dd8c3000 	C:\WINDOWS\SYSTEM32\WINMM.dll
0x00007ff9d7390000 - 0x00007ff9d739a000 	C:\WINDOWS\SYSTEM32\VERSION.dll
0x00007ff9cfd20000 - 0x00007ff9cfd29000 	C:\WINDOWS\SYSTEM32\WSOCK32.dll
0x00007ff9e2710000 - 0x00007ff9e277a000 	C:\WINDOWS\System32\WS2_32.dll
0x00007ff9dd870000 - 0x00007ff9dd89b000 	C:\WINDOWS\SYSTEM32\WINMMBASE.dll
0x00007ff9e0690000 - 0x00007ff9e06d2000 	C:\WINDOWS\System32\cfgmgr32.dll
0x00000000508a0000 - 0x00000000508af000 	C:\Program Files\Java\jdk1.8.0_112\jre\bin\verify.dll
0x0000000050870000 - 0x0000000050899000 	C:\Program Files\Java\jdk1.8.0_112\jre\bin\java.dll
0x0000000050850000 - 0x0000000050866000 	C:\Program Files\Java\jdk1.8.0_112\jre\bin\zip.dll
0x00007ff9e1090000 - 0x00007ff9e2599000 	C:\WINDOWS\System32\SHELL32.dll
0x00007ff9dfd90000 - 0x00007ff9e046a000 	C:\WINDOWS\System32\windows.storage.dll
0x00007ff9df5d0000 - 0x00007ff9df61c000 	C:\WINDOWS\System32\powrprof.dll
0x00007ff9e06f0000 - 0x00007ff9e0742000 	C:\WINDOWS\System32\shlwapi.dll
0x00007ff9df630000 - 0x00007ff9df63f000 	C:\WINDOWS\System32\kernel.appcore.dll
0x00007ff9df960000 - 0x00007ff9dfa09000 	C:\WINDOWS\System32\shcore.dll
0x00007ff9df5b0000 - 0x00007ff9df5c4000 	C:\WINDOWS\System32\profapi.dll

VM Arguments:
jvm_args: -Djava.awt.headless=true -Xmx4g -Dfile.encoding=windows-1252 -Duser.country=IN -Duser.language=en -Duser.variant 
java_command: com.android.dx.command.Main --dex --verbose --force-jumbo --num-threads=4 --multi-dex --output C:\Users\Pooja\Dropbox\MobiPlace\app\build\intermediates\transforms\dex\debug\folders\1000\5\slice_8 C:\Users\Pooja\Dropbox\MobiPlace\app\build\intermediates\transforms\instantRunSlicer\debug\folders\1\5\slice_8
java_class_path (initial): C:\Users\Pooja\AppData\Local\Android\sdk\build-tools\23.0.1\lib\dx.jar
Launcher Type: SUN_STANDARD

Environment Variables:
JAVA_HOME=C:\Program Files\Java\jdk1.8.0_112
PATH=C:\ProgramData\Oracle\Java\javapath;G:\app\pooja22\product\12.1.0\dbhome_1\bin;C:\Program Files (x86)\NVIDIA Corporation\PhysX\Common;C:\Program Files (x86)\Intel\iCLS Client\;C:\Program Files\Intel\iCLS Client\;C:\WINDOWS\system32;C:\WINDOWS;C:\WINDOWS\System32\Wbem;C:\WINDOWS\System32\WindowsPowerShell\v1.0\;C:\Program Files\Hewlett-Packard\SimplePass\;C:\Program Files\Intel\Intel(R) Management Engine Components\DAL;C:\Program Files (x86)\Intel\Intel(R) Management Engine Components\DAL;C:\Program Files\Intel\Intel(R) Management Engine Components\IPT;C:\Program Files (x86)\Intel\Intel(R) Management Engine Components\IPT;C:\Program Files (x86)\MySQL\MySQL Server 5.0\bin;C:\Program Files (x86)\Microsoft SQL Server\110\Tools\Binn\ManagementStudio\;C:\Program Files (x86)\Microsoft SQL Server\110\Tools\Binn\;C:\Program Files\Microsoft SQL Server\110\Tools\Binn\;C:\Program Files (x86)\Microsoft SQL Server\110\DTS\Binn\;C:\Program Files (x86)\Common Files\lenovo\easyplussdk\bin;C:\Program Files (x86)\Microsoft SDKs\TypeScript\1.0\;C:\Program Files\Microsoft SQL Server\120\Tools\Binn\;C:\Users\Pooja\AppData\Local\Android\sdk\platform-tools;C:\Users\Pooja\AppData\Local\Android\sdk\tools;C:\Users\Pooja\AppData\Local\Android\sdk\build-tools\23.0.1;C:\Users\Pooja\AppData\Local\Android\sdk\build-tools\22.0.1;C:\Users\Pooja\AppData\Local\Android\sdk\build-tools\23.0.3;;C:\Program Files (x86)\Microsoft VS Code\bin;C:\Users\Pooja\AppData\Local\Microsoft\WindowsApps
USERNAME=Pooja
OS=Windows_NT
PROCESSOR_IDENTIFIER=Intel64 Family 6 Model 61 Stepping 4, GenuineIntel



---------------  S Y S T E M  ---------------

OS: Windows 10.0 , 64 bit Build 14393 (10.0.14393.0)

CPU:total 4 (2 cores per cpu, 2 threads per core) family 6 model 61 stepping 4, cmov, cx8, fxsr, mmx, sse, sse2, sse3, ssse3, sse4.1, sse4.2, popcnt, avx, avx2, aes, clmul, erms, 3dnowpref, lzcnt, ht, tsc, tscinvbit, bmi1, bmi2, adx

Memory: 4k page, physical 4107664k(275472k free), swap 9350544k(1376k free)

vm_info: Java HotSpot(TM) 64-Bit Server VM (25.112-b15) for windows-amd64 JRE (1.8.0_112-b15), built on Sep 22 2016 21:31:56 by "java_re" with MS VC++ 10.0 (VS2010)

time: Sun Mar 05 21:57:19 2017
elapsed time: 6 seconds (0d 0h 0m 6s)

