#
# There is insufficient memory for the Java Runtime Environment to continue.
# Native memory allocation (malloc) failed to allocate 578096 bytes for Chunk::new
# Possible reasons:
#   The system is out of physical RAM or swap space
#   In 32 bit mode, the process size limit was hit
# Possible solutions:
#   Reduce memory load on the system
#   Increase physical memory or swap space
#   Check if swap backing store is full
#   Use 64 bit Java on a 64 bit OS
#   Decrease Java heap size (-Xmx/-Xms)
#   Decrease number of Java threads
#   Decrease Java thread stack sizes (-Xss)
#   Set larger code cache with -XX:ReservedCodeCacheSize=
# This output file may be truncated or incomplete.
#
#  Out of Memory Error (allocation.cpp:390), pid=14808, tid=0x0000000000005810
#
# JRE version: Java(TM) SE Runtime Environment (8.0_112-b15) (build 1.8.0_112-b15)
# Java VM: Java HotSpot(TM) 64-Bit Server VM (25.112-b15 mixed mode windows-amd64 compressed oops)
# Failed to write core dump. Minidumps are not enabled by default on client versions of Windows
#

---------------  T H R E A D  ---------------

Current thread (0x000000001c03a000):  JavaThread "C2 CompilerThread1" daemon [_thread_in_native, id=22544, stack(0x000000001d740000,0x000000001d840000)]

Stack: [0x000000001d740000,0x000000001d840000]
[error occurred during error reporting (printing stack bounds), id 0xc0000005]

Native frames: (J=compiled Java code, j=interpreted, Vv=VM code, C=native code)


Current CompileTask:
C2:   1811 1028   !   4       com.android.dx.cf.code.BytecodeArray::parseInstruction (2764 bytes)


---------------  P R O C E S S  ---------------

Java Threads: ( => current thread )
  0x000000001dab3000 JavaThread "pool-2-thread-4" [_thread_blocked, id=8664, stack(0x000000001e340000,0x000000001e440000)]
  0x000000001dab2000 JavaThread "pool-2-thread-3" [_thread_in_Java, id=18124, stack(0x000000001e240000,0x000000001e340000)]
  0x000000001daac000 JavaThread "pool-2-thread-2" [_thread_in_Java, id=15112, stack(0x000000001e140000,0x000000001e240000)]
  0x000000001daab000 JavaThread "pool-3-thread-1" [_thread_blocked, id=1608, stack(0x000000001e040000,0x000000001e140000)]
  0x000000001daa6800 JavaThread "pool-2-thread-1" [_thread_blocked, id=16412, stack(0x000000001df40000,0x000000001e040000)]
  0x000000001d846000 JavaThread "Service Thread" daemon [_thread_blocked, id=12332, stack(0x000000001dd40000,0x000000001de40000)]
  0x000000001d840800 JavaThread "C1 CompilerThread2" daemon [_thread_blocked, id=10584, stack(0x000000001dc40000,0x000000001dd40000)]
=>0x000000001c03a000 JavaThread "C2 CompilerThread1" daemon [_thread_in_native, id=22544, stack(0x000000001d740000,0x000000001d840000)]
  0x000000001bfdd800 JavaThread "C2 CompilerThread0" daemon [_thread_in_native, id=16360, stack(0x000000001d640000,0x000000001d740000)]
  0x000000001bfdc000 JavaThread "Attach Listener" daemon [_thread_blocked, id=3100, stack(0x000000001d540000,0x000000001d640000)]
  0x000000000290e800 JavaThread "Signal Dispatcher" daemon [_thread_blocked, id=10844, stack(0x000000001d440000,0x000000001d540000)]
  0x000000001bfca000 JavaThread "Finalizer" daemon [_thread_blocked, id=21564, stack(0x000000001d240000,0x000000001d340000)]
  0x0000000002900000 JavaThread "Reference Handler" daemon [_thread_blocked, id=12080, stack(0x000000001d140000,0x000000001d240000)]
  0x000000000270d800 JavaThread "main" [_thread_blocked, id=12700, stack(0x0000000002710000,0x0000000002810000)]

Other Threads:
  0x000000001bfa7800 VMThread [stack: 0x000000001d040000,0x000000001d140000] [id=19696]
  0x000000001d84b000 WatcherThread [stack: 0x000000001de40000,0x000000001df40000] [id=6788]

VM state:not at safepoint (normal execution)

VM Mutex/Monitor currently owned by a thread: None

Heap:
 PSYoungGen      total 35328K, used 5352K [0x000000076ab00000, 0x000000076d000000, 0x00000007c0000000)
  eden space 32768K, 8% used [0x000000076ab00000,0x000000076adc2130,0x000000076cb00000)
  from space 2560K, 98% used [0x000000076cd80000,0x000000076cff8028,0x000000076d000000)
  to   space 2560K, 0% used [0x000000076cb00000,0x000000076cb00000,0x000000076cd80000)
 ParOldGen       total 44032K, used 4161K [0x00000006c0000000, 0x00000006c2b00000, 0x000000076ab00000)
  object space 44032K, 9% used [0x00000006c0000000,0x00000006c04105a8,0x00000006c2b00000)
 Metaspace       used 6072K, capacity 6936K, committed 7168K, reserved 1056768K
  class space    used 616K, capacity 656K, committed 768K, reserved 1048576K

Card table byte_map: [0x0000000011cd0000,0x00000000124e0000] byte_map_base: 0x000000000e6d0000

Marking Bits: (ParMarkBitMap*) 0x000000007610a6d0
 Begin Bits: [0x0000000012e40000, 0x0000000016e40000)
 End Bits:   [0x0000000016e40000, 0x000000001ae40000)

Polling page: 0x0000000002680000

CodeCache: size=245760Kb used=4890Kb max_used=4895Kb free=240869Kb
 bounds [0x0000000002910000, 0x0000000002de0000, 0x0000000011910000]
 total_blobs=1521 nmethods=1252 adapters=182
 compilation: enabled

Compilation events (10 events):
Event: 1.713 Thread 0x000000001d840800 nmethod 1199 0x0000000002daa950 code [0x0000000002daaae0, 0x0000000002daaf28]
Event: 1.713 Thread 0x000000001d840800 1198       3       java.util.Collections$UnmodifiableList::get (11 bytes)
Event: 1.713 Thread 0x000000001d840800 nmethod 1198 0x0000000002dab050 code [0x0000000002dab1c0, 0x0000000002dab3e8]
Event: 1.713 Thread 0x000000001d840800 1200       3       com.android.dx.ssa.SsaInsn::setResult (20 bytes)
Event: 1.713 Thread 0x000000001d840800 nmethod 1200 0x0000000002dab490 code [0x0000000002dab600, 0x0000000002dab868]
Event: 1.713 Thread 0x000000001d840800 1201   !   3       java.util.zip.ZipFile::getInflater (56 bytes)
Event: 1.714 Thread 0x000000001d840800 nmethod 1201 0x0000000002dab950 code [0x0000000002dabb40, 0x0000000002dac738]
Event: 1.714 Thread 0x000000001d840800 1203       3       com.android.dx.rop.cst.CstType::<init> (46 bytes)
Event: 1.715 Thread 0x000000001d840800 nmethod 1203 0x0000000002dacd90 code [0x0000000002dacf40, 0x0000000002dad3d8]
Event: 1.715 Thread 0x000000001d840800 1205       3       java.util.ArrayList$SubList::rangeCheck (26 bytes)

GC Heap History (2 events):
Event: 1.368 GC heap before
{Heap before GC invocations=1 (full 0):
 PSYoungGen      total 18944K, used 16384K [0x000000076ab00000, 0x000000076c000000, 0x00000007c0000000)
  eden space 16384K, 100% used [0x000000076ab00000,0x000000076bb00000,0x000000076bb00000)
  from space 2560K, 0% used [0x000000076bd80000,0x000000076bd80000,0x000000076c000000)
  to   space 2560K, 0% used [0x000000076bb00000,0x000000076bb00000,0x000000076bd80000)
 ParOldGen       total 44032K, used 0K [0x00000006c0000000, 0x00000006c2b00000, 0x000000076ab00000)
  object space 44032K, 0% used [0x00000006c0000000,0x00000006c0000000,0x00000006c2b00000)
 Metaspace       used 5881K, capacity 6808K, committed 7168K, reserved 1056768K
  class space    used 614K, capacity 656K, committed 768K, reserved 1048576K
Event: 1.384 GC heap after
Heap after GC invocations=1 (full 0):
 PSYoungGen      total 18944K, used 2535K [0x000000076ab00000, 0x000000076d000000, 0x00000007c0000000)
  eden space 16384K, 0% used [0x000000076ab00000,0x000000076ab00000,0x000000076bb00000)
  from space 2560K, 99% used [0x000000076bb00000,0x000000076bd79c68,0x000000076bd80000)
  to   space 2560K, 0% used [0x000000076cd80000,0x000000076cd80000,0x000000076d000000)
 ParOldGen       total 44032K, used 1861K [0x00000006c0000000, 0x00000006c2b00000, 0x000000076ab00000)
  object space 44032K, 4% used [0x00000006c0000000,0x00000006c01d1480,0x00000006c2b00000)
 Metaspace       used 5881K, capacity 6808K, committed 7168K, reserved 1056768K
  class space    used 614K, capacity 656K, committed 768K, reserved 1048576K
}

Deoptimization events (6 events):
Event: 1.163 Thread 0x000000001dab3000 Uncommon trap: reason=unstable_if action=reinterpret pc=0x0000000002b289bc method=java.util.HashMap.getNode(ILjava/lang/Object;)Ljava/util/HashMap$Node; @ 129
Event: 1.358 Thread 0x000000001dab3000 Uncommon trap: reason=class_check action=maybe_recompile pc=0x0000000002b56230 method=com.android.dx.ssa.NormalSsaInsn.accept(Lcom/android/dx/ssa/SsaInsn$Visitor;)V @ 9
Event: 1.358 Thread 0x000000001dab3000 Uncommon trap: reason=class_check action=maybe_recompile pc=0x0000000002b56230 method=com.android.dx.ssa.NormalSsaInsn.accept(Lcom/android/dx/ssa/SsaInsn$Visitor;)V @ 9
Event: 1.358 Thread 0x000000001dab3000 Uncommon trap: reason=class_check action=maybe_recompile pc=0x0000000002b56230 method=com.android.dx.ssa.NormalSsaInsn.accept(Lcom/android/dx/ssa/SsaInsn$Visitor;)V @ 9
Event: 1.358 Thread 0x000000001dab3000 Uncommon trap: reason=class_check action=maybe_recompile pc=0x0000000002b56230 method=com.android.dx.ssa.NormalSsaInsn.accept(Lcom/android/dx/ssa/SsaInsn$Visitor;)V @ 9
Event: 1.407 Thread 0x000000001dab2000 Uncommon trap: reason=class_check action=maybe_recompile pc=0x0000000002c39aa8 method=com.android.dx.ssa.NormalSsaInsn.accept(Lcom/android/dx/ssa/SsaInsn$Visitor;)V @ 9

Internal exceptions (2 events):
Event: 0.120 Thread 0x000000000270d800 Exception <a 'java/lang/NoSuchMethodError': Method sun.misc.Unsafe.defineClass(Ljava/lang/String;[BII)Ljava/lang/Class; name or signature does not match> (0x000000076ab07c78) thrown at [C:\re\workspace\8-2-build-windows-amd64-cygwin\jdk8u112\7884\hotspot\
Event: 0.121 Thread 0x000000000270d800 Exception <a 'java/lang/NoSuchMethodError': Method sun.misc.Unsafe.prefetchRead(Ljava/lang/Object;J)V name or signature does not match> (0x000000076ab07f60) thrown at [C:\re\workspace\8-2-build-windows-amd64-cygwin\jdk8u112\7884\hotspot\src\share\vm\prims

Events (10 events):
Event: 1.358 Thread 0x000000001dab3000 DEOPT UNPACKING pc=0x000000000295582a sp=0x000000001e43eb70 mode 2
Event: 1.368 Executing VM operation: ParallelGCFailedAllocation
Event: 1.384 Executing VM operation: ParallelGCFailedAllocation done
Event: 1.407 Thread 0x000000001dab2000 Uncommon trap: trap_request=0xffffffde fr.pc=0x0000000002c39aa8
Event: 1.407 Thread 0x000000001dab2000 DEOPT PACKING pc=0x0000000002c39aa8 sp=0x000000001e33ea80
Event: 1.407 Thread 0x000000001dab2000 DEOPT UNPACKING pc=0x000000000295582a sp=0x000000001e33ea70 mode 2
Event: 1.681 loading class com/android/dx/cf/attrib/AttDeprecated
Event: 1.681 loading class com/android/dx/cf/attrib/AttDeprecated done
Event: 1.684 loading class com/android/dx/cf/attrib/AttRuntimeVisibleAnnotations
Event: 1.684 loading class com/android/dx/cf/attrib/AttRuntimeVisibleAnnotations done


Dynamic libraries:
0x00007ff7a48a0000 - 0x00007ff7a48d7000 	C:\Program Files\Java\jdk1.8.0_112\bin\java.exe
0x00007ff9e3150000 - 0x00007ff9e3321000 	C:\WINDOWS\SYSTEM32\ntdll.dll
0x00007ff9e30a0000 - 0x00007ff9e314b000 	C:\WINDOWS\System32\KERNEL32.DLL
0x00007ff9df640000 - 0x00007ff9df85d000 	C:\WINDOWS\System32\KERNELBASE.dll
0x00007ff9e2aa0000 - 0x00007ff9e2b42000 	C:\WINDOWS\System32\ADVAPI32.dll
0x00007ff9e0bf0000 - 0x00007ff9e0c8e000 	C:\WINDOWS\System32\msvcrt.dll
0x00007ff9e2b50000 - 0x00007ff9e2ba9000 	C:\WINDOWS\System32\sechost.dll
0x00007ff9e25a0000 - 0x00007ff9e26c1000 	C:\WINDOWS\System32\RPCRT4.dll
0x00007ff9e0750000 - 0x00007ff9e08b5000 	C:\WINDOWS\System32\USER32.dll
0x00007ff9e0670000 - 0x00007ff9e068e000 	C:\WINDOWS\System32\win32u.dll
0x00007ff9e2820000 - 0x00007ff9e2854000 	C:\WINDOWS\System32\GDI32.dll
0x00007ff9e04e0000 - 0x00007ff9e0662000 	C:\WINDOWS\System32\gdi32full.dll
0x00007ff9d96a0000 - 0x00007ff9d9919000 	C:\WINDOWS\WinSxS\amd64_microsoft.windows.common-controls_6595b64144ccf1df_6.0.14393.447_none_42191651c6827bb3\COMCTL32.dll
0x00007ff9e08c0000 - 0x00007ff9e0b88000 	C:\WINDOWS\System32\combase.dll
0x00007ff9df860000 - 0x00007ff9df955000 	C:\WINDOWS\System32\ucrtbase.dll
0x00007ff9e0470000 - 0x00007ff9e04da000 	C:\WINDOWS\System32\bcryptPrimitives.dll
0x00007ff9e26e0000 - 0x00007ff9e270e000 	C:\WINDOWS\System32\IMM32.DLL
0x00000000508b0000 - 0x0000000050982000 	C:\Program Files\Java\jdk1.8.0_112\jre\bin\msvcr100.dll
0x00000000758f0000 - 0x000000007618a000 	C:\Program Files\Java\jdk1.8.0_112\jre\bin\server\jvm.dll
0x00007ff9e2880000 - 0x00007ff9e2888000 	C:\WINDOWS\System32\PSAPI.DLL
0x00007ff9cfd20000 - 0x00007ff9cfd29000 	C:\WINDOWS\SYSTEM32\WSOCK32.dll
0x00007ff9e2710000 - 0x00007ff9e277a000 	C:\WINDOWS\System32\WS2_32.dll
0x00007ff9dd8a0000 - 0x00007ff9dd8c3000 	C:\WINDOWS\SYSTEM32\WINMM.dll
0x00007ff9d7390000 - 0x00007ff9d739a000 	C:\WINDOWS\SYSTEM32\VERSION.dll
0x00007ff9dd870000 - 0x00007ff9dd89b000 	C:\WINDOWS\SYSTEM32\WINMMBASE.dll
0x00007ff9e0690000 - 0x00007ff9e06d2000 	C:\WINDOWS\System32\cfgmgr32.dll
0x00000000508a0000 - 0x00000000508af000 	C:\Program Files\Java\jdk1.8.0_112\jre\bin\verify.dll
0x0000000050870000 - 0x0000000050899000 	C:\Program Files\Java\jdk1.8.0_112\jre\bin\java.dll
0x0000000050850000 - 0x0000000050866000 	C:\Program Files\Java\jdk1.8.0_112\jre\bin\zip.dll
0x00007ff9e1090000 - 0x00007ff9e2599000 	C:\WINDOWS\System32\SHELL32.dll
0x00007ff9dfd90000 - 0x00007ff9e046a000 	C:\WINDOWS\System32\windows.storage.dll
0x00007ff9df5d0000 - 0x00007ff9df61c000 	C:\WINDOWS\System32\powrprof.dll
0x00007ff9e06f0000 - 0x00007ff9e0742000 	C:\WINDOWS\System32\shlwapi.dll
0x00007ff9df630000 - 0x00007ff9df63f000 	C:\WINDOWS\System32\kernel.appcore.dll
0x00007ff9df960000 - 0x00007ff9dfa09000 	C:\WINDOWS\System32\shcore.dll
0x00007ff9df5b0000 - 0x00007ff9df5c4000 	C:\WINDOWS\System32\profapi.dll

VM Arguments:
jvm_args: -Djava.awt.headless=true -Xmx4g -Dfile.encoding=windows-1252 -Duser.country=IN -Duser.language=en -Duser.variant 
java_command: com.android.dx.command.Main --dex --verbose --force-jumbo --num-threads=4 --multi-dex --output C:\Users\Pooja\Dropbox\MobiPlace\app\build\intermediates\transforms\dex\debug\folders\1000\10\com.google.android.gms-play-services-wallet-8.4.0_6f018680e1366794b16b57e98ac1cc15d2ae060a C:\Users\Pooja\Dropbox\MobiPlace\app\build\intermediates\exploded-aar\com.google.android.gms\play-services-wallet\8.4.0\jars\classes.jar
java_class_path (initial): C:\Users\Pooja\AppData\Local\Android\sdk\build-tools\23.0.1\lib\dx.jar
Launcher Type: SUN_STANDARD

Environment Variables:
JAVA_HOME=C:\Program Files\Java\jdk1.8.0_112
PATH=C:\ProgramData\Oracle\Java\javapath;G:\app\pooja22\product\12.1.0\dbhome_1\bin;C:\Program Files (x86)\NVIDIA Corporation\PhysX\Common;C:\Program Files (x86)\Intel\iCLS Client\;C:\Program Files\Intel\iCLS Client\;C:\WINDOWS\system32;C:\WINDOWS;C:\WINDOWS\System32\Wbem;C:\WINDOWS\System32\WindowsPowerShell\v1.0\;C:\Program Files\Hewlett-Packard\SimplePass\;C:\Program Files\Intel\Intel(R) Management Engine Components\DAL;C:\Program Files (x86)\Intel\Intel(R) Management Engine Components\DAL;C:\Program Files\Intel\Intel(R) Management Engine Components\IPT;C:\Program Files (x86)\Intel\Intel(R) Management Engine Components\IPT;C:\Program Files (x86)\MySQL\MySQL Server 5.0\bin;C:\Program Files (x86)\Microsoft SQL Server\110\Tools\Binn\ManagementStudio\;C:\Program Files (x86)\Microsoft SQL Server\110\Tools\Binn\;C:\Program Files\Microsoft SQL Server\110\Tools\Binn\;C:\Program Files (x86)\Microsoft SQL Server\110\DTS\Binn\;C:\Program Files (x86)\Common Files\lenovo\easyplussdk\bin;C:\Program Files (x86)\Microsoft SDKs\TypeScript\1.0\;C:\Program Files\Microsoft SQL Server\120\Tools\Binn\;C:\Users\Pooja\AppData\Local\Android\sdk\platform-tools;C:\Users\Pooja\AppData\Local\Android\sdk\tools;C:\Users\Pooja\AppData\Local\Android\sdk\build-tools\23.0.1;C:\Users\Pooja\AppData\Local\Android\sdk\build-tools\22.0.1;C:\Users\Pooja\AppData\Local\Android\sdk\build-tools\23.0.3;;C:\Program Files (x86)\Microsoft VS Code\bin;C:\Users\Pooja\AppData\Local\Microsoft\WindowsApps
USERNAME=Pooja
OS=Windows_NT
PROCESSOR_IDENTIFIER=Intel64 Family 6 Model 61 Stepping 4, GenuineIntel



---------------  S Y S T E M  ---------------

OS: Windows 10.0 , 64 bit Build 14393 (10.0.14393.0)

CPU:total 4 (2 cores per cpu, 2 threads per core) family 6 model 61 stepping 4, cmov, cx8, fxsr, mmx, sse, sse2, sse3, ssse3, sse4.1, sse4.2, popcnt, avx, avx2, aes, clmul, erms, 3dnowpref, lzcnt, ht, tsc, tscinvbit, bmi1, bmi2, adx

Memory: 4k page, physical 4107664k(264360k free), swap 9350544k(3160k free)

vm_info: Java HotSpot(TM) 64-Bit Server VM (25.112-b15) for windows-amd64 JRE (1.8.0_112-b15), built on Sep 22 2016 21:31:56 by "java_re" with MS VC++ 10.0 (VS2010)

time: Mon Mar 06 00:14:07 2017
elapsed time: 1 seconds (0d 0h 0m 1s)

