#
# There is insufficient memory for the Java Runtime Environment to continue.
# Native memory allocation (malloc) failed to allocate 313136 bytes for Chunk::new
# Possible reasons:
#   The system is out of physical RAM or swap space
#   In 32 bit mode, the process size limit was hit
# Possible solutions:
#   Reduce memory load on the system
#   Increase physical memory or swap space
#   Check if swap backing store is full
#   Use 64 bit Java on a 64 bit OS
#   Decrease Java heap size (-Xmx/-Xms)
#   Decrease number of Java threads
#   Decrease Java thread stack sizes (-Xss)
#   Set larger code cache with -XX:ReservedCodeCacheSize=
# This output file may be truncated or incomplete.
#
#  Out of Memory Error (allocation.cpp:390), pid=12964, tid=0x0000000000000608
#
# JRE version: Java(TM) SE Runtime Environment (8.0_112-b15) (build 1.8.0_112-b15)
# Java VM: Java HotSpot(TM) 64-Bit Server VM (25.112-b15 mixed mode windows-amd64 compressed oops)
# Failed to write core dump. Minidumps are not enabled by default on client versions of Windows
#

---------------  T H R E A D  ---------------

Current thread (0x000000001c71f000):  JavaThread "C2 CompilerThread1" daemon [_thread_in_native, id=1544, stack(0x000000001de10000,0x000000001df10000)]

Stack: [0x000000001de10000,0x000000001df10000]
[error occurred during error reporting (printing stack bounds), id 0xc0000005]

Native frames: (J=compiled Java code, j=interpreted, Vv=VM code, C=native code)


Current CompileTask:
C2:  23992 2513       4       com.android.dx.rop.code.LocalVariableInfo::mergeStarts (75 bytes)


---------------  P R O C E S S  ---------------

Java Threads: ( => current thread )
  0x000000001e2a9000 JavaThread "pool-2-thread-4" [_thread_blocked, id=18444, stack(0x000000001ea10000,0x000000001eb10000)]
  0x000000001e28c800 JavaThread "pool-2-thread-3" [_thread_in_Java, id=1072, stack(0x000000001e910000,0x000000001ea10000)]
  0x000000001e28b800 JavaThread "pool-2-thread-2" [_thread_blocked, id=16460, stack(0x000000001e810000,0x000000001e910000)]
  0x000000001e288800 JavaThread "pool-3-thread-1" [_thread_blocked, id=11708, stack(0x000000001e710000,0x000000001e810000)]
  0x000000001e27f000 JavaThread "pool-2-thread-1" [_thread_blocked, id=2504, stack(0x000000001e610000,0x000000001e710000)]
  0x000000001c72d000 JavaThread "Service Thread" daemon [_thread_blocked, id=5532, stack(0x000000001e410000,0x000000001e510000)]
  0x000000001c723800 JavaThread "C1 CompilerThread2" daemon [_thread_blocked, id=19644, stack(0x000000001df10000,0x000000001e010000)]
=>0x000000001c71f000 JavaThread "C2 CompilerThread1" daemon [_thread_in_native, id=1544, stack(0x000000001de10000,0x000000001df10000)]
  0x000000001c6cd800 JavaThread "C2 CompilerThread0" daemon [_thread_in_native, id=3236, stack(0x000000001dd10000,0x000000001de10000)]
  0x000000001c6cc000 JavaThread "Attach Listener" daemon [_thread_blocked, id=2916, stack(0x000000001dc10000,0x000000001dd10000)]
  0x0000000002ffe800 JavaThread "Signal Dispatcher" daemon [_thread_blocked, id=4292, stack(0x000000001db10000,0x000000001dc10000)]
  0x000000001c6ba000 JavaThread "Finalizer" daemon [_thread_blocked, id=18632, stack(0x000000001d920000,0x000000001da20000)]
  0x0000000002ff0000 JavaThread "Reference Handler" daemon [_thread_blocked, id=732, stack(0x000000001d820000,0x000000001d920000)]
  0x000000000157d800 JavaThread "main" [_thread_in_native, id=18204, stack(0x0000000002e00000,0x0000000002f00000)]

Other Threads:
  0x000000001c697800 VMThread [stack: 0x000000001d720000,0x000000001d820000] [id=14476]
  0x000000001e032800 WatcherThread [stack: 0x000000001e510000,0x000000001e610000] [id=14460]

VM state:not at safepoint (normal execution)

VM Mutex/Monitor currently owned by a thread: None

Heap:
 PSYoungGen      total 229888K, used 191767K [0x000000076ab00000, 0x0000000780b80000, 0x00000007c0000000)
  eden space 123392K, 84% used [0x000000076ab00000,0x00000007711178a8,0x0000000772380000)
  from space 106496K, 81% used [0x000000077a380000,0x000000077f8ae358,0x0000000780b80000)
  to   space 103936K, 0% used [0x0000000772380000,0x0000000772380000,0x0000000778900000)
 ParOldGen       total 309760K, used 151627K [0x00000006c0000000, 0x00000006d2e80000, 0x000000076ab00000)
  object space 309760K, 48% used [0x00000006c0000000,0x00000006c9412de0,0x00000006d2e80000)
 Metaspace       used 6649K, capacity 7256K, committed 7424K, reserved 1056768K
  class space    used 642K, capacity 656K, committed 768K, reserved 1048576K

Card table byte_map: [0x00000000123c0000,0x0000000012bd0000] byte_map_base: 0x000000000edc0000

Marking Bits: (ParMarkBitMap*) 0x000000007610a6d0
 Begin Bits: [0x0000000013530000, 0x0000000017530000)
 End Bits:   [0x0000000017530000, 0x000000001b530000)

Polling page: 0x0000000001160000

CodeCache: size=245760Kb used=9895Kb max_used=10064Kb free=235864Kb
 bounds [0x0000000003000000, 0x0000000003a10000, 0x0000000012000000]
 total_blobs=2306 nmethods=2036 adapters=182
 compilation: enabled

Compilation events (10 events):
Event: 23.344 Thread 0x000000001c723800 nmethod 2508 0x00000000032d1790 code [0x00000000032d1900, 0x00000000032d1b28]
Event: 23.345 Thread 0x000000001c723800 2509       3       com.android.dx.ssa.back.FirstFitLocalCombiningAllocator::tryMapRegs (110 bytes)
Event: 23.346 Thread 0x000000001c723800 nmethod 2509 0x000000000333f190 code [0x000000000333f3c0, 0x0000000003340118]
Event: 23.346 Thread 0x000000001c723800 2510       3       com.android.dx.cf.code.ExecutionStack::setLocal (15 bytes)
Event: 23.347 Thread 0x000000001c723800 nmethod 2510 0x000000000333eb10 code [0x000000000333eca0, 0x000000000333f008]
Event: 23.348 Thread 0x000000001c71f000 2511       4       com.android.dx.rop.cst.CstType::compareTo0 (25 bytes)
Event: 23.349 Thread 0x000000001c71f000 nmethod 2511 0x000000000362e110 code [0x000000000362e260, 0x000000000362e458]
Event: 23.349 Thread 0x000000001c71f000 2512       4       com.android.dx.rop.cst.TypedConstant::getBasicType (8 bytes)
Event: 23.349 Thread 0x000000001c71f000 nmethod 2512 0x000000000336b2d0 code [0x000000000336b420, 0x000000000336b4b8]
Event: 23.350 Thread 0x000000001c71f000 2513       4       com.android.dx.rop.code.LocalVariableInfo::mergeStarts (75 bytes)

GC Heap History (10 events):
Event: 20.320 GC heap before
{Heap before GC invocations=21 (full 5):
 PSYoungGen      total 153600K, used 152376K [0x000000076ab00000, 0x0000000777600000, 0x00000007c0000000)
  eden space 103424K, 100% used [0x000000076ab00000,0x0000000771000000,0x0000000771000000)
  from space 50176K, 97% used [0x0000000774500000,0x00000007774ce2b0,0x0000000777600000)
  to   space 31232K, 0% used [0x0000000771000000,0x0000000771000000,0x0000000772e80000)
 ParOldGen       total 238592K, used 183263K [0x00000006c0000000, 0x00000006ce900000, 0x000000076ab00000)
  object space 238592K, 76% used [0x00000006c0000000,0x00000006cb2f7ff8,0x00000006ce900000)
 Metaspace       used 6629K, capacity 7256K, committed 7424K, reserved 1056768K
  class space    used 641K, capacity 656K, committed 768K, reserved 1048576K
Event: 20.484 GC heap after
Heap after GC invocations=21 (full 5):
 PSYoungGen      total 134656K, used 31228K [0x000000076ab00000, 0x0000000780700000, 0x00000007c0000000)
  eden space 103424K, 0% used [0x000000076ab00000,0x000000076ab00000,0x0000000771000000)
  from space 31232K, 99% used [0x0000000771000000,0x0000000772e7f038,0x0000000772e80000)
  to   space 109056K, 0% used [0x0000000779c80000,0x0000000779c80000,0x0000000780700000)
 ParOldGen       total 249856K, used 249585K [0x00000006c0000000, 0x00000006cf400000, 0x000000076ab00000)
  object space 249856K, 99% used [0x00000006c0000000,0x00000006cf3bc5c0,0x00000006cf400000)
 Metaspace       used 6629K, capacity 7256K, committed 7424K, reserved 1056768K
  class space    used 641K, capacity 656K, committed 768K, reserved 1048576K
}
Event: 20.484 GC heap before
{Heap before GC invocations=22 (full 6):
 PSYoungGen      total 134656K, used 31228K [0x000000076ab00000, 0x0000000780700000, 0x00000007c0000000)
  eden space 103424K, 0% used [0x000000076ab00000,0x000000076ab00000,0x0000000771000000)
  from space 31232K, 99% used [0x0000000771000000,0x0000000772e7f038,0x0000000772e80000)
  to   space 109056K, 0% used [0x0000000779c80000,0x0000000779c80000,0x0000000780700000)
 ParOldGen       total 249856K, used 249585K [0x00000006c0000000, 0x00000006cf400000, 0x000000076ab00000)
  object space 249856K, 99% used [0x00000006c0000000,0x00000006cf3bc5c0,0x00000006cf400000)
 Metaspace       used 6629K, capacity 7256K, committed 7424K, reserved 1056768K
  class space    used 641K, capacity 656K, committed 768K, reserved 1048576K
Event: 21.027 GC heap after
Heap after GC invocations=22 (full 6):
 PSYoungGen      total 134656K, used 0K [0x000000076ab00000, 0x0000000780700000, 0x00000007c0000000)
  eden space 103424K, 0% used [0x000000076ab00000,0x000000076ab00000,0x0000000771000000)
  from space 31232K, 0% used [0x0000000771000000,0x0000000771000000,0x0000000772e80000)
  to   space 109056K, 0% used [0x0000000779c80000,0x0000000779c80000,0x0000000780700000)
 ParOldGen       total 309760K, used 151611K [0x00000006c0000000, 0x00000006d2e80000, 0x000000076ab00000)
  object space 309760K, 48% used [0x00000006c0000000,0x00000006c940ede0,0x00000006d2e80000)
 Metaspace       used 6629K, capacity 7256K, committed 7424K, reserved 1056768K
  class space    used 641K, capacity 656K, committed 768K, reserved 1048576K
}
Event: 21.280 GC heap before
{Heap before GC invocations=23 (full 6):
 PSYoungGen      total 134656K, used 103424K [0x000000076ab00000, 0x0000000780700000, 0x00000007c0000000)
  eden space 103424K, 100% used [0x000000076ab00000,0x0000000771000000,0x0000000771000000)
  from space 31232K, 0% used [0x0000000771000000,0x0000000771000000,0x0000000772e80000)
  to   space 109056K, 0% used [0x0000000779c80000,0x0000000779c80000,0x0000000780700000)
 ParOldGen       total 309760K, used 151611K [0x00000006c0000000, 0x00000006d2e80000, 0x000000076ab00000)
  object space 309760K, 48% used [0x00000006c0000000,0x00000006c940ede0,0x00000006d2e80000)
 Metaspace       used 6629K, capacity 7256K, committed 7424K, reserved 1056768K
  class space    used 641K, capacity 656K, committed 768K, reserved 1048576K
Event: 21.320 GC heap after
Heap after GC invocations=23 (full 6):
 PSYoungGen      total 207360K, used 39563K [0x000000076ab00000, 0x000000077ee80000, 0x00000007c0000000)
  eden space 123392K, 0% used [0x000000076ab00000,0x000000076ab00000,0x0000000772380000)
  from space 83968K, 47% used [0x0000000779c80000,0x000000077c322e30,0x000000077ee80000)
  to   space 103936K, 0% used [0x0000000772380000,0x0000000772380000,0x0000000778900000)
 ParOldGen       total 309760K, used 151611K [0x00000006c0000000, 0x00000006d2e80000, 0x000000076ab00000)
  object space 309760K, 48% used [0x00000006c0000000,0x00000006c940ede0,0x00000006d2e80000)
 Metaspace       used 6629K, capacity 7256K, committed 7424K, reserved 1056768K
  class space    used 641K, capacity 656K, committed 768K, reserved 1048576K
}
Event: 21.945 GC heap before
{Heap before GC invocations=24 (full 6):
 PSYoungGen      total 207360K, used 162955K [0x000000076ab00000, 0x000000077ee80000, 0x00000007c0000000)
  eden space 123392K, 100% used [0x000000076ab00000,0x0000000772380000,0x0000000772380000)
  from space 83968K, 47% used [0x0000000779c80000,0x000000077c322e30,0x000000077ee80000)
  to   space 103936K, 0% used [0x0000000772380000,0x0000000772380000,0x0000000778900000)
 ParOldGen       total 309760K, used 151611K [0x00000006c0000000, 0x00000006d2e80000, 0x000000076ab00000)
  object space 309760K, 48% used [0x00000006c0000000,0x00000006c940ede0,0x00000006d2e80000)
 Metaspace       used 6637K, capacity 7256K, committed 7424K, reserved 1056768K
  class space    used 641K, capacity 656K, committed 768K, reserved 1048576K
Event: 22.040 GC heap after
Heap after GC invocations=24 (full 6):
 PSYoungGen      total 227328K, used 68029K [0x000000076ab00000, 0x0000000780b80000, 0x00000007c0000000)
  eden space 123392K, 0% used [0x000000076ab00000,0x000000076ab00000,0x0000000772380000)
  from space 103936K, 65% used [0x0000000772380000,0x00000007765ef420,0x0000000778900000)
  to   space 106496K, 0% used [0x000000077a380000,0x000000077a380000,0x0000000780b80000)
 ParOldGen       total 309760K, used 151619K [0x00000006c0000000, 0x00000006d2e80000, 0x000000076ab00000)
  object space 309760K, 48% used [0x00000006c0000000,0x00000006c9410de0,0x00000006d2e80000)
 Metaspace       used 6637K, capacity 7256K, committed 7424K, reserved 1056768K
  class space    used 641K, capacity 656K, committed 768K, reserved 1048576K
}
Event: 22.936 GC heap before
{Heap before GC invocations=25 (full 6):
 PSYoungGen      total 227328K, used 191421K [0x000000076ab00000, 0x0000000780b80000, 0x00000007c0000000)
  eden space 123392K, 100% used [0x000000076ab00000,0x0000000772380000,0x0000000772380000)
  from space 103936K, 65% used [0x0000000772380000,0x00000007765ef420,0x0000000778900000)
  to   space 106496K, 0% used [0x000000077a380000,0x000000077a380000,0x0000000780b80000)
 ParOldGen       total 309760K, used 151619K [0x00000006c0000000, 0x00000006d2e80000, 0x000000076ab00000)
  object space 309760K, 48% used [0x00000006c0000000,0x00000006c9410de0,0x00000006d2e80000)
 Metaspace       used 6643K, capacity 7256K, committed 7424K, reserved 1056768K
  class space    used 641K, capacity 656K, committed 768K, reserved 1048576K
Event: 23.059 GC heap after
Heap after GC invocations=25 (full 6):
 PSYoungGen      total 229888K, used 87224K [0x000000076ab00000, 0x0000000780b80000, 0x00000007c0000000)
  eden space 123392K, 0% used [0x000000076ab00000,0x000000076ab00000,0x0000000772380000)
  from space 106496K, 81% used [0x000000077a380000,0x000000077f8ae358,0x0000000780b80000)
  to   space 103936K, 0% used [0x0000000772380000,0x0000000772380000,0x0000000778900000)
 ParOldGen       total 309760K, used 151627K [0x00000006c0000000, 0x00000006d2e80000, 0x000000076ab00000)
  object space 309760K, 48% used [0x00000006c0000000,0x00000006c9412de0,0x00000006d2e80000)
 Metaspace       used 6643K, capacity 7256K, committed 7424K, reserved 1056768K
  class space    used 641K, capacity 656K, committed 768K, reserved 1048576K
}

Deoptimization events (10 events):
Event: 22.845 Thread 0x000000001e2a9000 Uncommon trap: reason=unstable_if action=reinterpret pc=0x00000000036b080c method=java.util.BitSet.nextClearBit(I)I @ 70
Event: 22.845 Thread 0x000000001e2a9000 Uncommon trap: reason=unstable_if action=reinterpret pc=0x00000000036b1a8c method=java.util.BitSet.nextClearBit(I)I @ 70
Event: 23.155 Thread 0x000000001e28b800 Uncommon trap: reason=null_check action=make_not_entrant pc=0x000000000347c294 method=com.android.dx.ssa.SsaRenamer.getLocalForNewReg(I)Lcom/android/dx/rop/code/LocalItem; @ 19
Event: 23.179 Thread 0x000000001e2a9000 Uncommon trap: reason=unstable_if action=reinterpret pc=0x00000000032b43c0 method=com.android.dx.dex.file.DexFile.internIfAppropriate(Lcom/android/dx/rop/cst/Constant;)V @ 92
Event: 23.195 Thread 0x000000001e27f000 Uncommon trap: reason=unstable_if action=reinterpret pc=0x0000000003977928 method=com.android.dx.ssa.LocalVariableExtractor.doit()Lcom/android/dx/ssa/LocalVariableInfo; @ 7
Event: 23.195 Thread 0x000000001e27f000 Uncommon trap: reason=unstable_if action=reinterpret pc=0x0000000003446700 method=java.util.ArrayList.<init>(I)V @ 5
Event: 23.195 Thread 0x000000001e27f000 Uncommon trap: reason=unstable_if action=reinterpret pc=0x0000000003649864 method=com.android.dx.rop.code.RegisterSpecSet.<init>(I)V @ 2
Event: 23.195 Thread 0x000000001e27f000 Uncommon trap: reason=unstable_if action=reinterpret pc=0x00000000034e8c64 method=com.android.dx.rop.code.RegisterSpecSet.<init>(I)V @ 2
Event: 23.217 Thread 0x000000001e27f000 Uncommon trap: reason=unstable_if action=reinterpret pc=0x00000000036b4864 method=com.android.dx.ssa.SsaInsn.getLocalAssignment()Lcom/android/dx/rop/code/RegisterSpec; @ 14
Event: 23.217 Thread 0x000000001e27f000 Uncommon trap: reason=unstable_if action=reinterpret pc=0x0000000003261eb0 method=com.android.dx.ssa.back.FirstFitLocalCombiningAllocator.tryMapRegs(Ljava/util/ArrayList;IIZ)Z @ 83

Internal exceptions (7 events):
Event: 0.085 Thread 0x000000000157d800 Exception <a 'java/lang/NoSuchMethodError': Method sun.misc.Unsafe.defineClass(Ljava/lang/String;[BII)Ljava/lang/Class; name or signature does not match> (0x000000076ab07c78) thrown at [C:\re\workspace\8-2-build-windows-amd64-cygwin\jdk8u112\7884\hotspot\
Event: 0.085 Thread 0x000000000157d800 Exception <a 'java/lang/NoSuchMethodError': Method sun.misc.Unsafe.prefetchRead(Ljava/lang/Object;J)V name or signature does not match> (0x000000076ab07f60) thrown at [C:\re\workspace\8-2-build-windows-amd64-cygwin\jdk8u112\7884\hotspot\src\share\vm\prims
Event: 3.876 Thread 0x000000001e28b800 Implicit null exception at 0x000000000333bc62 to 0x000000000333bd62
Event: 10.344 Thread 0x000000001e28b800 Exception <a 'java/lang/ArrayIndexOutOfBoundsException': 18> (0x000000076e86df80) thrown at [C:\re\workspace\8-2-build-windows-amd64-cygwin\jdk8u112\7884\hotspot\src\share\vm\interpreter\interpreterRuntime.cpp, line 366]
Event: 10.345 Thread 0x000000001e28b800 Exception <a 'java/lang/ArrayIndexOutOfBoundsException'> (0x000000076e86fb00) thrown at [C:\re\workspace\8-2-build-windows-amd64-cygwin\jdk8u112\7884\hotspot\src\share\vm\runtime\sharedRuntime.cpp, line 605]
Event: 10.346 Thread 0x000000001e28b800 Exception <a 'java/lang/ArrayIndexOutOfBoundsException'> (0x000000076e870de8) thrown at [C:\re\workspace\8-2-build-windows-amd64-cygwin\jdk8u112\7884\hotspot\src\share\vm\runtime\sharedRuntime.cpp, line 605]
Event: 23.155 Thread 0x000000001e28b800 Implicit null exception at 0x000000000347add8 to 0x000000000347c275

Events (10 events):
Event: 23.195 Thread 0x000000001e27f000 Uncommon trap: trap_request=0xffffff65 fr.pc=0x00000000034e8c64
Event: 23.195 Thread 0x000000001e27f000 DEOPT PACKING pc=0x00000000034e8c64 sp=0x000000001e70e7d0
Event: 23.195 Thread 0x000000001e27f000 DEOPT UNPACKING pc=0x000000000304582a sp=0x000000001e70e700 mode 2
Event: 23.217 Thread 0x000000001e27f000 Uncommon trap: trap_request=0xffffff65 fr.pc=0x00000000036b4864
Event: 23.217 Thread 0x000000001e27f000 DEOPT PACKING pc=0x00000000036b4864 sp=0x000000001e70e650
Event: 23.217 Thread 0x000000001e27f000 DEOPT UNPACKING pc=0x000000000304582a sp=0x000000001e70e5c8 mode 2
Event: 23.217 Thread 0x000000001e27f000 Uncommon trap: trap_request=0xffffff65 fr.pc=0x0000000003261eb0
Event: 23.217 Thread 0x000000001e27f000 DEOPT PACKING pc=0x0000000003261eb0 sp=0x000000001e70e630
Event: 23.217 Thread 0x000000001e27f000 DEOPT UNPACKING pc=0x000000000304582a sp=0x000000001e70e5f0 mode 2
Event: 23.481 Thread 0x000000001e28c800 DEOPT PACKING pc=0x000000000362eb8a sp=0x000000001ea0e760


Dynamic libraries:
0x00007ff7a48a0000 - 0x00007ff7a48d7000 	C:\Program Files\Java\jdk1.8.0_112\bin\java.exe
0x00007ff9e3150000 - 0x00007ff9e3321000 	C:\WINDOWS\SYSTEM32\ntdll.dll
0x00007ff9e30a0000 - 0x00007ff9e314b000 	C:\WINDOWS\System32\KERNEL32.DLL
0x00007ff9df640000 - 0x00007ff9df85d000 	C:\WINDOWS\System32\KERNELBASE.dll
0x00007ff9e2aa0000 - 0x00007ff9e2b42000 	C:\WINDOWS\System32\ADVAPI32.dll
0x00007ff9e0bf0000 - 0x00007ff9e0c8e000 	C:\WINDOWS\System32\msvcrt.dll
0x00007ff9e2b50000 - 0x00007ff9e2ba9000 	C:\WINDOWS\System32\sechost.dll
0x00007ff9e25a0000 - 0x00007ff9e26c1000 	C:\WINDOWS\System32\RPCRT4.dll
0x00007ff9e0750000 - 0x00007ff9e08b5000 	C:\WINDOWS\System32\USER32.dll
0x00007ff9e0670000 - 0x00007ff9e068e000 	C:\WINDOWS\System32\win32u.dll
0x00007ff9e2820000 - 0x00007ff9e2854000 	C:\WINDOWS\System32\GDI32.dll
0x00007ff9e04e0000 - 0x00007ff9e0662000 	C:\WINDOWS\System32\gdi32full.dll
0x00007ff9d96a0000 - 0x00007ff9d9919000 	C:\WINDOWS\WinSxS\amd64_microsoft.windows.common-controls_6595b64144ccf1df_6.0.14393.447_none_42191651c6827bb3\COMCTL32.dll
0x00007ff9e08c0000 - 0x00007ff9e0b88000 	C:\WINDOWS\System32\combase.dll
0x00007ff9df860000 - 0x00007ff9df955000 	C:\WINDOWS\System32\ucrtbase.dll
0x00007ff9e0470000 - 0x00007ff9e04da000 	C:\WINDOWS\System32\bcryptPrimitives.dll
0x00007ff9e26e0000 - 0x00007ff9e270e000 	C:\WINDOWS\System32\IMM32.DLL
0x00000000508b0000 - 0x0000000050982000 	C:\Program Files\Java\jdk1.8.0_112\jre\bin\msvcr100.dll
0x00000000758f0000 - 0x000000007618a000 	C:\Program Files\Java\jdk1.8.0_112\jre\bin\server\jvm.dll
0x00007ff9e2880000 - 0x00007ff9e2888000 	C:\WINDOWS\System32\PSAPI.DLL
0x00007ff9cfd20000 - 0x00007ff9cfd29000 	C:\WINDOWS\SYSTEM32\WSOCK32.dll
0x00007ff9e2710000 - 0x00007ff9e277a000 	C:\WINDOWS\System32\WS2_32.dll
0x00007ff9dd8a0000 - 0x00007ff9dd8c3000 	C:\WINDOWS\SYSTEM32\WINMM.dll
0x00007ff9d7390000 - 0x00007ff9d739a000 	C:\WINDOWS\SYSTEM32\VERSION.dll
0x0000000001120000 - 0x000000000114b000 	C:\WINDOWS\SYSTEM32\WINMMBASE.dll
0x00007ff9e0690000 - 0x00007ff9e06d2000 	C:\WINDOWS\System32\cfgmgr32.dll
0x00000000508a0000 - 0x00000000508af000 	C:\Program Files\Java\jdk1.8.0_112\jre\bin\verify.dll
0x0000000050870000 - 0x0000000050899000 	C:\Program Files\Java\jdk1.8.0_112\jre\bin\java.dll
0x0000000050850000 - 0x0000000050866000 	C:\Program Files\Java\jdk1.8.0_112\jre\bin\zip.dll
0x00007ff9e1090000 - 0x00007ff9e2599000 	C:\WINDOWS\System32\SHELL32.dll
0x00007ff9dfd90000 - 0x00007ff9e046a000 	C:\WINDOWS\System32\windows.storage.dll
0x00007ff9df5d0000 - 0x00007ff9df61c000 	C:\WINDOWS\System32\powrprof.dll
0x00007ff9e06f0000 - 0x00007ff9e0742000 	C:\WINDOWS\System32\shlwapi.dll
0x00007ff9df630000 - 0x00007ff9df63f000 	C:\WINDOWS\System32\kernel.appcore.dll
0x00007ff9df960000 - 0x00007ff9dfa09000 	C:\WINDOWS\System32\shcore.dll
0x00007ff9df5b0000 - 0x00007ff9df5c4000 	C:\WINDOWS\System32\profapi.dll

VM Arguments:
jvm_args: -Djava.awt.headless=true -Xmx4g -Dfile.encoding=windows-1252 -Duser.country=IN -Duser.language=en -Duser.variant 
java_command: com.android.dx.command.Main --dex --verbose --force-jumbo --num-threads=4 --multi-dex --output C:\Users\Pooja\Dropbox\MobiPlace\app\build\intermediates\transforms\dex\debug\folders\1000\10\com.google.android.gms-play-services-ads-8.4.0_bcd9bfa358bbe9cc2870ae48facc93119ea491bf C:\Users\Pooja\Dropbox\MobiPlace\app\build\intermediates\exploded-aar\com.google.android.gms\play-services-ads\8.4.0\jars\classes.jar
java_class_path (initial): C:\Users\Pooja\AppData\Local\Android\sdk\build-tools\23.0.1\lib\dx.jar
Launcher Type: SUN_STANDARD

Environment Variables:
JAVA_HOME=C:\Program Files\Java\jdk1.8.0_112
PATH=C:\ProgramData\Oracle\Java\javapath;G:\app\pooja22\product\12.1.0\dbhome_1\bin;C:\Program Files (x86)\NVIDIA Corporation\PhysX\Common;C:\Program Files (x86)\Intel\iCLS Client\;C:\Program Files\Intel\iCLS Client\;C:\WINDOWS\system32;C:\WINDOWS;C:\WINDOWS\System32\Wbem;C:\WINDOWS\System32\WindowsPowerShell\v1.0\;C:\Program Files\Hewlett-Packard\SimplePass\;C:\Program Files\Intel\Intel(R) Management Engine Components\DAL;C:\Program Files (x86)\Intel\Intel(R) Management Engine Components\DAL;C:\Program Files\Intel\Intel(R) Management Engine Components\IPT;C:\Program Files (x86)\Intel\Intel(R) Management Engine Components\IPT;C:\Program Files (x86)\MySQL\MySQL Server 5.0\bin;C:\Program Files (x86)\Microsoft SQL Server\110\Tools\Binn\ManagementStudio\;C:\Program Files (x86)\Microsoft SQL Server\110\Tools\Binn\;C:\Program Files\Microsoft SQL Server\110\Tools\Binn\;C:\Program Files (x86)\Microsoft SQL Server\110\DTS\Binn\;C:\Program Files (x86)\Common Files\lenovo\easyplussdk\bin;C:\Program Files (x86)\Microsoft SDKs\TypeScript\1.0\;C:\Program Files\Microsoft SQL Server\120\Tools\Binn\;C:\Users\Pooja\AppData\Local\Android\sdk\platform-tools;C:\Users\Pooja\AppData\Local\Android\sdk\tools;C:\Users\Pooja\AppData\Local\Android\sdk\build-tools\23.0.1;C:\Users\Pooja\AppData\Local\Android\sdk\build-tools\22.0.1;C:\Users\Pooja\AppData\Local\Android\sdk\build-tools\23.0.3;;C:\Program Files (x86)\Microsoft VS Code\bin;C:\Users\Pooja\AppData\Local\Microsoft\WindowsApps
USERNAME=Pooja
OS=Windows_NT
PROCESSOR_IDENTIFIER=Intel64 Family 6 Model 61 Stepping 4, GenuineIntel



---------------  S Y S T E M  ---------------

OS: Windows 10.0 , 64 bit Build 14393 (10.0.14393.0)

CPU:total 4 (2 cores per cpu, 2 threads per core) family 6 model 61 stepping 4, cmov, cx8, fxsr, mmx, sse, sse2, sse3, ssse3, sse4.1, sse4.2, popcnt, avx, avx2, aes, clmul, erms, 3dnowpref, lzcnt, ht, tsc, tscinvbit, bmi1, bmi2, adx

Memory: 4k page, physical 4107664k(178880k free), swap 9350544k(278208k free)

vm_info: Java HotSpot(TM) 64-Bit Server VM (25.112-b15) for windows-amd64 JRE (1.8.0_112-b15), built on Sep 22 2016 21:31:56 by "java_re" with MS VC++ 10.0 (VS2010)

time: Sun Mar 05 23:06:28 2017
elapsed time: 23 seconds (0d 0h 0m 23s)

