#
# There is insufficient memory for the Java Runtime Environment to continue.
# Native memory allocation (malloc) failed to allocate 136656 bytes for Chunk::new
# Possible reasons:
#   The system is out of physical RAM or swap space
#   In 32 bit mode, the process size limit was hit
# Possible solutions:
#   Reduce memory load on the system
#   Increase physical memory or swap space
#   Check if swap backing store is full
#   Use 64 bit Java on a 64 bit OS
#   Decrease Java heap size (-Xmx/-Xms)
#   Decrease number of Java threads
#   Decrease Java thread stack sizes (-Xss)
#   Set larger code cache with -XX:ReservedCodeCacheSize=
# This output file may be truncated or incomplete.
#
#  Out of Memory Error (allocation.cpp:390), pid=17556, tid=0x0000000000001dc0
#
# JRE version: Java(TM) SE Runtime Environment (8.0_112-b15) (build 1.8.0_112-b15)
# Java VM: Java HotSpot(TM) 64-Bit Server VM (25.112-b15 mixed mode windows-amd64 compressed oops)
# Failed to write core dump. Minidumps are not enabled by default on client versions of Windows
#

---------------  T H R E A D  ---------------

Current thread (0x000000001bc1d800):  JavaThread "C2 CompilerThread0" daemon [_thread_in_native, id=7616, stack(0x000000001d260000,0x000000001d360000)]

Stack: [0x000000001d260000,0x000000001d360000]
[error occurred during error reporting (printing stack bounds), id 0xc0000005]

Native frames: (J=compiled Java code, j=interpreted, Vv=VM code, C=native code)


Current CompileTask:
C2:   6691 1136   !   4       com.android.dx.cf.code.RopperMachine::run (1550 bytes)


---------------  P R O C E S S  ---------------

Java Threads: ( => current thread )
  0x000000001d6d7800 JavaThread "pool-2-thread-4" [_thread_in_Java, id=8756, stack(0x000000001df60000,0x000000001e060000)]
  0x000000001d6d2800 JavaThread "pool-2-thread-3" [_thread_in_Java, id=23320, stack(0x000000001de60000,0x000000001df60000)]
  0x000000001d6d0000 JavaThread "pool-2-thread-2" [_thread_blocked, id=23032, stack(0x000000001dd60000,0x000000001de60000)]
  0x000000001d6ba800 JavaThread "pool-3-thread-1" [_thread_blocked, id=1244, stack(0x000000001dc60000,0x000000001dd60000)]
  0x000000001d6ca800 JavaThread "pool-2-thread-1" [_thread_blocked, id=9156, stack(0x000000001db60000,0x000000001dc60000)]
  0x000000001d46c000 JavaThread "Service Thread" daemon [_thread_blocked, id=9848, stack(0x000000001d960000,0x000000001da60000)]
  0x000000001d460800 JavaThread "C1 CompilerThread2" daemon [_thread_blocked, id=6020, stack(0x000000001d860000,0x000000001d960000)]
  0x000000001bc20800 JavaThread "C2 CompilerThread1" daemon [_thread_in_native, id=356, stack(0x000000001d360000,0x000000001d460000)]
=>0x000000001bc1d800 JavaThread "C2 CompilerThread0" daemon [_thread_in_native, id=7616, stack(0x000000001d260000,0x000000001d360000)]
  0x000000001bc1c000 JavaThread "Attach Listener" daemon [_thread_blocked, id=5908, stack(0x000000001d160000,0x000000001d260000)]
  0x000000000254e800 JavaThread "Signal Dispatcher" daemon [_thread_blocked, id=12308, stack(0x000000001d060000,0x000000001d160000)]
  0x000000001bc0a000 JavaThread "Finalizer" daemon [_thread_blocked, id=9840, stack(0x000000001ce70000,0x000000001cf70000)]
  0x0000000002540000 JavaThread "Reference Handler" daemon [_thread_blocked, id=772, stack(0x000000001cd70000,0x000000001ce70000)]
  0x000000000226d800 JavaThread "main" [_thread_in_Java, id=19656, stack(0x0000000002350000,0x0000000002450000)]

Other Threads:
  0x000000001bbe7800 VMThread [stack: 0x000000001cc70000,0x000000001cd70000] [id=20908]
  0x000000001d470800 WatcherThread [stack: 0x000000001da60000,0x000000001db60000] [id=1296]

VM state:not at safepoint (normal execution)

VM Mutex/Monitor currently owned by a thread: None

Heap:
 PSYoungGen      total 18944K, used 11092K [0x000000076ab00000, 0x000000076c000000, 0x00000007c0000000)
  eden space 16384K, 52% used [0x000000076ab00000,0x000000076b3552a0,0x000000076bb00000)
  from space 2560K, 100% used [0x000000076bd80000,0x000000076c000000,0x000000076c000000)
  to   space 2560K, 0% used [0x000000076bb00000,0x000000076bb00000,0x000000076bd80000)
 ParOldGen       total 44032K, used 4209K [0x00000006c0000000, 0x00000006c2b00000, 0x000000076ab00000)
  object space 44032K, 9% used [0x00000006c0000000,0x00000006c041c408,0x00000006c2b00000)
 Metaspace       used 6010K, capacity 6936K, committed 7168K, reserved 1056768K
  class space    used 614K, capacity 656K, committed 768K, reserved 1048576K

Card table byte_map: [0x0000000011910000,0x0000000012120000] byte_map_base: 0x000000000e310000

Marking Bits: (ParMarkBitMap*) 0x000000007610a6d0
 Begin Bits: [0x0000000012a80000, 0x0000000016a80000)
 End Bits:   [0x0000000016a80000, 0x000000001aa80000)

Polling page: 0x0000000000560000

CodeCache: size=245760Kb used=4767Kb max_used=4775Kb free=240992Kb
 bounds [0x0000000002550000, 0x0000000002a00000, 0x0000000011550000]
 total_blobs=1464 nmethods=1195 adapters=182
 compilation: enabled

Compilation events (10 events):
Event: 6.526 Thread 0x000000001d460800 1186       3       com.android.dx.rop.code.ThrowingInsn::withNewRegisters (21 bytes)
Event: 6.527 Thread 0x000000001d460800 nmethod 1186 0x00000000029efd10 code [0x00000000029efe80, 0x00000000029f01a8]
Event: 6.527 Thread 0x000000001d460800 1174       3       java.util.Collections$UnmodifiableList::get (11 bytes)
Event: 6.527 Thread 0x000000001d460800 nmethod 1174 0x00000000029f0290 code [0x00000000029f0400, 0x00000000029f0628]
Event: 6.527 Thread 0x000000001d460800 1173       3       com.android.dx.rop.cst.TypedConstant::getBasicType (8 bytes)
Event: 6.527 Thread 0x000000001d460800 nmethod 1173 0x00000000029f06d0 code [0x00000000029f0840, 0x00000000029f0ae8]
Event: 6.527 Thread 0x000000001d460800 1202       1       com.android.dx.cf.attrib.AttCode::getMaxStack (5 bytes)
Event: 6.527 Thread 0x000000001d460800 nmethod 1202 0x00000000029f0b90 code [0x00000000029f0ce0, 0x00000000029f0df0]
Event: 6.527 Thread 0x000000001d460800 1203       1       com.android.dx.cf.attrib.AttCode::getAttributes (5 bytes)
Event: 6.527 Thread 0x000000001d460800 nmethod 1203 0x00000000029f0e50 code [0x00000000029f0fa0, 0x00000000029f10b0]

GC Heap History (4 events):
Event: 3.935 GC heap before
{Heap before GC invocations=1 (full 0):
 PSYoungGen      total 18944K, used 16384K [0x000000076ab00000, 0x000000076c000000, 0x00000007c0000000)
  eden space 16384K, 100% used [0x000000076ab00000,0x000000076bb00000,0x000000076bb00000)
  from space 2560K, 0% used [0x000000076bd80000,0x000000076bd80000,0x000000076c000000)
  to   space 2560K, 0% used [0x000000076bb00000,0x000000076bb00000,0x000000076bd80000)
 ParOldGen       total 44032K, used 0K [0x00000006c0000000, 0x00000006c2b00000, 0x000000076ab00000)
  object space 44032K, 0% used [0x00000006c0000000,0x00000006c0000000,0x00000006c2b00000)
 Metaspace       used 5769K, capacity 6680K, committed 6912K, reserved 1056768K
  class space    used 610K, capacity 656K, committed 768K, reserved 1048576K
Event: 4.584 GC heap after
Heap after GC invocations=1 (full 0):
 PSYoungGen      total 18944K, used 2538K [0x000000076ab00000, 0x000000076c000000, 0x00000007c0000000)
  eden space 16384K, 0% used [0x000000076ab00000,0x000000076ab00000,0x000000076bb00000)
  from space 2560K, 99% used [0x000000076bb00000,0x000000076bd7aa90,0x000000076bd80000)
  to   space 2560K, 0% used [0x000000076bd80000,0x000000076bd80000,0x000000076c000000)
 ParOldGen       total 44032K, used 2015K [0x00000006c0000000, 0x00000006c2b00000, 0x000000076ab00000)
  object space 44032K, 4% used [0x00000006c0000000,0x00000006c01f7d40,0x00000006c2b00000)
 Metaspace       used 5769K, capacity 6680K, committed 6912K, reserved 1056768K
  class space    used 610K, capacity 656K, committed 768K, reserved 1048576K
}
Event: 5.957 GC heap before
{Heap before GC invocations=2 (full 0):
 PSYoungGen      total 18944K, used 18922K [0x000000076ab00000, 0x000000076c000000, 0x00000007c0000000)
  eden space 16384K, 100% used [0x000000076ab00000,0x000000076bb00000,0x000000076bb00000)
  from space 2560K, 99% used [0x000000076bb00000,0x000000076bd7aa90,0x000000076bd80000)
  to   space 2560K, 0% used [0x000000076bd80000,0x000000076bd80000,0x000000076c000000)
 ParOldGen       total 44032K, used 2015K [0x00000006c0000000, 0x00000006c2b00000, 0x000000076ab00000)
  object space 44032K, 4% used [0x00000006c0000000,0x00000006c01f7d40,0x00000006c2b00000)
 Metaspace       used 5984K, capacity 6872K, committed 7168K, reserved 1056768K
  class space    used 612K, capacity 656K, committed 768K, reserved 1048576K
Event: 6.370 GC heap after
Heap after GC invocations=2 (full 0):
 PSYoungGen      total 18944K, used 2560K [0x000000076ab00000, 0x000000076c000000, 0x00000007c0000000)
  eden space 16384K, 0% used [0x000000076ab00000,0x000000076ab00000,0x000000076bb00000)
  from space 2560K, 100% used [0x000000076bd80000,0x000000076c000000,0x000000076c000000)
  to   space 2560K, 0% used [0x000000076bb00000,0x000000076bb00000,0x000000076bd80000)
 ParOldGen       total 44032K, used 4209K [0x00000006c0000000, 0x00000006c2b00000, 0x000000076ab00000)
  object space 44032K, 9% used [0x00000006c0000000,0x00000006c041c408,0x00000006c2b00000)
 Metaspace       used 5984K, capacity 6872K, committed 7168K, reserved 1056768K
  class space    used 612K, capacity 656K, committed 768K, reserved 1048576K
}

Deoptimization events (3 events):
Event: 3.437 Thread 0x000000001d6d2800 Uncommon trap: reason=unstable_if action=reinterpret pc=0x000000000278dc98 method=java.util.HashMap.getNode(ILjava/lang/Object;)Ljava/util/HashMap$Node; @ 129
Event: 5.000 Thread 0x000000000226d800 Uncommon trap: reason=unstable_if action=reinterpret pc=0x00000000027f2324 method=java.util.HashMap.getNode(ILjava/lang/Object;)Ljava/util/HashMap$Node; @ 129
Event: 5.130 Thread 0x000000001d6d0000 Uncommon trap: reason=null_check action=make_not_entrant pc=0x000000000291416c method=com.android.dx.rop.code.LocalItem.equals(Ljava/lang/Object;)Z @ 1

Internal exceptions (3 events):
Event: 0.058 Thread 0x000000000226d800 Exception <a 'java/lang/NoSuchMethodError': Method sun.misc.Unsafe.defineClass(Ljava/lang/String;[BII)Ljava/lang/Class; name or signature does not match> (0x000000076ab07c78) thrown at [C:\re\workspace\8-2-build-windows-amd64-cygwin\jdk8u112\7884\hotspot\
Event: 0.058 Thread 0x000000000226d800 Exception <a 'java/lang/NoSuchMethodError': Method sun.misc.Unsafe.prefetchRead(Ljava/lang/Object;J)V name or signature does not match> (0x000000076ab07f60) thrown at [C:\re\workspace\8-2-build-windows-amd64-cygwin\jdk8u112\7884\hotspot\src\share\vm\prims
Event: 5.130 Thread 0x000000001d6d0000 Implicit null exception at 0x0000000002913ef8 to 0x0000000002914149

Events (10 events):
Event: 5.059 loading class com/android/dx/cf/attrib/AttRuntimeInvisibleAnnotations done
Event: 5.059 loading class com/android/dx/cf/attrib/BaseAnnotations
Event: 5.059 loading class com/android/dx/cf/attrib/BaseAnnotations done
Event: 5.065 Thread 0x000000000226d800 DEOPT PACKING pc=0x000000000274e8d2 sp=0x000000000244e250
Event: 5.065 Thread 0x000000000226d800 DEOPT UNPACKING pc=0x000000000259787f sp=0x000000000244dfb8 mode 0
Event: 5.130 Thread 0x000000001d6d0000 Uncommon trap: trap_request=0xfffffff4 fr.pc=0x000000000291416c
Event: 5.130 Thread 0x000000001d6d0000 DEOPT PACKING pc=0x000000000291416c sp=0x000000001de5e3a0
Event: 5.130 Thread 0x000000001d6d0000 DEOPT UNPACKING pc=0x000000000259582a sp=0x000000001de5e2c8 mode 2
Event: 5.957 Executing VM operation: ParallelGCFailedAllocation
Event: 6.370 Executing VM operation: ParallelGCFailedAllocation done


Dynamic libraries:
0x00007ff7a48a0000 - 0x00007ff7a48d7000 	C:\Program Files\Java\jdk1.8.0_112\bin\java.exe
0x00007ff9e3150000 - 0x00007ff9e3321000 	C:\WINDOWS\SYSTEM32\ntdll.dll
0x00007ff9e30a0000 - 0x00007ff9e314b000 	C:\WINDOWS\System32\KERNEL32.DLL
0x00007ff9df640000 - 0x00007ff9df85d000 	C:\WINDOWS\System32\KERNELBASE.dll
0x00007ff9e2aa0000 - 0x00007ff9e2b42000 	C:\WINDOWS\System32\ADVAPI32.dll
0x00007ff9e0bf0000 - 0x00007ff9e0c8e000 	C:\WINDOWS\System32\msvcrt.dll
0x00007ff9e2b50000 - 0x00007ff9e2ba9000 	C:\WINDOWS\System32\sechost.dll
0x00007ff9e25a0000 - 0x00007ff9e26c1000 	C:\WINDOWS\System32\RPCRT4.dll
0x00007ff9e0750000 - 0x00007ff9e08b5000 	C:\WINDOWS\System32\USER32.dll
0x00007ff9e0670000 - 0x00007ff9e068e000 	C:\WINDOWS\System32\win32u.dll
0x00007ff9e2820000 - 0x00007ff9e2854000 	C:\WINDOWS\System32\GDI32.dll
0x00007ff9e04e0000 - 0x00007ff9e0662000 	C:\WINDOWS\System32\gdi32full.dll
0x00007ff9d96a0000 - 0x00007ff9d9919000 	C:\WINDOWS\WinSxS\amd64_microsoft.windows.common-controls_6595b64144ccf1df_6.0.14393.447_none_42191651c6827bb3\COMCTL32.dll
0x00007ff9e08c0000 - 0x00007ff9e0b88000 	C:\WINDOWS\System32\combase.dll
0x00007ff9df860000 - 0x00007ff9df955000 	C:\WINDOWS\System32\ucrtbase.dll
0x00007ff9e0470000 - 0x00007ff9e04da000 	C:\WINDOWS\System32\bcryptPrimitives.dll
0x00007ff9e26e0000 - 0x00007ff9e270e000 	C:\WINDOWS\System32\IMM32.DLL
0x00000000508b0000 - 0x0000000050982000 	C:\Program Files\Java\jdk1.8.0_112\jre\bin\msvcr100.dll
0x00000000758f0000 - 0x000000007618a000 	C:\Program Files\Java\jdk1.8.0_112\jre\bin\server\jvm.dll
0x00007ff9e2880000 - 0x00007ff9e2888000 	C:\WINDOWS\System32\PSAPI.DLL
0x00007ff9cfd20000 - 0x00007ff9cfd29000 	C:\WINDOWS\SYSTEM32\WSOCK32.dll
0x00007ff9e2710000 - 0x00007ff9e277a000 	C:\WINDOWS\System32\WS2_32.dll
0x00007ff9d7390000 - 0x00007ff9d739a000 	C:\WINDOWS\SYSTEM32\VERSION.dll
0x00007ff9dd8a0000 - 0x00007ff9dd8c3000 	C:\WINDOWS\SYSTEM32\WINMM.dll
0x00007ff9dd870000 - 0x00007ff9dd89b000 	C:\WINDOWS\SYSTEM32\WINMMBASE.dll
0x00007ff9e0690000 - 0x00007ff9e06d2000 	C:\WINDOWS\System32\cfgmgr32.dll
0x00000000508a0000 - 0x00000000508af000 	C:\Program Files\Java\jdk1.8.0_112\jre\bin\verify.dll
0x0000000050870000 - 0x0000000050899000 	C:\Program Files\Java\jdk1.8.0_112\jre\bin\java.dll
0x0000000050850000 - 0x0000000050866000 	C:\Program Files\Java\jdk1.8.0_112\jre\bin\zip.dll
0x00007ff9e1090000 - 0x00007ff9e2599000 	C:\WINDOWS\System32\SHELL32.dll
0x00007ff9dfd90000 - 0x00007ff9e046a000 	C:\WINDOWS\System32\windows.storage.dll
0x00007ff9df5d0000 - 0x00007ff9df61c000 	C:\WINDOWS\System32\powrprof.dll
0x00007ff9e06f0000 - 0x00007ff9e0742000 	C:\WINDOWS\System32\shlwapi.dll
0x00007ff9df630000 - 0x00007ff9df63f000 	C:\WINDOWS\System32\kernel.appcore.dll
0x00007ff9df960000 - 0x00007ff9dfa09000 	C:\WINDOWS\System32\shcore.dll
0x00007ff9df5b0000 - 0x00007ff9df5c4000 	C:\WINDOWS\System32\profapi.dll

VM Arguments:
jvm_args: -Djava.awt.headless=true -Xmx4g -Dfile.encoding=windows-1252 -Duser.country=IN -Duser.language=en -Duser.variant 
java_command: com.android.dx.command.Main --dex --verbose --force-jumbo --num-threads=4 --multi-dex --output C:\Users\Pooja\Dropbox\MobiPlace\app\build\intermediates\transforms\dex\debug\folders\1000\10\com.google.android.gms-play-services-measurement-8.4.0_1484d66c4b8d6d29341d8bbede9ada1fa6100b0c C:\Users\Pooja\Dropbox\MobiPlace\app\build\intermediates\exploded-aar\com.google.android.gms\play-services-measurement\8.4.0\jars\classes.jar
java_class_path (initial): C:\Users\Pooja\AppData\Local\Android\sdk\build-tools\23.0.1\lib\dx.jar
Launcher Type: SUN_STANDARD

Environment Variables:
JAVA_HOME=C:\Program Files\Java\jdk1.8.0_112
PATH=C:\ProgramData\Oracle\Java\javapath;G:\app\pooja22\product\12.1.0\dbhome_1\bin;C:\Program Files (x86)\NVIDIA Corporation\PhysX\Common;C:\Program Files (x86)\Intel\iCLS Client\;C:\Program Files\Intel\iCLS Client\;C:\WINDOWS\system32;C:\WINDOWS;C:\WINDOWS\System32\Wbem;C:\WINDOWS\System32\WindowsPowerShell\v1.0\;C:\Program Files\Hewlett-Packard\SimplePass\;C:\Program Files\Intel\Intel(R) Management Engine Components\DAL;C:\Program Files (x86)\Intel\Intel(R) Management Engine Components\DAL;C:\Program Files\Intel\Intel(R) Management Engine Components\IPT;C:\Program Files (x86)\Intel\Intel(R) Management Engine Components\IPT;C:\Program Files (x86)\MySQL\MySQL Server 5.0\bin;C:\Program Files (x86)\Microsoft SQL Server\110\Tools\Binn\ManagementStudio\;C:\Program Files (x86)\Microsoft SQL Server\110\Tools\Binn\;C:\Program Files\Microsoft SQL Server\110\Tools\Binn\;C:\Program Files (x86)\Microsoft SQL Server\110\DTS\Binn\;C:\Program Files (x86)\Common Files\lenovo\easyplussdk\bin;C:\Program Files (x86)\Microsoft SDKs\TypeScript\1.0\;C:\Program Files\Microsoft SQL Server\120\Tools\Binn\;C:\Users\Pooja\AppData\Local\Android\sdk\platform-tools;C:\Users\Pooja\AppData\Local\Android\sdk\tools;C:\Users\Pooja\AppData\Local\Android\sdk\build-tools\23.0.1;C:\Users\Pooja\AppData\Local\Android\sdk\build-tools\22.0.1;C:\Users\Pooja\AppData\Local\Android\sdk\build-tools\23.0.3;;C:\Program Files (x86)\Microsoft VS Code\bin;C:\Users\Pooja\AppData\Local\Microsoft\WindowsApps
USERNAME=Pooja
OS=Windows_NT
PROCESSOR_IDENTIFIER=Intel64 Family 6 Model 61 Stepping 4, GenuineIntel



---------------  S Y S T E M  ---------------

OS: Windows 10.0 , 64 bit Build 14393 (10.0.14393.0)

CPU:total 4 (2 cores per cpu, 2 threads per core) family 6 model 61 stepping 4, cmov, cx8, fxsr, mmx, sse, sse2, sse3, ssse3, sse4.1, sse4.2, popcnt, avx, avx2, aes, clmul, erms, 3dnowpref, lzcnt, ht, tsc, tscinvbit, bmi1, bmi2, adx

Memory: 4k page, physical 4107664k(313128k free), swap 9350544k(3900k free)

vm_info: Java HotSpot(TM) 64-Bit Server VM (25.112-b15) for windows-amd64 JRE (1.8.0_112-b15), built on Sep 22 2016 21:31:56 by "java_re" with MS VC++ 10.0 (VS2010)

time: Sun Mar 05 21:59:00 2017
elapsed time: 6 seconds (0d 0h 0m 6s)

