#
# There is insufficient memory for the Java Runtime Environment to continue.
# Native memory allocation (malloc) failed to allocate 32784 bytes for Chunk::new
# Possible reasons:
#   The system is out of physical RAM or swap space
#   In 32 bit mode, the process size limit was hit
# Possible solutions:
#   Reduce memory load on the system
#   Increase physical memory or swap space
#   Check if swap backing store is full
#   Use 64 bit Java on a 64 bit OS
#   Decrease Java heap size (-Xmx/-Xms)
#   Decrease number of Java threads
#   Decrease Java thread stack sizes (-Xss)
#   Set larger code cache with -XX:ReservedCodeCacheSize=
# This output file may be truncated or incomplete.
#
#  Out of Memory Error (allocation.cpp:390), pid=19200, tid=0x0000000000001b1c
#
# JRE version: Java(TM) SE Runtime Environment (8.0_112-b15) (build 1.8.0_112-b15)
# Java VM: Java HotSpot(TM) 64-Bit Server VM (25.112-b15 mixed mode windows-amd64 compressed oops)
# Failed to write core dump. Minidumps are not enabled by default on client versions of Windows
#

---------------  T H R E A D  ---------------

Current thread (0x000000001c330800):  JavaThread "C2 CompilerThread1" daemon [_thread_in_native, id=6940, stack(0x000000001da80000,0x000000001db80000)]

Stack: [0x000000001da80000,0x000000001db80000]
[error occurred during error reporting (printing stack bounds), id 0xc0000005]

Native frames: (J=compiled Java code, j=interpreted, Vv=VM code, C=native code)


Current CompileTask:
C2:  18145 2675       4       java.util.Arrays::sort (47 bytes)


---------------  P R O C E S S  ---------------

Java Threads: ( => current thread )
  0x000000001de01000 JavaThread "pool-1-thread-1" [_thread_in_vm, id=23444, stack(0x000000001ff50000,0x0000000020050000)]
  0x000000001db84000 JavaThread "Service Thread" daemon [_thread_blocked, id=2972, stack(0x000000001e080000,0x000000001e180000)]
  0x000000001db80800 JavaThread "C1 CompilerThread2" daemon [_thread_blocked, id=16284, stack(0x000000001df80000,0x000000001e080000)]
=>0x000000001c330800 JavaThread "C2 CompilerThread1" daemon [_thread_in_native, id=6940, stack(0x000000001da80000,0x000000001db80000)]
  0x000000001c32d800 JavaThread "C2 CompilerThread0" daemon [_thread_in_native, id=11024, stack(0x000000001d980000,0x000000001da80000)]
  0x000000001c32c000 JavaThread "Attach Listener" daemon [_thread_blocked, id=10992, stack(0x000000001d880000,0x000000001d980000)]
  0x000000001c32a800 JavaThread "Signal Dispatcher" daemon [_thread_blocked, id=2848, stack(0x000000001d780000,0x000000001d880000)]
  0x000000001c31a000 JavaThread "Finalizer" daemon [_thread_blocked, id=12908, stack(0x000000001d590000,0x000000001d690000)]
  0x0000000002c50000 JavaThread "Reference Handler" daemon [_thread_blocked, id=21356, stack(0x000000001d490000,0x000000001d590000)]
  0x00000000029ad800 JavaThread "main" [_thread_blocked, id=5732, stack(0x0000000002a60000,0x0000000002b60000)]

Other Threads:
  0x000000001c2f7800 VMThread [stack: 0x000000001d390000,0x000000001d490000] [id=12648]
  0x000000001db88800 WatcherThread [stack: 0x000000001e180000,0x000000001e280000] [id=5460]

VM state:not at safepoint (normal execution)

VM Mutex/Monitor currently owned by a thread: None

Heap:
 PSYoungGen      total 142848K, used 111489K [0x000000076ab00000, 0x000000077a180000, 0x00000007c0000000)
  eden space 124928K, 79% used [0x000000076ab00000,0x0000000770c68058,0x0000000772500000)
  from space 17920K, 65% used [0x0000000772500000,0x00000007730784d8,0x0000000773680000)
  to   space 26112K, 0% used [0x0000000778800000,0x0000000778800000,0x000000077a180000)
 ParOldGen       total 79360K, used 43803K [0x00000006c0000000, 0x00000006c4d80000, 0x000000076ab00000)
  object space 79360K, 55% used [0x00000006c0000000,0x00000006c2ac6e18,0x00000006c4d80000)
 Metaspace       used 7032K, capacity 7640K, committed 7936K, reserved 1056768K
  class space    used 662K, capacity 720K, committed 768K, reserved 1048576K

Card table byte_map: [0x0000000012020000,0x0000000012830000] byte_map_base: 0x000000000ea20000

Marking Bits: (ParMarkBitMap*) 0x000000007610a6d0
 Begin Bits: [0x0000000013190000, 0x0000000017190000)
 End Bits:   [0x0000000017190000, 0x000000001b190000)

Polling page: 0x0000000002920000

CodeCache: size=245760Kb used=10302Kb max_used=10302Kb free=235457Kb
 bounds [0x0000000002c60000, 0x0000000003680000, 0x0000000011c60000]
 total_blobs=2841 nmethods=2570 adapters=183
 compilation: enabled

Compilation events (10 events):
Event: 18.129 Thread 0x000000001c330800 2675       4       java.util.Arrays::sort (47 bytes)
Event: 18.130 Thread 0x000000001db80800 nmethod 2671 0x0000000003673010 code [0x00000000036733c0, 0x0000000003675238]
Event: 18.130 Thread 0x000000001db80800 2673       3       com.android.dx.dex.file.DebugInfoEncoder::getParamBase (29 bytes)
Event: 18.130 Thread 0x000000001db80800 nmethod 2673 0x000000000366f790 code [0x000000000366f940, 0x0000000003670198]
Event: 18.131 Thread 0x000000001db80800 2672       3       com.android.dx.dex.code.LocalList$Entry::getName (11 bytes)
Event: 18.131 Thread 0x000000001db80800 nmethod 2672 0x000000000366e910 code [0x000000000366ea60, 0x000000000366ec70]
Event: 18.131 Thread 0x000000001db80800 2676       3       com.android.dx.dex.file.DebugInfoEncoder$2::compare (13 bytes)
Event: 18.131 Thread 0x000000001db80800 nmethod 2676 0x0000000003672650 code [0x00000000036727e0, 0x0000000003672db0]
Event: 18.132 Thread 0x000000001db80800 2677   !   3       com.android.dx.dex.file.DebugInfoItem::place0 (60 bytes)
Event: 18.132 Thread 0x000000001db80800 nmethod 2677 0x00000000036765d0 code [0x00000000036767e0, 0x00000000036772a8]

GC Heap History (10 events):
Event: 3.840 GC heap before
{Heap before GC invocations=6 (full 0):
 PSYoungGen      total 35328K, used 35309K [0x000000076ab00000, 0x000000076fa00000, 0x00000007c0000000)
  eden space 32768K, 100% used [0x000000076ab00000,0x000000076cb00000,0x000000076cb00000)
  from space 2560K, 99% used [0x000000076cb00000,0x000000076cd7b7a8,0x000000076cd80000)
  to   space 7680K, 0% used [0x000000076f280000,0x000000076f280000,0x000000076fa00000)
 ParOldGen       total 44032K, used 16188K [0x00000006c0000000, 0x00000006c2b00000, 0x000000076ab00000)
  object space 44032K, 36% used [0x00000006c0000000,0x00000006c0fcf3e8,0x00000006c2b00000)
 Metaspace       used 6366K, capacity 7128K, committed 7424K, reserved 1056768K
  class space    used 623K, capacity 656K, committed 768K, reserved 1048576K
Event: 3.913 GC heap after
Heap after GC invocations=6 (full 0):
 PSYoungGen      total 72192K, used 7676K [0x000000076ab00000, 0x000000076fc00000, 0x00000007c0000000)
  eden space 64512K, 0% used [0x000000076ab00000,0x000000076ab00000,0x000000076ea00000)
  from space 7680K, 99% used [0x000000076f280000,0x000000076f9ff218,0x000000076fa00000)
  to   space 8704K, 0% used [0x000000076ea00000,0x000000076ea00000,0x000000076f280000)
 ParOldGen       total 44032K, used 16411K [0x00000006c0000000, 0x00000006c2b00000, 0x000000076ab00000)
  object space 44032K, 37% used [0x00000006c0000000,0x00000006c1006e70,0x00000006c2b00000)
 Metaspace       used 6366K, capacity 7128K, committed 7424K, reserved 1056768K
  class space    used 623K, capacity 656K, committed 768K, reserved 1048576K
}
Event: 5.517 GC heap before
{Heap before GC invocations=7 (full 0):
 PSYoungGen      total 72192K, used 72188K [0x000000076ab00000, 0x000000076fc00000, 0x00000007c0000000)
  eden space 64512K, 100% used [0x000000076ab00000,0x000000076ea00000,0x000000076ea00000)
  from space 7680K, 99% used [0x000000076f280000,0x000000076f9ff218,0x000000076fa00000)
  to   space 8704K, 0% used [0x000000076ea00000,0x000000076ea00000,0x000000076f280000)
 ParOldGen       total 44032K, used 16411K [0x00000006c0000000, 0x00000006c2b00000, 0x000000076ab00000)
  object space 44032K, 37% used [0x00000006c0000000,0x00000006c1006e70,0x00000006c2b00000)
 Metaspace       used 6523K, capacity 7192K, committed 7424K, reserved 1056768K
  class space    used 641K, capacity 656K, committed 768K, reserved 1048576K
Event: 6.077 GC heap after
Heap after GC invocations=7 (full 0):
 PSYoungGen      total 73216K, used 8702K [0x000000076ab00000, 0x0000000774400000, 0x00000007c0000000)
  eden space 64512K, 0% used [0x000000076ab00000,0x000000076ab00000,0x000000076ea00000)
  from space 8704K, 99% used [0x000000076ea00000,0x000000076f27fbe8,0x000000076f280000)
  to   space 13824K, 0% used [0x0000000773680000,0x0000000773680000,0x0000000774400000)
 ParOldGen       total 44032K, used 25168K [0x00000006c0000000, 0x00000006c2b00000, 0x000000076ab00000)
  object space 44032K, 57% used [0x00000006c0000000,0x00000006c1894120,0x00000006c2b00000)
 Metaspace       used 6523K, capacity 7192K, committed 7424K, reserved 1056768K
  class space    used 641K, capacity 656K, committed 768K, reserved 1048576K
}
Event: 7.324 GC heap before
{Heap before GC invocations=8 (full 0):
 PSYoungGen      total 73216K, used 73214K [0x000000076ab00000, 0x0000000774400000, 0x00000007c0000000)
  eden space 64512K, 100% used [0x000000076ab00000,0x000000076ea00000,0x000000076ea00000)
  from space 8704K, 99% used [0x000000076ea00000,0x000000076f27fbe8,0x000000076f280000)
  to   space 13824K, 0% used [0x0000000773680000,0x0000000773680000,0x0000000774400000)
 ParOldGen       total 44032K, used 25168K [0x00000006c0000000, 0x00000006c2b00000, 0x000000076ab00000)
  object space 44032K, 57% used [0x00000006c0000000,0x00000006c1894120,0x00000006c2b00000)
 Metaspace       used 6571K, capacity 7192K, committed 7424K, reserved 1056768K
  class space    used 641K, capacity 656K, committed 768K, reserved 1048576K
Event: 7.407 GC heap after
Heap after GC invocations=8 (full 0):
 PSYoungGen      total 138752K, used 13805K [0x000000076ab00000, 0x0000000774c00000, 0x00000007c0000000)
  eden space 124928K, 0% used [0x000000076ab00000,0x000000076ab00000,0x0000000772500000)
  from space 13824K, 99% used [0x0000000773680000,0x00000007743fb410,0x0000000774400000)
  to   space 17920K, 0% used [0x0000000772500000,0x0000000772500000,0x0000000773680000)
 ParOldGen       total 44032K, used 29479K [0x00000006c0000000, 0x00000006c2b00000, 0x000000076ab00000)
  object space 44032K, 66% used [0x00000006c0000000,0x00000006c1cc9c80,0x00000006c2b00000)
 Metaspace       used 6571K, capacity 7192K, committed 7424K, reserved 1056768K
  class space    used 641K, capacity 656K, committed 768K, reserved 1048576K
}
Event: 8.438 GC heap before
{Heap before GC invocations=9 (full 0):
 PSYoungGen      total 138752K, used 138733K [0x000000076ab00000, 0x0000000774c00000, 0x00000007c0000000)
  eden space 124928K, 100% used [0x000000076ab00000,0x0000000772500000,0x0000000772500000)
  from space 13824K, 99% used [0x0000000773680000,0x00000007743fb410,0x0000000774400000)
  to   space 17920K, 0% used [0x0000000772500000,0x0000000772500000,0x0000000773680000)
 ParOldGen       total 44032K, used 29479K [0x00000006c0000000, 0x00000006c2b00000, 0x000000076ab00000)
  object space 44032K, 66% used [0x00000006c0000000,0x00000006c1cc9c80,0x00000006c2b00000)
 Metaspace       used 6633K, capacity 7256K, committed 7424K, reserved 1056768K
  class space    used 641K, capacity 656K, committed 768K, reserved 1048576K
Event: 8.540 GC heap after
Heap after GC invocations=9 (full 0):
 PSYoungGen      total 142848K, used 17912K [0x000000076ab00000, 0x000000077a180000, 0x00000007c0000000)
  eden space 124928K, 0% used [0x000000076ab00000,0x000000076ab00000,0x0000000772500000)
  from space 17920K, 99% used [0x0000000772500000,0x000000077367e1d0,0x0000000773680000)
  to   space 26112K, 0% used [0x0000000778800000,0x0000000778800000,0x000000077a180000)
 ParOldGen       total 44032K, used 43501K [0x00000006c0000000, 0x00000006c2b00000, 0x000000076ab00000)
  object space 44032K, 98% used [0x00000006c0000000,0x00000006c2a7b628,0x00000006c2b00000)
 Metaspace       used 6633K, capacity 7256K, committed 7424K, reserved 1056768K
  class space    used 641K, capacity 656K, committed 768K, reserved 1048576K
}
Event: 8.540 GC heap before
{Heap before GC invocations=10 (full 1):
 PSYoungGen      total 142848K, used 17912K [0x000000076ab00000, 0x000000077a180000, 0x00000007c0000000)
  eden space 124928K, 0% used [0x000000076ab00000,0x000000076ab00000,0x0000000772500000)
  from space 17920K, 99% used [0x0000000772500000,0x000000077367e1d0,0x0000000773680000)
  to   space 26112K, 0% used [0x0000000778800000,0x0000000778800000,0x000000077a180000)
 ParOldGen       total 44032K, used 43501K [0x00000006c0000000, 0x00000006c2b00000, 0x000000076ab00000)
  object space 44032K, 98% used [0x00000006c0000000,0x00000006c2a7b628,0x00000006c2b00000)
 Metaspace       used 6633K, capacity 7256K, committed 7424K, reserved 1056768K
  class space    used 641K, capacity 656K, committed 768K, reserved 1048576K
Event: 9.341 GC heap after
Heap after GC invocations=10 (full 1):
 PSYoungGen      total 142848K, used 11745K [0x000000076ab00000, 0x000000077a180000, 0x00000007c0000000)
  eden space 124928K, 0% used [0x000000076ab00000,0x000000076ab00000,0x0000000772500000)
  from space 17920K, 65% used [0x0000000772500000,0x00000007730784d8,0x0000000773680000)
  to   space 26112K, 0% used [0x0000000778800000,0x0000000778800000,0x000000077a180000)
 ParOldGen       total 79360K, used 43803K [0x00000006c0000000, 0x00000006c4d80000, 0x000000076ab00000)
  object space 79360K, 55% used [0x00000006c0000000,0x00000006c2ac6e18,0x00000006c4d80000)
 Metaspace       used 6633K, capacity 7256K, committed 7424K, reserved 1056768K
  class space    used 641K, capacity 656K, committed 768K, reserved 1048576K
}

Deoptimization events (10 events):
Event: 15.275 Thread 0x000000001de01000 Uncommon trap: reason=bimorphic action=maybe_recompile pc=0x00000000035f723c method=com.android.dx.dex.code.OutputFinisher.calculateReservedCount([Lcom/android/dx/dex/code/Dop;)I @ 72
Event: 15.275 Thread 0x000000001de01000 Uncommon trap: reason=unstable_if action=reinterpret pc=0x00000000035b3874 method=com.android.dx.dex.code.LocalList$MakeState.snapshot(ILcom/android/dx/rop/code/RegisterSpecSet;)V @ 86
Event: 15.277 Thread 0x000000001de01000 Uncommon trap: reason=bimorphic action=maybe_recompile pc=0x00000000035f723c method=com.android.dx.dex.code.OutputFinisher.calculateReservedCount([Lcom/android/dx/dex/code/Dop;)I @ 72
Event: 15.277 Thread 0x000000001de01000 Uncommon trap: reason=bimorphic action=maybe_recompile pc=0x00000000035f723c method=com.android.dx.dex.code.OutputFinisher.calculateReservedCount([Lcom/android/dx/dex/code/Dop;)I @ 72
Event: 16.110 Thread 0x000000001de01000 Uncommon trap: reason=unstable_if action=reinterpret pc=0x0000000003602f6c method=com.android.dx.dex.code.OutputFinisher.align64bits([Lcom/android/dx/dex/code/Dop;)V @ 205
Event: 18.109 Thread 0x000000001de01000 Uncommon trap: reason=bimorphic action=maybe_recompile pc=0x00000000035576c4 method=com.android.dx.dex.file.MixedItemSection$1.compare(Lcom/android/dx/dex/file/OffsettedItem;Lcom/android/dx/dex/file/OffsettedItem;)I @ 1
Event: 18.109 Thread 0x000000001de01000 Uncommon trap: reason=bimorphic action=maybe_recompile pc=0x00000000035576c4 method=com.android.dx.dex.file.MixedItemSection$1.compare(Lcom/android/dx/dex/file/OffsettedItem;Lcom/android/dx/dex/file/OffsettedItem;)I @ 1
Event: 18.109 Thread 0x000000001de01000 Uncommon trap: reason=bimorphic action=maybe_recompile pc=0x00000000035576c4 method=com.android.dx.dex.file.MixedItemSection$1.compare(Lcom/android/dx/dex/file/OffsettedItem;Lcom/android/dx/dex/file/OffsettedItem;)I @ 1
Event: 18.109 Thread 0x000000001de01000 Uncommon trap: reason=bimorphic action=maybe_recompile pc=0x00000000035576c4 method=com.android.dx.dex.file.MixedItemSection$1.compare(Lcom/android/dx/dex/file/OffsettedItem;Lcom/android/dx/dex/file/OffsettedItem;)I @ 1
Event: 18.114 Thread 0x000000001de01000 Uncommon trap: reason=unstable_if action=reinterpret pc=0x00000000035c713c method=java.util.ArrayList.<init>(I)V @ 5

Internal exceptions (7 events):
Event: 0.717 Thread 0x00000000029ad800 Exception <a 'java/lang/NoSuchMethodError': Method sun.misc.Unsafe.defineClass(Ljava/lang/String;[BII)Ljava/lang/Class; name or signature does not match> (0x000000076ab07c78) thrown at [C:\re\workspace\8-2-build-windows-amd64-cygwin\jdk8u112\7884\hotspot\
Event: 0.717 Thread 0x00000000029ad800 Exception <a 'java/lang/NoSuchMethodError': Method sun.misc.Unsafe.prefetchRead(Ljava/lang/Object;J)V name or signature does not match> (0x000000076ab07f60) thrown at [C:\re\workspace\8-2-build-windows-amd64-cygwin\jdk8u112\7884\hotspot\src\share\vm\prims
Event: 2.254 Thread 0x000000001ddf4800 Implicit null exception at 0x0000000002eef11c to 0x0000000002ef1099
Event: 5.193 Thread 0x000000001de03000 Exception <a 'java/lang/ArrayIndexOutOfBoundsException': 18> (0x000000076e3093f0) thrown at [C:\re\workspace\8-2-build-windows-amd64-cygwin\jdk8u112\7884\hotspot\src\share\vm\interpreter\interpreterRuntime.cpp, line 366]
Event: 5.193 Thread 0x000000001de03000 Exception <a 'java/lang/ArrayIndexOutOfBoundsException': 145> (0x000000076e30af70) thrown at [C:\re\workspace\8-2-build-windows-amd64-cygwin\jdk8u112\7884\hotspot\src\share\vm\interpreter\interpreterRuntime.cpp, line 366]
Event: 5.194 Thread 0x000000001de03000 Exception <a 'java/lang/ArrayIndexOutOfBoundsException'> (0x000000076e30c258) thrown at [C:\re\workspace\8-2-build-windows-amd64-cygwin\jdk8u112\7884\hotspot\src\share\vm\runtime\sharedRuntime.cpp, line 605]
Event: 9.621 Thread 0x000000001ddf4800 Implicit null exception at 0x00000000032b4fb5 to 0x00000000032b6179

Events (10 events):
Event: 18.109 Thread 0x000000001de01000 DEOPT UNPACKING pc=0x0000000002ca582a sp=0x000000002004e998 mode 2
Event: 18.111 loading class com/android/dx/dex/file/DebugInfoEncoder
Event: 18.111 loading class com/android/dx/dex/file/DebugInfoEncoder done
Event: 18.113 loading class com/android/dx/dex/file/DebugInfoEncoder$1
Event: 18.113 loading class com/android/dx/dex/file/DebugInfoEncoder$1 done
Event: 18.114 Thread 0x000000001de01000 Uncommon trap: trap_request=0xffffff65 fr.pc=0x00000000035c713c
Event: 18.114 Thread 0x000000001de01000 DEOPT PACKING pc=0x00000000035c713c sp=0x000000002004e970
Event: 18.114 Thread 0x000000001de01000 DEOPT UNPACKING pc=0x0000000002ca582a sp=0x000000002004e918 mode 2
Event: 18.114 loading class com/android/dx/dex/file/DebugInfoEncoder$2
Event: 18.114 loading class com/android/dx/dex/file/DebugInfoEncoder$2 done


Dynamic libraries:
0x00007ff7a48a0000 - 0x00007ff7a48d7000 	C:\Program Files\Java\jdk1.8.0_112\bin\java.exe
0x00007ff9e3150000 - 0x00007ff9e3321000 	C:\WINDOWS\SYSTEM32\ntdll.dll
0x00007ff9e30a0000 - 0x00007ff9e314b000 	C:\WINDOWS\System32\KERNEL32.DLL
0x00007ff9df640000 - 0x00007ff9df85d000 	C:\WINDOWS\System32\KERNELBASE.dll
0x00007ff9e2aa0000 - 0x00007ff9e2b42000 	C:\WINDOWS\System32\ADVAPI32.dll
0x00007ff9e0bf0000 - 0x00007ff9e0c8e000 	C:\WINDOWS\System32\msvcrt.dll
0x00007ff9e2b50000 - 0x00007ff9e2ba9000 	C:\WINDOWS\System32\sechost.dll
0x00007ff9e25a0000 - 0x00007ff9e26c1000 	C:\WINDOWS\System32\RPCRT4.dll
0x00007ff9e0750000 - 0x00007ff9e08b5000 	C:\WINDOWS\System32\USER32.dll
0x00007ff9e0670000 - 0x00007ff9e068e000 	C:\WINDOWS\System32\win32u.dll
0x00007ff9e2820000 - 0x00007ff9e2854000 	C:\WINDOWS\System32\GDI32.dll
0x00007ff9e04e0000 - 0x00007ff9e0662000 	C:\WINDOWS\System32\gdi32full.dll
0x00007ff9d96a0000 - 0x00007ff9d9919000 	C:\WINDOWS\WinSxS\amd64_microsoft.windows.common-controls_6595b64144ccf1df_6.0.14393.447_none_42191651c6827bb3\COMCTL32.dll
0x00007ff9e08c0000 - 0x00007ff9e0b88000 	C:\WINDOWS\System32\combase.dll
0x00007ff9df860000 - 0x00007ff9df955000 	C:\WINDOWS\System32\ucrtbase.dll
0x00007ff9e0470000 - 0x00007ff9e04da000 	C:\WINDOWS\System32\bcryptPrimitives.dll
0x00007ff9e26e0000 - 0x00007ff9e270e000 	C:\WINDOWS\System32\IMM32.DLL
0x00000000508b0000 - 0x0000000050982000 	C:\Program Files\Java\jdk1.8.0_112\jre\bin\msvcr100.dll
0x00000000758f0000 - 0x000000007618a000 	C:\Program Files\Java\jdk1.8.0_112\jre\bin\server\jvm.dll
0x00007ff9e2880000 - 0x00007ff9e2888000 	C:\WINDOWS\System32\PSAPI.DLL
0x00007ff9cfd20000 - 0x00007ff9cfd29000 	C:\WINDOWS\SYSTEM32\WSOCK32.dll
0x00007ff9e2710000 - 0x00007ff9e277a000 	C:\WINDOWS\System32\WS2_32.dll
0x00007ff9dd8a0000 - 0x00007ff9dd8c3000 	C:\WINDOWS\SYSTEM32\WINMM.dll
0x00007ff9d7390000 - 0x00007ff9d739a000 	C:\WINDOWS\SYSTEM32\VERSION.dll
0x00007ff9dd870000 - 0x00007ff9dd89b000 	C:\WINDOWS\SYSTEM32\WINMMBASE.dll
0x00007ff9e0690000 - 0x00007ff9e06d2000 	C:\WINDOWS\System32\cfgmgr32.dll
0x00000000508a0000 - 0x00000000508af000 	C:\Program Files\Java\jdk1.8.0_112\jre\bin\verify.dll
0x0000000050870000 - 0x0000000050899000 	C:\Program Files\Java\jdk1.8.0_112\jre\bin\java.dll
0x0000000050850000 - 0x0000000050866000 	C:\Program Files\Java\jdk1.8.0_112\jre\bin\zip.dll
0x00007ff9e1090000 - 0x00007ff9e2599000 	C:\WINDOWS\System32\SHELL32.dll
0x00007ff9dfd90000 - 0x00007ff9e046a000 	C:\WINDOWS\System32\windows.storage.dll
0x00007ff9df5d0000 - 0x00007ff9df61c000 	C:\WINDOWS\System32\powrprof.dll
0x00007ff9e06f0000 - 0x00007ff9e0742000 	C:\WINDOWS\System32\shlwapi.dll
0x00007ff9df630000 - 0x00007ff9df63f000 	C:\WINDOWS\System32\kernel.appcore.dll
0x00007ff9df960000 - 0x00007ff9dfa09000 	C:\WINDOWS\System32\shcore.dll
0x00007ff9df5b0000 - 0x00007ff9df5c4000 	C:\WINDOWS\System32\profapi.dll

VM Arguments:
jvm_args: -Djava.awt.headless=true -Xmx4g -Dfile.encoding=windows-1252 -Duser.country=IN -Duser.language=en -Duser.variant 
java_command: com.android.dx.command.Main --dex --verbose --force-jumbo --num-threads=4 --multi-dex --output C:\Users\Pooja\Dropbox\MobiPlace\app\build\intermediates\transforms\dex\debug\folders\1000\10\com.android.support-support-v4-23.0.0_69a7d67ec6d5842feb2d7685db18672d170c7dee C:\Users\Pooja\Dropbox\MobiPlace\app\build\intermediates\exploded-aar\com.android.support\support-v4\23.0.0\jars\classes.jar
java_class_path (initial): C:\Users\Pooja\AppData\Local\Android\sdk\build-tools\23.0.1\lib\dx.jar
Launcher Type: SUN_STANDARD

Environment Variables:
JAVA_HOME=C:\Program Files\Java\jdk1.8.0_112
PATH=C:\ProgramData\Oracle\Java\javapath;G:\app\pooja22\product\12.1.0\dbhome_1\bin;C:\Program Files (x86)\NVIDIA Corporation\PhysX\Common;C:\Program Files (x86)\Intel\iCLS Client\;C:\Program Files\Intel\iCLS Client\;C:\WINDOWS\system32;C:\WINDOWS;C:\WINDOWS\System32\Wbem;C:\WINDOWS\System32\WindowsPowerShell\v1.0\;C:\Program Files\Hewlett-Packard\SimplePass\;C:\Program Files\Intel\Intel(R) Management Engine Components\DAL;C:\Program Files (x86)\Intel\Intel(R) Management Engine Components\DAL;C:\Program Files\Intel\Intel(R) Management Engine Components\IPT;C:\Program Files (x86)\Intel\Intel(R) Management Engine Components\IPT;C:\Program Files (x86)\MySQL\MySQL Server 5.0\bin;C:\Program Files (x86)\Microsoft SQL Server\110\Tools\Binn\ManagementStudio\;C:\Program Files (x86)\Microsoft SQL Server\110\Tools\Binn\;C:\Program Files\Microsoft SQL Server\110\Tools\Binn\;C:\Program Files (x86)\Microsoft SQL Server\110\DTS\Binn\;C:\Program Files (x86)\Common Files\lenovo\easyplussdk\bin;C:\Program Files (x86)\Microsoft SDKs\TypeScript\1.0\;C:\Program Files\Microsoft SQL Server\120\Tools\Binn\;C:\Users\Pooja\AppData\Local\Android\sdk\platform-tools;C:\Users\Pooja\AppData\Local\Android\sdk\tools;C:\Users\Pooja\AppData\Local\Android\sdk\build-tools\23.0.1;C:\Users\Pooja\AppData\Local\Android\sdk\build-tools\22.0.1;C:\Users\Pooja\AppData\Local\Android\sdk\build-tools\23.0.3;;C:\Program Files (x86)\Microsoft VS Code\bin;C:\Users\Pooja\AppData\Local\Microsoft\WindowsApps
USERNAME=Pooja
OS=Windows_NT
PROCESSOR_IDENTIFIER=Intel64 Family 6 Model 61 Stepping 4, GenuineIntel



---------------  S Y S T E M  ---------------

OS: Windows 10.0 , 64 bit Build 14393 (10.0.14393.0)

CPU:total 4 (2 cores per cpu, 2 threads per core) family 6 model 61 stepping 4, cmov, cx8, fxsr, mmx, sse, sse2, sse3, ssse3, sse4.1, sse4.2, popcnt, avx, avx2, aes, clmul, erms, 3dnowpref, lzcnt, ht, tsc, tscinvbit, bmi1, bmi2, adx

Memory: 4k page, physical 4107664k(321824k free), swap 9350544k(2508k free)

vm_info: Java HotSpot(TM) 64-Bit Server VM (25.112-b15) for windows-amd64 JRE (1.8.0_112-b15), built on Sep 22 2016 21:31:56 by "java_re" with MS VC++ 10.0 (VS2010)

time: Sun Mar 05 22:54:21 2017
elapsed time: 18 seconds (0d 0h 0m 18s)

