#
# There is insufficient memory for the Java Runtime Environment to continue.
# Native memory allocation (malloc) failed to allocate 65552 bytes for Chunk::new
# Possible reasons:
#   The system is out of physical RAM or swap space
#   In 32 bit mode, the process size limit was hit
# Possible solutions:
#   Reduce memory load on the system
#   Increase physical memory or swap space
#   Check if swap backing store is full
#   Use 64 bit Java on a 64 bit OS
#   Decrease Java heap size (-Xmx/-Xms)
#   Decrease number of Java threads
#   Decrease Java thread stack sizes (-Xss)
#   Set larger code cache with -XX:ReservedCodeCacheSize=
# This output file may be truncated or incomplete.
#
#  Out of Memory Error (allocation.cpp:390), pid=788, tid=0x00000000000042c8
#
# JRE version: Java(TM) SE Runtime Environment (8.0_112-b15) (build 1.8.0_112-b15)
# Java VM: Java HotSpot(TM) 64-Bit Server VM (25.112-b15 mixed mode windows-amd64 compressed oops)
# Failed to write core dump. Minidumps are not enabled by default on client versions of Windows
#

---------------  T H R E A D  ---------------

Current thread (0x000000001c501000):  JavaThread "C2 CompilerThread1" daemon [_thread_in_native, id=17096, stack(0x000000001dc60000,0x000000001dd60000)]

Stack: [0x000000001dc60000,0x000000001dd60000]
[error occurred during error reporting (printing stack bounds), id 0xc0000005]

Native frames: (J=compiled Java code, j=interpreted, Vv=VM code, C=native code)


Current CompileTask:
C2:   7062 2004       4       com.android.dx.ssa.SCCP::addUsersToWorklist (103 bytes)


---------------  P R O C E S S  ---------------

Java Threads: ( => current thread )
  0x000000001e0d5000 JavaThread "pool-2-thread-4" [_thread_blocked, id=5164, stack(0x000000001e860000,0x000000001e960000)]
  0x000000001e0d4000 JavaThread "pool-2-thread-3" [_thread_in_Java, id=14396, stack(0x000000001e760000,0x000000001e860000)]
  0x000000001e0c5000 JavaThread "pool-2-thread-2" [_thread_blocked, id=6020, stack(0x000000001e660000,0x000000001e760000)]
  0x000000001e0c4000 JavaThread "pool-3-thread-1" [_thread_blocked, id=2644, stack(0x000000001e560000,0x000000001e660000)]
  0x000000001e0b9800 JavaThread "pool-2-thread-1" [_thread_blocked, id=18176, stack(0x000000001e460000,0x000000001e560000)]
  0x000000001de89800 JavaThread "Service Thread" daemon [_thread_blocked, id=8012, stack(0x000000001e260000,0x000000001e360000)]
  0x000000001c507800 JavaThread "C1 CompilerThread2" daemon [_thread_in_native, id=6008, stack(0x000000001dd60000,0x000000001de60000)]
=>0x000000001c501000 JavaThread "C2 CompilerThread1" daemon [_thread_in_native, id=17096, stack(0x000000001dc60000,0x000000001dd60000)]
  0x000000001c4fd800 JavaThread "C2 CompilerThread0" daemon [_thread_in_native, id=8532, stack(0x000000001db60000,0x000000001dc60000)]
  0x000000001c4fc000 JavaThread "Attach Listener" daemon [_thread_blocked, id=10092, stack(0x000000001da60000,0x000000001db60000)]
  0x000000001c4fa000 JavaThread "Signal Dispatcher" daemon [_thread_blocked, id=23336, stack(0x000000001d960000,0x000000001da60000)]
  0x000000001c4ea800 JavaThread "Finalizer" daemon [_thread_blocked, id=18884, stack(0x000000001d760000,0x000000001d860000)]
  0x0000000002dc0000 JavaThread "Reference Handler" daemon [_thread_blocked, id=5904, stack(0x000000001d660000,0x000000001d760000)]
  0x0000000002cbd800 JavaThread "main" [_thread_blocked, id=15696, stack(0x0000000002bb0000,0x0000000002cb0000)]

Other Threads:
  0x000000001c4c7800 VMThread [stack: 0x000000001d560000,0x000000001d660000] [id=10460]
  0x000000001debc800 WatcherThread [stack: 0x000000001e360000,0x000000001e460000] [id=612]

VM state:not at safepoint (normal execution)

VM Mutex/Monitor currently owned by a thread: None

Heap:
 PSYoungGen      total 79360K, used 30217K [0x000000076ab00000, 0x0000000774600000, 0x00000007c0000000)
  eden space 65536K, 26% used [0x000000076ab00000,0x000000076bc2cf50,0x000000076eb00000)
  from space 13824K, 91% used [0x0000000773880000,0x00000007744d5628,0x0000000774600000)
  to   space 2560K, 0% used [0x000000076eb00000,0x000000076eb00000,0x000000076ed80000)
 ParOldGen       total 44032K, used 30388K [0x00000006c0000000, 0x00000006c2b00000, 0x000000076ab00000)
  object space 44032K, 69% used [0x00000006c0000000,0x00000006c1dad228,0x00000006c2b00000)
 Metaspace       used 6609K, capacity 7256K, committed 7424K, reserved 1056768K
  class space    used 639K, capacity 656K, committed 768K, reserved 1048576K

Card table byte_map: [0x00000000121a0000,0x00000000129b0000] byte_map_base: 0x000000000eba0000

Marking Bits: (ParMarkBitMap*) 0x000000007610a6d0
 Begin Bits: [0x0000000013310000, 0x0000000017310000)
 End Bits:   [0x0000000017310000, 0x000000001b310000)

Polling page: 0x0000000002b90000

CodeCache: size=245760Kb used=8012Kb max_used=8012Kb free=237748Kb
 bounds [0x0000000002de0000, 0x00000000035c0000, 0x0000000011de0000]
 total_blobs=2234 nmethods=1964 adapters=182
 compilation: enabled

Compilation events (10 events):
Event: 6.805 Thread 0x000000001c507800 nmethod 2044 0x00000000035b7510 code [0x00000000035b7660, 0x00000000035b77d0]
Event: 6.805 Thread 0x000000001c507800 2047       1       com.android.dx.cf.attrib.InnerClassList$Item::getInnerName (5 bytes)
Event: 6.805 Thread 0x000000001c507800 nmethod 2047 0x00000000035b7850 code [0x00000000035b79a0, 0x00000000035b7ab0]
Event: 6.805 Thread 0x000000001c507800 2048       1       com.android.dx.cf.attrib.InnerClassList$Item::getAccessFlags (5 bytes)
Event: 6.805 Thread 0x000000001c507800 nmethod 2048 0x00000000035b7b10 code [0x00000000035b7c60, 0x00000000035b7d70]
Event: 6.805 Thread 0x000000001c507800 2049 %     3       com.android.dx.ssa.PhiInsn::mapSourceRegisters @ 8 (78 bytes)
Event: 6.806 Thread 0x000000001c507800 nmethod 2049% 0x00000000035b7dd0 code [0x00000000035b7fc0, 0x00000000035b8a78]
Event: 6.806 Thread 0x000000001c507800 2050       2       java.util.concurrent.locks.AbstractQueuedSynchronizer::addWaiter (50 bytes)
Event: 6.806 Thread 0x000000001c507800 nmethod 2050 0x00000000035b8ed0 code [0x00000000035b9040, 0x00000000035b9308]
Event: 6.812 Thread 0x000000001c507800 2053       2       com.android.dx.cf.code.Merger::mergeType (142 bytes)

GC Heap History (10 events):
Event: 2.477 GC heap before
{Heap before GC invocations=2 (full 0):
 PSYoungGen      total 18944K, used 18936K [0x000000076ab00000, 0x000000076d000000, 0x00000007c0000000)
  eden space 16384K, 100% used [0x000000076ab00000,0x000000076bb00000,0x000000076bb00000)
  from space 2560K, 99% used [0x000000076bb00000,0x000000076bd7e1b0,0x000000076bd80000)
  to   space 2560K, 0% used [0x000000076cd80000,0x000000076cd80000,0x000000076d000000)
 ParOldGen       total 44032K, used 2450K [0x00000006c0000000, 0x00000006c2b00000, 0x000000076ab00000)
  object space 44032K, 5% used [0x00000006c0000000,0x00000006c0264ae0,0x00000006c2b00000)
 Metaspace       used 6041K, capacity 6936K, committed 7168K, reserved 1056768K
  class space    used 613K, capacity 656K, committed 768K, reserved 1048576K
Event: 2.487 GC heap after
Heap after GC invocations=2 (full 0):
 PSYoungGen      total 35328K, used 2549K [0x000000076ab00000, 0x000000076d000000, 0x00000007c0000000)
  eden space 32768K, 0% used [0x000000076ab00000,0x000000076ab00000,0x000000076cb00000)
  from space 2560K, 99% used [0x000000076cd80000,0x000000076cffd618,0x000000076d000000)
  to   space 2560K, 0% used [0x000000076cb00000,0x000000076cb00000,0x000000076cd80000)
 ParOldGen       total 44032K, used 7418K [0x00000006c0000000, 0x00000006c2b00000, 0x000000076ab00000)
  object space 44032K, 16% used [0x00000006c0000000,0x00000006c073e9c0,0x00000006c2b00000)
 Metaspace       used 6041K, capacity 6936K, committed 7168K, reserved 1056768K
  class space    used 613K, capacity 656K, committed 768K, reserved 1048576K
}
Event: 3.062 GC heap before
{Heap before GC invocations=3 (full 0):
 PSYoungGen      total 35328K, used 35317K [0x000000076ab00000, 0x000000076d000000, 0x00000007c0000000)
  eden space 32768K, 100% used [0x000000076ab00000,0x000000076cb00000,0x000000076cb00000)
  from space 2560K, 99% used [0x000000076cd80000,0x000000076cffd618,0x000000076d000000)
  to   space 2560K, 0% used [0x000000076cb00000,0x000000076cb00000,0x000000076cd80000)
 ParOldGen       total 44032K, used 7418K [0x00000006c0000000, 0x00000006c2b00000, 0x000000076ab00000)
  object space 44032K, 16% used [0x00000006c0000000,0x00000006c073e9c0,0x00000006c2b00000)
 Metaspace       used 6185K, capacity 7064K, committed 7424K, reserved 1056768K
  class space    used 613K, capacity 656K, committed 768K, reserved 1048576K
Event: 3.077 GC heap after
Heap after GC invocations=3 (full 0):
 PSYoungGen      total 35328K, used 2533K [0x000000076ab00000, 0x000000076f000000, 0x00000007c0000000)
  eden space 32768K, 0% used [0x000000076ab00000,0x000000076ab00000,0x000000076cb00000)
  from space 2560K, 98% used [0x000000076cb00000,0x000000076cd79628,0x000000076cd80000)
  to   space 2560K, 0% used [0x000000076ed80000,0x000000076ed80000,0x000000076f000000)
 ParOldGen       total 44032K, used 13970K [0x00000006c0000000, 0x00000006c2b00000, 0x000000076ab00000)
  object space 44032K, 31% used [0x00000006c0000000,0x00000006c0da4ba8,0x00000006c2b00000)
 Metaspace       used 6185K, capacity 7064K, committed 7424K, reserved 1056768K
  class space    used 613K, capacity 656K, committed 768K, reserved 1048576K
}
Event: 3.605 GC heap before
{Heap before GC invocations=4 (full 0):
 PSYoungGen      total 35328K, used 35301K [0x000000076ab00000, 0x000000076f000000, 0x00000007c0000000)
  eden space 32768K, 100% used [0x000000076ab00000,0x000000076cb00000,0x000000076cb00000)
  from space 2560K, 98% used [0x000000076cb00000,0x000000076cd79628,0x000000076cd80000)
  to   space 2560K, 0% used [0x000000076ed80000,0x000000076ed80000,0x000000076f000000)
 ParOldGen       total 44032K, used 13970K [0x00000006c0000000, 0x00000006c2b00000, 0x000000076ab00000)
  object space 44032K, 31% used [0x00000006c0000000,0x00000006c0da4ba8,0x00000006c2b00000)
 Metaspace       used 6266K, capacity 7064K, committed 7424K, reserved 1056768K
  class space    used 615K, capacity 656K, committed 768K, reserved 1048576K
Event: 3.624 GC heap after
Heap after GC invocations=4 (full 0):
 PSYoungGen      total 68096K, used 2560K [0x000000076ab00000, 0x000000076f000000, 0x00000007c0000000)
  eden space 65536K, 0% used [0x000000076ab00000,0x000000076ab00000,0x000000076eb00000)
  from space 2560K, 100% used [0x000000076ed80000,0x000000076f000000,0x000000076f000000)
  to   space 2560K, 0% used [0x000000076eb00000,0x000000076eb00000,0x000000076ed80000)
 ParOldGen       total 44032K, used 20364K [0x00000006c0000000, 0x00000006c2b00000, 0x000000076ab00000)
  object space 44032K, 46% used [0x00000006c0000000,0x00000006c13e3220,0x00000006c2b00000)
 Metaspace       used 6266K, capacity 7064K, committed 7424K, reserved 1056768K
  class space    used 615K, capacity 656K, committed 768K, reserved 1048576K
}
Event: 4.400 GC heap before
{Heap before GC invocations=5 (full 0):
 PSYoungGen      total 68096K, used 68096K [0x000000076ab00000, 0x000000076f000000, 0x00000007c0000000)
  eden space 65536K, 100% used [0x000000076ab00000,0x000000076eb00000,0x000000076eb00000)
  from space 2560K, 100% used [0x000000076ed80000,0x000000076f000000,0x000000076f000000)
  to   space 2560K, 0% used [0x000000076eb00000,0x000000076eb00000,0x000000076ed80000)
 ParOldGen       total 44032K, used 20364K [0x00000006c0000000, 0x00000006c2b00000, 0x000000076ab00000)
  object space 44032K, 46% used [0x00000006c0000000,0x00000006c13e3220,0x00000006c2b00000)
 Metaspace       used 6386K, capacity 7192K, committed 7424K, reserved 1056768K
  class space    used 619K, capacity 656K, committed 768K, reserved 1048576K
Event: 4.439 GC heap after
Heap after GC invocations=5 (full 0):
 PSYoungGen      total 68096K, used 2549K [0x000000076ab00000, 0x0000000774600000, 0x00000007c0000000)
  eden space 65536K, 0% used [0x000000076ab00000,0x000000076ab00000,0x000000076eb00000)
  from space 2560K, 99% used [0x000000076eb00000,0x000000076ed7d618,0x000000076ed80000)
  to   space 13824K, 0% used [0x0000000773880000,0x0000000773880000,0x0000000774600000)
 ParOldGen       total 44032K, used 30388K [0x00000006c0000000, 0x00000006c2b00000, 0x000000076ab00000)
  object space 44032K, 69% used [0x00000006c0000000,0x00000006c1dad228,0x00000006c2b00000)
 Metaspace       used 6386K, capacity 7192K, committed 7424K, reserved 1056768K
  class space    used 619K, capacity 656K, committed 768K, reserved 1048576K
}
Event: 6.263 GC heap before
{Heap before GC invocations=6 (full 0):
 PSYoungGen      total 68096K, used 68085K [0x000000076ab00000, 0x0000000774600000, 0x00000007c0000000)
  eden space 65536K, 100% used [0x000000076ab00000,0x000000076eb00000,0x000000076eb00000)
  from space 2560K, 99% used [0x000000076eb00000,0x000000076ed7d618,0x000000076ed80000)
  to   space 13824K, 0% used [0x0000000773880000,0x0000000773880000,0x0000000774600000)
 ParOldGen       total 44032K, used 30388K [0x00000006c0000000, 0x00000006c2b00000, 0x000000076ab00000)
  object space 44032K, 69% used [0x00000006c0000000,0x00000006c1dad228,0x00000006c2b00000)
 Metaspace       used 6604K, capacity 7256K, committed 7424K, reserved 1056768K
  class space    used 639K, capacity 656K, committed 768K, reserved 1048576K
Event: 6.798 GC heap after
Heap after GC invocations=6 (full 0):
 PSYoungGen      total 79360K, used 12629K [0x000000076ab00000, 0x0000000774600000, 0x00000007c0000000)
  eden space 65536K, 0% used [0x000000076ab00000,0x000000076ab00000,0x000000076eb00000)
  from space 13824K, 91% used [0x0000000773880000,0x00000007744d5628,0x0000000774600000)
  to   space 2560K, 0% used [0x000000076eb00000,0x000000076eb00000,0x000000076ed80000)
 ParOldGen       total 44032K, used 30388K [0x00000006c0000000, 0x00000006c2b00000, 0x000000076ab00000)
  object space 44032K, 69% used [0x00000006c0000000,0x00000006c1dad228,0x00000006c2b00000)
 Metaspace       used 6604K, capacity 7256K, committed 7424K, reserved 1056768K
  class space    used 639K, capacity 656K, committed 768K, reserved 1048576K
}

Deoptimization events (10 events):
Event: 4.581 Thread 0x000000001e0d4000 Uncommon trap: reason=unstable_if action=reinterpret pc=0x00000000030dde74 method=java.util.HashMap.putVal(ILjava/lang/Object;Ljava/lang/Object;ZZ)Ljava/lang/Object; @ 162
Event: 4.807 Thread 0x000000001e0d4000 Uncommon trap: reason=unstable_if action=reinterpret pc=0x00000000033cae68 method=java.util.HashMap.getNode(ILjava/lang/Object;)Ljava/util/HashMap$Node; @ 84
Event: 5.103 Thread 0x000000001e0d4000 Uncommon trap: reason=unstable_if action=reinterpret pc=0x00000000033bcf24 method=com.android.dx.ssa.SsaInsn.getLocalAssignment()Lcom/android/dx/rop/code/RegisterSpec; @ 14
Event: 5.119 Thread 0x000000001e0b9800 Uncommon trap: reason=unstable_if action=reinterpret pc=0x000000000342ec88 method=java.util.HashMap.putVal(ILjava/lang/Object;Ljava/lang/Object;ZZ)Ljava/lang/Object; @ 109
Event: 5.611 Thread 0x0000000002cbd800 Uncommon trap: reason=unstable_if action=reinterpret pc=0x00000000034f1f2c method=java.util.HashMap.getNode(ILjava/lang/Object;)Ljava/util/HashMap$Node; @ 84
Event: 5.611 Thread 0x0000000002cbd800 Uncommon trap: reason=bimorphic action=maybe_recompile pc=0x0000000003502028 method=com.android.dx.cf.code.RopperMachine.run(Lcom/android/dx/cf/code/Frame;II)V @ 988
Event: 5.618 Thread 0x000000001e0c5000 Uncommon trap: reason=bimorphic action=maybe_recompile pc=0x0000000003502028 method=com.android.dx.cf.code.RopperMachine.run(Lcom/android/dx/cf/code/Frame;II)V @ 988
Event: 5.643 Thread 0x000000001e0d5000 Uncommon trap: reason=unstable_if action=reinterpret pc=0x00000000034e3348 method=java.util.HashMap.resize()[Ljava/util/HashMap$Node; @ 206
Event: 6.809 Thread 0x000000001e0c5000 Uncommon trap: reason=unstable_if action=reinterpret pc=0x0000000003597cc4 method=com.android.dx.cf.code.Merger.mergeType(Lcom/android/dx/rop/type/TypeBearer;Lcom/android/dx/rop/type/TypeBearer;)Lcom/android/dx/rop/type/TypeBearer; @ 77
Event: 6.813 Thread 0x000000001e0d5000 Uncommon trap: reason=unstable_if action=reinterpret pc=0x0000000003502ce8 method=com.android.dx.cf.code.RopperMachine.run(Lcom/android/dx/cf/code/Frame;II)V @ 1500

Internal exceptions (5 events):
Event: 0.963 Thread 0x0000000002cbd800 Exception <a 'java/lang/NoSuchMethodError': Method sun.misc.Unsafe.defineClass(Ljava/lang/String;[BII)Ljava/lang/Class; name or signature does not match> (0x000000076ab07c78) thrown at [C:\re\workspace\8-2-build-windows-amd64-cygwin\jdk8u112\7884\hotspot\
Event: 0.963 Thread 0x0000000002cbd800 Exception <a 'java/lang/NoSuchMethodError': Method sun.misc.Unsafe.prefetchRead(Ljava/lang/Object;J)V name or signature does not match> (0x000000076ab07f60) thrown at [C:\re\workspace\8-2-build-windows-amd64-cygwin\jdk8u112\7884\hotspot\src\share\vm\prims
Event: 4.711 Thread 0x000000001e0d4000 Exception <a 'java/lang/ArrayIndexOutOfBoundsException': 18> (0x000000076b3d3038) thrown at [C:\re\workspace\8-2-build-windows-amd64-cygwin\jdk8u112\7884\hotspot\src\share\vm\interpreter\interpreterRuntime.cpp, line 366]
Event: 4.714 Thread 0x000000001e0d4000 Exception <a 'java/lang/ArrayIndexOutOfBoundsException': 145> (0x000000076b3d4bb8) thrown at [C:\re\workspace\8-2-build-windows-amd64-cygwin\jdk8u112\7884\hotspot\src\share\vm\interpreter\interpreterRuntime.cpp, line 366]
Event: 4.796 Thread 0x000000001e0d4000 Exception <a 'java/lang/ArrayIndexOutOfBoundsException'> (0x000000076b3d5ea0) thrown at [C:\re\workspace\8-2-build-windows-amd64-cygwin\jdk8u112\7884\hotspot\src\share\vm\runtime\sharedRuntime.cpp, line 605]

Events (10 events):
Event: 5.643 Thread 0x000000001e0d5000 DEOPT UNPACKING pc=0x0000000002e2582a sp=0x000000001e95e418 mode 2
Event: 6.261 Executing VM operation: ParallelGCFailedAllocation
Event: 6.798 Executing VM operation: ParallelGCFailedAllocation done
Event: 6.799 Thread 0x0000000002cbd800 DEOPT PACKING pc=0x00000000033fd171 sp=0x0000000002cae640
Event: 6.799 Thread 0x0000000002cbd800 DEOPT UNPACKING pc=0x0000000002e2787f sp=0x0000000002cae400 mode 0
Event: 6.809 Thread 0x000000001e0c5000 Uncommon trap: trap_request=0xffffff65 fr.pc=0x0000000003597cc4
Event: 6.809 Thread 0x000000001e0c5000 DEOPT PACKING pc=0x0000000003597cc4 sp=0x000000001e75e5c0
Event: 6.809 Thread 0x000000001e0c5000 DEOPT UNPACKING pc=0x0000000002e2582a sp=0x000000001e75e550 mode 2
Event: 6.812 Thread 0x000000001e0d5000 Uncommon trap: trap_request=0xffffff65 fr.pc=0x0000000003502ce8
Event: 6.813 Thread 0x000000001e0d5000 DEOPT PACKING pc=0x0000000003502ce8 sp=0x000000001e95e0d0


Dynamic libraries:
0x00007ff7a48a0000 - 0x00007ff7a48d7000 	C:\Program Files\Java\jdk1.8.0_112\bin\java.exe
0x00007ff9e3150000 - 0x00007ff9e3321000 	C:\WINDOWS\SYSTEM32\ntdll.dll
0x00007ff9e30a0000 - 0x00007ff9e314b000 	C:\WINDOWS\System32\KERNEL32.DLL
0x00007ff9df640000 - 0x00007ff9df85d000 	C:\WINDOWS\System32\KERNELBASE.dll
0x00007ff9e2aa0000 - 0x00007ff9e2b42000 	C:\WINDOWS\System32\ADVAPI32.dll
0x00007ff9e0bf0000 - 0x00007ff9e0c8e000 	C:\WINDOWS\System32\msvcrt.dll
0x00007ff9e2b50000 - 0x00007ff9e2ba9000 	C:\WINDOWS\System32\sechost.dll
0x00007ff9e25a0000 - 0x00007ff9e26c1000 	C:\WINDOWS\System32\RPCRT4.dll
0x00007ff9e0750000 - 0x00007ff9e08b5000 	C:\WINDOWS\System32\USER32.dll
0x00007ff9e0670000 - 0x00007ff9e068e000 	C:\WINDOWS\System32\win32u.dll
0x00007ff9e2820000 - 0x00007ff9e2854000 	C:\WINDOWS\System32\GDI32.dll
0x00007ff9e04e0000 - 0x00007ff9e0662000 	C:\WINDOWS\System32\gdi32full.dll
0x00007ff9d96a0000 - 0x00007ff9d9919000 	C:\WINDOWS\WinSxS\amd64_microsoft.windows.common-controls_6595b64144ccf1df_6.0.14393.447_none_42191651c6827bb3\COMCTL32.dll
0x00007ff9e08c0000 - 0x00007ff9e0b88000 	C:\WINDOWS\System32\combase.dll
0x00007ff9df860000 - 0x00007ff9df955000 	C:\WINDOWS\System32\ucrtbase.dll
0x00007ff9e0470000 - 0x00007ff9e04da000 	C:\WINDOWS\System32\bcryptPrimitives.dll
0x00007ff9e26e0000 - 0x00007ff9e270e000 	C:\WINDOWS\System32\IMM32.DLL
0x00000000508b0000 - 0x0000000050982000 	C:\Program Files\Java\jdk1.8.0_112\jre\bin\msvcr100.dll
0x00000000758f0000 - 0x000000007618a000 	C:\Program Files\Java\jdk1.8.0_112\jre\bin\server\jvm.dll
0x00007ff9e2880000 - 0x00007ff9e2888000 	C:\WINDOWS\System32\PSAPI.DLL
0x00007ff9cfd20000 - 0x00007ff9cfd29000 	C:\WINDOWS\SYSTEM32\WSOCK32.dll
0x00007ff9e2710000 - 0x00007ff9e277a000 	C:\WINDOWS\System32\WS2_32.dll
0x00007ff9dd8a0000 - 0x00007ff9dd8c3000 	C:\WINDOWS\SYSTEM32\WINMM.dll
0x00007ff9d7390000 - 0x00007ff9d739a000 	C:\WINDOWS\SYSTEM32\VERSION.dll
0x00007ff9dd870000 - 0x00007ff9dd89b000 	C:\WINDOWS\SYSTEM32\WINMMBASE.dll
0x00007ff9e0690000 - 0x00007ff9e06d2000 	C:\WINDOWS\System32\cfgmgr32.dll
0x00000000508a0000 - 0x00000000508af000 	C:\Program Files\Java\jdk1.8.0_112\jre\bin\verify.dll
0x0000000050870000 - 0x0000000050899000 	C:\Program Files\Java\jdk1.8.0_112\jre\bin\java.dll
0x0000000050850000 - 0x0000000050866000 	C:\Program Files\Java\jdk1.8.0_112\jre\bin\zip.dll
0x00007ff9e1090000 - 0x00007ff9e2599000 	C:\WINDOWS\System32\SHELL32.dll
0x00007ff9dfd90000 - 0x00007ff9e046a000 	C:\WINDOWS\System32\windows.storage.dll
0x00007ff9df5d0000 - 0x00007ff9df61c000 	C:\WINDOWS\System32\powrprof.dll
0x00007ff9e06f0000 - 0x00007ff9e0742000 	C:\WINDOWS\System32\shlwapi.dll
0x00007ff9df630000 - 0x00007ff9df63f000 	C:\WINDOWS\System32\kernel.appcore.dll
0x00007ff9df960000 - 0x00007ff9dfa09000 	C:\WINDOWS\System32\shcore.dll
0x00007ff9df5b0000 - 0x00007ff9df5c4000 	C:\WINDOWS\System32\profapi.dll

VM Arguments:
jvm_args: -Djava.awt.headless=true -Xmx4g -Dfile.encoding=windows-1252 -Duser.country=IN -Duser.language=en -Duser.variant 
java_command: com.android.dx.command.Main --dex --verbose --force-jumbo --num-threads=4 --multi-dex --output C:\Users\Pooja\Dropbox\MobiPlace\app\build\intermediates\transforms\dex\debug\folders\1000\10\com.google.android.gms-play-services-analytics-8.4.0_6d3c4f80849c072cfad7be8c9a8680ff3d260c04 C:\Users\Pooja\Dropbox\MobiPlace\app\build\intermediates\exploded-aar\com.google.android.gms\play-services-analytics\8.4.0\jars\classes.jar
java_class_path (initial): C:\Users\Pooja\AppData\Local\Android\sdk\build-tools\23.0.1\lib\dx.jar
Launcher Type: SUN_STANDARD

Environment Variables:
JAVA_HOME=C:\Program Files\Java\jdk1.8.0_112
PATH=C:\ProgramData\Oracle\Java\javapath;G:\app\pooja22\product\12.1.0\dbhome_1\bin;C:\Program Files (x86)\NVIDIA Corporation\PhysX\Common;C:\Program Files (x86)\Intel\iCLS Client\;C:\Program Files\Intel\iCLS Client\;C:\WINDOWS\system32;C:\WINDOWS;C:\WINDOWS\System32\Wbem;C:\WINDOWS\System32\WindowsPowerShell\v1.0\;C:\Program Files\Hewlett-Packard\SimplePass\;C:\Program Files\Intel\Intel(R) Management Engine Components\DAL;C:\Program Files (x86)\Intel\Intel(R) Management Engine Components\DAL;C:\Program Files\Intel\Intel(R) Management Engine Components\IPT;C:\Program Files (x86)\Intel\Intel(R) Management Engine Components\IPT;C:\Program Files (x86)\MySQL\MySQL Server 5.0\bin;C:\Program Files (x86)\Microsoft SQL Server\110\Tools\Binn\ManagementStudio\;C:\Program Files (x86)\Microsoft SQL Server\110\Tools\Binn\;C:\Program Files\Microsoft SQL Server\110\Tools\Binn\;C:\Program Files (x86)\Microsoft SQL Server\110\DTS\Binn\;C:\Program Files (x86)\Common Files\lenovo\easyplussdk\bin;C:\Program Files (x86)\Microsoft SDKs\TypeScript\1.0\;C:\Program Files\Microsoft SQL Server\120\Tools\Binn\;C:\Users\Pooja\AppData\Local\Android\sdk\platform-tools;C:\Users\Pooja\AppData\Local\Android\sdk\tools;C:\Users\Pooja\AppData\Local\Android\sdk\build-tools\23.0.1;C:\Users\Pooja\AppData\Local\Android\sdk\build-tools\22.0.1;C:\Users\Pooja\AppData\Local\Android\sdk\build-tools\23.0.3;;C:\Program Files (x86)\Microsoft VS Code\bin;C:\Users\Pooja\AppData\Local\Microsoft\WindowsApps
USERNAME=Pooja
OS=Windows_NT
PROCESSOR_IDENTIFIER=Intel64 Family 6 Model 61 Stepping 4, GenuineIntel



---------------  S Y S T E M  ---------------

OS: Windows 10.0 , 64 bit Build 14393 (10.0.14393.0)

CPU:total 4 (2 cores per cpu, 2 threads per core) family 6 model 61 stepping 4, cmov, cx8, fxsr, mmx, sse, sse2, sse3, ssse3, sse4.1, sse4.2, popcnt, avx, avx2, aes, clmul, erms, 3dnowpref, lzcnt, ht, tsc, tscinvbit, bmi1, bmi2, adx

Memory: 4k page, physical 4107664k(270668k free), swap 9350544k(392k free)

vm_info: Java HotSpot(TM) 64-Bit Server VM (25.112-b15) for windows-amd64 JRE (1.8.0_112-b15), built on Sep 22 2016 21:31:56 by "java_re" with MS VC++ 10.0 (VS2010)

time: Sun Mar 05 23:04:42 2017
elapsed time: 7 seconds (0d 0h 0m 7s)

