#
# There is insufficient memory for the Java Runtime Environment to continue.
# Native memory allocation (malloc) failed to allocate 952176 bytes for Chunk::new
# Possible reasons:
#   The system is out of physical RAM or swap space
#   In 32 bit mode, the process size limit was hit
# Possible solutions:
#   Reduce memory load on the system
#   Increase physical memory or swap space
#   Check if swap backing store is full
#   Use 64 bit Java on a 64 bit OS
#   Decrease Java heap size (-Xmx/-Xms)
#   Decrease number of Java threads
#   Decrease Java thread stack sizes (-Xss)
#   Set larger code cache with -XX:ReservedCodeCacheSize=
# This output file may be truncated or incomplete.
#
#  Out of Memory Error (allocation.cpp:390), pid=21904, tid=0x000000000000170c
#
# JRE version: Java(TM) SE Runtime Environment (8.0_112-b15) (build 1.8.0_112-b15)
# Java VM: Java HotSpot(TM) 64-Bit Server VM (25.112-b15 mixed mode windows-amd64 compressed oops)
# Failed to write core dump. Minidumps are not enabled by default on client versions of Windows
#

---------------  T H R E A D  ---------------

Current thread (0x000000001be9d800):  JavaThread "C2 CompilerThread0" daemon [_thread_in_native, id=5900, stack(0x000000001d4f0000,0x000000001d5f0000)]

Stack: [0x000000001d4f0000,0x000000001d5f0000]
[error occurred during error reporting (printing stack bounds), id 0xc0000005]

Native frames: (J=compiled Java code, j=interpreted, Vv=VM code, C=native code)


Current CompileTask:
C2:  15054 2028   !   4       com.android.dx.cf.cst.ConstantPoolParser::parse0 (731 bytes)


---------------  P R O C E S S  ---------------

Java Threads: ( => current thread )
  0x000000001da7f800 
[error occurred during error reporting (printing all threads), id 0xc0000005]

VM state:not at safepoint (normal execution)

VM Mutex/Monitor currently owned by a thread: None

Heap:
 PSYoungGen      total 178176K, used 38080K [0x000000076ab00000, 0x000000077a500000, 0x00000007c0000000)
  eden space 105472K, 36% used [0x000000076ab00000,0x000000076d030018,0x0000000771200000)
  from space 72704K, 0% used [0x0000000771200000,0x0000000771200000,0x0000000775900000)
  to   space 66560K, 0% used [0x0000000775900000,0x0000000775900000,0x0000000779a00000)
 ParOldGen       total 144896K, used 144575K [0x00000006c0000000, 0x00000006c8d80000, 0x000000076ab00000)
  object space 144896K, 99% used [0x00000006c0000000,0x00000006c8d2fe30,0x00000006c8d80000)
 Metaspace       used 6605K, capacity 7192K, committed 7424K, reserved 1056768K
  class space    used 641K, capacity 656K, committed 768K, reserved 1048576K

Card table byte_map: [0x0000000011b90000,0x00000000123a0000] byte_map_base: 0x000000000e590000

Marking Bits: (ParMarkBitMap*) 0x000000007610a6d0
 Begin Bits: [0x0000000012d00000, 0x0000000016d00000)
 End Bits:   [0x0000000016d00000, 0x000000001ad00000)

Polling page: 0x0000000000940000

CodeCache: size=245760Kb used=9654Kb max_used=9677Kb free=236105Kb
 bounds [0x00000000027d0000, 0x0000000003160000, 0x00000000117d0000]
 total_blobs=2356 nmethods=2086 adapters=182
 compilation: enabled

Compilation events (10 events):
Event: 14.710 Thread 0x000000001beb2000 2202       2       com.android.dx.dex.code.BlockAddresses::getStart (7 bytes)
Event: 14.710 Thread 0x000000001beb2000 nmethod 2202 0x0000000002937d90 code [0x0000000002937ee0, 0x0000000002938050]
Event: 14.712 Thread 0x000000001beb2000 2204       2       com.android.dx.cf.attrib.BaseLocalVariables::byteLength (14 bytes)
Event: 14.712 Thread 0x000000001beb2000 nmethod 2204 0x00000000028dd1d0 code [0x00000000028dd320, 0x00000000028dd490]
Event: 14.724 Thread 0x000000001beb2000 2208       2       com.android.dx.ssa.back.FirstFitLocalCombiningAllocator::findRangeAndAdjust (311 bytes)
Event: 14.726 Thread 0x000000001beb2000 nmethod 2208 0x0000000002907ad0 code [0x0000000002907d40, 0x0000000002908778]
Event: 14.729 Thread 0x000000001beb2000 2209       1       com.android.dx.dex.code.RopTranslator::access$100 (5 bytes)
Event: 14.730 Thread 0x000000001beb2000 nmethod 2209 0x00000000028fed90 code [0x00000000028feee0, 0x00000000028fefd0]
Event: 14.730 Thread 0x000000001beb2000 2210       2       com.android.dx.cf.code.Ropper$ExceptionSetupLabelAllocator::getNextLabel (31 bytes)
Event: 14.731 Thread 0x000000001beb2000 nmethod 2210 0x00000000028d2d90 code [0x00000000028d2f00, 0x00000000028d3108]

GC Heap History (10 events):
Event: 10.719 GC heap before
{Heap before GC invocations=16 (full 4):
 PSYoungGen      total 158208K, used 143408K [0x000000076ab00000, 0x0000000779a00000, 0x00000007c0000000)
  eden space 96256K, 100% used [0x000000076ab00000,0x0000000770900000,0x0000000770900000)
  from space 61952K, 76% used [0x0000000770900000,0x000000077370c368,0x0000000774580000)
  to   space 66560K, 0% used [0x0000000775900000,0x0000000775900000,0x0000000779a00000)
 ParOldGen       total 144896K, used 46186K [0x00000006c0000000, 0x00000006c8d80000, 0x000000076ab00000)
  object space 144896K, 31% used [0x00000006c0000000,0x00000006c2d1a8c0,0x00000006c8d80000)
 Metaspace       used 6496K, capacity 7192K, committed 7424K, reserved 1056768K
  class space    used 640K, capacity 656K, committed 768K, reserved 1048576K
Event: 10.774 GC heap after
Heap after GC invocations=16 (full 4):
 PSYoungGen      total 172032K, used 52849K [0x000000076ab00000, 0x000000077a500000, 0x00000007c0000000)
  eden space 105472K, 0% used [0x000000076ab00000,0x000000076ab00000,0x0000000771200000)
  from space 66560K, 79% used [0x0000000775900000,0x0000000778c9c798,0x0000000779a00000)
  to   space 72704K, 0% used [0x0000000771200000,0x0000000771200000,0x0000000775900000)
 ParOldGen       total 144896K, used 46186K [0x00000006c0000000, 0x00000006c8d80000, 0x000000076ab00000)
  object space 144896K, 31% used [0x00000006c0000000,0x00000006c2d1a8c0,0x00000006c8d80000)
 Metaspace       used 6496K, capacity 7192K, committed 7424K, reserved 1056768K
  class space    used 640K, capacity 656K, committed 768K, reserved 1048576K
}
Event: 10.949 GC heap before
{Heap before GC invocations=17 (full 4):
 PSYoungGen      total 172032K, used 158321K [0x000000076ab00000, 0x000000077a500000, 0x00000007c0000000)
  eden space 105472K, 100% used [0x000000076ab00000,0x0000000771200000,0x0000000771200000)
  from space 66560K, 79% used [0x0000000775900000,0x0000000778c9c798,0x0000000779a00000)
  to   space 72704K, 0% used [0x0000000771200000,0x0000000771200000,0x0000000775900000)
 ParOldGen       total 144896K, used 46186K [0x00000006c0000000, 0x00000006c8d80000, 0x000000076ab00000)
  object space 144896K, 31% used [0x00000006c0000000,0x00000006c2d1a8c0,0x00000006c8d80000)
 Metaspace       used 6501K, capacity 7192K, committed 7424K, reserved 1056768K
  class space    used 640K, capacity 656K, committed 768K, reserved 1048576K
Event: 11.030 GC heap after
Heap after GC invocations=17 (full 4):
 PSYoungGen      total 178176K, used 72700K [0x000000076ab00000, 0x000000077a500000, 0x00000007c0000000)
  eden space 105472K, 0% used [0x000000076ab00000,0x000000076ab00000,0x0000000771200000)
  from space 72704K, 99% used [0x0000000771200000,0x00000007758ff2d0,0x0000000775900000)
  to   space 66560K, 0% used [0x0000000775900000,0x0000000775900000,0x0000000779a00000)
 ParOldGen       total 144896K, used 67003K [0x00000006c0000000, 0x00000006c8d80000, 0x000000076ab00000)
  object space 144896K, 46% used [0x00000006c0000000,0x00000006c416ece0,0x00000006c8d80000)
 Metaspace       used 6501K, capacity 7192K, committed 7424K, reserved 1056768K
  class space    used 640K, capacity 656K, committed 768K, reserved 1048576K
}
Event: 11.462 GC heap before
{Heap before GC invocations=18 (full 4):
 PSYoungGen      total 178176K, used 178172K [0x000000076ab00000, 0x000000077a500000, 0x00000007c0000000)
  eden space 105472K, 100% used [0x000000076ab00000,0x0000000771200000,0x0000000771200000)
  from space 72704K, 99% used [0x0000000771200000,0x00000007758ff2d0,0x0000000775900000)
  to   space 66560K, 0% used [0x0000000775900000,0x0000000775900000,0x0000000779a00000)
 ParOldGen       total 144896K, used 67003K [0x00000006c0000000, 0x00000006c8d80000, 0x000000076ab00000)
  object space 144896K, 46% used [0x00000006c0000000,0x00000006c416ece0,0x00000006c8d80000)
 Metaspace       used 6544K, capacity 7192K, committed 7424K, reserved 1056768K
  class space    used 640K, capacity 656K, committed 768K, reserved 1048576K
Event: 11.626 GC heap after
Heap after GC invocations=18 (full 4):
 PSYoungGen      total 172032K, used 66531K [0x000000076ab00000, 0x000000077a500000, 0x00000007c0000000)
  eden space 105472K, 0% used [0x000000076ab00000,0x000000076ab00000,0x0000000771200000)
  from space 66560K, 99% used [0x0000000775900000,0x00000007799f8fa8,0x0000000779a00000)
  to   space 72704K, 0% used [0x0000000771200000,0x0000000771200000,0x0000000775900000)
 ParOldGen       total 144896K, used 92136K [0x00000006c0000000, 0x00000006c8d80000, 0x000000076ab00000)
  object space 144896K, 63% used [0x00000006c0000000,0x00000006c59fa0c8,0x00000006c8d80000)
 Metaspace       used 6544K, capacity 7192K, committed 7424K, reserved 1056768K
  class space    used 640K, capacity 656K, committed 768K, reserved 1048576K
}
Event: 13.724 GC heap before
{Heap before GC invocations=19 (full 4):
 PSYoungGen      total 172032K, used 172003K [0x000000076ab00000, 0x000000077a500000, 0x00000007c0000000)
  eden space 105472K, 100% used [0x000000076ab00000,0x0000000771200000,0x0000000771200000)
  from space 66560K, 99% used [0x0000000775900000,0x00000007799f8fa8,0x0000000779a00000)
  to   space 72704K, 0% used [0x0000000771200000,0x0000000771200000,0x0000000775900000)
 ParOldGen       total 144896K, used 92136K [0x00000006c0000000, 0x00000006c8d80000, 0x000000076ab00000)
  object space 144896K, 63% used [0x00000006c0000000,0x00000006c59fa0c8,0x00000006c8d80000)
 Metaspace       used 6598K, capacity 7192K, committed 7424K, reserved 1056768K
  class space    used 641K, capacity 656K, committed 768K, reserved 1048576K
Event: 13.935 GC heap after
Heap after GC invocations=19 (full 4):
 PSYoungGen      total 178176K, used 72696K [0x000000076ab00000, 0x000000077a500000, 0x00000007c0000000)
  eden space 105472K, 0% used [0x000000076ab00000,0x000000076ab00000,0x0000000771200000)
  from space 72704K, 99% used [0x0000000771200000,0x00000007758fe288,0x0000000775900000)
  to   space 66560K, 0% used [0x0000000775900000,0x0000000775900000,0x0000000779a00000)
 ParOldGen       total 144896K, used 123779K [0x00000006c0000000, 0x00000006c8d80000, 0x000000076ab00000)
  object space 144896K, 85% used [0x00000006c0000000,0x00000006c78e0cd8,0x00000006c8d80000)
 Metaspace       used 6598K, capacity 7192K, committed 7424K, reserved 1056768K
  class space    used 641K, capacity 656K, committed 768K, reserved 1048576K
}
Event: 13.935 GC heap before
{Heap before GC invocations=20 (full 5):
 PSYoungGen      total 178176K, used 72696K [0x000000076ab00000, 0x000000077a500000, 0x00000007c0000000)
  eden space 105472K, 0% used [0x000000076ab00000,0x000000076ab00000,0x0000000771200000)
  from space 72704K, 99% used [0x0000000771200000,0x00000007758fe288,0x0000000775900000)
  to   space 66560K, 0% used [0x0000000775900000,0x0000000775900000,0x0000000779a00000)
 ParOldGen       total 144896K, used 123779K [0x00000006c0000000, 0x00000006c8d80000, 0x000000076ab00000)
  object space 144896K, 85% used [0x00000006c0000000,0x00000006c78e0cd8,0x00000006c8d80000)
 Metaspace       used 6598K, capacity 7192K, committed 7424K, reserved 1056768K
  class space    used 641K, capacity 656K, committed 768K, reserved 1048576K
Event: 14.672 GC heap after
Heap after GC invocations=20 (full 5):
 PSYoungGen      total 178176K, used 0K [0x000000076ab00000, 0x000000077a500000, 0x00000007c0000000)
  eden space 105472K, 0% used [0x000000076ab00000,0x000000076ab00000,0x0000000771200000)
  from space 72704K, 0% used [0x0000000771200000,0x0000000771200000,0x0000000775900000)
  to   space 66560K, 0% used [0x0000000775900000,0x0000000775900000,0x0000000779a00000)
 ParOldGen       total 144896K, used 113828K [0x00000006c0000000, 0x00000006c8d80000, 0x000000076ab00000)
  object space 144896K, 78% used [0x00000006c0000000,0x00000006c6f29080,0x00000006c8d80000)
 Metaspace       used 6598K, capacity 7192K, committed 7424K, reserved 1056768K
  class space    used 641K, capacity 656K, committed 768K, reserved 1048576K
}

Deoptimization events (10 events):
Event: 9.062 Thread 0x000000001da5b000 Uncommon trap: reason=unstable_if action=reinterpret pc=0x0000000002e61f7c method=com.android.dx.cf.code.RopperMachine.run(Lcom/android/dx/cf/code/Frame;II)V @ 1500
Event: 9.064 Thread 0x000000001da5b000 Uncommon trap: reason=bimorphic action=maybe_recompile pc=0x0000000002ee5540 method=com.android.dx.cf.code.BytecodeArray.parseInstruction(ILcom/android/dx/cf/code/BytecodeArray$Visitor;)I @ 2484
Event: 9.064 Thread 0x000000001da5b000 Uncommon trap: reason=bimorphic action=maybe_recompile pc=0x0000000002ee5540 method=com.android.dx.cf.code.BytecodeArray.parseInstruction(ILcom/android/dx/cf/code/BytecodeArray$Visitor;)I @ 2484
Event: 9.601 Thread 0x000000001da7f800 Uncommon trap: reason=unstable_if action=reinterpret pc=0x0000000002cbd32c method=com.android.dx.ssa.SCCP.simulateStmt(Lcom/android/dx/ssa/SsaInsn;)V @ 59
Event: 10.089 Thread 0x000000001da67000 Uncommon trap: reason=unstable_if action=reinterpret pc=0x0000000002fdbfb8 method=java.util.HashMap.putVal(ILjava/lang/Object;Ljava/lang/Object;ZZ)Ljava/lang/Object; @ 109
Event: 11.304 Thread 0x000000001da5b000 Uncommon trap: reason=unstable_if action=reinterpret pc=0x0000000002fb9d50 method=com.android.dx.ssa.SCCP.simulateBranch(Lcom/android/dx/ssa/SsaInsn;)V @ 107
Event: 11.686 Thread 0x000000001da7e800 Uncommon trap: reason=bimorphic action=maybe_recompile pc=0x0000000002feefb0 method=com.android.dx.cf.code.BytecodeArray.parseInstruction(ILcom/android/dx/cf/code/BytecodeArray$Visitor;)I @ 2281
Event: 11.686 Thread 0x000000001da7e800 Uncommon trap: reason=bimorphic action=maybe_recompile pc=0x0000000002feefb0 method=com.android.dx.cf.code.BytecodeArray.parseInstruction(ILcom/android/dx/cf/code/BytecodeArray$Visitor;)I @ 2281
Event: 12.718 Thread 0x000000001da7e800 Uncommon trap: reason=bimorphic action=maybe_recompile pc=0x000000000309e3e4 method=com.android.dx.cf.code.BytecodeArray.parseInstruction(ILcom/android/dx/cf/code/BytecodeArray$Visitor;)I @ 1501
Event: 12.718 Thread 0x000000001da7e800 Uncommon trap: reason=bimorphic action=maybe_recompile pc=0x000000000309e3e4 method=com.android.dx.cf.code.BytecodeArray.parseInstruction(ILcom/android/dx/cf/code/BytecodeArray$Visitor;)I @ 1501

Internal exceptions (6 events):
Event: 0.044 Thread 0x000000000242d800 Exception <a 'java/lang/NoSuchMethodError': Method sun.misc.Unsafe.defineClass(Ljava/lang/String;[BII)Ljava/lang/Class; name or signature does not match> (0x000000076ab07c78) thrown at [C:\re\workspace\8-2-build-windows-amd64-cygwin\jdk8u112\7884\hotspot\
Event: 0.044 Thread 0x000000000242d800 Exception <a 'java/lang/NoSuchMethodError': Method sun.misc.Unsafe.prefetchRead(Ljava/lang/Object;J)V name or signature does not match> (0x000000076ab07f60) thrown at [C:\re\workspace\8-2-build-windows-amd64-cygwin\jdk8u112\7884\hotspot\src\share\vm\prims
Event: 0.992 Thread 0x000000001da67000 Implicit null exception at 0x0000000002a7e9e2 to 0x0000000002a7eae2
Event: 8.616 Thread 0x000000001da7e800 Exception <a 'java/lang/ArrayIndexOutOfBoundsException': 18> (0x000000076e52dbe0) thrown at [C:\re\workspace\8-2-build-windows-amd64-cygwin\jdk8u112\7884\hotspot\src\share\vm\interpreter\interpreterRuntime.cpp, line 366]
Event: 8.617 Thread 0x000000001da7e800 Exception <a 'java/lang/ArrayIndexOutOfBoundsException'> (0x000000076e52f760) thrown at [C:\re\workspace\8-2-build-windows-amd64-cygwin\jdk8u112\7884\hotspot\src\share\vm\runtime\sharedRuntime.cpp, line 605]
Event: 8.667 Thread 0x000000001da7e800 Exception <a 'java/lang/ArrayIndexOutOfBoundsException'> (0x000000076e530a48) thrown at [C:\re\workspace\8-2-build-windows-amd64-cygwin\jdk8u112\7884\hotspot\src\share\vm\runtime\sharedRuntime.cpp, line 605]

Events (10 events):
Event: 14.672 Executing VM operation: ParallelGCFailedAllocation done
Event: 14.681 Thread 0x000000001bea0800 flushing nmethod 0x00000000028cf490
Event: 14.681 Thread 0x000000001bea0800 flushing nmethod 0x00000000028d0690
Event: 14.681 Thread 0x000000001bea0800 flushing nmethod 0x00000000028d2d90
Event: 14.681 Thread 0x000000001bea0800 flushing nmethod 0x00000000028d37d0
Event: 14.681 Thread 0x000000001bea0800 flushing nmethod 0x00000000028dd1d0
Event: 14.681 Thread 0x000000001bea0800 flushing nmethod 0x00000000028e7190
Event: 14.681 Thread 0x000000001bea0800 flushing nmethod 0x00000000028fed90
Event: 14.681 Thread 0x000000001bea0800 flushing nmethod 0x0000000002900d90
Event: 14.683 Thread 0x000000001beb2000 flushing nmethod 0x0000000002937d90


Dynamic libraries:
0x00007ff7a48a0000 - 0x00007ff7a48d7000 	C:\Program Files\Java\jdk1.8.0_112\bin\java.exe
0x00007ff9e3150000 - 0x00007ff9e3321000 	C:\WINDOWS\SYSTEM32\ntdll.dll
0x00007ff9e30a0000 - 0x00007ff9e314b000 	C:\WINDOWS\System32\KERNEL32.DLL
0x00007ff9df640000 - 0x00007ff9df85d000 	C:\WINDOWS\System32\KERNELBASE.dll
0x00007ff9e2aa0000 - 0x00007ff9e2b42000 	C:\WINDOWS\System32\ADVAPI32.dll
0x00007ff9e0bf0000 - 0x00007ff9e0c8e000 	C:\WINDOWS\System32\msvcrt.dll
0x00007ff9e2b50000 - 0x00007ff9e2ba9000 	C:\WINDOWS\System32\sechost.dll
0x00007ff9e25a0000 - 0x00007ff9e26c1000 	C:\WINDOWS\System32\RPCRT4.dll
0x00007ff9e0750000 - 0x00007ff9e08b5000 	C:\WINDOWS\System32\USER32.dll
0x00007ff9e0670000 - 0x00007ff9e068e000 	C:\WINDOWS\System32\win32u.dll
0x00007ff9e2820000 - 0x00007ff9e2854000 	C:\WINDOWS\System32\GDI32.dll
0x00007ff9e04e0000 - 0x00007ff9e0662000 	C:\WINDOWS\System32\gdi32full.dll
0x00007ff9d96a0000 - 0x00007ff9d9919000 	C:\WINDOWS\WinSxS\amd64_microsoft.windows.common-controls_6595b64144ccf1df_6.0.14393.447_none_42191651c6827bb3\COMCTL32.dll
0x00007ff9e08c0000 - 0x00007ff9e0b88000 	C:\WINDOWS\System32\combase.dll
0x00007ff9df860000 - 0x00007ff9df955000 	C:\WINDOWS\System32\ucrtbase.dll
0x00007ff9e0470000 - 0x00007ff9e04da000 	C:\WINDOWS\System32\bcryptPrimitives.dll
0x00007ff9e26e0000 - 0x00007ff9e270e000 	C:\WINDOWS\System32\IMM32.DLL
0x00000000508b0000 - 0x0000000050982000 	C:\Program Files\Java\jdk1.8.0_112\jre\bin\msvcr100.dll
0x00000000758f0000 - 0x000000007618a000 	C:\Program Files\Java\jdk1.8.0_112\jre\bin\server\jvm.dll
0x00007ff9e2880000 - 0x00007ff9e2888000 	C:\WINDOWS\System32\PSAPI.DLL
0x00007ff9cfd20000 - 0x00007ff9cfd29000 	C:\WINDOWS\SYSTEM32\WSOCK32.dll
0x00007ff9e2710000 - 0x00007ff9e277a000 	C:\WINDOWS\System32\WS2_32.dll
0x00007ff9dd8a0000 - 0x00007ff9dd8c3000 	C:\WINDOWS\SYSTEM32\WINMM.dll
0x00007ff9d7390000 - 0x00007ff9d739a000 	C:\WINDOWS\SYSTEM32\VERSION.dll
0x0000000000910000 - 0x000000000093b000 	C:\WINDOWS\SYSTEM32\WINMMBASE.dll
0x00007ff9e0690000 - 0x00007ff9e06d2000 	C:\WINDOWS\System32\cfgmgr32.dll
0x00000000508a0000 - 0x00000000508af000 	C:\Program Files\Java\jdk1.8.0_112\jre\bin\verify.dll
0x0000000050870000 - 0x0000000050899000 	C:\Program Files\Java\jdk1.8.0_112\jre\bin\java.dll
0x0000000050850000 - 0x0000000050866000 	C:\Program Files\Java\jdk1.8.0_112\jre\bin\zip.dll
0x00007ff9e1090000 - 0x00007ff9e2599000 	C:\WINDOWS\System32\SHELL32.dll
0x00007ff9dfd90000 - 0x00007ff9e046a000 	C:\WINDOWS\System32\windows.storage.dll
0x00007ff9df5d0000 - 0x00007ff9df61c000 	C:\WINDOWS\System32\powrprof.dll
0x00007ff9e06f0000 - 0x00007ff9e0742000 	C:\WINDOWS\System32\shlwapi.dll
0x00007ff9df630000 - 0x00007ff9df63f000 	C:\WINDOWS\System32\kernel.appcore.dll
0x00007ff9df960000 - 0x00007ff9dfa09000 	C:\WINDOWS\System32\shcore.dll
0x00007ff9df5b0000 - 0x00007ff9df5c4000 	C:\WINDOWS\System32\profapi.dll

VM Arguments:
jvm_args: -Djava.awt.headless=true -Xmx4g -Dfile.encoding=windows-1252 -Duser.country=IN -Duser.language=en -Duser.variant 
java_command: com.android.dx.command.Main --dex --verbose --force-jumbo --num-threads=4 --multi-dex --output C:\Users\Pooja\Dropbox\MobiPlace\app\build\intermediates\transforms\dex\debug\folders\1000\10\com.google.android.gms-play-services-ads-8.4.0_bcd9bfa358bbe9cc2870ae48facc93119ea491bf C:\Users\Pooja\Dropbox\MobiPlace\app\build\intermediates\exploded-aar\com.google.android.gms\play-services-ads\8.4.0\jars\classes.jar
java_class_path (initial): C:\Users\Pooja\AppData\Local\Android\sdk\build-tools\23.0.1\lib\dx.jar
Launcher Type: SUN_STANDARD

Environment Variables:
JAVA_HOME=C:\Program Files\Java\jdk1.8.0_112
PATH=C:\ProgramData\Oracle\Java\javapath;G:\app\pooja22\product\12.1.0\dbhome_1\bin;C:\Program Files (x86)\NVIDIA Corporation\PhysX\Common;C:\Program Files (x86)\Intel\iCLS Client\;C:\Program Files\Intel\iCLS Client\;C:\WINDOWS\system32;C:\WINDOWS;C:\WINDOWS\System32\Wbem;C:\WINDOWS\System32\WindowsPowerShell\v1.0\;C:\Program Files\Hewlett-Packard\SimplePass\;C:\Program Files\Intel\Intel(R) Management Engine Components\DAL;C:\Program Files (x86)\Intel\Intel(R) Management Engine Components\DAL;C:\Program Files\Intel\Intel(R) Management Engine Components\IPT;C:\Program Files (x86)\Intel\Intel(R) Management Engine Components\IPT;C:\Program Files (x86)\MySQL\MySQL Server 5.0\bin;C:\Program Files (x86)\Microsoft SQL Server\110\Tools\Binn\ManagementStudio\;C:\Program Files (x86)\Microsoft SQL Server\110\Tools\Binn\;C:\Program Files\Microsoft SQL Server\110\Tools\Binn\;C:\Program Files (x86)\Microsoft SQL Server\110\DTS\Binn\;C:\Program Files (x86)\Common Files\lenovo\easyplussdk\bin;C:\Program Files (x86)\Microsoft SDKs\TypeScript\1.0\;C:\Program Files\Microsoft SQL Server\120\Tools\Binn\;C:\Users\Pooja\AppData\Local\Android\sdk\platform-tools;C:\Users\Pooja\AppData\Local\Android\sdk\tools;C:\Users\Pooja\AppData\Local\Android\sdk\build-tools\23.0.1;C:\Users\Pooja\AppData\Local\Android\sdk\build-tools\22.0.1;C:\Users\Pooja\AppData\Local\Android\sdk\build-tools\23.0.3;;C:\Program Files (x86)\Microsoft VS Code\bin;C:\Users\Pooja\AppData\Local\Microsoft\WindowsApps
USERNAME=Pooja
OS=Windows_NT
PROCESSOR_IDENTIFIER=Intel64 Family 6 Model 61 Stepping 4, GenuineIntel



---------------  S Y S T E M  ---------------

OS: Windows 10.0 , 64 bit Build 14393 (10.0.14393.0)

CPU:total 4 (2 cores per cpu, 2 threads per core) family 6 model 61 stepping 4, cmov, cx8, fxsr, mmx, sse, sse2, sse3, ssse3, sse4.1, sse4.2, popcnt, avx, avx2, aes, clmul, erms, 3dnowpref, lzcnt, ht, tsc, tscinvbit, bmi1, bmi2, adx

Memory: 4k page, physical 4107664k(50908k free), swap 9350544k(5464k free)

vm_info: Java HotSpot(TM) 64-Bit Server VM (25.112-b15) for windows-amd64 JRE (1.8.0_112-b15), built on Sep 22 2016 21:31:56 by "java_re" with MS VC++ 10.0 (VS2010)

time: Mon Mar 06 00:02:09 2017
elapsed time: 15 seconds (0d 0h 0m 15s)

