#
# There is insufficient memory for the Java Runtime Environment to continue.
# Native memory allocation (malloc) failed to allocate 68336 bytes for Chunk::new
# Possible reasons:
#   The system is out of physical RAM or swap space
#   In 32 bit mode, the process size limit was hit
# Possible solutions:
#   Reduce memory load on the system
#   Increase physical memory or swap space
#   Check if swap backing store is full
#   Use 64 bit Java on a 64 bit OS
#   Decrease Java heap size (-Xmx/-Xms)
#   Decrease number of Java threads
#   Decrease Java thread stack sizes (-Xss)
#   Set larger code cache with -XX:ReservedCodeCacheSize=
# This output file may be truncated or incomplete.
#
#  Out of Memory Error (allocation.cpp:390), pid=15892, tid=0x00000000000029f8
#
# JRE version: Java(TM) SE Runtime Environment (8.0_112-b15) (build 1.8.0_112-b15)
# Java VM: Java HotSpot(TM) 64-Bit Server VM (25.112-b15 mixed mode windows-amd64 compressed oops)
# Failed to write core dump. Minidumps are not enabled by default on client versions of Windows
#

---------------  T H R E A D  ---------------

Current thread (0x000000001bcee800):  JavaThread "C2 CompilerThread0" daemon [_thread_in_native, id=10744, stack(0x000000001d350000,0x000000001d450000)]

Stack: [0x000000001d350000,0x000000001d450000]
[error occurred during error reporting (printing stack bounds), id 0xc0000005]

Native frames: (J=compiled Java code, j=interpreted, Vv=VM code, C=native code)


Current CompileTask:
C2:   3674 1564       4       java.lang.String::indexOf (166 bytes)


---------------  P R O C E S S  ---------------

Java Threads: ( => current thread )
  0x000000001d7bd000 JavaThread "pool-1-thread-1" [_thread_in_Java, id=16848, stack(0x000000001f920000,0x000000001fa20000)]
  0x000000001bd4a800 JavaThread "Service Thread" daemon [_thread_blocked, id=4400, stack(0x000000001da50000,0x000000001db50000)]
  0x000000001bcf7000 JavaThread "C1 CompilerThread2" daemon [_thread_in_native, id=13616, stack(0x000000001d550000,0x000000001d650000)]
  0x000000001bcf1800 JavaThread "C2 CompilerThread1" daemon [_thread_blocked, id=2156, stack(0x000000001d450000,0x000000001d550000)]
=>0x000000001bcee800 JavaThread "C2 CompilerThread0" daemon [_thread_in_native, id=10744, stack(0x000000001d350000,0x000000001d450000)]
  0x000000001bced000 JavaThread "Attach Listener" daemon [_thread_blocked, id=10176, stack(0x000000001d250000,0x000000001d350000)]
  0x000000001bceb000 JavaThread "Signal Dispatcher" daemon [_thread_blocked, id=6124, stack(0x000000001d150000,0x000000001d250000)]
  0x000000001bcda000 JavaThread "Finalizer" daemon [_thread_blocked, id=13028, stack(0x000000001cf60000,0x000000001d060000)]
  0x00000000025c0000 JavaThread "Reference Handler" daemon [_thread_blocked, id=19532, stack(0x000000001ce60000,0x000000001cf60000)]
  0x0000000000d5d800 JavaThread "main" [_thread_blocked, id=8740, stack(0x0000000000c50000,0x0000000000d50000)]

Other Threads:
  0x000000001bcb7800 VMThread [stack: 0x000000001cd60000,0x000000001ce60000] [id=9724]
  0x000000001d65c000 WatcherThread [stack: 0x000000001db50000,0x000000001dc50000] [id=15752]

VM state:not at safepoint (normal execution)

VM Mutex/Monitor currently owned by a thread: None

Heap:
 PSYoungGen      total 18944K, used 5780K [0x000000076ab00000, 0x000000076d000000, 0x00000007c0000000)
  eden space 16384K, 19% used [0x000000076ab00000,0x000000076ae2d110,0x000000076bb00000)
  from space 2560K, 98% used [0x000000076bb00000,0x000000076bd78010,0x000000076bd80000)
  to   space 2560K, 0% used [0x000000076cd80000,0x000000076cd80000,0x000000076d000000)
 ParOldGen       total 44032K, used 6220K [0x00000006c0000000, 0x00000006c2b00000, 0x000000076ab00000)
  object space 44032K, 14% used [0x00000006c0000000,0x00000006c06132a0,0x00000006c2b00000)
 Metaspace       used 6581K, capacity 7320K, committed 7680K, reserved 1056768K
  class space    used 640K, capacity 656K, committed 768K, reserved 1048576K

Card table byte_map: [0x0000000011990000,0x00000000121a0000] byte_map_base: 0x000000000e390000

Marking Bits: (ParMarkBitMap*) 0x000000007610a6d0
 Begin Bits: [0x0000000012b00000, 0x0000000016b00000)
 End Bits:   [0x0000000016b00000, 0x000000001ab00000)

Polling page: 0x00000000003f0000

CodeCache: size=245760Kb used=6743Kb max_used=6743Kb free=239016Kb
 bounds [0x00000000025d0000, 0x0000000002c70000, 0x00000000115d0000]
 total_blobs=2004 nmethods=1734 adapters=183
 compilation: enabled

Compilation events (10 events):
Event: 3.573 Thread 0x000000001bcf7000 nmethod 1561 0x0000000002beb1d0 code [0x0000000002beb320, 0x0000000002beb430]
Event: 3.573 Thread 0x000000001bcf7000 1562       1       com.android.dx.dex.code.DalvInsn::getOpcode (5 bytes)
Event: 3.573 Thread 0x000000001bcf7000 nmethod 1562 0x0000000002beaed0 code [0x0000000002beb020, 0x0000000002beb130]
Event: 3.573 Thread 0x000000001bcf7000 1563       1       com.android.dx.dex.code.Dop::getFormat (5 bytes)
Event: 3.573 Thread 0x000000001bcf7000 nmethod 1563 0x0000000002bee0d0 code [0x0000000002bee220, 0x0000000002bee330]
Event: 3.575 Thread 0x000000001bcee800 1564       4       java.lang.String::indexOf (166 bytes)
Event: 3.579 Thread 0x000000001bcf1800 1565   !   4       com.android.dx.rop.code.RegisterSpecSet::get (18 bytes)
Event: 3.579 Thread 0x000000001bcf1800 nmethod 1565 0x0000000002b47fd0 code [0x0000000002b48100, 0x0000000002b48198]
Event: 3.580 Thread 0x000000001bcf7000 1566       3       com.android.dx.rop.code.Insn::canThrow (8 bytes)
Event: 3.580 Thread 0x000000001bcf7000 nmethod 1566 0x0000000002bf0a10 code [0x0000000002bf0b80, 0x0000000002bf0ee8]

GC Heap History (6 events):
Event: 2.421 GC heap before
{Heap before GC invocations=1 (full 0):
 PSYoungGen      total 18944K, used 16384K [0x000000076ab00000, 0x000000076c000000, 0x00000007c0000000)
  eden space 16384K, 100% used [0x000000076ab00000,0x000000076bb00000,0x000000076bb00000)
  from space 2560K, 0% used [0x000000076bd80000,0x000000076bd80000,0x000000076c000000)
  to   space 2560K, 0% used [0x000000076bb00000,0x000000076bb00000,0x000000076bd80000)
 ParOldGen       total 44032K, used 0K [0x00000006c0000000, 0x00000006c2b00000, 0x000000076ab00000)
  object space 44032K, 0% used [0x00000006c0000000,0x00000006c0000000,0x00000006c2b00000)
 Metaspace       used 5908K, capacity 6808K, committed 7168K, reserved 1056768K
  class space    used 616K, capacity 656K, committed 768K, reserved 1048576K
Event: 2.446 GC heap after
Heap after GC invocations=1 (full 0):
 PSYoungGen      total 18944K, used 2538K [0x000000076ab00000, 0x000000076c000000, 0x00000007c0000000)
  eden space 16384K, 0% used [0x000000076ab00000,0x000000076ab00000,0x000000076bb00000)
  from space 2560K, 99% used [0x000000076bb00000,0x000000076bd7aaa8,0x000000076bd80000)
  to   space 2560K, 0% used [0x000000076bd80000,0x000000076bd80000,0x000000076c000000)
 ParOldGen       total 44032K, used 1679K [0x00000006c0000000, 0x00000006c2b00000, 0x000000076ab00000)
  object space 44032K, 3% used [0x00000006c0000000,0x00000006c01a3fc8,0x00000006c2b00000)
 Metaspace       used 5908K, capacity 6808K, committed 7168K, reserved 1056768K
  class space    used 616K, capacity 656K, committed 768K, reserved 1048576K
}
Event: 3.072 GC heap before
{Heap before GC invocations=2 (full 0):
 PSYoungGen      total 18944K, used 18922K [0x000000076ab00000, 0x000000076c000000, 0x00000007c0000000)
  eden space 16384K, 100% used [0x000000076ab00000,0x000000076bb00000,0x000000076bb00000)
  from space 2560K, 99% used [0x000000076bb00000,0x000000076bd7aaa8,0x000000076bd80000)
  to   space 2560K, 0% used [0x000000076bd80000,0x000000076bd80000,0x000000076c000000)
 ParOldGen       total 44032K, used 1679K [0x00000006c0000000, 0x00000006c2b00000, 0x000000076ab00000)
  object space 44032K, 3% used [0x00000006c0000000,0x00000006c01a3fc8,0x00000006c2b00000)
 Metaspace       used 6148K, capacity 7000K, committed 7168K, reserved 1056768K
  class space    used 617K, capacity 656K, committed 768K, reserved 1048576K
Event: 3.080 GC heap after
Heap after GC invocations=2 (full 0):
 PSYoungGen      total 18944K, used 2535K [0x000000076ab00000, 0x000000076d000000, 0x00000007c0000000)
  eden space 16384K, 0% used [0x000000076ab00000,0x000000076ab00000,0x000000076bb00000)
  from space 2560K, 99% used [0x000000076bd80000,0x000000076bff9c98,0x000000076c000000)
  to   space 2560K, 0% used [0x000000076bb00000,0x000000076bb00000,0x000000076bd80000)
 ParOldGen       total 44032K, used 4064K [0x00000006c0000000, 0x00000006c2b00000, 0x000000076ab00000)
  object space 44032K, 9% used [0x00000006c0000000,0x00000006c03f80d8,0x00000006c2b00000)
 Metaspace       used 6148K, capacity 7000K, committed 7168K, reserved 1056768K
  class space    used 617K, capacity 656K, committed 768K, reserved 1048576K
}
Event: 3.326 GC heap before
{Heap before GC invocations=3 (full 0):
 PSYoungGen      total 18944K, used 18919K [0x000000076ab00000, 0x000000076d000000, 0x00000007c0000000)
  eden space 16384K, 100% used [0x000000076ab00000,0x000000076bb00000,0x000000076bb00000)
  from space 2560K, 99% used [0x000000076bd80000,0x000000076bff9c98,0x000000076c000000)
  to   space 2560K, 0% used [0x000000076bb00000,0x000000076bb00000,0x000000076bd80000)
 ParOldGen       total 44032K, used 4064K [0x00000006c0000000, 0x00000006c2b00000, 0x000000076ab00000)
  object space 44032K, 9% used [0x00000006c0000000,0x00000006c03f80d8,0x00000006c2b00000)
 Metaspace       used 6222K, capacity 7064K, committed 7424K, reserved 1056768K
  class space    used 618K, capacity 656K, committed 768K, reserved 1048576K
Event: 3.337 GC heap after
Heap after GC invocations=3 (full 0):
 PSYoungGen      total 18944K, used 2528K [0x000000076ab00000, 0x000000076d000000, 0x00000007c0000000)
  eden space 16384K, 0% used [0x000000076ab00000,0x000000076ab00000,0x000000076bb00000)
  from space 2560K, 98% used [0x000000076bb00000,0x000000076bd78010,0x000000076bd80000)
  to   space 2560K, 0% used [0x000000076cd80000,0x000000076cd80000,0x000000076d000000)
 ParOldGen       total 44032K, used 6220K [0x00000006c0000000, 0x00000006c2b00000, 0x000000076ab00000)
  object space 44032K, 14% used [0x00000006c0000000,0x00000006c06132a0,0x00000006c2b00000)
 Metaspace       used 6222K, capacity 7064K, committed 7424K, reserved 1056768K
  class space    used 618K, capacity 656K, committed 768K, reserved 1048576K
}

Deoptimization events (10 events):
Event: 3.473 Thread 0x000000001d7bd000 Uncommon trap: reason=class_check action=maybe_recompile pc=0x0000000002a1dc00 method=java.util.Arrays.hashCode([Ljava/lang/Object;)I @ 43
Event: 3.473 Thread 0x000000001d7bd000 Uncommon trap: reason=class_check action=maybe_recompile pc=0x0000000002a165f4 method=java.util.Arrays.hashCode([Ljava/lang/Object;)I @ 43
Event: 3.489 Thread 0x000000001d7bd000 Uncommon trap: reason=bimorphic action=maybe_recompile pc=0x00000000027d3e04 method=java.util.HashMap.getNode(ILjava/lang/Object;)Ljava/util/HashMap$Node; @ 126
Event: 3.489 Thread 0x000000001d7bd000 Uncommon trap: reason=bimorphic action=maybe_recompile pc=0x00000000027d3e04 method=java.util.HashMap.getNode(ILjava/lang/Object;)Ljava/util/HashMap$Node; @ 126
Event: 3.490 Thread 0x000000001d7bd000 Uncommon trap: reason=bimorphic action=maybe_recompile pc=0x00000000027d3e04 method=java.util.HashMap.getNode(ILjava/lang/Object;)Ljava/util/HashMap$Node; @ 126
Event: 3.490 Thread 0x000000001d7bd000 Uncommon trap: reason=bimorphic action=maybe_recompile pc=0x00000000027d3e04 method=java.util.HashMap.getNode(ILjava/lang/Object;)Ljava/util/HashMap$Node; @ 126
Event: 3.490 Thread 0x000000001d7bd000 Uncommon trap: reason=bimorphic action=maybe_recompile pc=0x0000000002921328 method=java.util.HashMap.getNode(ILjava/lang/Object;)Ljava/util/HashMap$Node; @ 126
Event: 3.492 Thread 0x000000001d7bd000 Uncommon trap: reason=class_check action=maybe_recompile pc=0x0000000002a77048 method=java.util.HashMap.putVal(ILjava/lang/Object;Ljava/lang/Object;ZZ)Ljava/lang/Object; @ 203
Event: 3.492 Thread 0x000000001d7bd000 Uncommon trap: reason=class_check action=maybe_recompile pc=0x0000000002a77048 method=java.util.HashMap.putVal(ILjava/lang/Object;Ljava/lang/Object;ZZ)Ljava/lang/Object; @ 203
Event: 3.494 Thread 0x000000001d7bd000 Uncommon trap: reason=class_check action=maybe_recompile pc=0x0000000002a77048 method=java.util.HashMap.putVal(ILjava/lang/Object;Ljava/lang/Object;ZZ)Ljava/lang/Object; @ 203

Internal exceptions (2 events):
Event: 0.169 Thread 0x0000000000d5d800 Exception <a 'java/lang/NoSuchMethodError': Method sun.misc.Unsafe.defineClass(Ljava/lang/String;[BII)Ljava/lang/Class; name or signature does not match> (0x000000076ab07c78) thrown at [C:\re\workspace\8-2-build-windows-amd64-cygwin\jdk8u112\7884\hotspot\
Event: 0.169 Thread 0x0000000000d5d800 Exception <a 'java/lang/NoSuchMethodError': Method sun.misc.Unsafe.prefetchRead(Ljava/lang/Object;J)V name or signature does not match> (0x000000076ab07f60) thrown at [C:\re\workspace\8-2-build-windows-amd64-cygwin\jdk8u112\7884\hotspot\src\share\vm\prims

Events (10 events):
Event: 3.577 loading class com/android/dx/dex/code/LocalList$MakeState
Event: 3.577 loading class com/android/dx/dex/code/LocalList$MakeState done
Event: 3.578 loading class com/android/dx/dex/code/LocalList$Disposition
Event: 3.578 loading class com/android/dx/dex/code/LocalList$Disposition done
Event: 3.578 loading class com/android/dx/dex/code/LocalList$Entry
Event: 3.578 loading class com/android/dx/dex/code/LocalList$Entry done
Event: 3.580 loading class com/android/dx/dex/code/CatchHandlerList
Event: 3.580 loading class com/android/dx/dex/code/CatchHandlerList done
Event: 3.580 loading class com/android/dx/dex/code/CatchTable
Event: 3.580 loading class com/android/dx/dex/code/CatchTable done


Dynamic libraries:
0x00007ff7a48a0000 - 0x00007ff7a48d7000 	C:\Program Files\Java\jdk1.8.0_112\bin\java.exe
0x00007ff9e3150000 - 0x00007ff9e3321000 	C:\WINDOWS\SYSTEM32\ntdll.dll
0x00007ff9e30a0000 - 0x00007ff9e314b000 	C:\WINDOWS\System32\KERNEL32.DLL
0x00007ff9df640000 - 0x00007ff9df85d000 	C:\WINDOWS\System32\KERNELBASE.dll
0x00007ff9e2aa0000 - 0x00007ff9e2b42000 	C:\WINDOWS\System32\ADVAPI32.dll
0x00007ff9e0bf0000 - 0x00007ff9e0c8e000 	C:\WINDOWS\System32\msvcrt.dll
0x00007ff9e2b50000 - 0x00007ff9e2ba9000 	C:\WINDOWS\System32\sechost.dll
0x00007ff9e25a0000 - 0x00007ff9e26c1000 	C:\WINDOWS\System32\RPCRT4.dll
0x00007ff9e0750000 - 0x00007ff9e08b5000 	C:\WINDOWS\System32\USER32.dll
0x00007ff9e0670000 - 0x00007ff9e068e000 	C:\WINDOWS\System32\win32u.dll
0x00007ff9e2820000 - 0x00007ff9e2854000 	C:\WINDOWS\System32\GDI32.dll
0x00007ff9e04e0000 - 0x00007ff9e0662000 	C:\WINDOWS\System32\gdi32full.dll
0x00007ff9d96a0000 - 0x00007ff9d9919000 	C:\WINDOWS\WinSxS\amd64_microsoft.windows.common-controls_6595b64144ccf1df_6.0.14393.447_none_42191651c6827bb3\COMCTL32.dll
0x00007ff9e08c0000 - 0x00007ff9e0b88000 	C:\WINDOWS\System32\combase.dll
0x00007ff9df860000 - 0x00007ff9df955000 	C:\WINDOWS\System32\ucrtbase.dll
0x00007ff9e0470000 - 0x00007ff9e04da000 	C:\WINDOWS\System32\bcryptPrimitives.dll
0x00007ff9e26e0000 - 0x00007ff9e270e000 	C:\WINDOWS\System32\IMM32.DLL
0x00000000508b0000 - 0x0000000050982000 	C:\Program Files\Java\jdk1.8.0_112\jre\bin\msvcr100.dll
0x00000000758f0000 - 0x000000007618a000 	C:\Program Files\Java\jdk1.8.0_112\jre\bin\server\jvm.dll
0x00007ff9e2880000 - 0x00007ff9e2888000 	C:\WINDOWS\System32\PSAPI.DLL
0x00007ff9cfd20000 - 0x00007ff9cfd29000 	C:\WINDOWS\SYSTEM32\WSOCK32.dll
0x00007ff9e2710000 - 0x00007ff9e277a000 	C:\WINDOWS\System32\WS2_32.dll
0x00007ff9dd8a0000 - 0x00007ff9dd8c3000 	C:\WINDOWS\SYSTEM32\WINMM.dll
0x00007ff9d7390000 - 0x00007ff9d739a000 	C:\WINDOWS\SYSTEM32\VERSION.dll
0x00007ff9dd870000 - 0x00007ff9dd89b000 	C:\WINDOWS\SYSTEM32\WINMMBASE.dll
0x00007ff9e0690000 - 0x00007ff9e06d2000 	C:\WINDOWS\System32\cfgmgr32.dll
0x00000000508a0000 - 0x00000000508af000 	C:\Program Files\Java\jdk1.8.0_112\jre\bin\verify.dll
0x0000000050870000 - 0x0000000050899000 	C:\Program Files\Java\jdk1.8.0_112\jre\bin\java.dll
0x0000000050850000 - 0x0000000050866000 	C:\Program Files\Java\jdk1.8.0_112\jre\bin\zip.dll
0x00007ff9e1090000 - 0x00007ff9e2599000 	C:\WINDOWS\System32\SHELL32.dll
0x00007ff9dfd90000 - 0x00007ff9e046a000 	C:\WINDOWS\System32\windows.storage.dll
0x00007ff9df5d0000 - 0x00007ff9df61c000 	C:\WINDOWS\System32\powrprof.dll
0x00007ff9e06f0000 - 0x00007ff9e0742000 	C:\WINDOWS\System32\shlwapi.dll
0x00007ff9df630000 - 0x00007ff9df63f000 	C:\WINDOWS\System32\kernel.appcore.dll
0x00007ff9df960000 - 0x00007ff9dfa09000 	C:\WINDOWS\System32\shcore.dll
0x00007ff9df5b0000 - 0x00007ff9df5c4000 	C:\WINDOWS\System32\profapi.dll

VM Arguments:
jvm_args: -Djava.awt.headless=true -Xmx4g -Dfile.encoding=windows-1252 -Duser.country=IN -Duser.language=en -Duser.variant 
java_command: com.android.dx.command.Main --dex --verbose --force-jumbo --num-threads=4 --multi-dex --output C:\Users\Pooja\Dropbox\MobiPlace\app\build\intermediates\transforms\dex\debug\folders\1000\10\com.google.android.gms-play-services-vision-8.4.0_fcb628ac2cb752ae2d6113b5b74682e5ed7effd9 C:\Users\Pooja\Dropbox\MobiPlace\app\build\intermediates\exploded-aar\com.google.android.gms\play-services-vision\8.4.0\jars\classes.jar
java_class_path (initial): C:\Users\Pooja\AppData\Local\Android\sdk\build-tools\23.0.1\lib\dx.jar
Launcher Type: SUN_STANDARD

Environment Variables:
JAVA_HOME=C:\Program Files\Java\jdk1.8.0_112
PATH=C:\ProgramData\Oracle\Java\javapath;G:\app\pooja22\product\12.1.0\dbhome_1\bin;C:\Program Files (x86)\NVIDIA Corporation\PhysX\Common;C:\Program Files (x86)\Intel\iCLS Client\;C:\Program Files\Intel\iCLS Client\;C:\WINDOWS\system32;C:\WINDOWS;C:\WINDOWS\System32\Wbem;C:\WINDOWS\System32\WindowsPowerShell\v1.0\;C:\Program Files\Hewlett-Packard\SimplePass\;C:\Program Files\Intel\Intel(R) Management Engine Components\DAL;C:\Program Files (x86)\Intel\Intel(R) Management Engine Components\DAL;C:\Program Files\Intel\Intel(R) Management Engine Components\IPT;C:\Program Files (x86)\Intel\Intel(R) Management Engine Components\IPT;C:\Program Files (x86)\MySQL\MySQL Server 5.0\bin;C:\Program Files (x86)\Microsoft SQL Server\110\Tools\Binn\ManagementStudio\;C:\Program Files (x86)\Microsoft SQL Server\110\Tools\Binn\;C:\Program Files\Microsoft SQL Server\110\Tools\Binn\;C:\Program Files (x86)\Microsoft SQL Server\110\DTS\Binn\;C:\Program Files (x86)\Common Files\lenovo\easyplussdk\bin;C:\Program Files (x86)\Microsoft SDKs\TypeScript\1.0\;C:\Program Files\Microsoft SQL Server\120\Tools\Binn\;C:\Users\Pooja\AppData\Local\Android\sdk\platform-tools;C:\Users\Pooja\AppData\Local\Android\sdk\tools;C:\Users\Pooja\AppData\Local\Android\sdk\build-tools\23.0.1;C:\Users\Pooja\AppData\Local\Android\sdk\build-tools\22.0.1;C:\Users\Pooja\AppData\Local\Android\sdk\build-tools\23.0.3;;C:\Program Files (x86)\Microsoft VS Code\bin;C:\Users\Pooja\AppData\Local\Microsoft\WindowsApps
USERNAME=Pooja
OS=Windows_NT
PROCESSOR_IDENTIFIER=Intel64 Family 6 Model 61 Stepping 4, GenuineIntel



---------------  S Y S T E M  ---------------

OS: Windows 10.0 , 64 bit Build 14393 (10.0.14393.0)

CPU:total 4 (2 cores per cpu, 2 threads per core) family 6 model 61 stepping 4, cmov, cx8, fxsr, mmx, sse, sse2, sse3, ssse3, sse4.1, sse4.2, popcnt, avx, avx2, aes, clmul, erms, 3dnowpref, lzcnt, ht, tsc, tscinvbit, bmi1, bmi2, adx

Memory: 4k page, physical 4107664k(628588k free), swap 9350544k(645300k free)

vm_info: Java HotSpot(TM) 64-Bit Server VM (25.112-b15) for windows-amd64 JRE (1.8.0_112-b15), built on Sep 22 2016 21:31:56 by "java_re" with MS VC++ 10.0 (VS2010)

time: Sun Mar 05 22:47:55 2017
elapsed time: 3 seconds (0d 0h 0m 3s)

