#
# There is insufficient memory for the Java Runtime Environment to continue.
# Native memory allocation (malloc) failed to allocate 1258896 bytes for Chunk::new
# Possible reasons:
#   The system is out of physical RAM or swap space
#   In 32 bit mode, the process size limit was hit
# Possible solutions:
#   Reduce memory load on the system
#   Increase physical memory or swap space
#   Check if swap backing store is full
#   Use 64 bit Java on a 64 bit OS
#   Decrease Java heap size (-Xmx/-Xms)
#   Decrease number of Java threads
#   Decrease Java thread stack sizes (-Xss)
#   Set larger code cache with -XX:ReservedCodeCacheSize=
# This output file may be truncated or incomplete.
#
#  Out of Memory Error (allocation.cpp:390), pid=6704, tid=0x000000000000340c
#
# JRE version: Java(TM) SE Runtime Environment (8.0_112-b15) (build 1.8.0_112-b15)
# Java VM: Java HotSpot(TM) 64-Bit Server VM (25.112-b15 mixed mode windows-amd64 compressed oops)
# Failed to write core dump. Minidumps are not enabled by default on client versions of Windows
#

---------------  T H R E A D  ---------------

Current thread (0x000000001bc71800):  JavaThread "C2 CompilerThread1" daemon [_thread_in_native, id=13324, stack(0x000000001d3d0000,0x000000001d4d0000)]

Stack: [0x000000001d3d0000,0x000000001d4d0000]
[error occurred during error reporting (printing stack bounds), id 0xc0000005]

Native frames: (J=compiled Java code, j=interpreted, Vv=VM code, C=native code)


Current CompileTask:
C2:   6693 1641   !   4       com.android.dx.cf.code.BytecodeArray::parseInstruction (2764 bytes)


---------------  P R O C E S S  ---------------

Java Threads: ( => current thread )
  0x000000001d72a800 JavaThread "pool-2-thread-4" [_thread_blocked, id=16332, stack(0x000000001dfd0000,0x000000001e0d0000)]
  0x000000001d737800 JavaThread "pool-2-thread-3" [_thread_blocked, id=15376, stack(0x000000001ded0000,0x000000001dfd0000)]
  0x000000001d736800 JavaThread "pool-2-thread-2" [_thread_blocked, id=7628, stack(0x000000001ddd0000,0x000000001ded0000)]
  0x000000001d73c000 JavaThread "pool-3-thread-1" [_thread_blocked, id=11476, stack(0x000000001dcd0000,0x000000001ddd0000)]
  0x000000001d72d800 JavaThread "pool-2-thread-1" [_thread_blocked, id=20064, stack(0x000000001dbd0000,0x000000001dcd0000)]
  0x000000001d4e5000 JavaThread "Service Thread" daemon [_thread_blocked, id=11760, stack(0x000000001d9d0000,0x000000001dad0000)]
  0x000000001d4e0800 JavaThread "C1 CompilerThread2" daemon [_thread_blocked, id=17672, stack(0x000000001d8d0000,0x000000001d9d0000)]
=>0x000000001bc71800 JavaThread "C2 CompilerThread1" daemon [_thread_in_native, id=13324, stack(0x000000001d3d0000,0x000000001d4d0000)]
  0x000000001bc6e800 JavaThread "C2 CompilerThread0" daemon [_thread_in_native, id=2804, stack(0x000000001d2d0000,0x000000001d3d0000)]
  0x000000001bc6d000 JavaThread "Attach Listener" daemon [_thread_blocked, id=20368, stack(0x000000001d1d0000,0x000000001d2d0000)]
  0x000000001bc6b000 JavaThread "Signal Dispatcher" daemon [_thread_blocked, id=836, stack(0x000000001d0d0000,0x000000001d1d0000)]
  0x000000000254b800 JavaThread "Finalizer" daemon [_thread_blocked, id=3584, stack(0x000000001cee0000,0x000000001cfe0000)]
  0x0000000002540000 JavaThread "Reference Handler" daemon [_thread_blocked, id=22848, stack(0x000000001cde0000,0x000000001cee0000)]
  0x000000000234d800 JavaThread "main" [_thread_blocked, id=22928, stack(0x0000000002350000,0x0000000002450000)]

Other Threads:
  0x000000001bc37800 VMThread [stack: 0x000000001cce0000,0x000000001cde0000] [id=18796]
  0x000000001d4f1000 WatcherThread [stack: 0x000000001dad0000,0x000000001dbd0000] [id=11260]

VM state:not at safepoint (normal execution)

VM Mutex/Monitor currently owned by a thread: None

Heap:
 PSYoungGen      total 35328K, used 28092K [0x000000076ab00000, 0x000000076d000000, 0x00000007c0000000)
  eden space 32768K, 78% used [0x000000076ab00000,0x000000076c3f71a0,0x000000076cb00000)
  from space 2560K, 98% used [0x000000076cb00000,0x000000076cd78048,0x000000076cd80000)
  to   space 2560K, 0% used [0x000000076cd80000,0x000000076cd80000,0x000000076d000000)
 ParOldGen       total 44032K, used 9769K [0x00000006c0000000, 0x00000006c2b00000, 0x000000076ab00000)
  object space 44032K, 22% used [0x00000006c0000000,0x00000006c098a510,0x00000006c2b00000)
 Metaspace       used 6367K, capacity 7128K, committed 7424K, reserved 1056768K
  class space    used 618K, capacity 656K, committed 768K, reserved 1048576K

Card table byte_map: [0x0000000011910000,0x0000000012120000] byte_map_base: 0x000000000e310000

Marking Bits: (ParMarkBitMap*) 0x000000007610a6d0
 Begin Bits: [0x0000000012a80000, 0x0000000016a80000)
 End Bits:   [0x0000000016a80000, 0x000000001aa80000)

Polling page: 0x0000000000970000

CodeCache: size=245760Kb used=7091Kb max_used=7091Kb free=238668Kb
 bounds [0x0000000002550000, 0x0000000002c50000, 0x0000000011550000]
 total_blobs=1987 nmethods=1717 adapters=182
 compilation: enabled

Compilation events (10 events):
Event: 6.498 Thread 0x000000001d4e0800 1739       2       com.android.dx.ssa.back.FirstFitLocalCombiningAllocator::getLocalItemForReg (97 bytes)
Event: 6.499 Thread 0x000000001d4e0800 nmethod 1739 0x0000000002c3ee10 code [0x0000000002c3f000, 0x0000000002c3f538]
Event: 6.499 Thread 0x000000001d4e0800 1742       1       java.util.TreeMap$Entry::getValue (5 bytes)
Event: 6.499 Thread 0x000000001d4e0800 nmethod 1742 0x0000000002c3f8d0 code [0x0000000002c3fa20, 0x0000000002c3fb30]
Event: 6.499 Thread 0x000000001d4e0800 1744       2       com.android.dx.dex.code.RopTranslator::translateAndGetResult (48 bytes)
Event: 6.499 Thread 0x000000001d4e0800 nmethod 1744 0x0000000002c3fb90 code [0x0000000002c3fd40, 0x0000000002c400f8]
Event: 6.499 Thread 0x000000001d4e0800 1743       2       java.util.TreeMap$EntryIterator::next (5 bytes)
Event: 6.500 Thread 0x000000001d4e0800 nmethod 1743 0x0000000002c40350 code [0x0000000002c404c0, 0x0000000002c40628]
Event: 6.500 Thread 0x000000001d4e0800 1740       2       java.util.TreeMap::entrySet (27 bytes)
Event: 6.500 Thread 0x000000001d4e0800 nmethod 1740 0x0000000002c406d0 code [0x0000000002c40820, 0x0000000002c40a10]

GC Heap History (6 events):
Event: 2.033 GC heap before
{Heap before GC invocations=1 (full 0):
 PSYoungGen      total 18944K, used 16384K [0x000000076ab00000, 0x000000076c000000, 0x00000007c0000000)
  eden space 16384K, 100% used [0x000000076ab00000,0x000000076bb00000,0x000000076bb00000)
  from space 2560K, 0% used [0x000000076bd80000,0x000000076bd80000,0x000000076c000000)
  to   space 2560K, 0% used [0x000000076bb00000,0x000000076bb00000,0x000000076bd80000)
 ParOldGen       total 44032K, used 0K [0x00000006c0000000, 0x00000006c2b00000, 0x000000076ab00000)
  object space 44032K, 0% used [0x00000006c0000000,0x00000006c0000000,0x00000006c2b00000)
 Metaspace       used 5856K, capacity 6744K, committed 6912K, reserved 1056768K
  class space    used 613K, capacity 656K, committed 768K, reserved 1048576K
Event: 2.173 GC heap after
Heap after GC invocations=1 (full 0):
 PSYoungGen      total 18944K, used 2535K [0x000000076ab00000, 0x000000076d000000, 0x00000007c0000000)
  eden space 16384K, 0% used [0x000000076ab00000,0x000000076ab00000,0x000000076bb00000)
  from space 2560K, 99% used [0x000000076bb00000,0x000000076bd79c88,0x000000076bd80000)
  to   space 2560K, 0% used [0x000000076cd80000,0x000000076cd80000,0x000000076d000000)
 ParOldGen       total 44032K, used 1673K [0x00000006c0000000, 0x00000006c2b00000, 0x000000076ab00000)
  object space 44032K, 3% used [0x00000006c0000000,0x00000006c01a2500,0x00000006c2b00000)
 Metaspace       used 5856K, capacity 6744K, committed 6912K, reserved 1056768K
  class space    used 613K, capacity 656K, committed 768K, reserved 1048576K
}
Event: 3.416 GC heap before
{Heap before GC invocations=2 (full 0):
 PSYoungGen      total 18944K, used 18919K [0x000000076ab00000, 0x000000076d000000, 0x00000007c0000000)
  eden space 16384K, 100% used [0x000000076ab00000,0x000000076bb00000,0x000000076bb00000)
  from space 2560K, 99% used [0x000000076bb00000,0x000000076bd79c88,0x000000076bd80000)
  to   space 2560K, 0% used [0x000000076cd80000,0x000000076cd80000,0x000000076d000000)
 ParOldGen       total 44032K, used 1673K [0x00000006c0000000, 0x00000006c2b00000, 0x000000076ab00000)
  object space 44032K, 3% used [0x00000006c0000000,0x00000006c01a2500,0x00000006c2b00000)
 Metaspace       used 6132K, capacity 7000K, committed 7168K, reserved 1056768K
  class space    used 615K, capacity 656K, committed 768K, reserved 1048576K
Event: 3.632 GC heap after
Heap after GC invocations=2 (full 0):
 PSYoungGen      total 35328K, used 2541K [0x000000076ab00000, 0x000000076d000000, 0x00000007c0000000)
  eden space 32768K, 0% used [0x000000076ab00000,0x000000076ab00000,0x000000076cb00000)
  from space 2560K, 99% used [0x000000076cd80000,0x000000076cffb440,0x000000076d000000)
  to   space 2560K, 0% used [0x000000076cb00000,0x000000076cb00000,0x000000076cd80000)
 ParOldGen       total 44032K, used 4454K [0x00000006c0000000, 0x00000006c2b00000, 0x000000076ab00000)
  object space 44032K, 10% used [0x00000006c0000000,0x00000006c04598a0,0x00000006c2b00000)
 Metaspace       used 6132K, capacity 7000K, committed 7168K, reserved 1056768K
  class space    used 615K, capacity 656K, committed 768K, reserved 1048576K
}
Event: 5.299 GC heap before
{Heap before GC invocations=3 (full 0):
 PSYoungGen      total 35328K, used 35309K [0x000000076ab00000, 0x000000076d000000, 0x00000007c0000000)
  eden space 32768K, 100% used [0x000000076ab00000,0x000000076cb00000,0x000000076cb00000)
  from space 2560K, 99% used [0x000000076cd80000,0x000000076cffb440,0x000000076d000000)
  to   space 2560K, 0% used [0x000000076cb00000,0x000000076cb00000,0x000000076cd80000)
 ParOldGen       total 44032K, used 4454K [0x00000006c0000000, 0x00000006c2b00000, 0x000000076ab00000)
  object space 44032K, 10% used [0x00000006c0000000,0x00000006c04598a0,0x00000006c2b00000)
 Metaspace       used 6328K, capacity 7128K, committed 7424K, reserved 1056768K
  class space    used 618K, capacity 656K, committed 768K, reserved 1048576K
Event: 5.976 GC heap after
Heap after GC invocations=3 (full 0):
 PSYoungGen      total 35328K, used 2528K [0x000000076ab00000, 0x000000076d000000, 0x00000007c0000000)
  eden space 32768K, 0% used [0x000000076ab00000,0x000000076ab00000,0x000000076cb00000)
  from space 2560K, 98% used [0x000000076cb00000,0x000000076cd78048,0x000000076cd80000)
  to   space 2560K, 0% used [0x000000076cd80000,0x000000076cd80000,0x000000076d000000)
 ParOldGen       total 44032K, used 9769K [0x00000006c0000000, 0x00000006c2b00000, 0x000000076ab00000)
  object space 44032K, 22% used [0x00000006c0000000,0x00000006c098a510,0x00000006c2b00000)
 Metaspace       used 6328K, capacity 7128K, committed 7424K, reserved 1056768K
  class space    used 618K, capacity 656K, committed 768K, reserved 1048576K
}

Deoptimization events (10 events):
Event: 4.438 Thread 0x000000001d736800 Uncommon trap: reason=unstable_if action=reinterpret pc=0x0000000002b0949c method=com.android.dx.ssa.SCCP.simulateStmt(Lcom/android/dx/ssa/SsaInsn;)V @ 59
Event: 4.546 Thread 0x000000001d737800 Uncommon trap: reason=unstable_if action=reinterpret pc=0x0000000002adf320 method=com.android.dx.rop.code.RegisterSpecSet.put(Lcom/android/dx/rop/code/RegisterSpec;)V @ 77
Event: 4.546 Thread 0x000000001d737800 Uncommon trap: reason=unstable_if action=reinterpret pc=0x00000000028b2130 method=com.android.dx.rop.code.RegisterSpecSet.put(Lcom/android/dx/rop/code/RegisterSpec;)V @ 77
Event: 4.865 Thread 0x000000001d736800 Uncommon trap: reason=bimorphic action=maybe_recompile pc=0x00000000027645bc method=java.util.HashMap.getNode(ILjava/lang/Object;)Ljava/util/HashMap$Node; @ 126
Event: 5.286 Thread 0x000000001d737800 Uncommon trap: reason=class_check action=maybe_recompile pc=0x0000000002bdaaf4 method=com.android.dx.ssa.SCCP.simulatePhi(Lcom/android/dx/ssa/PhiInsn;)V @ 124
Event: 6.108 Thread 0x000000001d72d800 Uncommon trap: reason=class_check action=maybe_recompile pc=0x0000000002bdaaf4 method=com.android.dx.ssa.SCCP.simulatePhi(Lcom/android/dx/ssa/PhiInsn;)V @ 124
Event: 6.123 Thread 0x000000001d72d800 Uncommon trap: reason=class_check action=maybe_recompile pc=0x0000000002bdaaf4 method=com.android.dx.ssa.SCCP.simulatePhi(Lcom/android/dx/ssa/PhiInsn;)V @ 124
Event: 6.131 Thread 0x000000001d736800 Uncommon trap: reason=class_check action=maybe_recompile pc=0x0000000002bdaaf4 method=com.android.dx.ssa.SCCP.simulatePhi(Lcom/android/dx/ssa/PhiInsn;)V @ 124
Event: 6.140 Thread 0x000000001d737800 Uncommon trap: reason=bimorphic action=maybe_recompile pc=0x00000000027645bc method=java.util.HashMap.getNode(ILjava/lang/Object;)Ljava/util/HashMap$Node; @ 126
Event: 6.187 Thread 0x000000001d737800 Uncommon trap: reason=unstable_if action=reinterpret pc=0x0000000002b63678 method=com.android.dx.ssa.SCCP.simulateBranch(Lcom/android/dx/ssa/SsaInsn;)V @ 140

Internal exceptions (2 events):
Event: 0.062 Thread 0x000000000234d800 Exception <a 'java/lang/NoSuchMethodError': Method sun.misc.Unsafe.defineClass(Ljava/lang/String;[BII)Ljava/lang/Class; name or signature does not match> (0x000000076ab07c78) thrown at [C:\re\workspace\8-2-build-windows-amd64-cygwin\jdk8u112\7884\hotspot\
Event: 0.062 Thread 0x000000000234d800 Exception <a 'java/lang/NoSuchMethodError': Method sun.misc.Unsafe.prefetchRead(Ljava/lang/Object;J)V name or signature does not match> (0x000000076ab07f60) thrown at [C:\re\workspace\8-2-build-windows-amd64-cygwin\jdk8u112\7884\hotspot\src\share\vm\prims

Events (10 events):
Event: 6.140 Thread 0x000000001d737800 Uncommon trap: trap_request=0xffffffc6 fr.pc=0x00000000027645bc
Event: 6.140 Thread 0x000000001d737800 DEOPT PACKING pc=0x00000000027645bc sp=0x000000001dfce700
Event: 6.140 Thread 0x000000001d737800 DEOPT UNPACKING pc=0x000000000259582a sp=0x000000001dfce618 mode 2
Event: 6.187 Thread 0x000000001d737800 Uncommon trap: trap_request=0xffffff65 fr.pc=0x0000000002b63678
Event: 6.187 Thread 0x000000001d737800 DEOPT PACKING pc=0x0000000002b63678 sp=0x000000001dfce5e0
Event: 6.187 Thread 0x000000001d737800 DEOPT UNPACKING pc=0x000000000259582a sp=0x000000001dfce5c0 mode 2
Event: 6.434 Thread 0x000000001d72a800 Uncommon trap: trap_request=0xffffffde fr.pc=0x0000000002b54f6c
Event: 6.437 Thread 0x000000001d72d800 Uncommon trap: trap_request=0xffffffde fr.pc=0x0000000002b54f6c
Event: 6.503 Thread 0x000000000234d800 DEOPT PACKING pc=0x0000000002872ee4 sp=0x000000000244df30
Event: 6.503 Thread 0x000000000234d800 DEOPT UNPACKING pc=0x000000000259787f sp=0x000000000244dc48 mode 0


Dynamic libraries:
0x00007ff7a48a0000 - 0x00007ff7a48d7000 	C:\Program Files\Java\jdk1.8.0_112\bin\java.exe
0x00007ff9e3150000 - 0x00007ff9e3321000 	C:\WINDOWS\SYSTEM32\ntdll.dll
0x00007ff9e30a0000 - 0x00007ff9e314b000 	C:\WINDOWS\System32\KERNEL32.DLL
0x00007ff9df640000 - 0x00007ff9df85d000 	C:\WINDOWS\System32\KERNELBASE.dll
0x00007ff9e2aa0000 - 0x00007ff9e2b42000 	C:\WINDOWS\System32\ADVAPI32.dll
0x00007ff9e0bf0000 - 0x00007ff9e0c8e000 	C:\WINDOWS\System32\msvcrt.dll
0x00007ff9e2b50000 - 0x00007ff9e2ba9000 	C:\WINDOWS\System32\sechost.dll
0x00007ff9e25a0000 - 0x00007ff9e26c1000 	C:\WINDOWS\System32\RPCRT4.dll
0x00007ff9e0750000 - 0x00007ff9e08b5000 	C:\WINDOWS\System32\USER32.dll
0x00007ff9e0670000 - 0x00007ff9e068e000 	C:\WINDOWS\System32\win32u.dll
0x00007ff9e2820000 - 0x00007ff9e2854000 	C:\WINDOWS\System32\GDI32.dll
0x00007ff9e04e0000 - 0x00007ff9e0662000 	C:\WINDOWS\System32\gdi32full.dll
0x00007ff9d96a0000 - 0x00007ff9d9919000 	C:\WINDOWS\WinSxS\amd64_microsoft.windows.common-controls_6595b64144ccf1df_6.0.14393.447_none_42191651c6827bb3\COMCTL32.dll
0x00007ff9e08c0000 - 0x00007ff9e0b88000 	C:\WINDOWS\System32\combase.dll
0x00007ff9df860000 - 0x00007ff9df955000 	C:\WINDOWS\System32\ucrtbase.dll
0x00007ff9e0470000 - 0x00007ff9e04da000 	C:\WINDOWS\System32\bcryptPrimitives.dll
0x00007ff9e26e0000 - 0x00007ff9e270e000 	C:\WINDOWS\System32\IMM32.DLL
0x00000000508b0000 - 0x0000000050982000 	C:\Program Files\Java\jdk1.8.0_112\jre\bin\msvcr100.dll
0x00000000758f0000 - 0x000000007618a000 	C:\Program Files\Java\jdk1.8.0_112\jre\bin\server\jvm.dll
0x00007ff9e2880000 - 0x00007ff9e2888000 	C:\WINDOWS\System32\PSAPI.DLL
0x00007ff9cfd20000 - 0x00007ff9cfd29000 	C:\WINDOWS\SYSTEM32\WSOCK32.dll
0x00007ff9e2710000 - 0x00007ff9e277a000 	C:\WINDOWS\System32\WS2_32.dll
0x00007ff9d7390000 - 0x00007ff9d739a000 	C:\WINDOWS\SYSTEM32\VERSION.dll
0x00007ff9dd8a0000 - 0x00007ff9dd8c3000 	C:\WINDOWS\SYSTEM32\WINMM.dll
0x00007ff9dd870000 - 0x00007ff9dd89b000 	C:\WINDOWS\SYSTEM32\WINMMBASE.dll
0x00007ff9e0690000 - 0x00007ff9e06d2000 	C:\WINDOWS\System32\cfgmgr32.dll
0x00000000508a0000 - 0x00000000508af000 	C:\Program Files\Java\jdk1.8.0_112\jre\bin\verify.dll
0x0000000050870000 - 0x0000000050899000 	C:\Program Files\Java\jdk1.8.0_112\jre\bin\java.dll
0x0000000050850000 - 0x0000000050866000 	C:\Program Files\Java\jdk1.8.0_112\jre\bin\zip.dll
0x00007ff9e1090000 - 0x00007ff9e2599000 	C:\WINDOWS\System32\SHELL32.dll
0x00007ff9dfd90000 - 0x00007ff9e046a000 	C:\WINDOWS\System32\windows.storage.dll
0x00007ff9df5d0000 - 0x00007ff9df61c000 	C:\WINDOWS\System32\powrprof.dll
0x00007ff9e06f0000 - 0x00007ff9e0742000 	C:\WINDOWS\System32\shlwapi.dll
0x00007ff9df630000 - 0x00007ff9df63f000 	C:\WINDOWS\System32\kernel.appcore.dll
0x00007ff9df960000 - 0x00007ff9dfa09000 	C:\WINDOWS\System32\shcore.dll
0x00007ff9df5b0000 - 0x00007ff9df5c4000 	C:\WINDOWS\System32\profapi.dll

VM Arguments:
jvm_args: -Djava.awt.headless=true -Xmx4g -Dfile.encoding=windows-1252 -Duser.country=IN -Duser.language=en -Duser.variant 
java_command: com.android.dx.command.Main --dex --verbose --force-jumbo --num-threads=4 --multi-dex --output C:\Users\Pooja\Dropbox\MobiPlace\app\build\intermediates\transforms\dex\debug\folders\1000\10\com.google.android.gms-play-services-fitness-8.4.0_4f0845b8293d0e1ba41d977f665825dd3f2da56f C:\Users\Pooja\Dropbox\MobiPlace\app\build\intermediates\exploded-aar\com.google.android.gms\play-services-fitness\8.4.0\jars\classes.jar
java_class_path (initial): C:\Users\Pooja\AppData\Local\Android\sdk\build-tools\23.0.1\lib\dx.jar
Launcher Type: SUN_STANDARD

Environment Variables:
JAVA_HOME=C:\Program Files\Java\jdk1.8.0_112
PATH=C:\ProgramData\Oracle\Java\javapath;G:\app\pooja22\product\12.1.0\dbhome_1\bin;C:\Program Files (x86)\NVIDIA Corporation\PhysX\Common;C:\Program Files (x86)\Intel\iCLS Client\;C:\Program Files\Intel\iCLS Client\;C:\WINDOWS\system32;C:\WINDOWS;C:\WINDOWS\System32\Wbem;C:\WINDOWS\System32\WindowsPowerShell\v1.0\;C:\Program Files\Hewlett-Packard\SimplePass\;C:\Program Files\Intel\Intel(R) Management Engine Components\DAL;C:\Program Files (x86)\Intel\Intel(R) Management Engine Components\DAL;C:\Program Files\Intel\Intel(R) Management Engine Components\IPT;C:\Program Files (x86)\Intel\Intel(R) Management Engine Components\IPT;C:\Program Files (x86)\MySQL\MySQL Server 5.0\bin;C:\Program Files (x86)\Microsoft SQL Server\110\Tools\Binn\ManagementStudio\;C:\Program Files (x86)\Microsoft SQL Server\110\Tools\Binn\;C:\Program Files\Microsoft SQL Server\110\Tools\Binn\;C:\Program Files (x86)\Microsoft SQL Server\110\DTS\Binn\;C:\Program Files (x86)\Common Files\lenovo\easyplussdk\bin;C:\Program Files (x86)\Microsoft SDKs\TypeScript\1.0\;C:\Program Files\Microsoft SQL Server\120\Tools\Binn\;C:\Users\Pooja\AppData\Local\Android\sdk\platform-tools;C:\Users\Pooja\AppData\Local\Android\sdk\tools;C:\Users\Pooja\AppData\Local\Android\sdk\build-tools\23.0.1;C:\Users\Pooja\AppData\Local\Android\sdk\build-tools\22.0.1;C:\Users\Pooja\AppData\Local\Android\sdk\build-tools\23.0.3;;C:\Program Files (x86)\Microsoft VS Code\bin;C:\Users\Pooja\AppData\Local\Microsoft\WindowsApps
USERNAME=Pooja
OS=Windows_NT
PROCESSOR_IDENTIFIER=Intel64 Family 6 Model 61 Stepping 4, GenuineIntel



---------------  S Y S T E M  ---------------

OS: Windows 10.0 , 64 bit Build 14393 (10.0.14393.0)

CPU:total 4 (2 cores per cpu, 2 threads per core) family 6 model 61 stepping 4, cmov, cx8, fxsr, mmx, sse, sse2, sse3, ssse3, sse4.1, sse4.2, popcnt, avx, avx2, aes, clmul, erms, 3dnowpref, lzcnt, ht, tsc, tscinvbit, bmi1, bmi2, adx

Memory: 4k page, physical 4107664k(313128k free), swap 9350544k(3900k free)

vm_info: Java HotSpot(TM) 64-Bit Server VM (25.112-b15) for windows-amd64 JRE (1.8.0_112-b15), built on Sep 22 2016 21:31:56 by "java_re" with MS VC++ 10.0 (VS2010)

time: Sun Mar 05 21:59:00 2017
elapsed time: 6 seconds (0d 0h 0m 6s)

