#
# There is insufficient memory for the Java Runtime Environment to continue.
# Native memory allocation (malloc) failed to allocate 514496 bytes for Chunk::new
# Possible reasons:
#   The system is out of physical RAM or swap space
#   In 32 bit mode, the process size limit was hit
# Possible solutions:
#   Reduce memory load on the system
#   Increase physical memory or swap space
#   Check if swap backing store is full
#   Use 64 bit Java on a 64 bit OS
#   Decrease Java heap size (-Xmx/-Xms)
#   Decrease number of Java threads
#   Decrease Java thread stack sizes (-Xss)
#   Set larger code cache with -XX:ReservedCodeCacheSize=
# This output file may be truncated or incomplete.
#
#  Out of Memory Error (allocation.cpp:390), pid=10544, tid=0x0000000000001c10
#
# JRE version: Java(TM) SE Runtime Environment (8.0_112-b15) (build 1.8.0_112-b15)
# Java VM: Java HotSpot(TM) 64-Bit Server VM (25.112-b15 mixed mode windows-amd64 compressed oops)
# Failed to write core dump. Minidumps are not enabled by default on client versions of Windows
#

---------------  T H R E A D  ---------------

Current thread (0x000000001bec1800):  JavaThread "C2 CompilerThread1" daemon [_thread_in_native, id=7184, stack(0x000000001d730000,0x000000001d830000)]

Stack: [0x000000001d730000,0x000000001d830000]
[error occurred during error reporting (printing stack bounds), id 0xc0000005]

Native frames: (J=compiled Java code, j=interpreted, Vv=VM code, C=native code)


Current CompileTask:
C2: 151522 3185   !   4       com.android.dx.cf.code.Ropper::processBlock (1101 bytes)


---------------  P R O C E S S  ---------------

Java Threads: ( => current thread )
  0x000000001dc37800 JavaThread "pool-2-thread-4" [_thread_blocked, id=16800, stack(0x000000001fb00000,0x000000001fc00000)]
  0x000000001e1a9000 JavaThread "pool-2-thread-3" [_thread_blocked, id=22400, stack(0x000000001fa00000,0x000000001fb00000)]
  0x000000001df54000 JavaThread "pool-2-thread-2" [_thread_blocked, id=5656, stack(0x000000001f900000,0x000000001fa00000)]
  0x000000001df53800 JavaThread "pool-3-thread-1" [_thread_blocked, id=12740, stack(0x000000001f800000,0x000000001f900000)]
  0x000000001e5ed000 JavaThread "pool-2-thread-1" [_thread_blocked, id=10564, stack(0x000000001f700000,0x000000001f800000)]
  0x000000001bf1c000 JavaThread "Service Thread" daemon [_thread_blocked, id=20120, stack(0x000000001dd30000,0x000000001de30000)]
  0x000000001bf0d000 JavaThread "C1 CompilerThread2" daemon [_thread_blocked, id=17932, stack(0x000000001d830000,0x000000001d930000)]
=>0x000000001bec1800 JavaThread "C2 CompilerThread1" daemon [_thread_in_native, id=7184, stack(0x000000001d730000,0x000000001d830000)]
  0x000000001bebe800 JavaThread "C2 CompilerThread0" daemon [_thread_in_native, id=11628, stack(0x000000001d630000,0x000000001d730000)]
  0x000000001bebd800 JavaThread "Attach Listener" daemon [_thread_blocked, id=12652, stack(0x000000001d530000,0x000000001d630000)]
  0x000000001bebc800 JavaThread "Signal Dispatcher" daemon [_thread_blocked, id=23324, stack(0x000000001d430000,0x000000001d530000)]
  0x00000000027ec000 JavaThread "Finalizer" daemon [_thread_blocked, id=21384, stack(0x000000001d240000,0x000000001d340000)]
  0x00000000027e3800 JavaThread "Reference Handler" daemon [_thread_blocked, id=22732, stack(0x000000001d040000,0x000000001d140000)]
  0x00000000025bd800 JavaThread "main" [_thread_in_native, id=8160, stack(0x00000000025f0000,0x00000000026f0000)]

Other Threads:
  0x000000001be87800 VMThread [stack: 0x000000001cf40000,0x000000001d040000] [id=21980]
  0x000000001d941800 WatcherThread [stack: 0x000000001de30000,0x000000001df30000] [id=25584]

VM state:not at safepoint (normal execution)

VM Mutex/Monitor currently owned by a thread: None

Heap:
 PSYoungGen      total 653824K, used 312426K [0x000000076ab00000, 0x00000007a9900000, 0x00000007c0000000)
  eden space 400896K, 14% used [0x000000076ab00000,0x000000076e51f318,0x0000000783280000)
  from space 252928K, 99% used [0x0000000783280000,0x000000079297b6d0,0x0000000792980000)
  to   space 303104K, 0% used [0x0000000797100000,0x0000000797100000,0x00000007a9900000)
 ParOldGen       total 864768K, used 603895K [0x00000006c0000000, 0x00000006f4c80000, 0x000000076ab00000)
  object space 864768K, 69% used [0x00000006c0000000,0x00000006e4dbdd18,0x00000006f4c80000)
 Metaspace       used 6688K, capacity 7320K, committed 7680K, reserved 1056768K
  class space    used 636K, capacity 656K, committed 768K, reserved 1048576K

Card table byte_map: [0x0000000011bb0000,0x00000000123c0000] byte_map_base: 0x000000000e5b0000

Marking Bits: (ParMarkBitMap*) 0x000000007610a6d0
 Begin Bits: [0x0000000012d20000, 0x0000000016d20000)
 End Bits:   [0x0000000016d20000, 0x000000001ad20000)

Polling page: 0x00000000005f0000

CodeCache: size=245760Kb used=10382Kb max_used=12385Kb free=235377Kb
 bounds [0x00000000027f0000, 0x0000000003420000, 0x00000000117f0000]
 total_blobs=2452 nmethods=2188 adapters=176
 compilation: enabled

Compilation events (10 events):
Event: 148.966 Thread 0x000000001bebe800 3182       4       java.util.zip.ZipFile$ZipFileInputStream::finalize (5 bytes)
Event: 148.967 Thread 0x000000001bec1800 nmethod 3181 0x0000000002f28050 code [0x0000000002f281a0, 0x0000000002f28228]
Event: 148.967 Thread 0x000000001bebe800 nmethod 3182 0x0000000002d15d90 code [0x0000000002d15ee0, 0x0000000002d15f68]
Event: 148.968 Thread 0x000000001bec1800 3183       4       com.android.dx.ssa.SsaMethod$1::visitMoveInsn (17 bytes)
Event: 148.969 Thread 0x000000001bec1800 nmethod 3183 0x0000000002b0ba90 code [0x0000000002b0bbe0, 0x0000000002b0bcd8]
Event: 149.138 Thread 0x000000001bebe800 3184   !   4       com.android.dx.cf.code.ExecutionStack::push (102 bytes)
Event: 149.145 Thread 0x000000001bebe800 nmethod 3184 0x0000000002e4e910 code [0x0000000002e4ea80, 0x0000000002e4ecf8]
Event: 149.733 Thread 0x000000001bec1800 3185   !   4       com.android.dx.cf.code.Ropper::processBlock (1101 bytes)
Event: 149.742 Thread 0x000000001bf0d000 3186       1       com.android.dx.rop.code.Insn$BaseVisitor::visitSwitchInsn (1 bytes)
Event: 149.742 Thread 0x000000001bf0d000 nmethod 3186 0x0000000002de8d90 code [0x0000000002de8ee0, 0x0000000002de8ff0]

GC Heap History (10 events):
Event: 85.878 GC heap before
{Heap before GC invocations=30 (full 7):
 PSYoungGen      total 578048K, used 103336K [0x000000076ab00000, 0x000000079e300000, 0x00000007c0000000)
  eden space 362496K, 0% used [0x000000076ab00000,0x000000076ab00000,0x0000000780d00000)
  from space 215552K, 47% used [0x0000000780d00000,0x00000007871ea2d8,0x000000078df80000)
  to   space 211456K, 0% used [0x0000000791480000,0x0000000791480000,0x000000079e300000)
 ParOldGen       total 812032K, used 719028K [0x00000006c0000000, 0x00000006f1900000, 0x000000076ab00000)
  object space 812032K, 88% used [0x00000006c0000000,0x00000006ebe2d060,0x00000006f1900000)
 Metaspace       used 6685K, capacity 7320K, committed 7680K, reserved 1056768K
  class space    used 636K, capacity 656K, committed 768K, reserved 1048576K
Event: 87.699 GC heap after
Heap after GC invocations=30 (full 7):
 PSYoungGen      total 578048K, used 0K [0x000000076ab00000, 0x000000079e300000, 0x00000007c0000000)
  eden space 362496K, 0% used [0x000000076ab00000,0x000000076ab00000,0x0000000780d00000)
  from space 215552K, 0% used [0x0000000780d00000,0x0000000780d00000,0x000000078df80000)
  to   space 211456K, 0% used [0x0000000791480000,0x0000000791480000,0x000000079e300000)
 ParOldGen       total 864768K, used 579246K [0x00000006c0000000, 0x00000006f4c80000, 0x000000076ab00000)
  object space 864768K, 66% used [0x00000006c0000000,0x00000006e35ab908,0x00000006f4c80000)
 Metaspace       used 6685K, capacity 7320K, committed 7680K, reserved 1056768K
  class space    used 636K, capacity 656K, committed 768K, reserved 1048576K
}
Event: 89.015 GC heap before
{Heap before GC invocations=31 (full 7):
 PSYoungGen      total 578048K, used 362496K [0x000000076ab00000, 0x000000079e300000, 0x00000007c0000000)
  eden space 362496K, 100% used [0x000000076ab00000,0x0000000780d00000,0x0000000780d00000)
  from space 215552K, 0% used [0x0000000780d00000,0x0000000780d00000,0x000000078df80000)
  to   space 211456K, 0% used [0x0000000791480000,0x0000000791480000,0x000000079e300000)
 ParOldGen       total 864768K, used 579246K [0x00000006c0000000, 0x00000006f4c80000, 0x000000076ab00000)
  object space 864768K, 66% used [0x00000006c0000000,0x00000006e35ab908,0x00000006f4c80000)
 Metaspace       used 6686K, capacity 7320K, committed 7680K, reserved 1056768K
  class space    used 636K, capacity 656K, committed 768K, reserved 1048576K
Event: 89.101 GC heap after
Heap after GC invocations=31 (full 7):
 PSYoungGen      total 582144K, used 94110K [0x000000076ab00000, 0x000000079c300000, 0x00000007c0000000)
  eden space 403456K, 0% used [0x000000076ab00000,0x000000076ab00000,0x0000000783500000)
  from space 178688K, 52% used [0x0000000791480000,0x0000000797067920,0x000000079c300000)
  to   space 203776K, 0% used [0x0000000783500000,0x0000000783500000,0x000000078fc00000)
 ParOldGen       total 864768K, used 579246K [0x00000006c0000000, 0x00000006f4c80000, 0x000000076ab00000)
  object space 864768K, 66% used [0x00000006c0000000,0x00000006e35ab908,0x00000006f4c80000)
 Metaspace       used 6686K, capacity 7320K, committed 7680K, reserved 1056768K
  class space    used 636K, capacity 656K, committed 768K, reserved 1048576K
}
Event: 98.254 GC heap before
{Heap before GC invocations=32 (full 7):
 PSYoungGen      total 582144K, used 497566K [0x000000076ab00000, 0x000000079c300000, 0x00000007c0000000)
  eden space 403456K, 100% used [0x000000076ab00000,0x0000000783500000,0x0000000783500000)
  from space 178688K, 52% used [0x0000000791480000,0x0000000797067920,0x000000079c300000)
  to   space 203776K, 0% used [0x0000000783500000,0x0000000783500000,0x000000078fc00000)
 ParOldGen       total 864768K, used 579246K [0x00000006c0000000, 0x00000006f4c80000, 0x000000076ab00000)
  object space 864768K, 66% used [0x00000006c0000000,0x00000006e35ab908,0x00000006f4c80000)
 Metaspace       used 6687K, capacity 7320K, committed 7680K, reserved 1056768K
  class space    used 636K, capacity 656K, committed 768K, reserved 1048576K
Event: 98.693 GC heap after
Heap after GC invocations=32 (full 7):
 PSYoungGen      total 607232K, used 153895K [0x000000076ab00000, 0x000000079ff00000, 0x00000007c0000000)
  eden space 403456K, 0% used [0x000000076ab00000,0x000000076ab00000,0x0000000783500000)
  from space 203776K, 75% used [0x0000000783500000,0x000000078cb49d90,0x000000078fc00000)
  to   space 218624K, 0% used [0x0000000792980000,0x0000000792980000,0x000000079ff00000)
 ParOldGen       total 864768K, used 579246K [0x00000006c0000000, 0x00000006f4c80000, 0x000000076ab00000)
  object space 864768K, 66% used [0x00000006c0000000,0x00000006e35ab908,0x00000006f4c80000)
 Metaspace       used 6687K, capacity 7320K, committed 7680K, reserved 1056768K
  class space    used 636K, capacity 656K, committed 768K, reserved 1048576K
}
Event: 119.248 GC heap before
{Heap before GC invocations=33 (full 7):
 PSYoungGen      total 607232K, used 557351K [0x000000076ab00000, 0x000000079ff00000, 0x00000007c0000000)
  eden space 403456K, 100% used [0x000000076ab00000,0x0000000783500000,0x0000000783500000)
  from space 203776K, 75% used [0x0000000783500000,0x000000078cb49d90,0x000000078fc00000)
  to   space 218624K, 0% used [0x0000000792980000,0x0000000792980000,0x000000079ff00000)
 ParOldGen       total 864768K, used 579246K [0x00000006c0000000, 0x00000006f4c80000, 0x000000076ab00000)
  object space 864768K, 66% used [0x00000006c0000000,0x00000006e35ab908,0x00000006f4c80000)
 Metaspace       used 6687K, capacity 7320K, committed 7680K, reserved 1056768K
  class space    used 636K, capacity 656K, committed 768K, reserved 1048576K
Event: 119.535 GC heap after
Heap after GC invocations=33 (full 7):
 PSYoungGen      total 619520K, used 216898K [0x000000076ab00000, 0x00000007a3d80000, 0x00000007c0000000)
  eden space 400896K, 0% used [0x000000076ab00000,0x000000076ab00000,0x0000000783280000)
  from space 218624K, 99% used [0x0000000792980000,0x000000079fd50958,0x000000079ff00000)
  to   space 252928K, 0% used [0x0000000783280000,0x0000000783280000,0x0000000792980000)
 ParOldGen       total 864768K, used 579246K [0x00000006c0000000, 0x00000006f4c80000, 0x000000076ab00000)
  object space 864768K, 66% used [0x00000006c0000000,0x00000006e35ab908,0x00000006f4c80000)
 Metaspace       used 6687K, capacity 7320K, committed 7680K, reserved 1056768K
  class space    used 636K, capacity 656K, committed 768K, reserved 1048576K
}
Event: 148.505 GC heap before
{Heap before GC invocations=34 (full 7):
 PSYoungGen      total 619520K, used 617794K [0x000000076ab00000, 0x00000007a3d80000, 0x00000007c0000000)
  eden space 400896K, 100% used [0x000000076ab00000,0x0000000783280000,0x0000000783280000)
  from space 218624K, 99% used [0x0000000792980000,0x000000079fd50958,0x000000079ff00000)
  to   space 252928K, 0% used [0x0000000783280000,0x0000000783280000,0x0000000792980000)
 ParOldGen       total 864768K, used 579246K [0x00000006c0000000, 0x00000006f4c80000, 0x000000076ab00000)
  object space 864768K, 66% used [0x00000006c0000000,0x00000006e35ab908,0x00000006f4c80000)
 Metaspace       used 6688K, capacity 7320K, committed 7680K, reserved 1056768K
  class space    used 636K, capacity 656K, committed 768K, reserved 1048576K
Event: 148.966 GC heap after
Heap after GC invocations=34 (full 7):
 PSYoungGen      total 653824K, used 252909K [0x000000076ab00000, 0x00000007a9900000, 0x00000007c0000000)
  eden space 400896K, 0% used [0x000000076ab00000,0x000000076ab00000,0x0000000783280000)
  from space 252928K, 99% used [0x0000000783280000,0x000000079297b6d0,0x0000000792980000)
  to   space 303104K, 0% used [0x0000000797100000,0x0000000797100000,0x00000007a9900000)
 ParOldGen       total 864768K, used 603895K [0x00000006c0000000, 0x00000006f4c80000, 0x000000076ab00000)
  object space 864768K, 69% used [0x00000006c0000000,0x00000006e4dbdd18,0x00000006f4c80000)
 Metaspace       used 6688K, capacity 7320K, committed 7680K, reserved 1056768K
  class space    used 636K, capacity 656K, committed 768K, reserved 1048576K
}

Deoptimization events (10 events):
Event: 79.473 Thread 0x000000001e1a9000 Uncommon trap: reason=class_check action=maybe_recompile pc=0x0000000003163a98 method=com.android.dx.ssa.back.InterferenceGraph.mergeInterferenceSet(ILcom/android/dx/util/IntSet;)V @ 20
Event: 79.473 Thread 0x000000001e1a9000 Uncommon trap: reason=class_check action=maybe_recompile pc=0x0000000002948d90 method=com.android.dx.util.BitIntSet.merge(Lcom/android/dx/util/IntSet;)V @ 1
Event: 79.479 Thread 0x000000001e1a9000 Uncommon trap: reason=class_check action=maybe_recompile pc=0x0000000003163a98 method=com.android.dx.ssa.back.InterferenceGraph.mergeInterferenceSet(ILcom/android/dx/util/IntSet;)V @ 20
Event: 79.479 Thread 0x000000001e1a9000 Uncommon trap: reason=class_check action=maybe_recompile pc=0x0000000002948d90 method=com.android.dx.util.BitIntSet.merge(Lcom/android/dx/util/IntSet;)V @ 1
Event: 87.705 Thread 0x00000000027ec000 Uncommon trap: reason=unstable_if action=reinterpret pc=0x0000000002cc8918 method=java.lang.ref.Finalizer.remove()V @ 10
Event: 87.705 Thread 0x00000000027ec000 Uncommon trap: reason=unstable_if action=reinterpret pc=0x0000000002c26740 method=java.lang.ref.Finalizer.remove()V @ 10
Event: 87.705 Thread 0x00000000027ec000 Uncommon trap: reason=unstable_if action=reinterpret pc=0x0000000002c94274 method=java.lang.ref.Finalizer.remove()V @ 10
Event: 90.493 Thread 0x000000001e1a9000 Uncommon trap: reason=unstable_if action=reinterpret pc=0x0000000002d6eb08 method=com.android.dx.ssa.InterferenceRegisterMapper.areAnyPinned(Lcom/android/dx/rop/code/RegisterSpecList;II)Z @ 55
Event: 137.863 Thread 0x000000001e5ed000 Uncommon trap: reason=unstable_if action=reinterpret pc=0x0000000002c45474 method=java.util.DualPivotQuicksort.sort([IIIZ)V @ 137
Event: 147.757 Thread 0x000000001df54000 Uncommon trap: reason=unstable_if action=reinterpret pc=0x0000000002a7f93c method=com.android.dx.cf.code.Ropper.processBlock(Lcom/android/dx/cf/code/ByteBlock;Lcom/android/dx/cf/code/Frame;[I)V @ 651

Internal exceptions (10 events):
Event: 3.370 Thread 0x00000000025bd800 Exception <a 'java/lang/NoSuchMethodError': Method sun.misc.Unsafe.defineClass(Ljava/lang/String;[BII)Ljava/lang/Class; name or signature does not match> (0x000000076ab07c78) thrown at [C:\re\workspace\8-2-build-windows-amd64-cygwin\jdk8u112\7884\hotspot\
Event: 3.370 Thread 0x00000000025bd800 Exception <a 'java/lang/NoSuchMethodError': Method sun.misc.Unsafe.prefetchRead(Ljava/lang/Object;J)V name or signature does not match> (0x000000076ab07f60) thrown at [C:\re\workspace\8-2-build-windows-amd64-cygwin\jdk8u112\7884\hotspot\src\share\vm\prims
Event: 10.486 Thread 0x00000000025bd800 Implicit null exception at 0x0000000002956838 to 0x0000000002956e51
Event: 12.748 Thread 0x000000001e1a9000 Implicit null exception at 0x0000000002b7d9ef to 0x0000000002b7f991
Event: 12.886 Thread 0x000000001e1a9000 Implicit null exception at 0x0000000002be70a2 to 0x0000000002be71a2
Event: 13.190 Thread 0x000000001dc37800 Exception <a 'java/lang/ArrayIndexOutOfBoundsException': 18> (0x000000076e2388d0) thrown at [C:\re\workspace\8-2-build-windows-amd64-cygwin\jdk8u112\7884\hotspot\src\share\vm\interpreter\interpreterRuntime.cpp, line 366]
Event: 13.191 Thread 0x000000001dc37800 Exception <a 'java/lang/ArrayIndexOutOfBoundsException'> (0x000000076e23a450) thrown at [C:\re\workspace\8-2-build-windows-amd64-cygwin\jdk8u112\7884\hotspot\src\share\vm\runtime\sharedRuntime.cpp, line 605]
Event: 13.259 Thread 0x000000001dc37800 Exception <a 'java/lang/ArrayIndexOutOfBoundsException'> (0x000000076e23b738) thrown at [C:\re\workspace\8-2-build-windows-amd64-cygwin\jdk8u112\7884\hotspot\src\share\vm\runtime\sharedRuntime.cpp, line 605]
Event: 30.911 Thread 0x00000000025bd800 Implicit null exception at 0x000000000295c390 to 0x000000000295cd1d
Event: 38.377 Thread 0x000000001e1a9000 Implicit null exception at 0x0000000002e948fa to 0x0000000002e960f1

Events (10 events):
Event: 145.619 Thread 0x000000001bec1800 flushing nmethod 0x00000000030155d0
Event: 145.619 Thread 0x000000001bec1800 flushing nmethod 0x0000000003030c10
Event: 145.619 Thread 0x000000001bec1800 flushing nmethod 0x000000000303e350
Event: 145.619 Thread 0x000000001bec1800 flushing nmethod 0x000000000304c110
Event: 147.757 Thread 0x000000001df54000 Uncommon trap: trap_request=0xffffff65 fr.pc=0x0000000002a7f93c
Event: 147.757 Thread 0x000000001df54000 DEOPT PACKING pc=0x0000000002a7f93c sp=0x000000001f9fee90
Event: 147.757 Thread 0x000000001df54000 DEOPT UNPACKING pc=0x000000000283582a sp=0x000000001f9fee78 mode 2
Event: 147.782 Thread 0x000000001bf0d000 flushing nmethod 0x00000000032832d0
Event: 148.505 Executing VM operation: ParallelGCFailedAllocation
Event: 148.966 Executing VM operation: ParallelGCFailedAllocation done


Dynamic libraries:
0x00007ff6a20a0000 - 0x00007ff6a20d7000 	C:\Program Files\Java\jdk1.8.0_112\bin\java.exe
0x00007ff9e3150000 - 0x00007ff9e3321000 	C:\WINDOWS\SYSTEM32\ntdll.dll
0x00007ff9e30a0000 - 0x00007ff9e314b000 	C:\WINDOWS\System32\KERNEL32.DLL
0x00007ff9df640000 - 0x00007ff9df85d000 	C:\WINDOWS\System32\KERNELBASE.dll
0x00007ff9e2aa0000 - 0x00007ff9e2b42000 	C:\WINDOWS\System32\ADVAPI32.dll
0x00007ff9e0bf0000 - 0x00007ff9e0c8e000 	C:\WINDOWS\System32\msvcrt.dll
0x00007ff9e2b50000 - 0x00007ff9e2ba9000 	C:\WINDOWS\System32\sechost.dll
0x00007ff9e25a0000 - 0x00007ff9e26c1000 	C:\WINDOWS\System32\RPCRT4.dll
0x00007ff9e0750000 - 0x00007ff9e08b5000 	C:\WINDOWS\System32\USER32.dll
0x00007ff9e0670000 - 0x00007ff9e068e000 	C:\WINDOWS\System32\win32u.dll
0x00007ff9e2820000 - 0x00007ff9e2854000 	C:\WINDOWS\System32\GDI32.dll
0x00007ff9e04e0000 - 0x00007ff9e0662000 	C:\WINDOWS\System32\gdi32full.dll
0x00007ff9d96a0000 - 0x00007ff9d9919000 	C:\WINDOWS\WinSxS\amd64_microsoft.windows.common-controls_6595b64144ccf1df_6.0.14393.447_none_42191651c6827bb3\COMCTL32.dll
0x00007ff9e08c0000 - 0x00007ff9e0b88000 	C:\WINDOWS\System32\combase.dll
0x00007ff9df860000 - 0x00007ff9df955000 	C:\WINDOWS\System32\ucrtbase.dll
0x00007ff9e0470000 - 0x00007ff9e04da000 	C:\WINDOWS\System32\bcryptPrimitives.dll
0x00007ff9e26e0000 - 0x00007ff9e270e000 	C:\WINDOWS\System32\IMM32.DLL
0x0000000050060000 - 0x0000000050132000 	C:\Program Files\Java\jdk1.8.0_112\jre\bin\msvcr100.dll
0x00000000758f0000 - 0x000000007618a000 	C:\Program Files\Java\jdk1.8.0_112\jre\bin\server\jvm.dll
0x00007ff9e2880000 - 0x00007ff9e2888000 	C:\WINDOWS\System32\PSAPI.DLL
0x00007ff9cfd20000 - 0x00007ff9cfd29000 	C:\WINDOWS\SYSTEM32\WSOCK32.dll
0x00007ff9dd8a0000 - 0x00007ff9dd8c3000 	C:\WINDOWS\SYSTEM32\WINMM.dll
0x00007ff9d7390000 - 0x00007ff9d739a000 	C:\WINDOWS\SYSTEM32\VERSION.dll
0x0000000002530000 - 0x000000000255b000 	C:\WINDOWS\SYSTEM32\WINMMBASE.dll
0x00007ff9e2710000 - 0x00007ff9e277a000 	C:\WINDOWS\System32\WS2_32.dll
0x00007ff9e0690000 - 0x00007ff9e06d2000 	C:\WINDOWS\System32\cfgmgr32.dll
0x0000000050050000 - 0x000000005005f000 	C:\Program Files\Java\jdk1.8.0_112\jre\bin\verify.dll
0x0000000050020000 - 0x0000000050049000 	C:\Program Files\Java\jdk1.8.0_112\jre\bin\java.dll
0x0000000050000000 - 0x0000000050016000 	C:\Program Files\Java\jdk1.8.0_112\jre\bin\zip.dll
0x00007ff9e1090000 - 0x00007ff9e2599000 	C:\WINDOWS\System32\SHELL32.dll
0x00007ff9dfd90000 - 0x00007ff9e046a000 	C:\WINDOWS\System32\windows.storage.dll
0x00007ff9df5d0000 - 0x00007ff9df61c000 	C:\WINDOWS\System32\powrprof.dll
0x00007ff9e06f0000 - 0x00007ff9e0742000 	C:\WINDOWS\System32\shlwapi.dll
0x00007ff9df630000 - 0x00007ff9df63f000 	C:\WINDOWS\System32\kernel.appcore.dll
0x00007ff9df960000 - 0x00007ff9dfa09000 	C:\WINDOWS\System32\shcore.dll
0x00007ff9df5b0000 - 0x00007ff9df5c4000 	C:\WINDOWS\System32\profapi.dll

VM Arguments:
jvm_args: -Djava.awt.headless=true -Xmx4g -Dfile.encoding=windows-1252 -Duser.country=IN -Duser.language=en -Duser.variant 
java_command: com.android.dx.command.Main --dex --verbose --num-threads=4 --multi-dex --main-dex-list C:\Users\Pooja\Dropbox\MobiPlace\app\build\intermediates\multi-dex\debug\maindexlist.txt --output C:\Users\Pooja\Dropbox\MobiPlace\app\build\intermediates\transforms\dex\debug\folders\1000\1f\main C:\Users\Pooja\Dropbox\MobiPlace\app\build\intermediates\transforms\jarMerging\debug\jars\1\1f\combined.jar
java_class_path (initial): C:\Users\Pooja\AppData\Local\Android\sdk\build-tools\25.0.0\lib\dx.jar
Launcher Type: SUN_STANDARD

Environment Variables:
JAVA_HOME=C:\Program Files\Java\jdk1.8.0_112
PATH=C:\ProgramData\Oracle\Java\javapath;G:\app\pooja22\product\12.1.0\dbhome_1\bin;C:\Program Files (x86)\NVIDIA Corporation\PhysX\Common;C:\Program Files (x86)\Intel\iCLS Client\;C:\Program Files\Intel\iCLS Client\;C:\WINDOWS\system32;C:\WINDOWS;C:\WINDOWS\System32\Wbem;C:\WINDOWS\System32\WindowsPowerShell\v1.0\;C:\Program Files\Hewlett-Packard\SimplePass\;C:\Program Files\Intel\Intel(R) Management Engine Components\DAL;C:\Program Files (x86)\Intel\Intel(R) Management Engine Components\DAL;C:\Program Files\Intel\Intel(R) Management Engine Components\IPT;C:\Program Files (x86)\Intel\Intel(R) Management Engine Components\IPT;C:\Program Files (x86)\MySQL\MySQL Server 5.0\bin;C:\Program Files (x86)\Microsoft SQL Server\110\Tools\Binn\ManagementStudio\;C:\Program Files (x86)\Microsoft SQL Server\110\Tools\Binn\;C:\Program Files\Microsoft SQL Server\110\Tools\Binn\;C:\Program Files (x86)\Microsoft SQL Server\110\DTS\Binn\;C:\Program Files (x86)\Common Files\lenovo\easyplussdk\bin;C:\Program Files (x86)\Microsoft SDKs\TypeScript\1.0\;C:\Program Files\Microsoft SQL Server\120\Tools\Binn\;C:\Users\Pooja\AppData\Local\Android\sdk\platform-tools;C:\Users\Pooja\AppData\Local\Android\sdk\tools;C:\Users\Pooja\AppData\Local\Android\sdk\build-tools\23.0.1;C:\Users\Pooja\AppData\Local\Android\sdk\build-tools\22.0.1;C:\Users\Pooja\AppData\Local\Android\sdk\build-tools\23.0.3;;C:\Program Files (x86)\Microsoft VS Code\bin;C:\Users\Pooja\AppData\Local\Microsoft\WindowsApps
USERNAME=Pooja
OS=Windows_NT
PROCESSOR_IDENTIFIER=Intel64 Family 6 Model 61 Stepping 4, GenuineIntel



---------------  S Y S T E M  ---------------

OS: Windows 10.0 , 64 bit Build 14393 (10.0.14393.0)

CPU:total 4 (2 cores per cpu, 2 threads per core) family 6 model 61 stepping 4, cmov, cx8, fxsr, mmx, sse, sse2, sse3, ssse3, sse4.1, sse4.2, popcnt, avx, avx2, aes, clmul, erms, 3dnowpref, lzcnt, ht, tsc, tscinvbit, bmi1, bmi2, adx

Memory: 4k page, physical 4107664k(203308k free), swap 9350544k(84292k free)

vm_info: Java HotSpot(TM) 64-Bit Server VM (25.112-b15) for windows-amd64 JRE (1.8.0_112-b15), built on Sep 22 2016 21:31:56 by "java_re" with MS VC++ 10.0 (VS2010)

time: Thu Mar 23 22:49:48 2017
elapsed time: 153 seconds (0d 0h 2m 33s)

