#
# There is insufficient memory for the Java Runtime Environment to continue.
# Native memory allocation (malloc) failed to allocate 440496 bytes for Chunk::new
# Possible reasons:
#   The system is out of physical RAM or swap space
#   In 32 bit mode, the process size limit was hit
# Possible solutions:
#   Reduce memory load on the system
#   Increase physical memory or swap space
#   Check if swap backing store is full
#   Use 64 bit Java on a 64 bit OS
#   Decrease Java heap size (-Xmx/-Xms)
#   Decrease number of Java threads
#   Decrease Java thread stack sizes (-Xss)
#   Set larger code cache with -XX:ReservedCodeCacheSize=
# This output file may be truncated or incomplete.
#
#  Out of Memory Error (allocation.cpp:390), pid=22196, tid=0x0000000000002678
#
# JRE version: Java(TM) SE Runtime Environment (8.0_112-b15) (build 1.8.0_112-b15)
# Java VM: Java HotSpot(TM) 64-Bit Server VM (25.112-b15 mixed mode windows-amd64 compressed oops)
# Failed to write core dump. Minidumps are not enabled by default on client versions of Windows
#

---------------  T H R E A D  ---------------

Current thread (0x000000001ba5e800):  JavaThread "C2 CompilerThread0" daemon [_thread_in_native, id=9848, stack(0x000000001d0b0000,0x000000001d1b0000)]

Stack: [0x000000001d0b0000,0x000000001d1b0000]
[error occurred during error reporting (printing stack bounds), id 0xc0000005]

Native frames: (J=compiled Java code, j=interpreted, Vv=VM code, C=native code)


Current CompileTask:
C2:   7062 1285   !   4       com.android.dx.cf.code.BytecodeArray::parseInstruction (2764 bytes)


---------------  P R O C E S S  ---------------

Java Threads: ( => current thread )
  0x000000001d629800 JavaThread "pool-2-thread-4" [_thread_in_Java, id=23456, stack(0x000000001ddb0000,0x000000001deb0000)]
  0x000000001d626800 JavaThread "pool-2-thread-3" [_thread_blocked, id=6864, stack(0x000000001dcb0000,0x000000001ddb0000)]
  0x000000001d624800 JavaThread "pool-2-thread-2" [_thread_in_Java, id=2296, stack(0x000000001dbb0000,0x000000001dcb0000)]
  0x000000001d622800 JavaThread "pool-3-thread-1" [_thread_blocked, id=7640, stack(0x000000001dab0000,0x000000001dbb0000)]
  0x000000001d61e000 JavaThread "pool-2-thread-1" [_thread_in_Java, id=16628, stack(0x000000001d9b0000,0x000000001dab0000)]
  0x000000001d3b6800 JavaThread "Service Thread" daemon [_thread_blocked, id=8048, stack(0x000000001d7b0000,0x000000001d8b0000)]
  0x000000001babc000 JavaThread "C1 CompilerThread2" daemon [_thread_blocked, id=23032, stack(0x000000001d2b0000,0x000000001d3b0000)]
  0x000000001ba61800 JavaThread "C2 CompilerThread1" daemon [_thread_in_native, id=12564, stack(0x000000001d1b0000,0x000000001d2b0000)]
=>0x000000001ba5e800 JavaThread "C2 CompilerThread0" daemon [_thread_in_native, id=9848, stack(0x000000001d0b0000,0x000000001d1b0000)]
  0x000000001ba5d800 JavaThread "Attach Listener" daemon [_thread_blocked, id=18212, stack(0x000000001cfb0000,0x000000001d0b0000)]
  0x000000001ba5c000 JavaThread "Signal Dispatcher" daemon [_thread_blocked, id=18796, stack(0x000000001ceb0000,0x000000001cfb0000)]
  0x000000001ba4a000 JavaThread "Finalizer" daemon [_thread_blocked, id=22648, stack(0x000000001ccc0000,0x000000001cdc0000)]
  0x000000001ba29000 JavaThread "Reference Handler" daemon [_thread_blocked, id=13284, stack(0x000000001cbc0000,0x000000001ccc0000)]
  0x00000000009bd800 JavaThread "main" [_thread_in_Java, id=5840, stack(0x00000000009c0000,0x0000000000ac0000)]

Other Threads:
  0x000000001ba27800 VMThread [stack: 0x000000001cac0000,0x000000001cbc0000] [id=18312]
  0x000000001d3ce800 WatcherThread [stack: 0x000000001d8b0000,0x000000001d9b0000] [id=9552]

VM state:not at safepoint (normal execution)

VM Mutex/Monitor currently owned by a thread: None

Heap:
 PSYoungGen      total 35328K, used 29022K [0x000000076ab00000, 0x000000076d000000, 0x00000007c0000000)
  eden space 32768K, 80% used [0x000000076ab00000,0x000000076c4dc0f8,0x000000076cb00000)
  from space 2560K, 99% used [0x000000076cd80000,0x000000076cffb7b8,0x000000076d000000)
  to   space 2560K, 0% used [0x000000076cb00000,0x000000076cb00000,0x000000076cd80000)
 ParOldGen       total 44032K, used 5319K [0x00000006c0000000, 0x00000006c2b00000, 0x000000076ab00000)
  object space 44032K, 12% used [0x00000006c0000000,0x00000006c0531da8,0x00000006c2b00000)
 Metaspace       used 6215K, capacity 7064K, committed 7424K, reserved 1056768K
  class space    used 622K, capacity 656K, committed 768K, reserved 1048576K

Card table byte_map: [0x0000000011750000,0x0000000011f60000] byte_map_base: 0x000000000e150000

Marking Bits: (ParMarkBitMap*) 0x000000007610a6d0
 Begin Bits: [0x00000000128c0000, 0x00000000168c0000)
 End Bits:   [0x00000000168c0000, 0x000000001a8c0000)

Polling page: 0x0000000000980000

CodeCache: size=245760Kb used=5833Kb max_used=5833Kb free=239926Kb
 bounds [0x0000000002390000, 0x0000000002950000, 0x0000000011390000]
 total_blobs=1657 nmethods=1388 adapters=182
 compilation: enabled

Compilation events (10 events):
Event: 6.722 Thread 0x000000001babc000 1362       3       com.android.dx.cf.code.Ropper::addSetupBlocks (535 bytes)
Event: 6.731 Thread 0x000000001babc000 nmethod 1362 0x000000000290c290 code [0x000000000290cd40, 0x00000000029152a8]
Event: 6.731 Thread 0x000000001babc000 1363       3       com.android.dx.cf.code.Ropper::addReturnBlock (228 bytes)
Event: 6.839 Thread 0x000000001babc000 nmethod 1363 0x000000000291cd50 code [0x000000000291d280, 0x0000000002920b48]
Event: 6.839 Thread 0x000000001babc000 1364       3       com.android.dx.cf.code.Ropper::addSynchExceptionHandlerBlock (206 bytes)
Event: 6.843 Thread 0x000000001babc000 nmethod 1364 0x0000000002923910 code [0x0000000002923ec0, 0x0000000002927c78]
Event: 6.843 Thread 0x000000001babc000 1366       3       com.android.dx.rop.code.InsnList::contentEquals (54 bytes)
Event: 6.843 Thread 0x000000001babc000 nmethod 1366 0x000000000292af50 code [0x000000000292b120, 0x000000000292bbc8]
Event: 6.843 Thread 0x000000001babc000 1365       3       com.android.dx.rop.cst.CstBaseMethodRef::getParameterWordCount (12 bytes)
Event: 6.844 Thread 0x000000001babc000 nmethod 1365 0x000000000292bf10 code [0x000000000292c0c0, 0x000000000292c928]

GC Heap History (4 events):
Event: 5.570 GC heap before
{Heap before GC invocations=1 (full 0):
 PSYoungGen      total 18944K, used 16384K [0x000000076ab00000, 0x000000076c000000, 0x00000007c0000000)
  eden space 16384K, 100% used [0x000000076ab00000,0x000000076bb00000,0x000000076bb00000)
  from space 2560K, 0% used [0x000000076bd80000,0x000000076bd80000,0x000000076c000000)
  to   space 2560K, 0% used [0x000000076bb00000,0x000000076bb00000,0x000000076bd80000)
 ParOldGen       total 44032K, used 0K [0x00000006c0000000, 0x00000006c2b00000, 0x000000076ab00000)
  object space 44032K, 0% used [0x00000006c0000000,0x00000006c0000000,0x00000006c2b00000)
 Metaspace       used 5977K, capacity 6872K, committed 7168K, reserved 1056768K
  class space    used 621K, capacity 656K, committed 768K, reserved 1048576K
Event: 5.705 GC heap after
Heap after GC invocations=1 (full 0):
 PSYoungGen      total 18944K, used 2553K [0x000000076ab00000, 0x000000076d000000, 0x00000007c0000000)
  eden space 16384K, 0% used [0x000000076ab00000,0x000000076ab00000,0x000000076bb00000)
  from space 2560K, 99% used [0x000000076bb00000,0x000000076bd7e5c8,0x000000076bd80000)
  to   space 2560K, 0% used [0x000000076cd80000,0x000000076cd80000,0x000000076d000000)
 ParOldGen       total 44032K, used 2183K [0x00000006c0000000, 0x00000006c2b00000, 0x000000076ab00000)
  object space 44032K, 4% used [0x00000006c0000000,0x00000006c0221dd8,0x00000006c2b00000)
 Metaspace       used 5977K, capacity 6872K, committed 7168K, reserved 1056768K
  class space    used 621K, capacity 656K, committed 768K, reserved 1048576K
}
Event: 6.449 GC heap before
{Heap before GC invocations=2 (full 0):
 PSYoungGen      total 18944K, used 18937K [0x000000076ab00000, 0x000000076d000000, 0x00000007c0000000)
  eden space 16384K, 100% used [0x000000076ab00000,0x000000076bb00000,0x000000076bb00000)
  from space 2560K, 99% used [0x000000076bb00000,0x000000076bd7e5c8,0x000000076bd80000)
  to   space 2560K, 0% used [0x000000076cd80000,0x000000076cd80000,0x000000076d000000)
 ParOldGen       total 44032K, used 2183K [0x00000006c0000000, 0x00000006c2b00000, 0x000000076ab00000)
  object space 44032K, 4% used [0x00000006c0000000,0x00000006c0221dd8,0x00000006c2b00000)
 Metaspace       used 6160K, capacity 7000K, committed 7168K, reserved 1056768K
  class space    used 622K, capacity 656K, committed 768K, reserved 1048576K
Event: 6.640 GC heap after
Heap after GC invocations=2 (full 0):
 PSYoungGen      total 35328K, used 2541K [0x000000076ab00000, 0x000000076d000000, 0x00000007c0000000)
  eden space 32768K, 0% used [0x000000076ab00000,0x000000076ab00000,0x000000076cb00000)
  from space 2560K, 99% used [0x000000076cd80000,0x000000076cffb7b8,0x000000076d000000)
  to   space 2560K, 0% used [0x000000076cb00000,0x000000076cb00000,0x000000076cd80000)
 ParOldGen       total 44032K, used 5319K [0x00000006c0000000, 0x00000006c2b00000, 0x000000076ab00000)
  object space 44032K, 12% used [0x00000006c0000000,0x00000006c0531da8,0x00000006c2b00000)
 Metaspace       used 6160K, capacity 7000K, committed 7168K, reserved 1056768K
  class space    used 622K, capacity 656K, committed 768K, reserved 1048576K
}

Deoptimization events (4 events):
Event: 5.457 Thread 0x000000001d626800 Uncommon trap: reason=unstable_if action=reinterpret pc=0x00000000025a7250 method=com.android.dx.rop.code.RegisterSpec.equals(ILcom/android/dx/rop/type/TypeBearer;Lcom/android/dx/rop/code/LocalItem;)Z @ 16
Event: 5.566 Thread 0x000000001d61e000 Uncommon trap: reason=unstable_if action=reinterpret pc=0x0000000002581c34 method=java.util.BitSet.nextSetBit(I)I @ 87
Event: 5.922 Thread 0x000000001d626800 Uncommon trap: reason=null_check action=make_not_entrant pc=0x00000000026b8e08 method=com.android.dx.ssa.SsaRenamer.getLocalForNewReg(I)Lcom/android/dx/rop/code/LocalItem; @ 19
Event: 6.424 Thread 0x000000001d624800 Uncommon trap: reason=unstable_if action=reinterpret pc=0x00000000026b6cdc method=com.android.dx.rop.cst.Constant.compareTo(Lcom/android/dx/rop/cst/Constant;)I @ 12

Internal exceptions (3 events):
Event: 1.544 Thread 0x00000000009bd800 Exception <a 'java/lang/NoSuchMethodError': Method sun.misc.Unsafe.defineClass(Ljava/lang/String;[BII)Ljava/lang/Class; name or signature does not match> (0x000000076ab07c78) thrown at [C:\re\workspace\8-2-build-windows-amd64-cygwin\jdk8u112\7884\hotspot\
Event: 1.545 Thread 0x00000000009bd800 Exception <a 'java/lang/NoSuchMethodError': Method sun.misc.Unsafe.prefetchRead(Ljava/lang/Object;J)V name or signature does not match> (0x000000076ab07f60) thrown at [C:\re\workspace\8-2-build-windows-amd64-cygwin\jdk8u112\7884\hotspot\src\share\vm\prims
Event: 5.921 Thread 0x000000001d626800 Implicit null exception at 0x00000000026b73ce to 0x00000000026b8dc1

Events (10 events):
Event: 5.922 Thread 0x000000001d626800 DEOPT UNPACKING pc=0x00000000023d582a sp=0x000000001ddae948 mode 2
Event: 5.940 loading class com/android/dx/cf/code/BytecodeArray$ConstantParserVisitor
Event: 5.940 loading class com/android/dx/cf/code/BytecodeArray$ConstantParserVisitor done
Event: 6.293 Executing VM operation: EnableBiasedLocking
Event: 6.419 Executing VM operation: EnableBiasedLocking done
Event: 6.424 Thread 0x000000001d624800 Uncommon trap: trap_request=0xffffff65 fr.pc=0x00000000026b6cdc
Event: 6.424 Thread 0x000000001d624800 DEOPT PACKING pc=0x00000000026b6cdc sp=0x000000001dcae4e0
Event: 6.424 Thread 0x000000001d624800 DEOPT UNPACKING pc=0x00000000023d582a sp=0x000000001dcae480 mode 2
Event: 6.449 Executing VM operation: ParallelGCFailedAllocation
Event: 6.640 Executing VM operation: ParallelGCFailedAllocation done


Dynamic libraries:
0x00007ff7a48a0000 - 0x00007ff7a48d7000 	C:\Program Files\Java\jdk1.8.0_112\bin\java.exe
0x00007ff9e3150000 - 0x00007ff9e3321000 	C:\WINDOWS\SYSTEM32\ntdll.dll
0x00007ff9e30a0000 - 0x00007ff9e314b000 	C:\WINDOWS\System32\KERNEL32.DLL
0x00007ff9df640000 - 0x00007ff9df85d000 	C:\WINDOWS\System32\KERNELBASE.dll
0x00007ff9e2aa0000 - 0x00007ff9e2b42000 	C:\WINDOWS\System32\ADVAPI32.dll
0x00007ff9e0bf0000 - 0x00007ff9e0c8e000 	C:\WINDOWS\System32\msvcrt.dll
0x00007ff9e2b50000 - 0x00007ff9e2ba9000 	C:\WINDOWS\System32\sechost.dll
0x00007ff9e25a0000 - 0x00007ff9e26c1000 	C:\WINDOWS\System32\RPCRT4.dll
0x00007ff9e0750000 - 0x00007ff9e08b5000 	C:\WINDOWS\System32\USER32.dll
0x00007ff9e0670000 - 0x00007ff9e068e000 	C:\WINDOWS\System32\win32u.dll
0x00007ff9e2820000 - 0x00007ff9e2854000 	C:\WINDOWS\System32\GDI32.dll
0x00007ff9e04e0000 - 0x00007ff9e0662000 	C:\WINDOWS\System32\gdi32full.dll
0x00007ff9d96a0000 - 0x00007ff9d9919000 	C:\WINDOWS\WinSxS\amd64_microsoft.windows.common-controls_6595b64144ccf1df_6.0.14393.447_none_42191651c6827bb3\COMCTL32.dll
0x00007ff9e08c0000 - 0x00007ff9e0b88000 	C:\WINDOWS\System32\combase.dll
0x00007ff9df860000 - 0x00007ff9df955000 	C:\WINDOWS\System32\ucrtbase.dll
0x00007ff9e0470000 - 0x00007ff9e04da000 	C:\WINDOWS\System32\bcryptPrimitives.dll
0x00007ff9e26e0000 - 0x00007ff9e270e000 	C:\WINDOWS\System32\IMM32.DLL
0x00000000508b0000 - 0x0000000050982000 	C:\Program Files\Java\jdk1.8.0_112\jre\bin\msvcr100.dll
0x00000000758f0000 - 0x000000007618a000 	C:\Program Files\Java\jdk1.8.0_112\jre\bin\server\jvm.dll
0x00007ff9e2880000 - 0x00007ff9e2888000 	C:\WINDOWS\System32\PSAPI.DLL
0x00007ff9cfd20000 - 0x00007ff9cfd29000 	C:\WINDOWS\SYSTEM32\WSOCK32.dll
0x00007ff9e2710000 - 0x00007ff9e277a000 	C:\WINDOWS\System32\WS2_32.dll
0x00007ff9d7390000 - 0x00007ff9d739a000 	C:\WINDOWS\SYSTEM32\VERSION.dll
0x00007ff9dd8a0000 - 0x00007ff9dd8c3000 	C:\WINDOWS\SYSTEM32\WINMM.dll
0x00007ff9dd870000 - 0x00007ff9dd89b000 	C:\WINDOWS\SYSTEM32\WINMMBASE.dll
0x00007ff9e0690000 - 0x00007ff9e06d2000 	C:\WINDOWS\System32\cfgmgr32.dll
0x00000000508a0000 - 0x00000000508af000 	C:\Program Files\Java\jdk1.8.0_112\jre\bin\verify.dll
0x0000000050870000 - 0x0000000050899000 	C:\Program Files\Java\jdk1.8.0_112\jre\bin\java.dll
0x0000000050850000 - 0x0000000050866000 	C:\Program Files\Java\jdk1.8.0_112\jre\bin\zip.dll
0x00007ff9e1090000 - 0x00007ff9e2599000 	C:\WINDOWS\System32\SHELL32.dll
0x00007ff9dfd90000 - 0x00007ff9e046a000 	C:\WINDOWS\System32\windows.storage.dll
0x00007ff9df5d0000 - 0x00007ff9df61c000 	C:\WINDOWS\System32\powrprof.dll
0x00007ff9e06f0000 - 0x00007ff9e0742000 	C:\WINDOWS\System32\shlwapi.dll
0x00007ff9df630000 - 0x00007ff9df63f000 	C:\WINDOWS\System32\kernel.appcore.dll
0x00007ff9df960000 - 0x00007ff9dfa09000 	C:\WINDOWS\System32\shcore.dll
0x00007ff9df5b0000 - 0x00007ff9df5c4000 	C:\WINDOWS\System32\profapi.dll

VM Arguments:
jvm_args: -Djava.awt.headless=true -Xmx4g -Dfile.encoding=windows-1252 -Duser.country=IN -Duser.language=en -Duser.variant 
java_command: com.android.dx.command.Main --dex --verbose --force-jumbo --num-threads=4 --multi-dex --output C:\Users\Pooja\Dropbox\MobiPlace\app\build\intermediates\transforms\dex\debug\folders\1000\10\com.android.support-support-v4-23.0.0_69a7d67ec6d5842feb2d7685db18672d170c7dee C:\Users\Pooja\Dropbox\MobiPlace\app\build\intermediates\exploded-aar\com.android.support\support-v4\23.0.0\jars\classes.jar
java_class_path (initial): C:\Users\Pooja\AppData\Local\Android\sdk\build-tools\23.0.1\lib\dx.jar
Launcher Type: SUN_STANDARD

Environment Variables:
JAVA_HOME=C:\Program Files\Java\jdk1.8.0_112
PATH=C:\ProgramData\Oracle\Java\javapath;G:\app\pooja22\product\12.1.0\dbhome_1\bin;C:\Program Files (x86)\NVIDIA Corporation\PhysX\Common;C:\Program Files (x86)\Intel\iCLS Client\;C:\Program Files\Intel\iCLS Client\;C:\WINDOWS\system32;C:\WINDOWS;C:\WINDOWS\System32\Wbem;C:\WINDOWS\System32\WindowsPowerShell\v1.0\;C:\Program Files\Hewlett-Packard\SimplePass\;C:\Program Files\Intel\Intel(R) Management Engine Components\DAL;C:\Program Files (x86)\Intel\Intel(R) Management Engine Components\DAL;C:\Program Files\Intel\Intel(R) Management Engine Components\IPT;C:\Program Files (x86)\Intel\Intel(R) Management Engine Components\IPT;C:\Program Files (x86)\MySQL\MySQL Server 5.0\bin;C:\Program Files (x86)\Microsoft SQL Server\110\Tools\Binn\ManagementStudio\;C:\Program Files (x86)\Microsoft SQL Server\110\Tools\Binn\;C:\Program Files\Microsoft SQL Server\110\Tools\Binn\;C:\Program Files (x86)\Microsoft SQL Server\110\DTS\Binn\;C:\Program Files (x86)\Common Files\lenovo\easyplussdk\bin;C:\Program Files (x86)\Microsoft SDKs\TypeScript\1.0\;C:\Program Files\Microsoft SQL Server\120\Tools\Binn\;C:\Users\Pooja\AppData\Local\Android\sdk\platform-tools;C:\Users\Pooja\AppData\Local\Android\sdk\tools;C:\Users\Pooja\AppData\Local\Android\sdk\build-tools\23.0.1;C:\Users\Pooja\AppData\Local\Android\sdk\build-tools\22.0.1;C:\Users\Pooja\AppData\Local\Android\sdk\build-tools\23.0.3;;C:\Program Files (x86)\Microsoft VS Code\bin;C:\Users\Pooja\AppData\Local\Microsoft\WindowsApps
USERNAME=Pooja
OS=Windows_NT
PROCESSOR_IDENTIFIER=Intel64 Family 6 Model 61 Stepping 4, GenuineIntel



---------------  S Y S T E M  ---------------

OS: Windows 10.0 , 64 bit Build 14393 (10.0.14393.0)

CPU:total 4 (2 cores per cpu, 2 threads per core) family 6 model 61 stepping 4, cmov, cx8, fxsr, mmx, sse, sse2, sse3, ssse3, sse4.1, sse4.2, popcnt, avx, avx2, aes, clmul, erms, 3dnowpref, lzcnt, ht, tsc, tscinvbit, bmi1, bmi2, adx

Memory: 4k page, physical 4107664k(270640k free), swap 9350544k(392k free)

vm_info: Java HotSpot(TM) 64-Bit Server VM (25.112-b15) for windows-amd64 JRE (1.8.0_112-b15), built on Sep 22 2016 21:31:56 by "java_re" with MS VC++ 10.0 (VS2010)

time: Sun Mar 05 23:04:42 2017
elapsed time: 7 seconds (0d 0h 0m 7s)

