#
# There is insufficient memory for the Java Runtime Environment to continue.
# Native memory allocation (malloc) failed to allocate 392896 bytes for Chunk::new
# Possible reasons:
#   The system is out of physical RAM or swap space
#   In 32 bit mode, the process size limit was hit
# Possible solutions:
#   Reduce memory load on the system
#   Increase physical memory or swap space
#   Check if swap backing store is full
#   Use 64 bit Java on a 64 bit OS
#   Decrease Java heap size (-Xmx/-Xms)
#   Decrease number of Java threads
#   Decrease Java thread stack sizes (-Xss)
#   Set larger code cache with -XX:ReservedCodeCacheSize=
# This output file may be truncated or incomplete.
#
#  Out of Memory Error (allocation.cpp:390), pid=2960, tid=0x0000000000000404
#
# JRE version: Java(TM) SE Runtime Environment (8.0_112-b15) (build 1.8.0_112-b15)
# Java VM: Java HotSpot(TM) 64-Bit Server VM (25.112-b15 mixed mode windows-amd64 compressed oops)
# Failed to write core dump. Minidumps are not enabled by default on client versions of Windows
#

---------------  T H R E A D  ---------------

Current thread (0x000000001c120800):  JavaThread "C2 CompilerThread1" daemon [_thread_in_native, id=1028, stack(0x000000001d860000,0x000000001d960000)]

Stack: [0x000000001d860000,0x000000001d960000]
[error occurred during error reporting (printing stack bounds), id 0xc0000005]

Native frames: (J=compiled Java code, j=interpreted, Vv=VM code, C=native code)


Current CompileTask:
C2:   3933 2169       4       com.android.dx.dex.code.LocalList::make (102 bytes)


---------------  P R O C E S S  ---------------

Java Threads: ( => current thread )
  0x000000001dcc9800 JavaThread "pool-1-thread-1" [_thread_in_Java, id=22508, stack(0x0000000020d00000,0x0000000020e00000)]
  0x000000001c17e000 JavaThread "Service Thread" daemon [_thread_blocked, id=17488, stack(0x000000001de60000,0x000000001df60000)]
  0x000000001c129000 JavaThread "C1 CompilerThread2" daemon [_thread_blocked, id=22572, stack(0x000000001d960000,0x000000001da60000)]
=>0x000000001c120800 JavaThread "C2 CompilerThread1" daemon [_thread_in_native, id=1028, stack(0x000000001d860000,0x000000001d960000)]
  0x000000001c11d800 JavaThread "C2 CompilerThread0" daemon [_thread_in_native, id=7992, stack(0x000000001d760000,0x000000001d860000)]
  0x000000001c11c000 JavaThread "Attach Listener" daemon [_thread_blocked, id=21496, stack(0x000000001d660000,0x000000001d760000)]
  0x00000000029fe800 JavaThread "Signal Dispatcher" daemon [_thread_blocked, id=17916, stack(0x000000001d560000,0x000000001d660000)]
  0x000000001c10a000 JavaThread "Finalizer" daemon [_thread_blocked, id=12176, stack(0x000000001d370000,0x000000001d470000)]
  0x00000000029f0000 JavaThread "Reference Handler" daemon [_thread_blocked, id=17304, stack(0x000000001d270000,0x000000001d370000)]
  0x0000000000c7d800 JavaThread "main" [_thread_blocked, id=17512, stack(0x0000000002700000,0x0000000002800000)]

Other Threads:
  0x000000001c0e7800 VMThread [stack: 0x000000001d170000,0x000000001d270000] [id=22904]
  0x000000001da93800 WatcherThread [stack: 0x000000001df60000,0x000000001e060000] [id=6456]

VM state:not at safepoint (normal execution)

VM Mutex/Monitor currently owned by a thread: None

Heap:
 PSYoungGen      total 68096K, used 22824K [0x000000076ab00000, 0x0000000774300000, 0x00000007c0000000)
  eden space 65536K, 30% used [0x000000076ab00000,0x000000076becf580,0x000000076eb00000)
  from space 2560K, 99% used [0x000000076eb00000,0x000000076ed7acc8,0x000000076ed80000)
  to   space 12288K, 0% used [0x0000000773700000,0x0000000773700000,0x0000000774300000)
 ParOldGen       total 44032K, used 22265K [0x00000006c0000000, 0x00000006c2b00000, 0x000000076ab00000)
  object space 44032K, 50% used [0x00000006c0000000,0x00000006c15be5d0,0x00000006c2b00000)
 Metaspace       used 6733K, capacity 7384K, committed 7680K, reserved 1056768K
  class space    used 637K, capacity 656K, committed 768K, reserved 1048576K

Card table byte_map: [0x0000000011dc0000,0x00000000125d0000] byte_map_base: 0x000000000e7c0000

Marking Bits: (ParMarkBitMap*) 0x000000007610a6d0
 Begin Bits: [0x0000000012f30000, 0x0000000016f30000)
 End Bits:   [0x0000000016f30000, 0x000000001af30000)

Polling page: 0x0000000000c60000

CodeCache: size=245760Kb used=8123Kb max_used=8135Kb free=237636Kb
 bounds [0x0000000002a00000, 0x0000000003200000, 0x0000000011a00000]
 total_blobs=2409 nmethods=2139 adapters=182
 compilation: enabled

Compilation events (10 events):
Event: 3.894 Thread 0x000000001c11d800 nmethod 2134% 0x00000000031f4fd0 code [0x00000000031f52c0, 0x00000000031f6c08]
Event: 3.894 Thread 0x000000001c11d800 2168       4       com.android.dx.dex.code.LocalList$MakeState::snapshot (110 bytes)
Event: 3.895 Thread 0x000000001c129000 2171       1       com.android.dx.dex.code.form.Form21s::codeSize (2 bytes)
Event: 3.895 Thread 0x000000001c129000 nmethod 2171 0x00000000031ec390 code [0x00000000031ec4e0, 0x00000000031ec5f0]
Event: 3.895 Thread 0x000000001c120800 nmethod 2146 0x00000000031ee2d0 code [0x00000000031ee440, 0x00000000031ee658]
Event: 3.895 Thread 0x000000001c120800 2169       4       com.android.dx.dex.code.LocalList::make (102 bytes)
Event: 3.914 Thread 0x000000001c11d800 nmethod 2168 0x00000000031f8f50 code [0x00000000031f9100, 0x00000000031f9fd8]
Event: 3.914 Thread 0x000000001c11d800 2170 %     4       com.android.dx.dex.code.OutputFinisher::calculateReservedCount @ 16 (122 bytes)
Event: 3.922 Thread 0x000000001c11d800 nmethod 2170% 0x00000000031ed450 code [0x00000000031ed600, 0x00000000031edb50]
Event: 3.922 Thread 0x000000001c11d800 2173 %     4       com.android.dx.dex.code.DalvInsnList::makeImmutable @ 18 (51 bytes)

GC Heap History (10 events):
Event: 0.568 GC heap before
{Heap before GC invocations=1 (full 0):
 PSYoungGen      total 18944K, used 16384K [0x000000076ab00000, 0x000000076c000000, 0x00000007c0000000)
  eden space 16384K, 100% used [0x000000076ab00000,0x000000076bb00000,0x000000076bb00000)
  from space 2560K, 0% used [0x000000076bd80000,0x000000076bd80000,0x000000076c000000)
  to   space 2560K, 0% used [0x000000076bb00000,0x000000076bb00000,0x000000076bd80000)
 ParOldGen       total 44032K, used 0K [0x00000006c0000000, 0x00000006c2b00000, 0x000000076ab00000)
  object space 44032K, 0% used [0x00000006c0000000,0x00000006c0000000,0x00000006c2b00000)
 Metaspace       used 5801K, capacity 6744K, committed 6912K, reserved 1056768K
  class space    used 613K, capacity 656K, committed 768K, reserved 1048576K
Event: 0.577 GC heap after
Heap after GC invocations=1 (full 0):
 PSYoungGen      total 18944K, used 2554K [0x000000076ab00000, 0x000000076d000000, 0x00000007c0000000)
  eden space 16384K, 0% used [0x000000076ab00000,0x000000076ab00000,0x000000076bb00000)
  from space 2560K, 99% used [0x000000076bb00000,0x000000076bd7ea80,0x000000076bd80000)
  to   space 2560K, 0% used [0x000000076cd80000,0x000000076cd80000,0x000000076d000000)
 ParOldGen       total 44032K, used 1783K [0x00000006c0000000, 0x00000006c2b00000, 0x000000076ab00000)
  object space 44032K, 4% used [0x00000006c0000000,0x00000006c01bde20,0x00000006c2b00000)
 Metaspace       used 5801K, capacity 6744K, committed 6912K, reserved 1056768K
  class space    used 613K, capacity 656K, committed 768K, reserved 1048576K
}
Event: 0.923 GC heap before
{Heap before GC invocations=2 (full 0):
 PSYoungGen      total 18944K, used 18938K [0x000000076ab00000, 0x000000076d000000, 0x00000007c0000000)
  eden space 16384K, 100% used [0x000000076ab00000,0x000000076bb00000,0x000000076bb00000)
  from space 2560K, 99% used [0x000000076bb00000,0x000000076bd7ea80,0x000000076bd80000)
  to   space 2560K, 0% used [0x000000076cd80000,0x000000076cd80000,0x000000076d000000)
 ParOldGen       total 44032K, used 1783K [0x00000006c0000000, 0x00000006c2b00000, 0x000000076ab00000)
  object space 44032K, 4% used [0x00000006c0000000,0x00000006c01bde20,0x00000006c2b00000)
 Metaspace       used 6060K, capacity 6936K, committed 7168K, reserved 1056768K
  class space    used 615K, capacity 656K, committed 768K, reserved 1048576K
Event: 0.931 GC heap after
Heap after GC invocations=2 (full 0):
 PSYoungGen      total 35328K, used 2535K [0x000000076ab00000, 0x000000076d000000, 0x00000007c0000000)
  eden space 32768K, 0% used [0x000000076ab00000,0x000000076ab00000,0x000000076cb00000)
  from space 2560K, 99% used [0x000000076cd80000,0x000000076cff9c70,0x000000076d000000)
  to   space 2560K, 0% used [0x000000076cb00000,0x000000076cb00000,0x000000076cd80000)
 ParOldGen       total 44032K, used 3820K [0x00000006c0000000, 0x00000006c2b00000, 0x000000076ab00000)
  object space 44032K, 8% used [0x00000006c0000000,0x00000006c03bb270,0x00000006c2b00000)
 Metaspace       used 6060K, capacity 6936K, committed 7168K, reserved 1056768K
  class space    used 615K, capacity 656K, committed 768K, reserved 1048576K
}
Event: 1.291 GC heap before
{Heap before GC invocations=3 (full 0):
 PSYoungGen      total 35328K, used 35303K [0x000000076ab00000, 0x000000076d000000, 0x00000007c0000000)
  eden space 32768K, 100% used [0x000000076ab00000,0x000000076cb00000,0x000000076cb00000)
  from space 2560K, 99% used [0x000000076cd80000,0x000000076cff9c70,0x000000076d000000)
  to   space 2560K, 0% used [0x000000076cb00000,0x000000076cb00000,0x000000076cd80000)
 ParOldGen       total 44032K, used 3820K [0x00000006c0000000, 0x00000006c2b00000, 0x000000076ab00000)
  object space 44032K, 8% used [0x00000006c0000000,0x00000006c03bb270,0x00000006c2b00000)
 Metaspace       used 6288K, capacity 7128K, committed 7424K, reserved 1056768K
  class space    used 616K, capacity 656K, committed 768K, reserved 1048576K
Event: 1.317 GC heap after
Heap after GC invocations=3 (full 0):
 PSYoungGen      total 35328K, used 2555K [0x000000076ab00000, 0x000000076f000000, 0x00000007c0000000)
  eden space 32768K, 0% used [0x000000076ab00000,0x000000076ab00000,0x000000076cb00000)
  from space 2560K, 99% used [0x000000076cb00000,0x000000076cd7ece8,0x000000076cd80000)
  to   space 2560K, 0% used [0x000000076ed80000,0x000000076ed80000,0x000000076f000000)
 ParOldGen       total 44032K, used 8303K [0x00000006c0000000, 0x00000006c2b00000, 0x000000076ab00000)
  object space 44032K, 18% used [0x00000006c0000000,0x00000006c081be30,0x00000006c2b00000)
 Metaspace       used 6288K, capacity 7128K, committed 7424K, reserved 1056768K
  class space    used 616K, capacity 656K, committed 768K, reserved 1048576K
}
Event: 1.620 GC heap before
{Heap before GC invocations=4 (full 0):
 PSYoungGen      total 35328K, used 35323K [0x000000076ab00000, 0x000000076f000000, 0x00000007c0000000)
  eden space 32768K, 100% used [0x000000076ab00000,0x000000076cb00000,0x000000076cb00000)
  from space 2560K, 99% used [0x000000076cb00000,0x000000076cd7ece8,0x000000076cd80000)
  to   space 2560K, 0% used [0x000000076ed80000,0x000000076ed80000,0x000000076f000000)
 ParOldGen       total 44032K, used 8303K [0x00000006c0000000, 0x00000006c2b00000, 0x000000076ab00000)
  object space 44032K, 18% used [0x00000006c0000000,0x00000006c081be30,0x00000006c2b00000)
 Metaspace       used 6354K, capacity 7128K, committed 7424K, reserved 1056768K
  class space    used 616K, capacity 656K, committed 768K, reserved 1048576K
Event: 1.645 GC heap after
Heap after GC invocations=4 (full 0):
 PSYoungGen      total 68096K, used 2539K [0x000000076ab00000, 0x000000076f000000, 0x00000007c0000000)
  eden space 65536K, 0% used [0x000000076ab00000,0x000000076ab00000,0x000000076eb00000)
  from space 2560K, 99% used [0x000000076ed80000,0x000000076effacc8,0x000000076f000000)
  to   space 2560K, 0% used [0x000000076eb00000,0x000000076eb00000,0x000000076ed80000)
 ParOldGen       total 44032K, used 12946K [0x00000006c0000000, 0x00000006c2b00000, 0x000000076ab00000)
  object space 44032K, 29% used [0x00000006c0000000,0x00000006c0ca48c8,0x00000006c2b00000)
 Metaspace       used 6354K, capacity 7128K, committed 7424K, reserved 1056768K
  class space    used 616K, capacity 656K, committed 768K, reserved 1048576K
}
Event: 2.162 GC heap before
{Heap before GC invocations=5 (full 0):
 PSYoungGen      total 68096K, used 68075K [0x000000076ab00000, 0x000000076f000000, 0x00000007c0000000)
  eden space 65536K, 100% used [0x000000076ab00000,0x000000076eb00000,0x000000076eb00000)
  from space 2560K, 99% used [0x000000076ed80000,0x000000076effacc8,0x000000076f000000)
  to   space 2560K, 0% used [0x000000076eb00000,0x000000076eb00000,0x000000076ed80000)
 ParOldGen       total 44032K, used 12946K [0x00000006c0000000, 0x00000006c2b00000, 0x000000076ab00000)
  object space 44032K, 29% used [0x00000006c0000000,0x00000006c0ca48c8,0x00000006c2b00000)
 Metaspace       used 6429K, capacity 7192K, committed 7424K, reserved 1056768K
  class space    used 617K, capacity 656K, committed 768K, reserved 1048576K
Event: 2.183 GC heap after
Heap after GC invocations=5 (full 0):
 PSYoungGen      total 68096K, used 2539K [0x000000076ab00000, 0x0000000774300000, 0x00000007c0000000)
  eden space 65536K, 0% used [0x000000076ab00000,0x000000076ab00000,0x000000076eb00000)
  from space 2560K, 99% used [0x000000076eb00000,0x000000076ed7acc8,0x000000076ed80000)
  to   space 12288K, 0% used [0x0000000773700000,0x0000000773700000,0x0000000774300000)
 ParOldGen       total 44032K, used 22265K [0x00000006c0000000, 0x00000006c2b00000, 0x000000076ab00000)
  object space 44032K, 50% used [0x00000006c0000000,0x00000006c15be5d0,0x00000006c2b00000)
 Metaspace       used 6429K, capacity 7192K, committed 7424K, reserved 1056768K
  class space    used 617K, capacity 656K, committed 768K, reserved 1048576K
}

Deoptimization events (10 events):
Event: 3.353 Thread 0x000000001dcc9800 Uncommon trap: reason=class_check action=maybe_recompile pc=0x0000000002d44b48 method=java.util.Arrays.equals([Ljava/lang/Object;[Ljava/lang/Object;)Z @ 62
Event: 3.353 Thread 0x000000001dcc9800 Uncommon trap: reason=speculate_class_check action=maybe_recompile pc=0x0000000002d51a18 method=com.android.dx.util.FixedSizeList.equals(Ljava/lang/Object;)Z @ 25
Event: 3.353 Thread 0x000000001dcc9800 Uncommon trap: reason=class_check action=maybe_recompile pc=0x0000000002d44b48 method=java.util.Arrays.equals([Ljava/lang/Object;[Ljava/lang/Object;)Z @ 62
Event: 3.353 Thread 0x000000001dcc9800 Uncommon trap: reason=speculate_class_check action=maybe_recompile pc=0x0000000002d51a18 method=com.android.dx.util.FixedSizeList.equals(Ljava/lang/Object;)Z @ 25
Event: 3.353 Thread 0x000000001dcc9800 Uncommon trap: reason=unstable_if action=reinterpret pc=0x0000000002d44b20 method=java.util.Arrays.equals([Ljava/lang/Object;[Ljava/lang/Object;)Z @ 23
Event: 3.589 Thread 0x000000001dcc9800 Uncommon trap: reason=unstable_if action=reinterpret pc=0x000000000317f43c method=com.android.dx.dex.code.OutputFinisher.findOpcodeForInsn(Lcom/android/dx/dex/code/DalvInsn;Lcom/android/dx/dex/code/Dop;)Lcom/android/dx/dex/code/Dop; @ 12
Event: 3.599 Thread 0x000000001dcc9800 Uncommon trap: reason=unstable_if action=reinterpret pc=0x00000000031359c0 method=java.util.TreeMap.put(Ljava/lang/Object;Ljava/lang/Object;)Ljava/lang/Object; @ 163
Event: 3.844 Thread 0x000000001dcc9800 Uncommon trap: reason=unstable_if action=reinterpret pc=0x00000000031bacd8 method=com.android.dx.dex.code.LocalList$MakeState.snapshot(ILcom/android/dx/rop/code/RegisterSpecSet;)V @ 66
Event: 3.854 Thread 0x000000001dcc9800 Uncommon trap: reason=unstable_if action=reinterpret pc=0x00000000031b1118 method=com.android.dx.dex.code.OutputFinisher.findOpcodeForInsn(Lcom/android/dx/dex/code/DalvInsn;Lcom/android/dx/dex/code/Dop;)Lcom/android/dx/dex/code/Dop; @ 1
Event: 3.856 Thread 0x000000001dcc9800 Uncommon trap: reason=unstable_if action=reinterpret pc=0x00000000031db2fc method=com.android.dx.dex.code.OutputFinisher.align64bits([Lcom/android/dx/dex/code/Dop;)V @ 205

Internal exceptions (3 events):
Event: 0.061 Thread 0x0000000000c7d800 Exception <a 'java/lang/NoSuchMethodError': Method sun.misc.Unsafe.defineClass(Ljava/lang/String;[BII)Ljava/lang/Class; name or signature does not match> (0x000000076ab07c78) thrown at [C:\re\workspace\8-2-build-windows-amd64-cygwin\jdk8u112\7884\hotspot\
Event: 0.061 Thread 0x0000000000c7d800 Exception <a 'java/lang/NoSuchMethodError': Method sun.misc.Unsafe.prefetchRead(Ljava/lang/Object;J)V name or signature does not match> (0x000000076ab07f60) thrown at [C:\re\workspace\8-2-build-windows-amd64-cygwin\jdk8u112\7884\hotspot\src\share\vm\prims
Event: 3.844 Thread 0x000000001dcc9800 Implicit null exception at 0x00000000031ba199 to 0x00000000031baca1

Events (10 events):
Event: 3.857 Thread 0x000000001dcc9800 DEOPT PACKING pc=0x00000000031805bb sp=0x0000000020dfefb0
Event: 3.857 Thread 0x000000001dcc9800 DEOPT UNPACKING pc=0x0000000002a4787f sp=0x0000000020dfed30 mode 0
Event: 3.866 Thread 0x000000001dcc9800 DEOPT PACKING pc=0x00000000031805bb sp=0x0000000020dfefb0
Event: 3.866 Thread 0x000000001dcc9800 DEOPT UNPACKING pc=0x0000000002a4787f sp=0x0000000020dfed30 mode 0
Event: 3.894 Thread 0x000000001dcc9800 DEOPT PACKING pc=0x000000000317ad59 sp=0x0000000020dfeee0
Event: 3.894 Thread 0x000000001dcc9800 DEOPT UNPACKING pc=0x0000000002a4787f sp=0x0000000020dfec30 mode 0
Event: 3.895 Thread 0x000000001dcc9800 DEOPT PACKING pc=0x00000000031e9afb sp=0x0000000020dfee40
Event: 3.895 Thread 0x000000001dcc9800 DEOPT UNPACKING pc=0x0000000002a4787f sp=0x0000000020dfeb90 mode 0
Event: 3.916 Thread 0x000000001dcc9800 DEOPT PACKING pc=0x000000000317ad59 sp=0x0000000020dfeee0
Event: 3.916 Thread 0x000000001dcc9800 DEOPT UNPACKING pc=0x0000000002a4787f sp=0x0000000020dfec30 mode 0


Dynamic libraries:
0x00007ff7a48a0000 - 0x00007ff7a48d7000 	C:\Program Files\Java\jdk1.8.0_112\bin\java.exe
0x00007ff9e3150000 - 0x00007ff9e3321000 	C:\WINDOWS\SYSTEM32\ntdll.dll
0x00007ff9e30a0000 - 0x00007ff9e314b000 	C:\WINDOWS\System32\KERNEL32.DLL
0x00007ff9df640000 - 0x00007ff9df85d000 	C:\WINDOWS\System32\KERNELBASE.dll
0x00007ff9e2aa0000 - 0x00007ff9e2b42000 	C:\WINDOWS\System32\ADVAPI32.dll
0x00007ff9e0bf0000 - 0x00007ff9e0c8e000 	C:\WINDOWS\System32\msvcrt.dll
0x00007ff9e2b50000 - 0x00007ff9e2ba9000 	C:\WINDOWS\System32\sechost.dll
0x00007ff9e25a0000 - 0x00007ff9e26c1000 	C:\WINDOWS\System32\RPCRT4.dll
0x00007ff9e0750000 - 0x00007ff9e08b5000 	C:\WINDOWS\System32\USER32.dll
0x00007ff9e0670000 - 0x00007ff9e068e000 	C:\WINDOWS\System32\win32u.dll
0x00007ff9e2820000 - 0x00007ff9e2854000 	C:\WINDOWS\System32\GDI32.dll
0x00007ff9e04e0000 - 0x00007ff9e0662000 	C:\WINDOWS\System32\gdi32full.dll
0x00007ff9d96a0000 - 0x00007ff9d9919000 	C:\WINDOWS\WinSxS\amd64_microsoft.windows.common-controls_6595b64144ccf1df_6.0.14393.447_none_42191651c6827bb3\COMCTL32.dll
0x00007ff9e08c0000 - 0x00007ff9e0b88000 	C:\WINDOWS\System32\combase.dll
0x00007ff9df860000 - 0x00007ff9df955000 	C:\WINDOWS\System32\ucrtbase.dll
0x00007ff9e0470000 - 0x00007ff9e04da000 	C:\WINDOWS\System32\bcryptPrimitives.dll
0x00007ff9e26e0000 - 0x00007ff9e270e000 	C:\WINDOWS\System32\IMM32.DLL
0x00000000508b0000 - 0x0000000050982000 	C:\Program Files\Java\jdk1.8.0_112\jre\bin\msvcr100.dll
0x00000000758f0000 - 0x000000007618a000 	C:\Program Files\Java\jdk1.8.0_112\jre\bin\server\jvm.dll
0x00007ff9e2880000 - 0x00007ff9e2888000 	C:\WINDOWS\System32\PSAPI.DLL
0x00007ff9cfd20000 - 0x00007ff9cfd29000 	C:\WINDOWS\SYSTEM32\WSOCK32.dll
0x00007ff9e2710000 - 0x00007ff9e277a000 	C:\WINDOWS\System32\WS2_32.dll
0x00007ff9dd8a0000 - 0x00007ff9dd8c3000 	C:\WINDOWS\SYSTEM32\WINMM.dll
0x00007ff9d7390000 - 0x00007ff9d739a000 	C:\WINDOWS\SYSTEM32\VERSION.dll
0x00007ff9dd870000 - 0x00007ff9dd89b000 	C:\WINDOWS\SYSTEM32\WINMMBASE.dll
0x00007ff9e0690000 - 0x00007ff9e06d2000 	C:\WINDOWS\System32\cfgmgr32.dll
0x00000000508a0000 - 0x00000000508af000 	C:\Program Files\Java\jdk1.8.0_112\jre\bin\verify.dll
0x0000000050870000 - 0x0000000050899000 	C:\Program Files\Java\jdk1.8.0_112\jre\bin\java.dll
0x0000000050850000 - 0x0000000050866000 	C:\Program Files\Java\jdk1.8.0_112\jre\bin\zip.dll
0x00007ff9e1090000 - 0x00007ff9e2599000 	C:\WINDOWS\System32\SHELL32.dll
0x00007ff9dfd90000 - 0x00007ff9e046a000 	C:\WINDOWS\System32\windows.storage.dll
0x00007ff9df5d0000 - 0x00007ff9df61c000 	C:\WINDOWS\System32\powrprof.dll
0x00007ff9e06f0000 - 0x00007ff9e0742000 	C:\WINDOWS\System32\shlwapi.dll
0x00007ff9df630000 - 0x00007ff9df63f000 	C:\WINDOWS\System32\kernel.appcore.dll
0x00007ff9df960000 - 0x00007ff9dfa09000 	C:\WINDOWS\System32\shcore.dll
0x00007ff9df5b0000 - 0x00007ff9df5c4000 	C:\WINDOWS\System32\profapi.dll

VM Arguments:
jvm_args: -Djava.awt.headless=true -Xmx4g -Dfile.encoding=windows-1252 -Duser.country=IN -Duser.language=en -Duser.variant 
java_command: com.android.dx.command.Main --dex --verbose --force-jumbo --num-threads=4 --multi-dex --output C:\Users\Pooja\Dropbox\MobiPlace\app\build\intermediates\transforms\dex\debug\folders\1000\10\com.google.android.gms-play-services-maps-8.4.0_aad2c048187c7df6df40ea6a3870633e07cbca20 C:\Users\Pooja\Dropbox\MobiPlace\app\build\intermediates\exploded-aar\com.google.android.gms\play-services-maps\8.4.0\jars\classes.jar
java_class_path (initial): C:\Users\Pooja\AppData\Local\Android\sdk\build-tools\23.0.1\lib\dx.jar
Launcher Type: SUN_STANDARD

Environment Variables:
JAVA_HOME=C:\Program Files\Java\jdk1.8.0_112
PATH=C:\ProgramData\Oracle\Java\javapath;G:\app\pooja22\product\12.1.0\dbhome_1\bin;C:\Program Files (x86)\NVIDIA Corporation\PhysX\Common;C:\Program Files (x86)\Intel\iCLS Client\;C:\Program Files\Intel\iCLS Client\;C:\WINDOWS\system32;C:\WINDOWS;C:\WINDOWS\System32\Wbem;C:\WINDOWS\System32\WindowsPowerShell\v1.0\;C:\Program Files\Hewlett-Packard\SimplePass\;C:\Program Files\Intel\Intel(R) Management Engine Components\DAL;C:\Program Files (x86)\Intel\Intel(R) Management Engine Components\DAL;C:\Program Files\Intel\Intel(R) Management Engine Components\IPT;C:\Program Files (x86)\Intel\Intel(R) Management Engine Components\IPT;C:\Program Files (x86)\MySQL\MySQL Server 5.0\bin;C:\Program Files (x86)\Microsoft SQL Server\110\Tools\Binn\ManagementStudio\;C:\Program Files (x86)\Microsoft SQL Server\110\Tools\Binn\;C:\Program Files\Microsoft SQL Server\110\Tools\Binn\;C:\Program Files (x86)\Microsoft SQL Server\110\DTS\Binn\;C:\Program Files (x86)\Common Files\lenovo\easyplussdk\bin;C:\Program Files (x86)\Microsoft SDKs\TypeScript\1.0\;C:\Program Files\Microsoft SQL Server\120\Tools\Binn\;C:\Users\Pooja\AppData\Local\Android\sdk\platform-tools;C:\Users\Pooja\AppData\Local\Android\sdk\tools;C:\Users\Pooja\AppData\Local\Android\sdk\build-tools\23.0.1;C:\Users\Pooja\AppData\Local\Android\sdk\build-tools\22.0.1;C:\Users\Pooja\AppData\Local\Android\sdk\build-tools\23.0.3;;C:\Program Files (x86)\Microsoft VS Code\bin;C:\Users\Pooja\AppData\Local\Microsoft\WindowsApps
USERNAME=Pooja
OS=Windows_NT
PROCESSOR_IDENTIFIER=Intel64 Family 6 Model 61 Stepping 4, GenuineIntel



---------------  S Y S T E M  ---------------

OS: Windows 10.0 , 64 bit Build 14393 (10.0.14393.0)

CPU:total 4 (2 cores per cpu, 2 threads per core) family 6 model 61 stepping 4, cmov, cx8, fxsr, mmx, sse, sse2, sse3, ssse3, sse4.1, sse4.2, popcnt, avx, avx2, aes, clmul, erms, 3dnowpref, lzcnt, ht, tsc, tscinvbit, bmi1, bmi2, adx

Memory: 4k page, physical 4107664k(483780k free), swap 9350544k(5288k free)

vm_info: Java HotSpot(TM) 64-Bit Server VM (25.112-b15) for windows-amd64 JRE (1.8.0_112-b15), built on Sep 22 2016 21:31:56 by "java_re" with MS VC++ 10.0 (VS2010)

time: Sun Mar 05 22:47:55 2017
elapsed time: 3 seconds (0d 0h 0m 3s)

