#
# There is insufficient memory for the Java Runtime Environment to continue.
# Native memory allocation (malloc) failed to allocate 32744 bytes for ChunkPool::allocate
# Possible reasons:
#   The system is out of physical RAM or swap space
#   In 32 bit mode, the process size limit was hit
# Possible solutions:
#   Reduce memory load on the system
#   Increase physical memory or swap space
#   Check if swap backing store is full
#   Use 64 bit Java on a 64 bit OS
#   Decrease Java heap size (-Xmx/-Xms)
#   Decrease number of Java threads
#   Decrease Java thread stack sizes (-Xss)
#   Set larger code cache with -XX:ReservedCodeCacheSize=
# This output file may be truncated or incomplete.
#
#  Out of Memory Error (allocation.cpp:273), pid=20844, tid=0x000000000000372c
#
# JRE version: Java(TM) SE Runtime Environment (8.0_112-b15) (build 1.8.0_112-b15)
# Java VM: Java HotSpot(TM) 64-Bit Server VM (25.112-b15 mixed mode windows-amd64 compressed oops)
# Failed to write core dump. Minidumps are not enabled by default on client versions of Windows
#

---------------  T H R E A D  ---------------

Current thread (0x000000001c4ed800):  JavaThread "C2 CompilerThread0" daemon [_thread_in_native, id=14124, stack(0x000000001dc30000,0x000000001dd30000)]

Stack: [0x000000001dc30000,0x000000001dd30000]
[error occurred during error reporting (printing stack bounds), id 0xc0000005]

Native frames: (J=compiled Java code, j=interpreted, Vv=VM code, C=native code)


Current CompileTask:
C2:   4337 1028   !   4       com.android.dx.cf.code.BytecodeArray::parseInstruction (2764 bytes)


---------------  P R O C E S S  ---------------

Java Threads: ( => current thread )
  0x000000001e0be000 JavaThread "pool-2-thread-4" [_thread_blocked, id=20916, stack(0x000000001e930000,0x000000001ea30000)]
  0x000000001e0ac000 JavaThread "pool-2-thread-3" [_thread_blocked, id=19924, stack(0x000000001e830000,0x000000001e930000)]
  0x000000001e092800 JavaThread "pool-2-thread-2" [_thread_blocked, id=20360, stack(0x000000001e730000,0x000000001e830000)]
  0x000000001df6e000 JavaThread "pool-3-thread-1" [_thread_blocked, id=23140, stack(0x000000001e630000,0x000000001e730000)]
  0x000000001df5c000 JavaThread "pool-2-thread-1" [_thread_blocked, id=9476, stack(0x000000001e530000,0x000000001e630000)]
  0x000000001de35800 JavaThread "Service Thread" daemon [_thread_blocked, id=22716, stack(0x000000001e330000,0x000000001e430000)]
  0x000000001de30800 JavaThread "C1 CompilerThread2" daemon [_thread_blocked, id=17724, stack(0x000000001e230000,0x000000001e330000)]
  0x000000001c4f0800 JavaThread "C2 CompilerThread1" daemon [_thread_blocked, id=1772, stack(0x000000001dd30000,0x000000001de30000)]
=>0x000000001c4ed800 JavaThread "C2 CompilerThread0" daemon [_thread_in_native, id=14124, stack(0x000000001dc30000,0x000000001dd30000)]
  0x000000001c4ec000 JavaThread "Attach Listener" daemon [_thread_blocked, id=21716, stack(0x000000001db30000,0x000000001dc30000)]
  0x0000000002d9e000 JavaThread "Signal Dispatcher" daemon [_thread_blocked, id=19984, stack(0x000000001da30000,0x000000001db30000)]
  0x000000001c4da000 JavaThread "Finalizer" daemon [_thread_blocked, id=17512, stack(0x000000001d740000,0x000000001d840000)]
  0x0000000002d90000 JavaThread "Reference Handler" daemon [_thread_blocked, id=8032, stack(0x000000001d640000,0x000000001d740000)]
  0x0000000002e1d800 JavaThread "main" [_thread_in_native, id=21968, stack(0x0000000002b80000,0x0000000002c80000)]

Other Threads:
  0x000000001c4b7800 VMThread [stack: 0x000000001d540000,0x000000001d640000] [id=13348]
  0x000000001de3a800 WatcherThread [stack: 0x000000001e430000,0x000000001e530000] [id=12800]

VM state:not at safepoint (normal execution)

VM Mutex/Monitor currently owned by a thread: None

Heap:
 PSYoungGen      total 18944K, used 6029K [0x000000076ab00000, 0x000000076c000000, 0x00000007c0000000)
  eden space 16384K, 21% used [0x000000076ab00000,0x000000076ae675c0,0x000000076bb00000)
  from space 2560K, 99% used [0x000000076bb00000,0x000000076bd7c028,0x000000076bd80000)
  to   space 2560K, 0% used [0x000000076bd80000,0x000000076bd80000,0x000000076c000000)
 ParOldGen       total 44032K, used 1765K [0x00000006c0000000, 0x00000006c2b00000, 0x000000076ab00000)
  object space 44032K, 4% used [0x00000006c0000000,0x00000006c01b94e0,0x00000006c2b00000)
 Metaspace       used 5757K, capacity 6834K, committed 7040K, reserved 1056768K
  class space    used 593K, capacity 618K, committed 640K, reserved 1048576K

Card table byte_map: [0x00000000121e0000,0x00000000129f0000] byte_map_base: 0x000000000ebe0000

Marking Bits: (ParMarkBitMap*) 0x000000007610a6d0
 Begin Bits: [0x0000000013350000, 0x0000000017350000)
 End Bits:   [0x0000000017350000, 0x000000001b350000)

Polling page: 0x00000000010b0000

CodeCache: size=245760Kb used=4198Kb max_used=4210Kb free=241561Kb
 bounds [0x0000000002e20000, 0x0000000003250000, 0x0000000011e20000]
 total_blobs=1297 nmethods=1036 adapters=174
 compilation: enabled

Compilation events (10 events):
Event: 4.102 Thread 0x000000001de30800 nmethod 1034 0x0000000003237f90 code [0x0000000003238160, 0x0000000003238a28]
Event: 4.103 Thread 0x000000001c4f0800 nmethod 1032 0x0000000003237ad0 code [0x0000000003237c20, 0x0000000003237d98]
Event: 4.103 Thread 0x000000001c4f0800 1033       4       com.android.dx.ssa.SsaInsn::mapRegisters (35 bytes)
Event: 4.103 Thread 0x000000001de30800 1035       3       com.android.dx.cf.code.Ropper::addBlock (37 bytes)
Event: 4.104 Thread 0x000000001de30800 nmethod 1035 0x000000000323bcd0 code [0x000000000323bf00, 0x000000000323cbd8]
Event: 4.104 Thread 0x000000001de30800 1036       3       com.android.dx.rop.cst.CstBaseMethodRef::getType (8 bytes)
Event: 4.104 Thread 0x000000001de30800 nmethod 1036 0x000000000323b8d0 code [0x000000000323ba20, 0x000000000323bc10]
Event: 4.104 Thread 0x000000001de30800 1037       3       java.lang.Character::forDigit (42 bytes)
Event: 4.104 Thread 0x000000001de30800 nmethod 1037 0x000000000323b450 code [0x000000000323b5c0, 0x000000000323b870]
Event: 4.108 Thread 0x000000001c4f0800 nmethod 1033 0x000000000323a950 code [0x000000000323aae0, 0x000000000323aec8]

GC Heap History (2 events):
Event: 3.607 GC heap before
{Heap before GC invocations=1 (full 0):
 PSYoungGen      total 18944K, used 16384K [0x000000076ab00000, 0x000000076c000000, 0x00000007c0000000)
  eden space 16384K, 100% used [0x000000076ab00000,0x000000076bb00000,0x000000076bb00000)
  from space 2560K, 0% used [0x000000076bd80000,0x000000076bd80000,0x000000076c000000)
  to   space 2560K, 0% used [0x000000076bb00000,0x000000076bb00000,0x000000076bd80000)
 ParOldGen       total 44032K, used 0K [0x00000006c0000000, 0x00000006c2b00000, 0x000000076ab00000)
  object space 44032K, 0% used [0x00000006c0000000,0x00000006c0000000,0x00000006c2b00000)
 Metaspace       used 5716K, capacity 6770K, committed 7040K, reserved 1056768K
  class space    used 592K, capacity 618K, committed 640K, reserved 1048576K
Event: 3.626 GC heap after
Heap after GC invocations=1 (full 0):
 PSYoungGen      total 18944K, used 2544K [0x000000076ab00000, 0x000000076c000000, 0x00000007c0000000)
  eden space 16384K, 0% used [0x000000076ab00000,0x000000076ab00000,0x000000076bb00000)
  from space 2560K, 99% used [0x000000076bb00000,0x000000076bd7c028,0x000000076bd80000)
  to   space 2560K, 0% used [0x000000076bd80000,0x000000076bd80000,0x000000076c000000)
 ParOldGen       total 44032K, used 1765K [0x00000006c0000000, 0x00000006c2b00000, 0x000000076ab00000)
  object space 44032K, 4% used [0x00000006c0000000,0x00000006c01b94e0,0x00000006c2b00000)
 Metaspace       used 5716K, capacity 6770K, committed 7040K, reserved 1056768K
  class space    used 592K, capacity 618K, committed 640K, reserved 1048576K
}

Deoptimization events (3 events):
Event: 2.811 Thread 0x000000001e0ac000 Uncommon trap: reason=unstable_if action=reinterpret pc=0x000000000301e888 method=java.util.HashMap.getNode(ILjava/lang/Object;)Ljava/util/HashMap$Node; @ 129
Event: 3.597 Thread 0x000000001df5c000 Uncommon trap: reason=unstable_if action=reinterpret pc=0x000000000305a1b4 method=java.util.BitSet.nextSetBit(I)I @ 87
Event: 3.601 Thread 0x000000001df5c000 Uncommon trap: reason=unstable_if action=reinterpret pc=0x00000000031ae990 method=com.android.dx.rop.code.RegisterSpec.withReg(I)Lcom/android/dx/rop/code/RegisterSpec; @ 5

Internal exceptions (2 events):
Event: 0.346 Thread 0x0000000002e1d800 Exception <a 'java/lang/NoSuchMethodError': Method sun.misc.Unsafe.defineClass(Ljava/lang/String;[BII)Ljava/lang/Class; name or signature does not match> (0x000000076ab07c78) thrown at [C:\re\workspace\8-2-build-windows-amd64-cygwin\jdk8u112\7884\hotspot\
Event: 0.346 Thread 0x0000000002e1d800 Exception <a 'java/lang/NoSuchMethodError': Method sun.misc.Unsafe.prefetchRead(Ljava/lang/Object;J)V name or signature does not match> (0x000000076ab07f60) thrown at [C:\re\workspace\8-2-build-windows-amd64-cygwin\jdk8u112\7884\hotspot\src\share\vm\prims

Events (10 events):
Event: 3.597 Thread 0x000000001df5c000 Uncommon trap: trap_request=0xffffff65 fr.pc=0x000000000305a1b4
Event: 3.597 Thread 0x000000001df5c000 DEOPT PACKING pc=0x000000000305a1b4 sp=0x000000001e62e940
Event: 3.597 Thread 0x000000001df5c000 DEOPT UNPACKING pc=0x0000000002e6582a sp=0x000000001e62e8d8 mode 2
Event: 3.601 Thread 0x000000001df5c000 Uncommon trap: trap_request=0xffffff65 fr.pc=0x00000000031ae990
Event: 3.601 Thread 0x000000001df5c000 DEOPT PACKING pc=0x00000000031ae990 sp=0x000000001e62e7c0
Event: 3.601 Thread 0x000000001df5c000 DEOPT UNPACKING pc=0x0000000002e6582a sp=0x000000001e62e6f0 mode 2
Event: 3.604 Executing VM operation: ParallelGCFailedAllocation
Event: 3.626 Executing VM operation: ParallelGCFailedAllocation done
Event: 3.736 loading class com/android/dx/rop/cst/CstArray$List
Event: 3.736 loading class com/android/dx/rop/cst/CstArray$List done


Dynamic libraries:
0x00007ff7a48a0000 - 0x00007ff7a48d7000 	C:\Program Files\Java\jdk1.8.0_112\bin\java.exe
0x00007ff9e3150000 - 0x00007ff9e3321000 	C:\WINDOWS\SYSTEM32\ntdll.dll
0x00007ff9e30a0000 - 0x00007ff9e314b000 	C:\WINDOWS\System32\KERNEL32.DLL
0x00007ff9df640000 - 0x00007ff9df85d000 	C:\WINDOWS\System32\KERNELBASE.dll
0x00007ff9e2aa0000 - 0x00007ff9e2b42000 	C:\WINDOWS\System32\ADVAPI32.dll
0x00007ff9e0bf0000 - 0x00007ff9e0c8e000 	C:\WINDOWS\System32\msvcrt.dll
0x00007ff9e2b50000 - 0x00007ff9e2ba9000 	C:\WINDOWS\System32\sechost.dll
0x00007ff9e25a0000 - 0x00007ff9e26c1000 	C:\WINDOWS\System32\RPCRT4.dll
0x00007ff9e0750000 - 0x00007ff9e08b5000 	C:\WINDOWS\System32\USER32.dll
0x00007ff9e0670000 - 0x00007ff9e068e000 	C:\WINDOWS\System32\win32u.dll
0x00007ff9e2820000 - 0x00007ff9e2854000 	C:\WINDOWS\System32\GDI32.dll
0x00007ff9e04e0000 - 0x00007ff9e0662000 	C:\WINDOWS\System32\gdi32full.dll
0x00007ff9d96a0000 - 0x00007ff9d9919000 	C:\WINDOWS\WinSxS\amd64_microsoft.windows.common-controls_6595b64144ccf1df_6.0.14393.447_none_42191651c6827bb3\COMCTL32.dll
0x00007ff9e08c0000 - 0x00007ff9e0b88000 	C:\WINDOWS\System32\combase.dll
0x00007ff9df860000 - 0x00007ff9df955000 	C:\WINDOWS\System32\ucrtbase.dll
0x00007ff9e0470000 - 0x00007ff9e04da000 	C:\WINDOWS\System32\bcryptPrimitives.dll
0x00007ff9e26e0000 - 0x00007ff9e270e000 	C:\WINDOWS\System32\IMM32.DLL
0x00000000508b0000 - 0x0000000050982000 	C:\Program Files\Java\jdk1.8.0_112\jre\bin\msvcr100.dll
0x00000000758f0000 - 0x000000007618a000 	C:\Program Files\Java\jdk1.8.0_112\jre\bin\server\jvm.dll
0x00007ff9e2880000 - 0x00007ff9e2888000 	C:\WINDOWS\System32\PSAPI.DLL
0x00007ff9cfd20000 - 0x00007ff9cfd29000 	C:\WINDOWS\SYSTEM32\WSOCK32.dll
0x00007ff9e2710000 - 0x00007ff9e277a000 	C:\WINDOWS\System32\WS2_32.dll
0x00007ff9dd8a0000 - 0x00007ff9dd8c3000 	C:\WINDOWS\SYSTEM32\WINMM.dll
0x00007ff9d7390000 - 0x00007ff9d739a000 	C:\WINDOWS\SYSTEM32\VERSION.dll
0x00007ff9dd870000 - 0x00007ff9dd89b000 	C:\WINDOWS\SYSTEM32\WINMMBASE.dll
0x00007ff9e0690000 - 0x00007ff9e06d2000 	C:\WINDOWS\System32\cfgmgr32.dll
0x00000000508a0000 - 0x00000000508af000 	C:\Program Files\Java\jdk1.8.0_112\jre\bin\verify.dll
0x0000000050870000 - 0x0000000050899000 	C:\Program Files\Java\jdk1.8.0_112\jre\bin\java.dll
0x0000000050850000 - 0x0000000050866000 	C:\Program Files\Java\jdk1.8.0_112\jre\bin\zip.dll
0x00007ff9e1090000 - 0x00007ff9e2599000 	C:\WINDOWS\System32\SHELL32.dll
0x00007ff9dfd90000 - 0x00007ff9e046a000 	C:\WINDOWS\System32\windows.storage.dll
0x00007ff9df5d0000 - 0x00007ff9df61c000 	C:\WINDOWS\System32\powrprof.dll
0x00007ff9e06f0000 - 0x00007ff9e0742000 	C:\WINDOWS\System32\shlwapi.dll
0x00007ff9df630000 - 0x00007ff9df63f000 	C:\WINDOWS\System32\kernel.appcore.dll
0x00007ff9df960000 - 0x00007ff9dfa09000 	C:\WINDOWS\System32\shcore.dll
0x00007ff9df5b0000 - 0x00007ff9df5c4000 	C:\WINDOWS\System32\profapi.dll

VM Arguments:
jvm_args: -Djava.awt.headless=true -Xmx4g -Dfile.encoding=windows-1252 -Duser.country=IN -Duser.language=en -Duser.variant 
java_command: com.android.dx.command.Main --dex --verbose --force-jumbo --num-threads=4 --multi-dex --output C:\Users\Pooja\Dropbox\MobiPlace\app\build\intermediates\transforms\dex\debug\folders\1000\5\slice_0 C:\Users\Pooja\Dropbox\MobiPlace\app\build\intermediates\transforms\instantRunSlicer\debug\folders\1\5\slice_0
java_class_path (initial): C:\Users\Pooja\AppData\Local\Android\sdk\build-tools\23.0.1\lib\dx.jar
Launcher Type: SUN_STANDARD

Environment Variables:
JAVA_HOME=C:\Program Files\Java\jdk1.8.0_112
PATH=C:\ProgramData\Oracle\Java\javapath;G:\app\pooja22\product\12.1.0\dbhome_1\bin;C:\Program Files (x86)\NVIDIA Corporation\PhysX\Common;C:\Program Files (x86)\Intel\iCLS Client\;C:\Program Files\Intel\iCLS Client\;C:\WINDOWS\system32;C:\WINDOWS;C:\WINDOWS\System32\Wbem;C:\WINDOWS\System32\WindowsPowerShell\v1.0\;C:\Program Files\Hewlett-Packard\SimplePass\;C:\Program Files\Intel\Intel(R) Management Engine Components\DAL;C:\Program Files (x86)\Intel\Intel(R) Management Engine Components\DAL;C:\Program Files\Intel\Intel(R) Management Engine Components\IPT;C:\Program Files (x86)\Intel\Intel(R) Management Engine Components\IPT;C:\Program Files (x86)\MySQL\MySQL Server 5.0\bin;C:\Program Files (x86)\Microsoft SQL Server\110\Tools\Binn\ManagementStudio\;C:\Program Files (x86)\Microsoft SQL Server\110\Tools\Binn\;C:\Program Files\Microsoft SQL Server\110\Tools\Binn\;C:\Program Files (x86)\Microsoft SQL Server\110\DTS\Binn\;C:\Program Files (x86)\Common Files\lenovo\easyplussdk\bin;C:\Program Files (x86)\Microsoft SDKs\TypeScript\1.0\;C:\Program Files\Microsoft SQL Server\120\Tools\Binn\;C:\Users\Pooja\AppData\Local\Android\sdk\platform-tools;C:\Users\Pooja\AppData\Local\Android\sdk\tools;C:\Users\Pooja\AppData\Local\Android\sdk\build-tools\23.0.1;C:\Users\Pooja\AppData\Local\Android\sdk\build-tools\22.0.1;C:\Users\Pooja\AppData\Local\Android\sdk\build-tools\23.0.3;;C:\Program Files (x86)\Microsoft VS Code\bin;C:\Users\Pooja\AppData\Local\Microsoft\WindowsApps
USERNAME=Pooja
OS=Windows_NT
PROCESSOR_IDENTIFIER=Intel64 Family 6 Model 61 Stepping 4, GenuineIntel



---------------  S Y S T E M  ---------------

OS: Windows 10.0 , 64 bit Build 14393 (10.0.14393.0)

CPU:total 4 (2 cores per cpu, 2 threads per core) family 6 model 61 stepping 4, cmov, cx8, fxsr, mmx, sse, sse2, sse3, ssse3, sse4.1, sse4.2, popcnt, avx, avx2, aes, clmul, erms, 3dnowpref, lzcnt, ht, tsc, tscinvbit, bmi1, bmi2, adx

Memory: 4k page, physical 4107664k(145520k free), swap 9350544k(528k free)

vm_info: Java HotSpot(TM) 64-Bit Server VM (25.112-b15) for windows-amd64 JRE (1.8.0_112-b15), built on Sep 22 2016 21:31:56 by "java_re" with MS VC++ 10.0 (VS2010)

time: Sun Mar 05 23:06:22 2017
elapsed time: 4 seconds (0d 0h 0m 4s)

