#
# There is insufficient memory for the Java Runtime Environment to continue.
# Native memory allocation (malloc) failed to allocate 32744 bytes for ChunkPool::allocate
# Possible reasons:
#   The system is out of physical RAM or swap space
#   In 32 bit mode, the process size limit was hit
# Possible solutions:
#   Reduce memory load on the system
#   Increase physical memory or swap space
#   Check if swap backing store is full
#   Use 64 bit Java on a 64 bit OS
#   Decrease Java heap size (-Xmx/-Xms)
#   Decrease number of Java threads
#   Decrease Java thread stack sizes (-Xss)
#   Set larger code cache with -XX:ReservedCodeCacheSize=
# This output file may be truncated or incomplete.
#
#  Out of Memory Error (allocation.cpp:273), pid=396, tid=0x0000000000005744
#
# JRE version: Java(TM) SE Runtime Environment (8.0_112-b15) (build 1.8.0_112-b15)
# Java VM: Java HotSpot(TM) 64-Bit Server VM (25.112-b15 mixed mode windows-amd64 compressed oops)
# Failed to write core dump. Minidumps are not enabled by default on client versions of Windows
#

---------------  T H R E A D  ---------------

Current thread (0x000000001bd5c800):  JavaThread "C2 CompilerThread1" daemon [_thread_in_native, id=22340, stack(0x000000001d470000,0x000000001d570000)]

Stack: [0x000000001d470000,0x000000001d570000]
[error occurred during error reporting (printing stack bounds), id 0xc0000005]

Native frames: (J=compiled Java code, j=interpreted, Vv=VM code, C=native code)


Current CompileTask:
C2:   6925  662       4       java.util.HashMap::get (23 bytes)


---------------  P R O C E S S  ---------------

Java Threads: ( => current thread )
  0x000000001d6c8000 JavaThread "pool-1-thread-1" [_thread_new, id=14104, stack(0x0000000000000000,0x0000000000000000)]
  0x000000001d594800 JavaThread "Service Thread" daemon [_thread_blocked, id=10812, stack(0x000000001da70000,0x000000001db70000)]
  0x000000001d570800 JavaThread "C1 CompilerThread2" daemon [_thread_blocked, id=12084, stack(0x000000001d970000,0x000000001da70000)]
=>0x000000001bd5c800 JavaThread "C2 CompilerThread1" daemon [_thread_in_native, id=22340, stack(0x000000001d470000,0x000000001d570000)]
  0x000000001bd1d800 JavaThread "C2 CompilerThread0" daemon [_thread_in_native, id=11312, stack(0x000000001d370000,0x000000001d470000)]
  0x000000001bd1c000 JavaThread "Attach Listener" daemon [_thread_blocked, id=20676, stack(0x000000001d270000,0x000000001d370000)]
  0x000000001bd1a800 JavaThread "Signal Dispatcher" daemon [_thread_blocked, id=18820, stack(0x000000001d170000,0x000000001d270000)]
  0x000000001bd0a800 JavaThread "Finalizer" daemon [_thread_blocked, id=20664, stack(0x000000001cf80000,0x000000001d080000)]
  0x00000000025f0000 JavaThread "Reference Handler" daemon [_thread_blocked, id=3076, stack(0x000000001ce80000,0x000000001cf80000)]
  0x000000000089d800 JavaThread "main" [_thread_blocked, id=2804, stack(0x0000000002400000,0x0000000002500000)]

Other Threads:
  0x000000001bce7800 VMThread [stack: 0x000000001cd80000,0x000000001ce80000] [id=21756]
  0x000000001d576800 WatcherThread [stack: 0x000000001db70000,0x000000001dc70000] [id=14212]

VM state:not at safepoint (normal execution)

VM Mutex/Monitor currently owned by a thread: None

Heap:
 PSYoungGen      total 18944K, used 14114K [0x000000076ab00000, 0x000000076c000000, 0x00000007c0000000)
  eden space 16384K, 86% used [0x000000076ab00000,0x000000076b8c8820,0x000000076bb00000)
  from space 2560K, 0% used [0x000000076bd80000,0x000000076bd80000,0x000000076c000000)
  to   space 2560K, 0% used [0x000000076bb00000,0x000000076bb00000,0x000000076bd80000)
 ParOldGen       total 44032K, used 0K [0x00000006c0000000, 0x00000006c2b00000, 0x000000076ab00000)
  object space 44032K, 0% used [0x00000006c0000000,0x00000006c0000000,0x00000006c2b00000)
 Metaspace       used 5723K, capacity 6680K, committed 6912K, reserved 1056768K
  class space    used 614K, capacity 656K, committed 768K, reserved 1048576K

Card table byte_map: [0x00000000119c0000,0x00000000121d0000] byte_map_base: 0x000000000e3c0000

Marking Bits: (ParMarkBitMap*) 0x000000007610a6d0
 Begin Bits: [0x0000000012b30000, 0x0000000016b30000)
 End Bits:   [0x0000000016b30000, 0x000000001ab30000)

Polling page: 0x00000000007d0000

CodeCache: size=245760Kb used=2566Kb max_used=2577Kb free=243193Kb
 bounds [0x0000000002600000, 0x0000000002890000, 0x0000000011600000]
 total_blobs=906 nmethods=636 adapters=182
 compilation: disabled (not enough contiguous free space left)

Compilation events (10 events):
Event: 6.544 Thread 0x000000001bd1d800  658       4       com.android.dx.rop.code.RegisterSpec::getCategory (13 bytes)
Event: 6.544 Thread 0x000000001bd5c800 nmethod 656 0x0000000002885250 code [0x00000000028853a0, 0x0000000002885558]
Event: 6.545 Thread 0x000000001bd1d800 nmethod 658 0x0000000002885710 code [0x0000000002885860, 0x0000000002885938]
Event: 6.546 Thread 0x000000001bd5c800  659   !   4       com.android.dx.util.FixedSizeList::<init> (36 bytes)
Event: 6.547 Thread 0x000000001bd5c800 nmethod 659 0x0000000002885a10 code [0x0000000002885b60, 0x0000000002885cb8]
Event: 6.548 Thread 0x000000001bd1d800  661       4       com.android.dx.ssa.NormalSsaInsn::getSources (8 bytes)
Event: 6.548 Thread 0x000000001bd5c800  662       4       java.util.HashMap::get (23 bytes)
Event: 6.549 Thread 0x000000001bd1d800 nmethod 661 0x0000000002881590 code [0x00000000028816c0, 0x0000000002881738]
Event: 6.550 Thread 0x000000001bd1d800  663       4       com.android.dx.ssa.SsaMethod::getDefinitionForRegister (61 bytes)
Event: 6.602 Thread 0x000000001d570800 


GC Heap History (0 events):
No events

Deoptimization events (0 events):
No events

Internal exceptions (2 events):
Event: 1.523 Thread 0x000000000089d800 Exception <a 'java/lang/NoSuchMethodError': Method sun.misc.Unsafe.defineClass(Ljava/lang/String;[BII)Ljava/lang/Class; name or signature does not match> (0x000000076ab07c78) thrown at [C:\re\workspace\8-2-build-windows-amd64-cygwin\jdk8u112\7884\hotspot\
Event: 1.525 Thread 0x000000000089d800 Exception <a 'java/lang/NoSuchMethodError': Method sun.misc.Unsafe.prefetchRead(Ljava/lang/Object;J)V name or signature does not match> (0x000000076ab07f60) thrown at [C:\re\workspace\8-2-build-windows-amd64-cygwin\jdk8u112\7884\hotspot\src\share\vm\prims

Events (10 events):
Event: 6.542 loading class java/util/HashMap$KeySet
Event: 6.542 loading class java/util/HashMap$KeySet done
Event: 6.542 loading class java/util/HashMap$KeyIterator
Event: 6.542 loading class java/util/HashMap$KeyIterator done
Event: 6.555 loading class java/util/ArrayList$1
Event: 6.566 Thread 0x000000001d6ce000 Thread exited: 0x000000001d6ce000
Event: 6.580 Thread 0x000000001d6bc800 Thread exited: 0x000000001d6bc800
Event: 6.602 loading class java/util/ArrayList$1 done
Event: 6.605 Thread 0x000000001d6c9800 Thread exited: 0x000000001d6c9800
Event: 6.621 Thread 0x000000001d6cf800 Thread exited: 0x000000001d6cf800


Dynamic libraries:
0x00007ff7a48a0000 - 0x00007ff7a48d7000 	C:\Program Files\Java\jdk1.8.0_112\bin\java.exe
0x00007ff9e3150000 - 0x00007ff9e3321000 	C:\WINDOWS\SYSTEM32\ntdll.dll
0x00007ff9e30a0000 - 0x00007ff9e314b000 	C:\WINDOWS\System32\KERNEL32.DLL
0x00007ff9df640000 - 0x00007ff9df85d000 	C:\WINDOWS\System32\KERNELBASE.dll
0x00007ff9e2aa0000 - 0x00007ff9e2b42000 	C:\WINDOWS\System32\ADVAPI32.dll
0x00007ff9e0bf0000 - 0x00007ff9e0c8e000 	C:\WINDOWS\System32\msvcrt.dll
0x00007ff9e2b50000 - 0x00007ff9e2ba9000 	C:\WINDOWS\System32\sechost.dll
0x00007ff9e25a0000 - 0x00007ff9e26c1000 	C:\WINDOWS\System32\RPCRT4.dll
0x00007ff9e0750000 - 0x00007ff9e08b5000 	C:\WINDOWS\System32\USER32.dll
0x00007ff9e0670000 - 0x00007ff9e068e000 	C:\WINDOWS\System32\win32u.dll
0x00007ff9e2820000 - 0x00007ff9e2854000 	C:\WINDOWS\System32\GDI32.dll
0x00007ff9e04e0000 - 0x00007ff9e0662000 	C:\WINDOWS\System32\gdi32full.dll
0x00007ff9d96a0000 - 0x00007ff9d9919000 	C:\WINDOWS\WinSxS\amd64_microsoft.windows.common-controls_6595b64144ccf1df_6.0.14393.447_none_42191651c6827bb3\COMCTL32.dll
0x00007ff9e08c0000 - 0x00007ff9e0b88000 	C:\WINDOWS\System32\combase.dll
0x00007ff9df860000 - 0x00007ff9df955000 	C:\WINDOWS\System32\ucrtbase.dll
0x00007ff9e0470000 - 0x00007ff9e04da000 	C:\WINDOWS\System32\bcryptPrimitives.dll
0x00007ff9e26e0000 - 0x00007ff9e270e000 	C:\WINDOWS\System32\IMM32.DLL
0x00000000508b0000 - 0x0000000050982000 	C:\Program Files\Java\jdk1.8.0_112\jre\bin\msvcr100.dll
0x00000000758f0000 - 0x000000007618a000 	C:\Program Files\Java\jdk1.8.0_112\jre\bin\server\jvm.dll
0x00007ff9e2880000 - 0x00007ff9e2888000 	C:\WINDOWS\System32\PSAPI.DLL
0x00007ff9d7390000 - 0x00007ff9d739a000 	C:\WINDOWS\SYSTEM32\VERSION.dll
0x00007ff9cfd20000 - 0x00007ff9cfd29000 	C:\WINDOWS\SYSTEM32\WSOCK32.dll
0x00007ff9dd8a0000 - 0x00007ff9dd8c3000 	C:\WINDOWS\SYSTEM32\WINMM.dll
0x00007ff9e2710000 - 0x00007ff9e277a000 	C:\WINDOWS\System32\WS2_32.dll
0x0000000000860000 - 0x000000000088b000 	C:\WINDOWS\SYSTEM32\WINMMBASE.dll
0x00007ff9e0690000 - 0x00007ff9e06d2000 	C:\WINDOWS\System32\cfgmgr32.dll
0x00000000508a0000 - 0x00000000508af000 	C:\Program Files\Java\jdk1.8.0_112\jre\bin\verify.dll
0x0000000050870000 - 0x0000000050899000 	C:\Program Files\Java\jdk1.8.0_112\jre\bin\java.dll
0x0000000050850000 - 0x0000000050866000 	C:\Program Files\Java\jdk1.8.0_112\jre\bin\zip.dll
0x00007ff9e1090000 - 0x00007ff9e2599000 	C:\WINDOWS\System32\SHELL32.dll
0x00007ff9dfd90000 - 0x00007ff9e046a000 	C:\WINDOWS\System32\windows.storage.dll
0x00007ff9df5d0000 - 0x00007ff9df61c000 	C:\WINDOWS\System32\powrprof.dll
0x00007ff9e06f0000 - 0x00007ff9e0742000 	C:\WINDOWS\System32\shlwapi.dll
0x00007ff9df630000 - 0x00007ff9df63f000 	C:\WINDOWS\System32\kernel.appcore.dll
0x00007ff9df960000 - 0x00007ff9dfa09000 	C:\WINDOWS\System32\shcore.dll
0x00007ff9df5b0000 - 0x00007ff9df5c4000 	C:\WINDOWS\System32\profapi.dll

VM Arguments:
jvm_args: -Djava.awt.headless=true -Xmx4g -Dfile.encoding=windows-1252 -Duser.country=IN -Duser.language=en -Duser.variant 
java_command: com.android.dx.command.Main --dex --verbose --force-jumbo --num-threads=4 --multi-dex --output C:\Users\Pooja\Dropbox\MobiPlace\app\build\intermediates\transforms\dex\debug\folders\1000\10\internal_impl-23.0.0_96c90ffe1fc7ed6612092d17f67573c72b4a8bfc C:\Users\Pooja\Dropbox\MobiPlace\app\build\intermediates\exploded-aar\com.android.support\mediarouter-v7\23.0.0\jars\libs\internal_impl-23.0.0.jar
java_class_path (initial): C:\Users\Pooja\AppData\Local\Android\sdk\build-tools\23.0.1\lib\dx.jar
Launcher Type: SUN_STANDARD

Environment Variables:
JAVA_HOME=C:\Program Files\Java\jdk1.8.0_112
PATH=C:\ProgramData\Oracle\Java\javapath;G:\app\pooja22\product\12.1.0\dbhome_1\bin;C:\Program Files (x86)\NVIDIA Corporation\PhysX\Common;C:\Program Files (x86)\Intel\iCLS Client\;C:\Program Files\Intel\iCLS Client\;C:\WINDOWS\system32;C:\WINDOWS;C:\WINDOWS\System32\Wbem;C:\WINDOWS\System32\WindowsPowerShell\v1.0\;C:\Program Files\Hewlett-Packard\SimplePass\;C:\Program Files\Intel\Intel(R) Management Engine Components\DAL;C:\Program Files (x86)\Intel\Intel(R) Management Engine Components\DAL;C:\Program Files\Intel\Intel(R) Management Engine Components\IPT;C:\Program Files (x86)\Intel\Intel(R) Management Engine Components\IPT;C:\Program Files (x86)\MySQL\MySQL Server 5.0\bin;C:\Program Files (x86)\Microsoft SQL Server\110\Tools\Binn\ManagementStudio\;C:\Program Files (x86)\Microsoft SQL Server\110\Tools\Binn\;C:\Program Files\Microsoft SQL Server\110\Tools\Binn\;C:\Program Files (x86)\Microsoft SQL Server\110\DTS\Binn\;C:\Program Files (x86)\Common Files\lenovo\easyplussdk\bin;C:\Program Files (x86)\Microsoft SDKs\TypeScript\1.0\;C:\Program Files\Microsoft SQL Server\120\Tools\Binn\;C:\Users\Pooja\AppData\Local\Android\sdk\platform-tools;C:\Users\Pooja\AppData\Local\Android\sdk\tools;C:\Users\Pooja\AppData\Local\Android\sdk\build-tools\23.0.1;C:\Users\Pooja\AppData\Local\Android\sdk\build-tools\22.0.1;C:\Users\Pooja\AppData\Local\Android\sdk\build-tools\23.0.3;;C:\Program Files (x86)\Microsoft VS Code\bin;C:\Users\Pooja\AppData\Local\Microsoft\WindowsApps
USERNAME=Pooja
OS=Windows_NT
PROCESSOR_IDENTIFIER=Intel64 Family 6 Model 61 Stepping 4, GenuineIntel



---------------  S Y S T E M  ---------------

OS: Windows 10.0 , 64 bit Build 14393 (10.0.14393.0)

CPU:total 4 (2 cores per cpu, 2 threads per core) family 6 model 61 stepping 4, cmov, cx8, fxsr, mmx, sse, sse2, sse3, ssse3, sse4.1, sse4.2, popcnt, avx, avx2, aes, clmul, erms, 3dnowpref, lzcnt, ht, tsc, tscinvbit, bmi1, bmi2, adx

Memory: 4k page, physical 4107664k(268352k free), swap 9350544k(580k free)

vm_info: Java HotSpot(TM) 64-Bit Server VM (25.112-b15) for windows-amd64 JRE (1.8.0_112-b15), built on Sep 22 2016 21:31:56 by "java_re" with MS VC++ 10.0 (VS2010)

time: Sun Mar 05 23:04:42 2017
elapsed time: 6 seconds (0d 0h 0m 6s)

