#
# There is insufficient memory for the Java Runtime Environment to continue.
# Native memory allocation (malloc) failed to allocate 377296 bytes for Chunk::new
# Possible reasons:
#   The system is out of physical RAM or swap space
#   In 32 bit mode, the process size limit was hit
# Possible solutions:
#   Reduce memory load on the system
#   Increase physical memory or swap space
#   Check if swap backing store is full
#   Use 64 bit Java on a 64 bit OS
#   Decrease Java heap size (-Xmx/-Xms)
#   Decrease number of Java threads
#   Decrease Java thread stack sizes (-Xss)
#   Set larger code cache with -XX:ReservedCodeCacheSize=
# This output file may be truncated or incomplete.
#
#  Out of Memory Error (allocation.cpp:390), pid=10360, tid=0x0000000000000864
#
# JRE version: Java(TM) SE Runtime Environment (8.0_112-b15) (build 1.8.0_112-b15)
# Java VM: Java HotSpot(TM) 64-Bit Server VM (25.112-b15 mixed mode windows-amd64 compressed oops)
# Failed to write core dump. Minidumps are not enabled by default on client versions of Windows
#

---------------  T H R E A D  ---------------

Current thread (0x000000001bff2000):  JavaThread "C2 CompilerThread1" daemon [_thread_in_native, id=2148, stack(0x000000001d6f0000,0x000000001d7f0000)]

Stack: [0x000000001d6f0000,0x000000001d7f0000]
[error occurred during error reporting (printing stack bounds), id 0xc0000005]

Native frames: (J=compiled Java code, j=interpreted, Vv=VM code, C=native code)


Current CompileTask:
C2:   9109 1688       4       com.android.dx.cf.code.Simulator$SimVisitor::visitConstant (332 bytes)


---------------  P R O C E S S  ---------------

Java Threads: ( => current thread )
  0x000000001da57000 JavaThread "pool-2-thread-2" [_thread_in_vm, id=18320, stack(0x000000001e0f0000,0x000000001e1f0000)]
  0x000000001da61000 JavaThread "pool-3-thread-1" [_thread_blocked, id=17588, stack(0x000000001dff0000,0x000000001e0f0000)]
  0x000000001da52000 JavaThread "pool-2-thread-1" [_thread_in_Java, id=21288, stack(0x000000001def0000,0x000000001dff0000)]
  0x000000001bffc000 JavaThread "Service Thread" daemon [_thread_blocked, id=10580, stack(0x000000001dcf0000,0x000000001ddf0000)]
  0x000000001d7f8800 JavaThread "C1 CompilerThread2" daemon [_thread_blocked, id=22264, stack(0x000000001dbf0000,0x000000001dcf0000)]
=>0x000000001bff2000 JavaThread "C2 CompilerThread1" daemon [_thread_in_native, id=2148, stack(0x000000001d6f0000,0x000000001d7f0000)]
  0x000000001bf9d800 JavaThread "C2 CompilerThread0" daemon [_thread_in_native, id=14472, stack(0x000000001d5f0000,0x000000001d6f0000)]
  0x000000001bf9c000 JavaThread "Attach Listener" daemon [_thread_blocked, id=9484, stack(0x000000001d4f0000,0x000000001d5f0000)]
  0x00000000028ce800 JavaThread "Signal Dispatcher" daemon [_thread_blocked, id=2600, stack(0x000000001d3f0000,0x000000001d4f0000)]
  0x000000001bf8a000 JavaThread "Finalizer" daemon [_thread_blocked, id=19136, stack(0x000000001d200000,0x000000001d300000)]
  0x00000000028c0000 JavaThread "Reference Handler" daemon [_thread_blocked, id=5560, stack(0x000000001d100000,0x000000001d200000)]
  0x00000000027cd800 JavaThread "main" [_thread_blocked, id=12644, stack(0x0000000002630000,0x0000000002730000)]

Other Threads:
  0x000000001bf67800 VMThread [stack: 0x000000001d000000,0x000000001d100000] [id=11484]
  0x000000001d803000 WatcherThread [stack: 0x000000001ddf0000,0x000000001def0000] [id=17912]

VM state:not at safepoint (normal execution)

VM Mutex/Monitor currently owned by a thread: None

Heap:
 PSYoungGen      total 35328K, used 19956K [0x000000076ab00000, 0x000000076f000000, 0x00000007c0000000)
  eden space 32768K, 53% used [0x000000076ab00000,0x000000076bbfd010,0x000000076cb00000)
  from space 2560K, 100% used [0x000000076cb00000,0x000000076cd80000,0x000000076cd80000)
  to   space 2560K, 0% used [0x000000076ed80000,0x000000076ed80000,0x000000076f000000)
 ParOldGen       total 44032K, used 8952K [0x00000006c0000000, 0x00000006c2b00000, 0x000000076ab00000)
  object space 44032K, 20% used [0x00000006c0000000,0x00000006c08be1d8,0x00000006c2b00000)
 Metaspace       used 6349K, capacity 7128K, committed 7424K, reserved 1056768K
  class space    used 621K, capacity 656K, committed 768K, reserved 1048576K

Card table byte_map: [0x0000000011c90000,0x00000000124a0000] byte_map_base: 0x000000000e690000

Marking Bits: (ParMarkBitMap*) 0x000000007610a6d0
 Begin Bits: [0x0000000012e00000, 0x0000000016e00000)
 End Bits:   [0x0000000016e00000, 0x000000001ae00000)

Polling page: 0x0000000000b80000

CodeCache: size=245760Kb used=7251Kb max_used=7271Kb free=238508Kb
 bounds [0x00000000028d0000, 0x0000000003000000, 0x00000000118d0000]
 total_blobs=1950 nmethods=1678 adapters=185
 compilation: enabled

Compilation events (10 events):
Event: 8.885 Thread 0x000000001bf9d800 nmethod 1689 0x0000000002f4ac50 code [0x0000000002f4ad80, 0x0000000002f4adf8]
Event: 8.885 Thread 0x000000001bf9d800 1690   !   4       com.android.dx.cf.code.OneLocalsArray::set (106 bytes)
Event: 8.891 Thread 0x000000001bf9d800 nmethod 1690 0x0000000002fc2810 code [0x0000000002fc29a0, 0x0000000002fc2dd8]
Event: 8.903 Thread 0x000000001bf9d800 1691       4       com.android.dx.ssa.DeadCodeRemover::run (194 bytes)
Event: 9.016 Thread 0x000000001bf9d800 nmethod 1691 0x0000000002fdbdd0 code [0x0000000002fdc120, 0x0000000002fded90]
Event: 9.016 Thread 0x000000001bf9d800 1692       4       com.android.dx.util.IntList::shrink (42 bytes)
Event: 9.017 Thread 0x000000001bf9d800 nmethod 1692 0x0000000002faa210 code [0x0000000002faa340, 0x0000000002faa3f8]
Event: 9.082 Thread 0x000000001bf9d800 1693       4       com.android.dx.util.LabeledList::getMaxLabel (47 bytes)
Event: 9.085 Thread 0x000000001bf9d800 nmethod 1693 0x0000000002fc7ed0 code [0x0000000002fc8020, 0x0000000002fc81f8]
Event: 9.085 Thread 0x000000001bf9d800 1694       4       com.android.dx.ssa.back.FirstFitLocalCombiningAllocator::handleNormalUnassociated (99 bytes)

GC Heap History (6 events):
Event: 3.433 GC heap before
{Heap before GC invocations=1 (full 0):
 PSYoungGen      total 18944K, used 16384K [0x000000076ab00000, 0x000000076c000000, 0x00000007c0000000)
  eden space 16384K, 100% used [0x000000076ab00000,0x000000076bb00000,0x000000076bb00000)
  from space 2560K, 0% used [0x000000076bd80000,0x000000076bd80000,0x000000076c000000)
  to   space 2560K, 0% used [0x000000076bb00000,0x000000076bb00000,0x000000076bd80000)
 ParOldGen       total 44032K, used 0K [0x00000006c0000000, 0x00000006c2b00000, 0x000000076ab00000)
  object space 44032K, 0% used [0x00000006c0000000,0x00000006c0000000,0x00000006c2b00000)
 Metaspace       used 5933K, capacity 6808K, committed 7168K, reserved 1056768K
  class space    used 618K, capacity 656K, committed 768K, reserved 1048576K
Event: 3.518 GC heap after
Heap after GC invocations=1 (full 0):
 PSYoungGen      total 18944K, used 2554K [0x000000076ab00000, 0x000000076d000000, 0x00000007c0000000)
  eden space 16384K, 0% used [0x000000076ab00000,0x000000076ab00000,0x000000076bb00000)
  from space 2560K, 99% used [0x000000076bb00000,0x000000076bd7eab8,0x000000076bd80000)
  to   space 2560K, 0% used [0x000000076cd80000,0x000000076cd80000,0x000000076d000000)
 ParOldGen       total 44032K, used 1954K [0x00000006c0000000, 0x00000006c2b00000, 0x000000076ab00000)
  object space 44032K, 4% used [0x00000006c0000000,0x00000006c01e8b10,0x00000006c2b00000)
 Metaspace       used 5933K, capacity 6808K, committed 7168K, reserved 1056768K
  class space    used 618K, capacity 656K, committed 768K, reserved 1048576K
}
Event: 4.895 GC heap before
{Heap before GC invocations=2 (full 0):
 PSYoungGen      total 18944K, used 18938K [0x000000076ab00000, 0x000000076d000000, 0x00000007c0000000)
  eden space 16384K, 100% used [0x000000076ab00000,0x000000076bb00000,0x000000076bb00000)
  from space 2560K, 99% used [0x000000076bb00000,0x000000076bd7eab8,0x000000076bd80000)
  to   space 2560K, 0% used [0x000000076cd80000,0x000000076cd80000,0x000000076d000000)
 ParOldGen       total 44032K, used 1954K [0x00000006c0000000, 0x00000006c2b00000, 0x000000076ab00000)
  object space 44032K, 4% used [0x00000006c0000000,0x00000006c01e8b10,0x00000006c2b00000)
 Metaspace       used 6161K, capacity 7000K, committed 7168K, reserved 1056768K
  class space    used 619K, capacity 656K, committed 768K, reserved 1048576K
Event: 5.145 GC heap after
Heap after GC invocations=2 (full 0):
 PSYoungGen      total 35328K, used 2560K [0x000000076ab00000, 0x000000076d000000, 0x00000007c0000000)
  eden space 32768K, 0% used [0x000000076ab00000,0x000000076ab00000,0x000000076cb00000)
  from space 2560K, 100% used [0x000000076cd80000,0x000000076d000000,0x000000076d000000)
  to   space 2560K, 0% used [0x000000076cb00000,0x000000076cb00000,0x000000076cd80000)
 ParOldGen       total 44032K, used 4081K [0x00000006c0000000, 0x00000006c2b00000, 0x000000076ab00000)
  object space 44032K, 9% used [0x00000006c0000000,0x00000006c03fc488,0x00000006c2b00000)
 Metaspace       used 6161K, capacity 7000K, committed 7168K, reserved 1056768K
  class space    used 619K, capacity 656K, committed 768K, reserved 1048576K
}
Event: 7.708 GC heap before
{Heap before GC invocations=3 (full 0):
 PSYoungGen      total 35328K, used 35328K [0x000000076ab00000, 0x000000076d000000, 0x00000007c0000000)
  eden space 32768K, 100% used [0x000000076ab00000,0x000000076cb00000,0x000000076cb00000)
  from space 2560K, 100% used [0x000000076cd80000,0x000000076d000000,0x000000076d000000)
  to   space 2560K, 0% used [0x000000076cb00000,0x000000076cb00000,0x000000076cd80000)
 ParOldGen       total 44032K, used 4081K [0x00000006c0000000, 0x00000006c2b00000, 0x000000076ab00000)
  object space 44032K, 9% used [0x00000006c0000000,0x00000006c03fc488,0x00000006c2b00000)
 Metaspace       used 6290K, capacity 7064K, committed 7424K, reserved 1056768K
  class space    used 619K, capacity 656K, committed 768K, reserved 1048576K
Event: 7.871 GC heap after
Heap after GC invocations=3 (full 0):
 PSYoungGen      total 35328K, used 2560K [0x000000076ab00000, 0x000000076f000000, 0x00000007c0000000)
  eden space 32768K, 0% used [0x000000076ab00000,0x000000076ab00000,0x000000076cb00000)
  from space 2560K, 100% used [0x000000076cb00000,0x000000076cd80000,0x000000076cd80000)
  to   space 2560K, 0% used [0x000000076ed80000,0x000000076ed80000,0x000000076f000000)
 ParOldGen       total 44032K, used 8952K [0x00000006c0000000, 0x00000006c2b00000, 0x000000076ab00000)
  object space 44032K, 20% used [0x00000006c0000000,0x00000006c08be1d8,0x00000006c2b00000)
 Metaspace       used 6290K, capacity 7064K, committed 7424K, reserved 1056768K
  class space    used 619K, capacity 656K, committed 768K, reserved 1048576K
}

Deoptimization events (10 events):
Event: 3.537 Thread 0x00000000027cd800 Uncommon trap: reason=unstable_if action=reinterpret pc=0x0000000002b56a00 method=java.util.HashMap.getNode(ILjava/lang/Object;)Ljava/util/HashMap$Node; @ 62
Event: 3.786 Thread 0x000000001da57000 Uncommon trap: reason=unstable_if action=reinterpret pc=0x0000000002be451c method=com.android.dx.ssa.SsaMethod.updateOneDefinition(Lcom/android/dx/ssa/SsaInsn;Lcom/android/dx/rop/code/RegisterSpec;)V @ 4
Event: 5.386 Thread 0x00000000027cd800 Uncommon trap: reason=unstable_if action=reinterpret pc=0x0000000002bd1808 method=java.lang.String.<init>([CII)V @ 18
Event: 5.398 Thread 0x000000001da79000 Uncommon trap: reason=unstable_if action=reinterpret pc=0x0000000002cafb0c method=com.android.dx.util.IntList.binarysearch(I)I @ 105
Event: 5.398 Thread 0x000000001da79000 Uncommon trap: reason=null_check action=make_not_entrant pc=0x0000000002c3d8b0 method=com.android.dx.rop.type.Type.equals(Ljava/lang/Object;)Z @ 8
Event: 5.512 Thread 0x000000001da57000 Uncommon trap: reason=unstable_if action=reinterpret pc=0x0000000002e0950c method=com.android.dx.ssa.SCCP.simulateBranch(Lcom/android/dx/ssa/SsaInsn;)V @ 107
Event: 7.939 Thread 0x000000001da57000 Uncommon trap: reason=unstable_if action=reinterpret pc=0x0000000002e9b224 method=com.android.dx.rop.code.RegisterSpecSet.put(Lcom/android/dx/rop/code/RegisterSpec;)V @ 77
Event: 7.939 Thread 0x000000001da57000 Uncommon trap: reason=unstable_if action=reinterpret pc=0x0000000002cdd934 method=com.android.dx.rop.code.RegisterSpecSet.put(Lcom/android/dx/rop/code/RegisterSpec;)V @ 77
Event: 7.941 Thread 0x000000001da57000 Uncommon trap: reason=unstable_if action=reinterpret pc=0x0000000002e958cc method=com.android.dx.util.BitIntSet.has(I)Z @ 8
Event: 7.948 Thread 0x000000001da57000 Uncommon trap: reason=unstable_if action=reinterpret pc=0x0000000002ee7224 method=com.android.dx.rop.code.RegisterSpecSet.put(Lcom/android/dx/rop/code/RegisterSpec;)V @ 77

Internal exceptions (3 events):
Event: 0.348 Thread 0x00000000027cd800 Exception <a 'java/lang/NoSuchMethodError': Method sun.misc.Unsafe.defineClass(Ljava/lang/String;[BII)Ljava/lang/Class; name or signature does not match> (0x000000076ab07c78) thrown at [C:\re\workspace\8-2-build-windows-amd64-cygwin\jdk8u112\7884\hotspot\
Event: 0.348 Thread 0x00000000027cd800 Exception <a 'java/lang/NoSuchMethodError': Method sun.misc.Unsafe.prefetchRead(Ljava/lang/Object;J)V name or signature does not match> (0x000000076ab07f60) thrown at [C:\re\workspace\8-2-build-windows-amd64-cygwin\jdk8u112\7884\hotspot\src\share\vm\prims
Event: 5.398 Thread 0x000000001da79000 Implicit null exception at 0x0000000002c3d7a2 to 0x0000000002c3d8a2

Events (10 events):
Event: 7.948 Thread 0x000000001da57000 DEOPT PACKING pc=0x0000000002ee7224 sp=0x000000001e1eedc0
Event: 7.948 Thread 0x000000001da57000 DEOPT UNPACKING pc=0x000000000291582a sp=0x000000001e1eed20 mode 2
Event: 8.032 loading class com/android/dx/rop/code/RegisterSpec$1
Event: 8.032 loading class com/android/dx/rop/code/RegisterSpec$1 done
Event: 8.063 loading class java/util/HashMap$KeySet
Event: 8.063 loading class java/util/HashMap$KeySet done
Event: 8.064 loading class java/util/HashMap$KeyIterator
Event: 8.064 loading class java/util/HashMap$KeyIterator done
Event: 8.066 Thread 0x000000001da58000 Thread exited: 0x000000001da58000
Event: 8.067 Thread 0x000000001da79000 Thread exited: 0x000000001da79000


Dynamic libraries:
0x00007ff7a48a0000 - 0x00007ff7a48d7000 	C:\Program Files\Java\jdk1.8.0_112\bin\java.exe
0x00007ff9e3150000 - 0x00007ff9e3321000 	C:\WINDOWS\SYSTEM32\ntdll.dll
0x00007ff9e30a0000 - 0x00007ff9e314b000 	C:\WINDOWS\System32\KERNEL32.DLL
0x00007ff9df640000 - 0x00007ff9df85d000 	C:\WINDOWS\System32\KERNELBASE.dll
0x00007ff9e2aa0000 - 0x00007ff9e2b42000 	C:\WINDOWS\System32\ADVAPI32.dll
0x00007ff9e0bf0000 - 0x00007ff9e0c8e000 	C:\WINDOWS\System32\msvcrt.dll
0x00007ff9e2b50000 - 0x00007ff9e2ba9000 	C:\WINDOWS\System32\sechost.dll
0x00007ff9e25a0000 - 0x00007ff9e26c1000 	C:\WINDOWS\System32\RPCRT4.dll
0x00007ff9e0750000 - 0x00007ff9e08b5000 	C:\WINDOWS\System32\USER32.dll
0x00007ff9e0670000 - 0x00007ff9e068e000 	C:\WINDOWS\System32\win32u.dll
0x00007ff9e2820000 - 0x00007ff9e2854000 	C:\WINDOWS\System32\GDI32.dll
0x00007ff9e04e0000 - 0x00007ff9e0662000 	C:\WINDOWS\System32\gdi32full.dll
0x00007ff9d96a0000 - 0x00007ff9d9919000 	C:\WINDOWS\WinSxS\amd64_microsoft.windows.common-controls_6595b64144ccf1df_6.0.14393.447_none_42191651c6827bb3\COMCTL32.dll
0x00007ff9e08c0000 - 0x00007ff9e0b88000 	C:\WINDOWS\System32\combase.dll
0x00007ff9df860000 - 0x00007ff9df955000 	C:\WINDOWS\System32\ucrtbase.dll
0x00007ff9e0470000 - 0x00007ff9e04da000 	C:\WINDOWS\System32\bcryptPrimitives.dll
0x00007ff9e26e0000 - 0x00007ff9e270e000 	C:\WINDOWS\System32\IMM32.DLL
0x00000000508b0000 - 0x0000000050982000 	C:\Program Files\Java\jdk1.8.0_112\jre\bin\msvcr100.dll
0x00000000758f0000 - 0x000000007618a000 	C:\Program Files\Java\jdk1.8.0_112\jre\bin\server\jvm.dll
0x00007ff9e2880000 - 0x00007ff9e2888000 	C:\WINDOWS\System32\PSAPI.DLL
0x00007ff9cfd20000 - 0x00007ff9cfd29000 	C:\WINDOWS\SYSTEM32\WSOCK32.dll
0x00007ff9e2710000 - 0x00007ff9e277a000 	C:\WINDOWS\System32\WS2_32.dll
0x00007ff9dd8a0000 - 0x00007ff9dd8c3000 	C:\WINDOWS\SYSTEM32\WINMM.dll
0x00007ff9d7390000 - 0x00007ff9d739a000 	C:\WINDOWS\SYSTEM32\VERSION.dll
0x00007ff9dd870000 - 0x00007ff9dd89b000 	C:\WINDOWS\SYSTEM32\WINMMBASE.dll
0x00007ff9e0690000 - 0x00007ff9e06d2000 	C:\WINDOWS\System32\cfgmgr32.dll
0x00000000508a0000 - 0x00000000508af000 	C:\Program Files\Java\jdk1.8.0_112\jre\bin\verify.dll
0x0000000050870000 - 0x0000000050899000 	C:\Program Files\Java\jdk1.8.0_112\jre\bin\java.dll
0x0000000050850000 - 0x0000000050866000 	C:\Program Files\Java\jdk1.8.0_112\jre\bin\zip.dll
0x00007ff9e1090000 - 0x00007ff9e2599000 	C:\WINDOWS\System32\SHELL32.dll
0x00007ff9dfd90000 - 0x00007ff9e046a000 	C:\WINDOWS\System32\windows.storage.dll
0x00007ff9df5d0000 - 0x00007ff9df61c000 	C:\WINDOWS\System32\powrprof.dll
0x00007ff9e06f0000 - 0x00007ff9e0742000 	C:\WINDOWS\System32\shlwapi.dll
0x00007ff9df630000 - 0x00007ff9df63f000 	C:\WINDOWS\System32\kernel.appcore.dll
0x00007ff9df960000 - 0x00007ff9dfa09000 	C:\WINDOWS\System32\shcore.dll
0x00007ff9df5b0000 - 0x00007ff9df5c4000 	C:\WINDOWS\System32\profapi.dll

VM Arguments:
jvm_args: -Djava.awt.headless=true -Xmx4g -Dfile.encoding=windows-1252 -Duser.country=IN -Duser.language=en -Duser.variant 
java_command: com.android.dx.command.Main --dex --verbose --force-jumbo --num-threads=4 --multi-dex --output C:\Users\Pooja\Dropbox\MobiPlace\app\build\intermediates\transforms\dex\debug\folders\1000\10\com.google.android.gms-play-services-plus-8.4.0_5d74929c8b118e64a644fe74afd1bf821c0657b1 C:\Users\Pooja\Dropbox\MobiPlace\app\build\intermediates\exploded-aar\com.google.android.gms\play-services-plus\8.4.0\jars\classes.jar
java_class_path (initial): C:\Users\Pooja\AppData\Local\Android\sdk\build-tools\23.0.1\lib\dx.jar
Launcher Type: SUN_STANDARD

Environment Variables:
JAVA_HOME=C:\Program Files\Java\jdk1.8.0_112
PATH=C:\ProgramData\Oracle\Java\javapath;G:\app\pooja22\product\12.1.0\dbhome_1\bin;C:\Program Files (x86)\NVIDIA Corporation\PhysX\Common;C:\Program Files (x86)\Intel\iCLS Client\;C:\Program Files\Intel\iCLS Client\;C:\WINDOWS\system32;C:\WINDOWS;C:\WINDOWS\System32\Wbem;C:\WINDOWS\System32\WindowsPowerShell\v1.0\;C:\Program Files\Hewlett-Packard\SimplePass\;C:\Program Files\Intel\Intel(R) Management Engine Components\DAL;C:\Program Files (x86)\Intel\Intel(R) Management Engine Components\DAL;C:\Program Files\Intel\Intel(R) Management Engine Components\IPT;C:\Program Files (x86)\Intel\Intel(R) Management Engine Components\IPT;C:\Program Files (x86)\MySQL\MySQL Server 5.0\bin;C:\Program Files (x86)\Microsoft SQL Server\110\Tools\Binn\ManagementStudio\;C:\Program Files (x86)\Microsoft SQL Server\110\Tools\Binn\;C:\Program Files\Microsoft SQL Server\110\Tools\Binn\;C:\Program Files (x86)\Microsoft SQL Server\110\DTS\Binn\;C:\Program Files (x86)\Common Files\lenovo\easyplussdk\bin;C:\Program Files (x86)\Microsoft SDKs\TypeScript\1.0\;C:\Program Files\Microsoft SQL Server\120\Tools\Binn\;C:\Users\Pooja\AppData\Local\Android\sdk\platform-tools;C:\Users\Pooja\AppData\Local\Android\sdk\tools;C:\Users\Pooja\AppData\Local\Android\sdk\build-tools\23.0.1;C:\Users\Pooja\AppData\Local\Android\sdk\build-tools\22.0.1;C:\Users\Pooja\AppData\Local\Android\sdk\build-tools\23.0.3;;C:\Program Files (x86)\Microsoft VS Code\bin;C:\Users\Pooja\AppData\Local\Microsoft\WindowsApps
USERNAME=Pooja
OS=Windows_NT
PROCESSOR_IDENTIFIER=Intel64 Family 6 Model 61 Stepping 4, GenuineIntel



---------------  S Y S T E M  ---------------

OS: Windows 10.0 , 64 bit Build 14393 (10.0.14393.0)

CPU:total 4 (2 cores per cpu, 2 threads per core) family 6 model 61 stepping 4, cmov, cx8, fxsr, mmx, sse, sse2, sse3, ssse3, sse4.1, sse4.2, popcnt, avx, avx2, aes, clmul, erms, 3dnowpref, lzcnt, ht, tsc, tscinvbit, bmi1, bmi2, adx

Memory: 4k page, physical 4107664k(320444k free), swap 9350544k(5164k free)

vm_info: Java HotSpot(TM) 64-Bit Server VM (25.112-b15) for windows-amd64 JRE (1.8.0_112-b15), built on Sep 22 2016 21:31:56 by "java_re" with MS VC++ 10.0 (VS2010)

time: Sun Mar 05 22:54:21 2017
elapsed time: 9 seconds (0d 0h 0m 9s)

